[3.949s] Invoking command in '/home/pmlab/yueju/move_tool/build/move_tool_to_frame': PYTHONPATH=/home/pmlab/yueju/move_tool/build/move_tool_to_frame/prefix_override:/home/pmlab/yueju/move_tool/install/move_tool_to_frame/lib/python3.10/site-packages:${PYTHONPATH} /usr/bin/python3 -W ignore:setup.py install is deprecated setup.py develop --uninstall --editable --build-directory /home/pmlab/yueju/move_tool/build/move_tool_to_frame/build
[4.213s] running develop
[4.224s] /usr/lib/python3/dist-packages/setuptools/command/easy_install.py:158: EasyInstallDeprecationWarning: easy_install command is deprecated. Use build and pip and other standards-based tools.
[4.224s]   warnings.warn(
[4.419s] Removing /home/pmlab/yueju/move_tool/install/move_tool_to_frame/lib/python3.10/site-packages/move-tool-to-frame.egg-link (link to .)
[4.437s] Invoked command in '/home/pmlab/yueju/move_tool/build/move_tool_to_frame' returned '0': PYTHONPATH=/home/pmlab/yueju/move_tool/build/move_tool_to_frame/prefix_override:/home/pmlab/yueju/move_tool/install/move_tool_to_frame/lib/python3.10/site-packages:${PYTHONPATH} /usr/bin/python3 -W ignore:setup.py install is deprecated setup.py develop --uninstall --editable --build-directory /home/pmlab/yueju/move_tool/build/move_tool_to_frame/build
[4.439s] Invoking command in '/home/pmlab/yueju/move_tool/src/move_tool_to_frame': PYTHONPATH=/home/pmlab/yueju/move_tool/build/move_tool_to_frame/prefix_override:/home/pmlab/yueju/move_tool/install/move_tool_to_frame/lib/python3.10/site-packages:${PYTHONPATH} /usr/bin/python3 -W ignore:setup.py install is deprecated setup.py egg_info --egg-base ../../build/move_tool_to_frame build --build-base /home/pmlab/yueju/move_tool/build/move_tool_to_frame/build install --record /home/pmlab/yueju/move_tool/build/move_tool_to_frame/install.log --single-version-externally-managed install_data --force
[4.684s] running egg_info
[4.684s] writing ../../build/move_tool_to_frame/move_tool_to_frame.egg-info/PKG-INFO
[4.684s] writing dependency_links to ../../build/move_tool_to_frame/move_tool_to_frame.egg-info/dependency_links.txt
[4.684s] writing entry points to ../../build/move_tool_to_frame/move_tool_to_frame.egg-info/entry_points.txt
[4.685s] writing requirements to ../../build/move_tool_to_frame/move_tool_to_frame.egg-info/requires.txt
[4.685s] writing top-level names to ../../build/move_tool_to_frame/move_tool_to_frame.egg-info/top_level.txt
[4.686s] reading manifest file '../../build/move_tool_to_frame/move_tool_to_frame.egg-info/SOURCES.txt'
[4.689s] writing manifest file '../../build/move_tool_to_frame/move_tool_to_frame.egg-info/SOURCES.txt'
[4.689s] running build
[4.689s] running build_py
[4.689s] copying move_tool_to_frame/move_tool_to_frame_node.py -> /home/pmlab/yueju/move_tool/build/move_tool_to_frame/build/lib/move_tool_to_frame
[4.689s] running install
[4.689s] running install_lib
[4.690s] creating /home/pmlab/yueju/move_tool/install/move_tool_to_frame/lib/python3.10/site-packages/move_tool_to_frame
[4.690s] copying /home/pmlab/yueju/move_tool/build/move_tool_to_frame/build/lib/move_tool_to_frame/__init__.py -> /home/pmlab/yueju/move_tool/install/move_tool_to_frame/lib/python3.10/site-packages/move_tool_to_frame
[4.690s] copying /home/pmlab/yueju/move_tool/build/move_tool_to_frame/build/lib/move_tool_to_frame/move_tool_to_frame_node.py -> /home/pmlab/yueju/move_tool/install/move_tool_to_frame/lib/python3.10/site-packages/move_tool_to_frame
[4.690s] byte-compiling /home/pmlab/yueju/move_tool/install/move_tool_to_frame/lib/python3.10/site-packages/move_tool_to_frame/__init__.py to __init__.cpython-310.pyc
[4.691s] byte-compiling /home/pmlab/yueju/move_tool/install/move_tool_to_frame/lib/python3.10/site-packages/move_tool_to_frame/move_tool_to_frame_node.py to move_tool_to_frame_node.cpython-310.pyc
[4.691s]   File "/home/pmlab/yueju/move_tool/install/move_tool_to_frame/lib/python3.10/site-packages/move_tool_to_frame/move_tool_to_frame_node.py", line 48
[4.691s]     为别的添加这个success的引导逻辑!!!
[4.692s]                           ^
[4.692s] SyntaxError: invalid syntax
[4.692s] 
[4.692s] running install_data
[4.692s] copying resource/move_tool_to_frame -> /home/pmlab/yueju/move_tool/install/move_tool_to_frame/share/ament_index/resource_index/packages
[4.693s] copying package.xml -> /home/pmlab/yueju/move_tool/install/move_tool_to_frame/share/move_tool_to_frame
[4.693s] running install_egg_info
[4.693s] Copying ../../build/move_tool_to_frame/move_tool_to_frame.egg-info to /home/pmlab/yueju/move_tool/install/move_tool_to_frame/lib/python3.10/site-packages/move_tool_to_frame-0.0.0-py3.10.egg-info
[4.696s] running install_scripts
[4.713s] Installing move_tool_to_frame_node script to /home/pmlab/yueju/move_tool/install/move_tool_to_frame/lib/move_tool_to_frame
[4.713s] writing list of installed files to '/home/pmlab/yueju/move_tool/build/move_tool_to_frame/install.log'
[4.729s] Invoked command in '/home/pmlab/yueju/move_tool/src/move_tool_to_frame' returned '0': PYTHONPATH=/home/pmlab/yueju/move_tool/build/move_tool_to_frame/prefix_override:/home/pmlab/yueju/move_tool/install/move_tool_to_frame/lib/python3.10/site-packages:${PYTHONPATH} /usr/bin/python3 -W ignore:setup.py install is deprecated setup.py egg_info --egg-base ../../build/move_tool_to_frame build --build-base /home/pmlab/yueju/move_tool/build/move_tool_to_frame/build install --record /home/pmlab/yueju/move_tool/build/move_tool_to_frame/install.log --single-version-externally-managed install_data --force
