[0.649s] Invoking command in '/home/pmlab/yueju/move_tool/src/move_tool_to_frame': PYTHONPATH=/home/pmlab/yueju/move_tool/build/move_tool_to_frame/prefix_override:/home/pmlab/yueju/move_tool/install/move_tool_to_frame/lib/python3.10/site-packages:${PYTHONPATH} /usr/bin/python3 -W ignore:setup.py install is deprecated setup.py egg_info --egg-base ../../build/move_tool_to_frame build --build-base /home/pmlab/yueju/move_tool/build/move_tool_to_frame/build install --record /home/pmlab/yueju/move_tool/build/move_tool_to_frame/install.log --single-version-externally-managed install_data
[0.881s] running egg_info
[0.881s] creating ../../build/move_tool_to_frame/move_tool_to_frame.egg-info
[0.882s] writing ../../build/move_tool_to_frame/move_tool_to_frame.egg-info/PKG-INFO
[0.882s] writing dependency_links to ../../build/move_tool_to_frame/move_tool_to_frame.egg-info/dependency_links.txt
[0.882s] writing entry points to ../../build/move_tool_to_frame/move_tool_to_frame.egg-info/entry_points.txt
[0.882s] writing requirements to ../../build/move_tool_to_frame/move_tool_to_frame.egg-info/requires.txt
[0.882s] writing top-level names to ../../build/move_tool_to_frame/move_tool_to_frame.egg-info/top_level.txt
[0.882s] writing manifest file '../../build/move_tool_to_frame/move_tool_to_frame.egg-info/SOURCES.txt'
[0.883s] reading manifest file '../../build/move_tool_to_frame/move_tool_to_frame.egg-info/SOURCES.txt'
[0.884s] writing manifest file '../../build/move_tool_to_frame/move_tool_to_frame.egg-info/SOURCES.txt'
[0.884s] running build
[0.884s] running build_py
[0.884s] creating /home/pmlab/yueju/move_tool/build/move_tool_to_frame/build
[0.884s] creating /home/pmlab/yueju/move_tool/build/move_tool_to_frame/build/lib
[0.884s] creating /home/pmlab/yueju/move_tool/build/move_tool_to_frame/build/lib/move_tool_to_frame
[0.885s] copying move_tool_to_frame/__init__.py -> /home/pmlab/yueju/move_tool/build/move_tool_to_frame/build/lib/move_tool_to_frame
[0.885s] copying move_tool_to_frame/move_tool_to_frame_node.py -> /home/pmlab/yueju/move_tool/build/move_tool_to_frame/build/lib/move_tool_to_frame
[0.885s] running install
[0.885s] running install_lib
[0.886s] creating /home/pmlab/yueju/move_tool/install/move_tool_to_frame/lib/python3.10/site-packages/move_tool_to_frame
[0.886s] copying /home/pmlab/yueju/move_tool/build/move_tool_to_frame/build/lib/move_tool_to_frame/__init__.py -> /home/pmlab/yueju/move_tool/install/move_tool_to_frame/lib/python3.10/site-packages/move_tool_to_frame
[0.886s] copying /home/pmlab/yueju/move_tool/build/move_tool_to_frame/build/lib/move_tool_to_frame/move_tool_to_frame_node.py -> /home/pmlab/yueju/move_tool/install/move_tool_to_frame/lib/python3.10/site-packages/move_tool_to_frame
[0.886s] byte-compiling /home/pmlab/yueju/move_tool/install/move_tool_to_frame/lib/python3.10/site-packages/move_tool_to_frame/__init__.py to __init__.cpython-310.pyc
[0.886s] byte-compiling /home/pmlab/yueju/move_tool/install/move_tool_to_frame/lib/python3.10/site-packages/move_tool_to_frame/move_tool_to_frame_node.py to move_tool_to_frame_node.cpython-310.pyc
[0.887s] running install_data
[0.887s] creating /home/pmlab/yueju/move_tool/install/move_tool_to_frame/share/ament_index
[0.887s] creating /home/pmlab/yueju/move_tool/install/move_tool_to_frame/share/ament_index/resource_index
[0.887s] creating /home/pmlab/yueju/move_tool/install/move_tool_to_frame/share/ament_index/resource_index/packages
[0.887s] copying resource/move_tool_to_frame -> /home/pmlab/yueju/move_tool/install/move_tool_to_frame/share/ament_index/resource_index/packages
[0.887s] copying package.xml -> /home/pmlab/yueju/move_tool/install/move_tool_to_frame/share/move_tool_to_frame
[0.888s] running install_egg_info
[0.888s] Copying ../../build/move_tool_to_frame/move_tool_to_frame.egg-info to /home/pmlab/yueju/move_tool/install/move_tool_to_frame/lib/python3.10/site-packages/move_tool_to_frame-0.0.0-py3.10.egg-info
[0.889s] running install_scripts
[0.905s] Installing move_tool_to_frame_node script to /home/pmlab/yueju/move_tool/install/move_tool_to_frame/lib/move_tool_to_frame
[0.906s] writing list of installed files to '/home/pmlab/yueju/move_tool/build/move_tool_to_frame/install.log'
[0.922s] Invoked command in '/home/pmlab/yueju/move_tool/src/move_tool_to_frame' returned '0': PYTHONPATH=/home/pmlab/yueju/move_tool/build/move_tool_to_frame/prefix_override:/home/pmlab/yueju/move_tool/install/move_tool_to_frame/lib/python3.10/site-packages:${PYTHONPATH} /usr/bin/python3 -W ignore:setup.py install is deprecated setup.py egg_info --egg-base ../../build/move_tool_to_frame build --build-base /home/pmlab/yueju/move_tool/build/move_tool_to_frame/build install --record /home/pmlab/yueju/move_tool/build/move_tool_to_frame/install.log --single-version-externally-managed install_data
