-- The C compiler identification is GNU 11.4.0
-- The CXX compiler identification is GNU 11.4.0
-- Detecting C compiler ABI info
-- Detecting C compiler ABI info - done
-- Check for working C compiler: /usr/bin/cc - skipped
-- Detecting C compile features
-- Detecting C compile features - done
-- Detecting CXX compiler ABI info
-- Detecting CXX compiler ABI info - done
-- Check for working CXX compiler: /usr/bin/c++ - skipped
-- Detecting CXX compile features
-- Detecting CXX compile features - done
-- Found ament_cmake: 1.3.8 (/opt/ros/humble/share/ament_cmake/cmake)
-- Found Python3: /usr/bin/python3 (found version "3.10.12") found components: Interpreter 
-- Override CMake install command with custom implementation using symlinks instead of copying resources
-- Found rosidl_default_generators: 1.2.0 (/home/pmlab/ros2-for-unity/ros2-for-unity/install/share/rosidl_default_generators/cmake)
-- Using all available rosidl_typesupport_c: rosidl_typesupport_fastrtps_c;rosidl_typesupport_introspection_c
-- Found rosidl_adapter: 3.1.5 (/opt/ros/humble/share/rosidl_adapter/cmake)
-- Using all available rosidl_typesupport_cpp: rosidl_typesupport_fastrtps_cpp;rosidl_typesupport_introspection_cpp
-- Found rmw_implementation_cmake: 6.1.1 (/opt/ros/humble/share/rmw_implementation_cmake/cmake)
-- Found ament_cmake_ros: 0.10.0 (/opt/ros/humble/share/ament_cmake_ros/cmake)
-- Using all available rosidl_typesupport_c: rosidl_typesupport_fastrtps_c;rosidl_typesupport_introspection_c
-- Using all available rosidl_typesupport_cpp: rosidl_typesupport_fastrtps_cpp;rosidl_typesupport_introspection_cpp
-- Found ament_cmake_export_assemblies: 0.0.0 (/home/pmlab/ros2-for-unity/ros2-for-unity/install/share/ament_cmake_export_assemblies/cmake)
-- Found dotnet_cmake_module: 0.0.0 (/home/pmlab/ros2-for-unity/ros2-for-unity/install/share/dotnet_cmake_module/cmake)
-- Found DotNetCore: /usr/bin/dotnet  
-- Found .NET Core: 7.0.119
-- Using Framework: netstandard2.0
-- Using Framework: netstandard2.0
-- Using Runtime: linux-x64
-- Found ros2cs_common: 2.0.0 (/home/pmlab/ros2-for-unity/ros2-for-unity/install/share/ros2cs_common/cmake)
-- Found OpenSSL: /usr/lib/x86_64-linux-gnu/libcrypto.so (found version "3.0.2")  
-- Found FastRTPS: /opt/ros/humble/include  
-- Generating C# code for ROS interfaces  and /home/pmlab/yueju/move_tool/build/calibration_interface/rosidl_generator_cs/calibration_interface/srv/calibrate_gripper.cs
-- Adding custom target
-- Found PythonInterp: /usr/bin/python3 (found suitable version "3.10.12", minimum required is "3.6") 
-- Found python_cmake_module: 0.10.0 (/opt/ros/humble/share/python_cmake_module/cmake)
-- Found PythonLibs: /usr/lib/x86_64-linux-gnu/libpython3.10.so (found suitable version "3.10.12", minimum required is "3.5") 
-- Using PYTHON_EXECUTABLE: /usr/bin/python3
-- Using PYTHON_INCLUDE_DIRS: /usr/include/python3.10
-- Using PYTHON_LIBRARIES: /usr/lib/x86_64-linux-gnu/libpython3.10.so
-- Found PythonExtra: .so  
-- Found ament_lint_auto: 0.12.10 (/opt/ros/humble/share/ament_lint_auto/cmake)
-- Added test 'lint_cmake' to check CMake code style
-- Added test 'xmllint' to check XML markup files
-- Configuring done
-- Generating done
-- Build files have been written to: /home/pmlab/yueju/move_tool/build/calibration_interface
[  2%] [34m[1mGenerating C code for ROS interfaces[0m
[  6%] [34m[1mGenerating C++ code for ROS interfaces[0m
[  6%] [34m[1mGenerating C# code for ROS interfaces[0m
[  6%] Built target ament_cmake_python_symlink_calibration_interface
[  6%] Built target calibration_interface__cpp
[ 15%] [34m[1mGenerating C++ type support dispatch for ROS interfaces[0m
[ 15%] [32mBuilding C object CMakeFiles/calibration_interface__rosidl_generator_c.dir/rosidl_generator_c/calibration_interface/srv/detail/calibrate_gripper__functions.c.o[0m
[ 15%] [34m[1mGenerating C++ type support for eProsima Fast-RTPS[0m
[ 15%] [34m[1mGenerating C++ introspection for ROS interfaces[0m
running egg_info
creating calibration_interface.egg-info
[ 15%] Built target calibration_interface__cs
writing calibration_interface.egg-info/PKG-INFO
writing dependency_links to calibration_interface.egg-info/dependency_links.txt
writing top-level names to calibration_interface.egg-info/top_level.txt
writing manifest file 'calibration_interface.egg-info/SOURCES.txt'
[ 17%] [34m[1m/usr/bin/cmake;-version;/usr/bin/dotnet restore calibration_interface_assembly_dotnetcore.csproj;          /usr/bin/dotnet build calibration_interface_assembly_dotnetcore.csproj -> /home/pmlab/yueju/move_tool/build/calibration_interface/calibration_interface_assembly[0m
[ 20%] [32m[1mLinking C shared library libcalibration_interface__rosidl_generator_c.so[0m
reading manifest file 'calibration_interface.egg-info/SOURCES.txt'
writing manifest file 'calibration_interface.egg-info/SOURCES.txt'
cmake version 3.22.1

CMake suite maintained and supported by Kitware (kitware.com/cmake).
[ 20%] Built target calibration_interface__rosidl_generator_c
[ 20%] Built target ament_cmake_python_build_calibration_interface_egg
[ 26%] [34m[1mGenerating C type support dispatch for ROS interfaces[0m
[ 26%] [34m[1mGenerating C type support for eProsima Fast-RTPS[0m
[ 26%] [34m[1mGenerating C introspection for ROS interfaces[0m
[ 28%] [32mBuilding CXX object CMakeFiles/calibration_interface__rosidl_typesupport_fastrtps_cpp.dir/rosidl_typesupport_fastrtps_cpp/calibration_interface/srv/detail/dds_fastrtps/calibrate_gripper__type_support.cpp.o[0m
[ 31%] [32mBuilding CXX object CMakeFiles/calibration_interface__rosidl_typesupport_cpp.dir/rosidl_typesupport_cpp/calibration_interface/srv/calibrate_gripper__type_support.cpp.o[0m
[ 33%] [32mBuilding CXX object CMakeFiles/calibration_interface__rosidl_typesupport_introspection_cpp.dir/rosidl_typesupport_introspection_cpp/calibration_interface/srv/detail/calibrate_gripper__type_support.cpp.o[0m
[?1h=[ 35%] [32mBuilding CXX object CMakeFiles/calibration_interface__rosidl_typesupport_c.dir/rosidl_typesupport_c/calibration_interface/srv/calibrate_gripper__type_support.cpp.o[0m
[ 37%] [32mBuilding CXX object CMakeFiles/calibration_interface__rosidl_typesupport_fastrtps_c.dir/rosidl_typesupport_fastrtps_c/calibration_interface/srv/detail/calibrate_gripper__type_support_c.cpp.o[0m
[ 40%] [32m[1mLinking CXX shared library libcalibration_interface__rosidl_typesupport_c.so[0m
[ 42%] [32mBuilding C object CMakeFiles/calibration_interface__rosidl_typesupport_introspection_c.dir/rosidl_typesupport_introspection_c/calibration_interface/srv/detail/calibrate_gripper__type_support.c.o[0m
[ 42%] Built target calibration_interface__rosidl_typesupport_c
[ 44%] [32m[1mLinking C shared library libcalibration_interface__rosidl_typesupport_introspection_c.so[0m
[ 48%] [32mBuilding C object CMakeFiles/calibration_interface_srv_calibrate_gripper__rosidl_typesupport_c.dir/rosidl_generator_cs/calibration_interface/srv/calibrate_gripper.ep.rosidl_typesupport_c.c.o[0m
[ 48%] [32mBuilding C object CMakeFiles/calibration_interface_srv_calibrate_gripper__rosidl_typesupport_c.dir/rosidl_generator_cs/calibration_interface/srv/calibrate_gripper_s.c.o[0m
[ 48%] Built target calibration_interface__rosidl_typesupport_introspection_c
[ 51%] [32m[1mLinking C shared library rosidl_generator_cs/calibration_interface/srv/libcalibration_interface_srv_calibrate_gripper__rosidl_typesupport_c_native.so[0m
[ 53%] [32mBuilding C object CMakeFiles/calibration_interface_srv_calibrate_gripper__rosidl_typesupport_introspection_c.dir/rosidl_generator_cs/calibration_interface/srv/calibrate_gripper_s.c.o[0m
[ 55%] [32mBuilding C object CMakeFiles/calibration_interface_srv_calibrate_gripper__rosidl_typesupport_introspection_c.dir/rosidl_generator_cs/calibration_interface/srv/calibrate_gripper.ep.rosidl_typesupport_introspection_c.c.o[0m
[ 57%] [32m[1mLinking CXX shared library libcalibration_interface__rosidl_typesupport_cpp.so[0m
[ 60%] Built target calibration_interface_srv_calibrate_gripper__rosidl_typesupport_c
[ 62%] [32m[1mLinking C shared library rosidl_generator_cs/calibration_interface/srv/libcalibration_interface_srv_calibrate_gripper__rosidl_typesupport_introspection_c_native.so[0m
[ 62%] Built target calibration_interface__rosidl_typesupport_cpp
[ 64%] Built target calibration_interface_srv_calibrate_gripper__rosidl_typesupport_introspection_c
[ 66%] [32m[1mLinking CXX shared library libcalibration_interface__rosidl_typesupport_fastrtps_cpp.so[0m
[ 68%] [32m[1mLinking CXX shared library libcalibration_interface__rosidl_typesupport_introspection_cpp.so[0m
[ 71%] [32m[1mLinking CXX shared library libcalibration_interface__rosidl_typesupport_fastrtps_c.so[0m
[ 71%] Built target calibration_interface__rosidl_typesupport_introspection_cpp
[ 71%] Built target calibration_interface__rosidl_typesupport_fastrtps_cpp
[ 71%] Built target calibration_interface__rosidl_typesupport_fastrtps_c
[ 75%] [32mBuilding C object CMakeFiles/calibration_interface_srv_calibrate_gripper__rosidl_typesupport_fastrtps_c.dir/rosidl_generator_cs/calibration_interface/srv/calibrate_gripper_s.c.o[0m
[ 75%] [32mBuilding C object CMakeFiles/calibration_interface_srv_calibrate_gripper__rosidl_typesupport_fastrtps_c.dir/rosidl_generator_cs/calibration_interface/srv/calibrate_gripper.ep.rosidl_typesupport_fastrtps_c.c.o[0m
[ 75%] Built target calibration_interface
  Determining projects to restore...
[ 77%] [34m[1mGenerating Python code for ROS interfaces[0m
[ 80%] [32m[1mLinking C shared library rosidl_generator_cs/calibration_interface/srv/libcalibration_interface_srv_calibrate_gripper__rosidl_typesupport_fastrtps_c_native.so[0m
[ 82%] Built target calibration_interface_srv_calibrate_gripper__rosidl_typesupport_fastrtps_c
[ 82%] Built target calibration_interface__py
[ 84%] [32mBuilding C object CMakeFiles/calibration_interface__rosidl_generator_py.dir/rosidl_generator_py/calibration_interface/srv/_calibrate_gripper_s.c.o[0m
  Restored /home/pmlab/yueju/move_tool/build/calibration_interface/calibration_interface_assembly/calibration_interface_assembly_dotnetcore.csproj (in 133 ms).
[ 86%] [32m[1mLinking C shared library rosidl_generator_py/calibration_interface/libcalibration_interface__rosidl_generator_py.so[0m
[ 86%] Built target calibration_interface__rosidl_generator_py
[ 93%] [32mBuilding C object CMakeFiles/calibration_interface__rosidl_typesupport_c__pyext.dir/rosidl_generator_py/calibration_interface/_calibration_interface_s.ep.rosidl_typesupport_c.c.o[0m
[ 93%] [32mBuilding C object CMakeFiles/calibration_interface__rosidl_typesupport_introspection_c__pyext.dir/rosidl_generator_py/calibration_interface/_calibration_interface_s.ep.rosidl_typesupport_introspection_c.c.o[0m
[ 93%] [32mBuilding C object CMakeFiles/calibration_interface__rosidl_typesupport_fastrtps_c__pyext.dir/rosidl_generator_py/calibration_interface/_calibration_interface_s.ep.rosidl_typesupport_fastrtps_c.c.o[0m
[?1h=MSBuild version 17.4.8+6918b863a for .NET
[ 95%] [32m[1mLinking C shared library rosidl_generator_py/calibration_interface/calibration_interface_s__rosidl_typesupport_c.cpython-310-x86_64-linux-gnu.so[0m
[100%] [32m[1mLinking C shared library rosidl_generator_py/calibration_interface/calibration_interface_s__rosidl_typesupport_fastrtps_c.cpython-310-x86_64-linux-gnu.so[0m
[100%] [32m[1mLinking C shared library rosidl_generator_py/calibration_interface/calibration_interface_s__rosidl_typesupport_introspection_c.cpython-310-x86_64-linux-gnu.so[0m
[100%] Built target calibration_interface__rosidl_typesupport_c__pyext
[100%] Built target calibration_interface__rosidl_typesupport_fastrtps_c__pyext
[100%] Built target calibration_interface__rosidl_typesupport_introspection_c__pyext
  Determining projects to restore...
  All projects are up-to-date for restore.
  calibration_interface_assembly_dotnetcore -> /home/pmlab/yueju/move_tool/build/calibration_interface/netstandard2.0/calibration_interface_assembly.dll
[39;49m[92m
Build succeeded.
[39;49m    0 Warning(s)
[39;49m    0 Error(s)
[39;49m
Time Elapsed 00:00:01.77
[100%] Built target calibration_interface_assembly
-- Install configuration: ""
-- Execute custom install script
-- Symlinking: /home/pmlab/yueju/move_tool/install/calibration_interface/share/ament_index/resource_index/rosidl_interfaces/calibration_interface
-- Symlinking: /home/pmlab/yueju/move_tool/install/calibration_interface/include/calibration_interface/calibration_interface/msg/rosidl_generator_c__visibility_control.h
-- Symlinking: /home/pmlab/yueju/move_tool/install/calibration_interface/include/calibration_interface/calibration_interface/srv/calibrate_gripper.h
-- Symlinking: /home/pmlab/yueju/move_tool/install/calibration_interface/include/calibration_interface/calibration_interface/srv/detail/calibrate_gripper__functions.h
-- Symlinking: /home/pmlab/yueju/move_tool/install/calibration_interface/include/calibration_interface/calibration_interface/srv/detail/calibrate_gripper__struct.h
-- Symlinking: /home/pmlab/yueju/move_tool/install/calibration_interface/include/calibration_interface/calibration_interface/srv/detail/calibrate_gripper__type_support.h
-- Symlinking: /home/pmlab/yueju/move_tool/install/calibration_interface/share/calibration_interface/environment/library_path.sh
-- Symlinking: /home/pmlab/yueju/move_tool/install/calibration_interface/share/calibration_interface/environment/library_path.dsv
-- Symlinking: /home/pmlab/yueju/move_tool/install/calibration_interface/include/calibration_interface/calibration_interface/msg/rosidl_typesupport_fastrtps_c__visibility_control.h
-- Symlinking: /home/pmlab/yueju/move_tool/install/calibration_interface/include/calibration_interface/calibration_interface/srv/detail/calibrate_gripper__rosidl_typesupport_fastrtps_c.h
-- Symlinking: /home/pmlab/yueju/move_tool/install/calibration_interface/include/calibration_interface/calibration_interface/msg/rosidl_typesupport_introspection_c__visibility_control.h
-- Symlinking: /home/pmlab/yueju/move_tool/install/calibration_interface/include/calibration_interface/calibration_interface/srv/detail/calibrate_gripper__rosidl_typesupport_introspection_c.h
-- Symlinking: /home/pmlab/yueju/move_tool/install/calibration_interface/include/calibration_interface/calibration_interface/srv/calibrate_gripper.hpp
-- Symlinking: /home/pmlab/yueju/move_tool/install/calibration_interface/include/calibration_interface/calibration_interface/srv/detail/calibrate_gripper__builder.hpp
-- Symlinking: /home/pmlab/yueju/move_tool/install/calibration_interface/include/calibration_interface/calibration_interface/srv/detail/calibrate_gripper__struct.hpp
-- Symlinking: /home/pmlab/yueju/move_tool/install/calibration_interface/include/calibration_interface/calibration_interface/srv/detail/calibrate_gripper__traits.hpp
-- Symlinking: /home/pmlab/yueju/move_tool/install/calibration_interface/include/calibration_interface/calibration_interface/msg/rosidl_typesupport_fastrtps_cpp__visibility_control.h
-- Symlinking: /home/pmlab/yueju/move_tool/install/calibration_interface/include/calibration_interface/calibration_interface/srv/detail/calibrate_gripper__rosidl_typesupport_fastrtps_cpp.hpp
-- Symlinking: /home/pmlab/yueju/move_tool/install/calibration_interface/include/calibration_interface/calibration_interface/srv/detail/calibrate_gripper__rosidl_typesupport_introspection_cpp.hpp
-- Symlinking: /home/pmlab/yueju/move_tool/install/calibration_interface/lib/dotnet/calibration_interface_assembly.deps.json
-- Symlinking: /home/pmlab/yueju/move_tool/install/calibration_interface/lib/dotnet/calibration_interface_assembly.dll
-- Symlinking: /home/pmlab/yueju/move_tool/install/calibration_interface/lib/dotnet/ros2cs_common.dll
-- Symlinking: /home/pmlab/yueju/move_tool/install/calibration_interface/share/calibration_interface/environment/pythonpath.sh
-- Symlinking: /home/pmlab/yueju/move_tool/install/calibration_interface/share/calibration_interface/environment/pythonpath.dsv
-- Symlinking: /home/pmlab/yueju/move_tool/install/calibration_interface/local/lib/python3.10/dist-packages/calibration_interface-0.0.0-py3.10.egg-info/PKG-INFO
-- Symlinking: /home/pmlab/yueju/move_tool/install/calibration_interface/local/lib/python3.10/dist-packages/calibration_interface-0.0.0-py3.10.egg-info/SOURCES.txt
-- Symlinking: /home/pmlab/yueju/move_tool/install/calibration_interface/local/lib/python3.10/dist-packages/calibration_interface-0.0.0-py3.10.egg-info/dependency_links.txt
-- Symlinking: /home/pmlab/yueju/move_tool/install/calibration_interface/local/lib/python3.10/dist-packages/calibration_interface-0.0.0-py3.10.egg-info/top_level.txt
-- Symlinking: /home/pmlab/yueju/move_tool/install/calibration_interface/local/lib/python3.10/dist-packages/calibration_interface/__init__.py
-- Symlinking: /home/pmlab/yueju/move_tool/install/calibration_interface/local/lib/python3.10/dist-packages/calibration_interface/_calibration_interface_s.ep.rosidl_typesupport_c.c
-- Symlinking: /home/pmlab/yueju/move_tool/install/calibration_interface/local/lib/python3.10/dist-packages/calibration_interface/_calibration_interface_s.ep.rosidl_typesupport_fastrtps_c.c
-- Symlinking: /home/pmlab/yueju/move_tool/install/calibration_interface/local/lib/python3.10/dist-packages/calibration_interface/_calibration_interface_s.ep.rosidl_typesupport_introspection_c.c
-- Symlinking: /home/pmlab/yueju/move_tool/install/calibration_interface/local/lib/python3.10/dist-packages/calibration_interface/calibration_interface_s__rosidl_typesupport_c.cpython-310-x86_64-linux-gnu.so
-- Symlinking: /home/pmlab/yueju/move_tool/install/calibration_interface/local/lib/python3.10/dist-packages/calibration_interface/calibration_interface_s__rosidl_typesupport_fastrtps_c.cpython-310-x86_64-linux-gnu.so
-- Symlinking: /home/pmlab/yueju/move_tool/install/calibration_interface/local/lib/python3.10/dist-packages/calibration_interface/calibration_interface_s__rosidl_typesupport_introspection_c.cpython-310-x86_64-linux-gnu.so
-- Symlinking: /home/pmlab/yueju/move_tool/install/calibration_interface/local/lib/python3.10/dist-packages/calibration_interface/libcalibration_interface__rosidl_generator_py.so
-- Symlinking: /home/pmlab/yueju/move_tool/install/calibration_interface/local/lib/python3.10/dist-packages/calibration_interface/srv/__init__.py
-- Symlinking: /home/pmlab/yueju/move_tool/install/calibration_interface/local/lib/python3.10/dist-packages/calibration_interface/srv/_calibrate_gripper.py
-- Symlinking: /home/pmlab/yueju/move_tool/install/calibration_interface/local/lib/python3.10/dist-packages/calibration_interface/srv/_calibrate_gripper_s.c
-- Up-to-date symlink: /home/pmlab/yueju/move_tool/install/calibration_interface/local/lib/python3.10/dist-packages/calibration_interface/calibration_interface_s__rosidl_typesupport_fastrtps_c.cpython-310-x86_64-linux-gnu.so
-- Up-to-date symlink: /home/pmlab/yueju/move_tool/install/calibration_interface/local/lib/python3.10/dist-packages/calibration_interface/calibration_interface_s__rosidl_typesupport_introspection_c.cpython-310-x86_64-linux-gnu.so
-- Up-to-date symlink: /home/pmlab/yueju/move_tool/install/calibration_interface/local/lib/python3.10/dist-packages/calibration_interface/calibration_interface_s__rosidl_typesupport_c.cpython-310-x86_64-linux-gnu.so
-- Symlinking: /home/pmlab/yueju/move_tool/install/calibration_interface/share/calibration_interface/srv/CalibrateGripper.idl
-- Symlinking: /home/pmlab/yueju/move_tool/install/calibration_interface/share/calibration_interface/srv/CalibrateGripper.srv
-- Symlinking: /home/pmlab/yueju/move_tool/install/calibration_interface/share/calibration_interface/srv/CalibrateGripper_Request.msg
-- Symlinking: /home/pmlab/yueju/move_tool/install/calibration_interface/share/calibration_interface/srv/CalibrateGripper_Response.msg
-- Symlinking: /home/pmlab/yueju/move_tool/install/calibration_interface/share/ament_index/resource_index/package_run_dependencies/calibration_interface
-- Symlinking: /home/pmlab/yueju/move_tool/install/calibration_interface/share/ament_index/resource_index/parent_prefix_path/calibration_interface
-- Symlinking: /home/pmlab/yueju/move_tool/install/calibration_interface/share/calibration_interface/environment/ament_prefix_path.sh
-- Symlinking: /home/pmlab/yueju/move_tool/install/calibration_interface/share/calibration_interface/environment/ament_prefix_path.dsv
-- Symlinking: /home/pmlab/yueju/move_tool/install/calibration_interface/share/calibration_interface/environment/path.sh
-- Symlinking: /home/pmlab/yueju/move_tool/install/calibration_interface/share/calibration_interface/environment/path.dsv
-- Symlinking: /home/pmlab/yueju/move_tool/install/calibration_interface/share/calibration_interface/local_setup.bash
-- Symlinking: /home/pmlab/yueju/move_tool/install/calibration_interface/share/calibration_interface/local_setup.sh
-- Symlinking: /home/pmlab/yueju/move_tool/install/calibration_interface/share/calibration_interface/local_setup.zsh
-- Symlinking: /home/pmlab/yueju/move_tool/install/calibration_interface/share/calibration_interface/local_setup.dsv
-- Symlinking: /home/pmlab/yueju/move_tool/install/calibration_interface/share/calibration_interface/package.dsv
-- Symlinking: /home/pmlab/yueju/move_tool/install/calibration_interface/share/ament_index/resource_index/packages/calibration_interface
-- Symlinking: /home/pmlab/yueju/move_tool/install/calibration_interface/share/calibration_interface/cmake/rosidl_cmake-extras.cmake
-- Symlinking: /home/pmlab/yueju/move_tool/install/calibration_interface/share/calibration_interface/cmake/ament_cmake_export_include_directories-extras.cmake
-- Symlinking: /home/pmlab/yueju/move_tool/install/calibration_interface/share/calibration_interface/cmake/ament_cmake_export_libraries-extras.cmake
-- Symlinking: /home/pmlab/yueju/move_tool/install/calibration_interface/share/calibration_interface/cmake/ament_cmake_export_targets-extras.cmake
-- Symlinking: /home/pmlab/yueju/move_tool/install/calibration_interface/share/calibration_interface/cmake/rosidl_cmake_export_typesupport_targets-extras.cmake
-- Symlinking: /home/pmlab/yueju/move_tool/install/calibration_interface/share/calibration_interface/cmake/ament_cmake_export_dependencies-extras.cmake
-- Symlinking: /home/pmlab/yueju/move_tool/install/calibration_interface/share/calibration_interface/cmake/rosidl_cmake_export_typesupport_libraries-extras.cmake
-- Symlinking: /home/pmlab/yueju/move_tool/install/calibration_interface/share/calibration_interface/cmake/ament_cmake_export_assemblies-extras.cmake
-- Symlinking: /home/pmlab/yueju/move_tool/install/calibration_interface/share/calibration_interface/cmake/calibration_interfaceConfig.cmake
-- Symlinking: /home/pmlab/yueju/move_tool/install/calibration_interface/share/calibration_interface/cmake/calibration_interfaceConfig-version.cmake
-- Symlinking: /home/pmlab/yueju/move_tool/install/calibration_interface/share/calibration_interface/package.xml
-- Installing: /home/pmlab/yueju/move_tool/install/calibration_interface/lib/libcalibration_interface__rosidl_generator_c.so
-- Set runtime path of "/home/pmlab/yueju/move_tool/install/calibration_interface/lib/libcalibration_interface__rosidl_generator_c.so" to ""
-- Installing: /home/pmlab/yueju/move_tool/install/calibration_interface/lib/libcalibration_interface__rosidl_typesupport_fastrtps_c.so
-- Set runtime path of "/home/pmlab/yueju/move_tool/install/calibration_interface/lib/libcalibration_interface__rosidl_typesupport_fastrtps_c.so" to ""
-- Installing: /home/pmlab/yueju/move_tool/install/calibration_interface/lib/libcalibration_interface__rosidl_typesupport_introspection_c.so
-- Set runtime path of "/home/pmlab/yueju/move_tool/install/calibration_interface/lib/libcalibration_interface__rosidl_typesupport_introspection_c.so" to ""
-- Installing: /home/pmlab/yueju/move_tool/install/calibration_interface/lib/libcalibration_interface__rosidl_typesupport_c.so
-- Set runtime path of "/home/pmlab/yueju/move_tool/install/calibration_interface/lib/libcalibration_interface__rosidl_typesupport_c.so" to ""
-- Installing: /home/pmlab/yueju/move_tool/install/calibration_interface/lib/libcalibration_interface__rosidl_typesupport_fastrtps_cpp.so
-- Set runtime path of "/home/pmlab/yueju/move_tool/install/calibration_interface/lib/libcalibration_interface__rosidl_typesupport_fastrtps_cpp.so" to ""
-- Installing: /home/pmlab/yueju/move_tool/install/calibration_interface/lib/libcalibration_interface__rosidl_typesupport_introspection_cpp.so
-- Set runtime path of "/home/pmlab/yueju/move_tool/install/calibration_interface/lib/libcalibration_interface__rosidl_typesupport_introspection_cpp.so" to ""
-- Installing: /home/pmlab/yueju/move_tool/install/calibration_interface/lib/libcalibration_interface__rosidl_typesupport_cpp.so
-- Set runtime path of "/home/pmlab/yueju/move_tool/install/calibration_interface/lib/libcalibration_interface__rosidl_typesupport_cpp.so" to ""
-- Installing: /home/pmlab/yueju/move_tool/install/calibration_interface/lib/libcalibration_interface_srv_calibrate_gripper__rosidl_typesupport_c_native.so
-- Set runtime path of "/home/pmlab/yueju/move_tool/install/calibration_interface/lib/libcalibration_interface_srv_calibrate_gripper__rosidl_typesupport_c_native.so" to ""
-- Installing: /home/pmlab/yueju/move_tool/install/calibration_interface/lib/libcalibration_interface_srv_calibrate_gripper__rosidl_typesupport_fastrtps_c_native.so
-- Set runtime path of "/home/pmlab/yueju/move_tool/install/calibration_interface/lib/libcalibration_interface_srv_calibrate_gripper__rosidl_typesupport_fastrtps_c_native.so" to ""
-- Installing: /home/pmlab/yueju/move_tool/install/calibration_interface/lib/libcalibration_interface_srv_calibrate_gripper__rosidl_typesupport_introspection_c_native.so
-- Set runtime path of "/home/pmlab/yueju/move_tool/install/calibration_interface/lib/libcalibration_interface_srv_calibrate_gripper__rosidl_typesupport_introspection_c_native.so" to ""
Listing '/home/pmlab/yueju/move_tool/install/calibration_interface/local/lib/python3.10/dist-packages/calibration_interface'...
Compiling '/home/pmlab/yueju/move_tool/install/calibration_interface/local/lib/python3.10/dist-packages/calibration_interface/__init__.py'...
Listing '/home/pmlab/yueju/move_tool/install/calibration_interface/local/lib/python3.10/dist-packages/calibration_interface/srv'...
Compiling '/home/pmlab/yueju/move_tool/install/calibration_interface/local/lib/python3.10/dist-packages/calibration_interface/srv/__init__.py'...
Compiling '/home/pmlab/yueju/move_tool/install/calibration_interface/local/lib/python3.10/dist-packages/calibration_interface/srv/_calibrate_gripper.py'...
-- Installing: /home/pmlab/yueju/move_tool/install/calibration_interface/lib/libcalibration_interface__rosidl_generator_py.so
-- Set runtime path of "/home/pmlab/yueju/move_tool/install/calibration_interface/lib/libcalibration_interface__rosidl_generator_py.so" to ""
-- Installing: /home/pmlab/yueju/move_tool/install/calibration_interface/share/calibration_interface/cmake/export_calibration_interface__rosidl_generator_cExport.cmake
-- Installing: /home/pmlab/yueju/move_tool/install/calibration_interface/share/calibration_interface/cmake/export_calibration_interface__rosidl_generator_cExport-noconfig.cmake
-- Installing: /home/pmlab/yueju/move_tool/install/calibration_interface/share/calibration_interface/cmake/export_calibration_interface__rosidl_typesupport_fastrtps_cExport.cmake
-- Installing: /home/pmlab/yueju/move_tool/install/calibration_interface/share/calibration_interface/cmake/export_calibration_interface__rosidl_typesupport_fastrtps_cExport-noconfig.cmake
-- Installing: /home/pmlab/yueju/move_tool/install/calibration_interface/share/calibration_interface/cmake/calibration_interface__rosidl_typesupport_introspection_cExport.cmake
-- Installing: /home/pmlab/yueju/move_tool/install/calibration_interface/share/calibration_interface/cmake/calibration_interface__rosidl_typesupport_introspection_cExport-noconfig.cmake
-- Installing: /home/pmlab/yueju/move_tool/install/calibration_interface/share/calibration_interface/cmake/calibration_interface__rosidl_typesupport_cExport.cmake
-- Installing: /home/pmlab/yueju/move_tool/install/calibration_interface/share/calibration_interface/cmake/calibration_interface__rosidl_typesupport_cExport-noconfig.cmake
-- Installing: /home/pmlab/yueju/move_tool/install/calibration_interface/share/calibration_interface/cmake/export_calibration_interface__rosidl_generator_cppExport.cmake
-- Installing: /home/pmlab/yueju/move_tool/install/calibration_interface/share/calibration_interface/cmake/export_calibration_interface__rosidl_typesupport_fastrtps_cppExport.cmake
-- Installing: /home/pmlab/yueju/move_tool/install/calibration_interface/share/calibration_interface/cmake/export_calibration_interface__rosidl_typesupport_fastrtps_cppExport-noconfig.cmake
-- Installing: /home/pmlab/yueju/move_tool/install/calibration_interface/share/calibration_interface/cmake/calibration_interface__rosidl_typesupport_introspection_cppExport.cmake
-- Installing: /home/pmlab/yueju/move_tool/install/calibration_interface/share/calibration_interface/cmake/calibration_interface__rosidl_typesupport_introspection_cppExport-noconfig.cmake
-- Installing: /home/pmlab/yueju/move_tool/install/calibration_interface/share/calibration_interface/cmake/calibration_interface__rosidl_typesupport_cppExport.cmake
-- Installing: /home/pmlab/yueju/move_tool/install/calibration_interface/share/calibration_interface/cmake/calibration_interface__rosidl_typesupport_cppExport-noconfig.cmake
-- Installing: /home/pmlab/yueju/move_tool/install/calibration_interface/share/calibration_interface/cmake/export_calibration_interface__rosidl_generator_pyExport.cmake
-- Installing: /home/pmlab/yueju/move_tool/install/calibration_interface/share/calibration_interface/cmake/export_calibration_interface__rosidl_generator_pyExport-noconfig.cmake
