[1.057s] Invoking command in '/home/pmlab/yueju/move_tool/build/move_tool_to_frame': PYTHONPATH=/home/pmlab/yueju/move_tool/build/move_tool_to_frame/prefix_override:/home/pmlab/yueju/move_tool/install/move_tool_to_frame/lib/python3.10/site-packages:${PYTHONPATH} /usr/bin/python3 setup.py develop --editable --build-directory /home/pmlab/yueju/move_tool/build/move_tool_to_frame/build --no-deps install_data
[1.385s] running develop
[1.385s] /home/pmlab/.local/lib/python3.10/site-packages/setuptools/command/develop.py:42: EasyInstallDeprecationWarning: easy_install command is deprecated.
[1.385s] !!
[1.385s] 
[1.385s]         ********************************************************************************
[1.385s]         Please avoid running ``setup.py`` and ``easy_install``.
[1.386s]         Instead, use pypa/build, pypa/installer or other
[1.386s]         standards-based tools.
[1.386s] 
[1.386s]         See https://github.com/pypa/setuptools/issues/917 for details.
[1.386s]         ********************************************************************************
[1.386s] 
[1.386s] !!
[1.386s]   easy_install.initialize_options(self)
[1.423s] /home/pmlab/.local/lib/python3.10/site-packages/setuptools/_distutils/cmd.py:66: SetuptoolsDeprecationWarning: setup.py install is deprecated.
[1.423s] !!
[1.423s] 
[1.424s]         ********************************************************************************
[1.424s]         Please avoid running ``setup.py`` directly.
[1.424s]         Instead, use pypa/build, pypa/installer or other
[1.424s]         standards-based tools.
[1.424s] 
[1.424s]         See https://blog.ganssle.io/articles/2021/10/setup-py-deprecated.html for details.
[1.424s]         ********************************************************************************
[1.424s] 
[1.424s] !!
[1.424s]   self.initialize_options()
[1.625s] running egg_info
[1.648s] writing move_tool_to_frame.egg-info/PKG-INFO
[1.648s] writing dependency_links to move_tool_to_frame.egg-info/dependency_links.txt
[1.649s] writing entry points to move_tool_to_frame.egg-info/entry_points.txt
[1.649s] writing requirements to move_tool_to_frame.egg-info/requires.txt
[1.649s] writing top-level names to move_tool_to_frame.egg-info/top_level.txt
[1.684s] reading manifest file 'move_tool_to_frame.egg-info/SOURCES.txt'
[1.684s] writing manifest file 'move_tool_to_frame.egg-info/SOURCES.txt'
[1.704s] running build_ext
[1.704s] Creating /home/pmlab/yueju/move_tool/install/move_tool_to_frame/lib/python3.10/site-packages/move-tool-to-frame.egg-link (link to .)
[1.705s] Installing move_tool_to_frame_node script to /home/pmlab/yueju/move_tool/install/move_tool_to_frame/lib/move_tool_to_frame
[1.705s] 
[1.705s] Installed /home/pmlab/yueju/move_tool/build/move_tool_to_frame
[1.705s] running install_data
[1.705s] copying resource/move_tool_to_frame -> /home/pmlab/yueju/move_tool/install/move_tool_to_frame/share/ament_index/resource_index/packages
[1.705s] copying package.xml -> /home/pmlab/yueju/move_tool/install/move_tool_to_frame/share/move_tool_to_frame
[1.729s] Invoked command in '/home/pmlab/yueju/move_tool/build/move_tool_to_frame' returned '0': PYTHONPATH=/home/pmlab/yueju/move_tool/build/move_tool_to_frame/prefix_override:/home/pmlab/yueju/move_tool/install/move_tool_to_frame/lib/python3.10/site-packages:${PYTHONPATH} /usr/bin/python3 setup.py develop --editable --build-directory /home/pmlab/yueju/move_tool/build/move_tool_to_frame/build --no-deps install_data
