[0.028s] Invoking command in '/home/pmlab/yueju/move_tool/build/calibration_interface': CMAKE_PREFIX_PATH=${CMAKE_PREFIX_PATH}:/home/pmlab/yueju/move_tool/install/move_tool_to_frame:/home/pmlab/rajan_ros2_ws/install/pneumatic_controller_listener:/home/pmlab/rajan_ros2_ws/install/pm_smaract_gripper:/home/pmlab/rajan_ros2_ws/install/pm_robot_control_test:/home/pmlab/rajan_ros2_ws/install/pm_confocal:/home/pmlab/ros2_ws/install/ros_sequential_action_programmer:/home/pmlab/ros2_ws/install/pneumatic_controller_listener:/home/pmlab/ros2_ws/install/pm_smaract_gripper:/home/pmlab/ros2_ws/install/pm_robot_control_test:/home/pmlab/ros2_ws/install/pm_confocal:/opt/ros/humble /usr/bin/cmake --build /home/pmlab/yueju/move_tool/build/calibration_interface -- -j24 -l24
[0.127s] [  2%] Built target calibration_interface__cs
[0.128s] [  4%] Built target calibration_interface__cpp
[0.128s] failed to create symbolic link '/home/pmlab/yueju/move_tool/build/calibration_interface/ament_cmake_python/calibration_interface/calibration_interface' because existing path cannot be removed: Is a directory
[0.129s] gmake[2]: *** [CMakeFiles/ament_cmake_python_symlink_calibration_interface.dir/build.make:70: CMakeFiles/ament_cmake_python_symlink_calibration_interface] Error 1
[0.130s] gmake[1]: *** [CMakeFiles/Makefile2:565: CMakeFiles/ament_cmake_python_symlink_calibration_interface.dir/all] Error 2
[0.130s] gmake[1]: *** Waiting for unfinished jobs....
[0.134s] [ 10%] Built target calibration_interface__rosidl_generator_c
[0.145s] [35m[1mConsolidate compiler generated dependencies of target calibration_interface__rosidl_typesupport_fastrtps_cpp[0m
[0.146s] [35m[1mConsolidate compiler generated dependencies of target calibration_interface__rosidl_typesupport_introspection_cpp[0m
[0.161s] [ 13%] [34m[1m/usr/bin/cmake;-version;/usr/bin/dotnet restore calibration_interface_assembly_dotnetcore.csproj;          /usr/bin/dotnet build calibration_interface_assembly_dotnetcore.csproj -> /home/pmlab/yueju/move_tool/build/calibration_interface/calibration_interface_assembly[0m
[0.175s] [ 26%] Built target calibration_interface__rosidl_typesupport_introspection_cpp
[0.175s] [ 26%] Built target calibration_interface__rosidl_typesupport_cpp
[0.175s] [ 32%] Built target calibration_interface__rosidl_typesupport_fastrtps_cpp
[0.218s] cmake version 3.22.1
[0.218s] 
[0.218s] CMake suite maintained and supported by Kitware (kitware.com/cmake).
[0.734s] [?1h=  Determining projects to restore...
[0.859s]   All projects are up-to-date for restore.
[0.995s] [?1h=Microsoft (R) Build Engine version 17.0.1+b177f8fa7 for .NET
[0.995s] Copyright (C) Microsoft Corporation. All rights reserved.
[0.995s] 
[1.416s]   Determining projects to restore...
[1.690s]   All projects are up-to-date for restore.
[1.870s]   calibration_interface_assembly_dotnetcore -> /home/pmlab/yueju/move_tool/build/calibration_interface/netstandard2.0/calibration_interface_assembly.dll
[1.878s] [39;49m[92m
[1.878s] Build succeeded.
[1.879s] [39;49m    0 Warning(s)
[1.879s] [39;49m    0 Error(s)
[1.879s] [39;49m
[1.879s] Time Elapsed 00:00:00.79
[1.918s] [ 34%] Built target calibration_interface_assembly
[1.919s] gmake: *** [Makefile:146: all] Error 2
[1.922s] Invoked command in '/home/pmlab/yueju/move_tool/build/calibration_interface' returned '2': CMAKE_PREFIX_PATH=${CMAKE_PREFIX_PATH}:/home/pmlab/yueju/move_tool/install/move_tool_to_frame:/home/pmlab/rajan_ros2_ws/install/pneumatic_controller_listener:/home/pmlab/rajan_ros2_ws/install/pm_smaract_gripper:/home/pmlab/rajan_ros2_ws/install/pm_robot_control_test:/home/pmlab/rajan_ros2_ws/install/pm_confocal:/home/pmlab/ros2_ws/install/ros_sequential_action_programmer:/home/pmlab/ros2_ws/install/pneumatic_controller_listener:/home/pmlab/ros2_ws/install/pm_smaract_gripper:/home/pmlab/ros2_ws/install/pm_robot_control_test:/home/pmlab/ros2_ws/install/pm_confocal:/opt/ros/humble /usr/bin/cmake --build /home/pmlab/yueju/move_tool/build/calibration_interface -- -j24 -l24
