[1.075s] DEBUG:colcon:Command line arguments: ['/usr/bin/colcon', 'build']
[1.075s] DEBUG:colcon:Parsed command line arguments: Namespace(log_base=None, log_level=None, verb_name='build', build_base='build', install_base='install', merge_install=False, symlink_install=False, test_result_base=None, continue_on_error=False, executor='parallel', parallel_workers=16, event_handlers=None, ignore_user_meta=False, metas=['./colcon.meta'], base_paths=['.'], packages_ignore=None, packages_ignore_regex=None, paths=None, packages_up_to=None, packages_up_to_regex=None, packages_above=None, packages_above_and_dependencies=None, packages_above_depth=None, packages_select_by_dep=None, packages_skip_by_dep=None, packages_skip_up_to=None, packages_select_build_failed=False, packages_skip_build_finished=False, packages_select_test_failures=False, packages_skip_test_passed=False, packages_select=None, packages_skip=None, packages_select_regex=None, packages_skip_regex=None, packages_start=None, packages_end=None, allow_overriding=[], cmake_args=None, cmake_target=None, cmake_target_skip_unavailable=False, cmake_clean_cache=False, cmake_clean_first=False, cmake_force_configure=False, ament_cmake_args=None, catkin_cmake_args=None, catkin_skip_building_tests=False, verb_parser=<colcon_defaults.argument_parser.defaults.DefaultArgumentsDecorator object at 0x7f3788cca9b0>, verb_extension=<colcon_core.verb.build.BuildVerb object at 0x7f3788cca530>, main=<bound method BuildVerb.main of <colcon_core.verb.build.BuildVerb object at 0x7f3788cca530>>)
[1.134s] Level 1:colcon.colcon_core.package_discovery:discover_packages(colcon_meta) check parameters
[1.134s] Level 1:colcon.colcon_core.package_discovery:discover_packages(recursive) check parameters
[1.134s] Level 1:colcon.colcon_core.package_discovery:discover_packages(ignore) check parameters
[1.134s] Level 1:colcon.colcon_core.package_discovery:discover_packages(path) check parameters
[1.134s] Level 1:colcon.colcon_core.package_discovery:discover_packages(colcon_meta) discover
[1.134s] Level 1:colcon.colcon_core.package_discovery:discover_packages(recursive) discover
[1.134s] INFO:colcon.colcon_core.package_discovery:Crawling recursively for packages in '/home/pmlab/yueju/move_tool'
[1.134s] Level 1:colcon.colcon_core.package_identification:_identify(.) by extensions ['ignore', 'ignore_ament_install']
[1.134s] Level 1:colcon.colcon_core.package_identification:_identify(.) by extension 'ignore'
[1.134s] Level 1:colcon.colcon_core.package_identification:_identify(.) by extension 'ignore_ament_install'
[1.134s] Level 1:colcon.colcon_core.package_identification:_identify(.) by extensions ['colcon_pkg']
[1.134s] Level 1:colcon.colcon_core.package_identification:_identify(.) by extension 'colcon_pkg'
[1.134s] Level 1:colcon.colcon_core.package_identification:_identify(.) by extensions ['colcon_meta']
[1.134s] Level 1:colcon.colcon_core.package_identification:_identify(.) by extension 'colcon_meta'
[1.134s] Level 1:colcon.colcon_core.package_identification:_identify(.) by extensions ['ros']
[1.134s] Level 1:colcon.colcon_core.package_identification:_identify(.) by extension 'ros'
[1.145s] Level 1:colcon.colcon_core.package_identification:_identify(.) by extensions ['cmake', 'python']
[1.145s] Level 1:colcon.colcon_core.package_identification:_identify(.) by extension 'cmake'
[1.145s] Level 1:colcon.colcon_core.package_identification:_identify(.) by extension 'python'
[1.145s] Level 1:colcon.colcon_core.package_identification:_identify(.) by extensions ['python_setup_py']
[1.145s] Level 1:colcon.colcon_core.package_identification:_identify(.) by extension 'python_setup_py'
[1.145s] Level 1:colcon.colcon_core.package_identification:_identify(build) by extensions ['ignore', 'ignore_ament_install']
[1.146s] Level 1:colcon.colcon_core.package_identification:_identify(build) by extension 'ignore'
[1.146s] Level 1:colcon.colcon_core.package_identification:_identify(build) ignored
[1.146s] Level 1:colcon.colcon_core.package_identification:_identify(install) by extensions ['ignore', 'ignore_ament_install']
[1.146s] Level 1:colcon.colcon_core.package_identification:_identify(install) by extension 'ignore'
[1.146s] Level 1:colcon.colcon_core.package_identification:_identify(install) ignored
[1.146s] Level 1:colcon.colcon_core.package_identification:_identify(log) by extensions ['ignore', 'ignore_ament_install']
[1.146s] Level 1:colcon.colcon_core.package_identification:_identify(log) by extension 'ignore'
[1.146s] Level 1:colcon.colcon_core.package_identification:_identify(log) ignored
[1.146s] Level 1:colcon.colcon_core.package_identification:_identify(src) by extensions ['ignore', 'ignore_ament_install']
[1.146s] Level 1:colcon.colcon_core.package_identification:_identify(src) by extension 'ignore'
[1.146s] Level 1:colcon.colcon_core.package_identification:_identify(src) by extension 'ignore_ament_install'
[1.147s] Level 1:colcon.colcon_core.package_identification:_identify(src) by extensions ['colcon_pkg']
[1.147s] Level 1:colcon.colcon_core.package_identification:_identify(src) by extension 'colcon_pkg'
[1.147s] Level 1:colcon.colcon_core.package_identification:_identify(src) by extensions ['colcon_meta']
[1.147s] Level 1:colcon.colcon_core.package_identification:_identify(src) by extension 'colcon_meta'
[1.147s] Level 1:colcon.colcon_core.package_identification:_identify(src) by extensions ['ros']
[1.147s] Level 1:colcon.colcon_core.package_identification:_identify(src) by extension 'ros'
[1.147s] Level 1:colcon.colcon_core.package_identification:_identify(src) by extensions ['cmake', 'python']
[1.147s] Level 1:colcon.colcon_core.package_identification:_identify(src) by extension 'cmake'
[1.147s] Level 1:colcon.colcon_core.package_identification:_identify(src) by extension 'python'
[1.147s] Level 1:colcon.colcon_core.package_identification:_identify(src) by extensions ['python_setup_py']
[1.147s] Level 1:colcon.colcon_core.package_identification:_identify(src) by extension 'python_setup_py'
[1.147s] Level 1:colcon.colcon_core.package_identification:_identify(src/calibration_interface) by extensions ['ignore', 'ignore_ament_install']
[1.147s] Level 1:colcon.colcon_core.package_identification:_identify(src/calibration_interface) by extension 'ignore'
[1.147s] Level 1:colcon.colcon_core.package_identification:_identify(src/calibration_interface) by extension 'ignore_ament_install'
[1.147s] Level 1:colcon.colcon_core.package_identification:_identify(src/calibration_interface) by extensions ['colcon_pkg']
[1.147s] Level 1:colcon.colcon_core.package_identification:_identify(src/calibration_interface) by extension 'colcon_pkg'
[1.147s] Level 1:colcon.colcon_core.package_identification:_identify(src/calibration_interface) by extensions ['colcon_meta']
[1.147s] Level 1:colcon.colcon_core.package_identification:_identify(src/calibration_interface) by extension 'colcon_meta'
[1.147s] Level 1:colcon.colcon_core.package_identification:_identify(src/calibration_interface) by extensions ['ros']
[1.147s] Level 1:colcon.colcon_core.package_identification:_identify(src/calibration_interface) by extension 'ros'
[1.149s] DEBUG:colcon.colcon_core.package_identification:Package 'src/calibration_interface' with type 'ros.ament_cmake' and name 'calibration_interface'
[1.149s] Level 1:colcon.colcon_core.package_identification:_identify(src/move_tool_to_frame) by extensions ['ignore', 'ignore_ament_install']
[1.149s] Level 1:colcon.colcon_core.package_identification:_identify(src/move_tool_to_frame) by extension 'ignore'
[1.149s] Level 1:colcon.colcon_core.package_identification:_identify(src/move_tool_to_frame) by extension 'ignore_ament_install'
[1.150s] Level 1:colcon.colcon_core.package_identification:_identify(src/move_tool_to_frame) by extensions ['colcon_pkg']
[1.150s] Level 1:colcon.colcon_core.package_identification:_identify(src/move_tool_to_frame) by extension 'colcon_pkg'
[1.150s] Level 1:colcon.colcon_core.package_identification:_identify(src/move_tool_to_frame) by extensions ['colcon_meta']
[1.150s] Level 1:colcon.colcon_core.package_identification:_identify(src/move_tool_to_frame) by extension 'colcon_meta'
[1.150s] Level 1:colcon.colcon_core.package_identification:_identify(src/move_tool_to_frame) by extensions ['ros']
[1.150s] Level 1:colcon.colcon_core.package_identification:_identify(src/move_tool_to_frame) by extension 'ros'
[1.150s] DEBUG:colcon.colcon_core.package_identification:Package 'src/move_tool_to_frame' with type 'ros.ament_python' and name 'move_tool_to_frame'
[1.150s] Level 1:colcon.colcon_core.package_discovery:discover_packages(recursive) using defaults
[1.150s] Level 1:colcon.colcon_core.package_discovery:discover_packages(ignore) discover
[1.150s] Level 1:colcon.colcon_core.package_discovery:discover_packages(ignore) using defaults
[1.150s] Level 1:colcon.colcon_core.package_discovery:discover_packages(path) discover
[1.150s] Level 1:colcon.colcon_core.package_discovery:discover_packages(path) using defaults
[1.249s] Level 1:colcon.colcon_core.package_discovery:discover_packages(prefix_path) check parameters
[1.249s] Level 1:colcon.colcon_core.package_discovery:discover_packages(prefix_path) discover
[1.283s] DEBUG:colcon.colcon_installed_package_information.package_discovery:Found 49 installed packages in /home/pmlab/ros2-for-unity/ros2-for-unity/install
[1.299s] DEBUG:colcon.colcon_installed_package_information.package_discovery:Found 34 installed packages in /home/pmlab/pm_ros2_ws/install
[1.317s] DEBUG:colcon.colcon_installed_package_information.package_discovery:Found 405 installed packages in /opt/ros/humble
[1.319s] Level 1:colcon.colcon_core.package_discovery:discover_packages(prefix_path) using defaults
[1.409s] Level 5:colcon.colcon_core.verb:set package 'calibration_interface' build argument 'cmake_args' from command line to 'None'
[1.409s] Level 5:colcon.colcon_core.verb:set package 'calibration_interface' build argument 'cmake_target' from command line to 'None'
[1.410s] Level 5:colcon.colcon_core.verb:set package 'calibration_interface' build argument 'cmake_target_skip_unavailable' from command line to 'False'
[1.410s] Level 5:colcon.colcon_core.verb:set package 'calibration_interface' build argument 'cmake_clean_cache' from command line to 'False'
[1.410s] Level 5:colcon.colcon_core.verb:set package 'calibration_interface' build argument 'cmake_clean_first' from command line to 'False'
[1.410s] Level 5:colcon.colcon_core.verb:set package 'calibration_interface' build argument 'cmake_force_configure' from command line to 'False'
[1.410s] Level 5:colcon.colcon_core.verb:set package 'calibration_interface' build argument 'ament_cmake_args' from command line to 'None'
[1.410s] Level 5:colcon.colcon_core.verb:set package 'calibration_interface' build argument 'catkin_cmake_args' from command line to 'None'
[1.410s] Level 5:colcon.colcon_core.verb:set package 'calibration_interface' build argument 'catkin_skip_building_tests' from command line to 'False'
[1.410s] DEBUG:colcon.colcon_core.verb:Building package 'calibration_interface' with the following arguments: {'ament_cmake_args': None, 'build_base': '/home/pmlab/yueju/move_tool/build/calibration_interface', 'catkin_cmake_args': None, 'catkin_skip_building_tests': False, 'cmake_args': None, 'cmake_clean_cache': False, 'cmake_clean_first': False, 'cmake_force_configure': False, 'cmake_target': None, 'cmake_target_skip_unavailable': False, 'install_base': '/home/pmlab/yueju/move_tool/install/calibration_interface', 'merge_install': False, 'path': '/home/pmlab/yueju/move_tool/src/calibration_interface', 'symlink_install': False, 'test_result_base': None}
[1.427s] Level 5:colcon.colcon_core.verb:set package 'move_tool_to_frame' build argument 'cmake_args' from command line to 'None'
[1.427s] Level 5:colcon.colcon_core.verb:set package 'move_tool_to_frame' build argument 'cmake_target' from command line to 'None'
[1.427s] Level 5:colcon.colcon_core.verb:set package 'move_tool_to_frame' build argument 'cmake_target_skip_unavailable' from command line to 'False'
[1.427s] Level 5:colcon.colcon_core.verb:set package 'move_tool_to_frame' build argument 'cmake_clean_cache' from command line to 'False'
[1.427s] Level 5:colcon.colcon_core.verb:set package 'move_tool_to_frame' build argument 'cmake_clean_first' from command line to 'False'
[1.427s] Level 5:colcon.colcon_core.verb:set package 'move_tool_to_frame' build argument 'cmake_force_configure' from command line to 'False'
[1.427s] Level 5:colcon.colcon_core.verb:set package 'move_tool_to_frame' build argument 'ament_cmake_args' from command line to 'None'
[1.427s] Level 5:colcon.colcon_core.verb:set package 'move_tool_to_frame' build argument 'catkin_cmake_args' from command line to 'None'
[1.427s] Level 5:colcon.colcon_core.verb:set package 'move_tool_to_frame' build argument 'catkin_skip_building_tests' from command line to 'False'
[1.427s] DEBUG:colcon.colcon_core.verb:Building package 'move_tool_to_frame' with the following arguments: {'ament_cmake_args': None, 'build_base': '/home/pmlab/yueju/move_tool/build/move_tool_to_frame', 'catkin_cmake_args': None, 'catkin_skip_building_tests': False, 'cmake_args': None, 'cmake_clean_cache': False, 'cmake_clean_first': False, 'cmake_force_configure': False, 'cmake_target': None, 'cmake_target_skip_unavailable': False, 'install_base': '/home/pmlab/yueju/move_tool/install/move_tool_to_frame', 'merge_install': False, 'path': '/home/pmlab/yueju/move_tool/src/move_tool_to_frame', 'symlink_install': False, 'test_result_base': None}
[1.443s] INFO:colcon.colcon_core.executor:Executing jobs using 'parallel' executor
[1.458s] DEBUG:colcon.colcon_parallel_executor.executor.parallel:run_until_complete
[1.459s] INFO:colcon.colcon_ros.task.ament_cmake.build:Building ROS package in '/home/pmlab/yueju/move_tool/src/calibration_interface' with build type 'ament_cmake'
[1.459s] INFO:colcon.colcon_cmake.task.cmake.build:Building CMake package in '/home/pmlab/yueju/move_tool/src/calibration_interface'
[1.475s] INFO:colcon.colcon_core.plugin_system:Skipping extension 'colcon_core.shell.bat': Not used on non-Windows systems
[1.475s] INFO:colcon.colcon_core.shell:Skip shell extension 'powershell' for command environment: Not usable outside of PowerShell
[1.475s] DEBUG:colcon.colcon_core.shell:Skip shell extension 'dsv' for command environment
[1.541s] INFO:colcon.colcon_ros.task.ament_python.build:Building ROS package in '/home/pmlab/yueju/move_tool/src/move_tool_to_frame' with build type 'ament_python'
[1.542s] Level 1:colcon.colcon_core.shell:create_environment_hook('move_tool_to_frame', 'ament_prefix_path')
[1.558s] INFO:colcon.colcon_core.shell:Creating environment hook '/home/pmlab/yueju/move_tool/install/move_tool_to_frame/share/move_tool_to_frame/hook/ament_prefix_path.ps1'
[1.558s] INFO:colcon.colcon_core.shell:Creating environment descriptor '/home/pmlab/yueju/move_tool/install/move_tool_to_frame/share/move_tool_to_frame/hook/ament_prefix_path.dsv'
[1.559s] INFO:colcon.colcon_core.shell:Creating environment hook '/home/pmlab/yueju/move_tool/install/move_tool_to_frame/share/move_tool_to_frame/hook/ament_prefix_path.sh'
[1.574s] INFO:colcon.colcon_core.shell:Skip shell extension 'powershell' for command environment: Not usable outside of PowerShell
[1.574s] DEBUG:colcon.colcon_core.shell:Skip shell extension 'dsv' for command environment
[1.648s] DEBUG:colcon.colcon_core.event_handler.log_command:Invoking command in '/home/pmlab/yueju/move_tool/build/calibration_interface': CMAKE_PREFIX_PATH=${CMAKE_PREFIX_PATH}:/home/pmlab/pm_ros2_ws/install/ros_sequential_action_programmer:/home/pmlab/pm_ros2_ws/install/pneumatic_controller_listener:/home/pmlab/pm_ros2_ws/install/pm_vision_manager:/home/pmlab/pm_ros2_ws/install/pm_vision_app:/home/pmlab/pm_ros2_ws/install/pm_robot_control_test:/home/pmlab/pm_ros2_ws/install/pm_confocal:/home/pmlab/pm_ros2_ws/install/pm_co_pilot:/home/pmlab/pm_ros2_ws/install/assembly_scene_publisher:/home/pmlab/pm_ros2_ws/install/assembly_manager:/opt/ros/humble /usr/bin/cmake /home/pmlab/yueju/move_tool/src/calibration_interface -DCMAKE_INSTALL_PREFIX=/home/pmlab/yueju/move_tool/install/calibration_interface
[1.849s] INFO:colcon.colcon_core.task.python.build:Building Python package in '/home/pmlab/yueju/move_tool/src/move_tool_to_frame'
[1.868s] INFO:colcon.colcon_core.shell:Skip shell extension 'powershell' for command environment: Not usable outside of PowerShell
[1.868s] DEBUG:colcon.colcon_core.shell:Skip shell extension 'dsv' for command environment
[2.513s] DEBUG:colcon.colcon_core.event_handler.log_command:Invoking command in '/home/pmlab/yueju/move_tool/build/move_tool_to_frame': PYTHONPATH=/home/pmlab/yueju/move_tool/build/move_tool_to_frame/prefix_override:/home/pmlab/yueju/move_tool/install/move_tool_to_frame/lib/python3.10/site-packages:${PYTHONPATH} /usr/bin/python3 setup.py develop --uninstall --editable --build-directory /home/pmlab/yueju/move_tool/build/move_tool_to_frame/build
[3.075s] DEBUG:colcon.colcon_core.event_handler.log_command:Invoked command in '/home/pmlab/yueju/move_tool/build/calibration_interface' returned '0': CMAKE_PREFIX_PATH=${CMAKE_PREFIX_PATH}:/home/pmlab/pm_ros2_ws/install/ros_sequential_action_programmer:/home/pmlab/pm_ros2_ws/install/pneumatic_controller_listener:/home/pmlab/pm_ros2_ws/install/pm_vision_manager:/home/pmlab/pm_ros2_ws/install/pm_vision_app:/home/pmlab/pm_ros2_ws/install/pm_robot_control_test:/home/pmlab/pm_ros2_ws/install/pm_confocal:/home/pmlab/pm_ros2_ws/install/pm_co_pilot:/home/pmlab/pm_ros2_ws/install/assembly_scene_publisher:/home/pmlab/pm_ros2_ws/install/assembly_manager:/opt/ros/humble /usr/bin/cmake /home/pmlab/yueju/move_tool/src/calibration_interface -DCMAKE_INSTALL_PREFIX=/home/pmlab/yueju/move_tool/install/calibration_interface
[3.077s] DEBUG:colcon.colcon_core.event_handler.log_command:Invoking command in '/home/pmlab/yueju/move_tool/build/calibration_interface': CMAKE_PREFIX_PATH=${CMAKE_PREFIX_PATH}:/home/pmlab/pm_ros2_ws/install/ros_sequential_action_programmer:/home/pmlab/pm_ros2_ws/install/pneumatic_controller_listener:/home/pmlab/pm_ros2_ws/install/pm_vision_manager:/home/pmlab/pm_ros2_ws/install/pm_vision_app:/home/pmlab/pm_ros2_ws/install/pm_robot_control_test:/home/pmlab/pm_ros2_ws/install/pm_confocal:/home/pmlab/pm_ros2_ws/install/pm_co_pilot:/home/pmlab/pm_ros2_ws/install/assembly_scene_publisher:/home/pmlab/pm_ros2_ws/install/assembly_manager:/opt/ros/humble /usr/bin/cmake --build /home/pmlab/yueju/move_tool/build/calibration_interface -- -j16 -l16
[3.143s] DEBUG:colcon.colcon_core.event_handler.log_command:Invoked command in '/home/pmlab/yueju/move_tool/build/move_tool_to_frame' returned '0': PYTHONPATH=/home/pmlab/yueju/move_tool/build/move_tool_to_frame/prefix_override:/home/pmlab/yueju/move_tool/install/move_tool_to_frame/lib/python3.10/site-packages:${PYTHONPATH} /usr/bin/python3 setup.py develop --uninstall --editable --build-directory /home/pmlab/yueju/move_tool/build/move_tool_to_frame/build
[3.144s] DEBUG:colcon.colcon_core.event_handler.log_command:Invoking command in '/home/pmlab/yueju/move_tool/src/move_tool_to_frame': PYTHONPATH=/home/pmlab/yueju/move_tool/build/move_tool_to_frame/prefix_override:/home/pmlab/yueju/move_tool/install/move_tool_to_frame/lib/python3.10/site-packages:${PYTHONPATH} /usr/bin/python3 setup.py egg_info --egg-base ../../build/move_tool_to_frame build --build-base /home/pmlab/yueju/move_tool/build/move_tool_to_frame/build install --record /home/pmlab/yueju/move_tool/build/move_tool_to_frame/install.log --single-version-externally-managed
[3.898s] DEBUG:colcon.colcon_core.event_handler.log_command:Invoked command in '/home/pmlab/yueju/move_tool/src/move_tool_to_frame' returned '0': PYTHONPATH=/home/pmlab/yueju/move_tool/build/move_tool_to_frame/prefix_override:/home/pmlab/yueju/move_tool/install/move_tool_to_frame/lib/python3.10/site-packages:${PYTHONPATH} /usr/bin/python3 setup.py egg_info --egg-base ../../build/move_tool_to_frame build --build-base /home/pmlab/yueju/move_tool/build/move_tool_to_frame/build install --record /home/pmlab/yueju/move_tool/build/move_tool_to_frame/install.log --single-version-externally-managed
[3.927s] Level 1:colcon.colcon_core.environment:checking '/home/pmlab/yueju/move_tool/install/move_tool_to_frame' for CMake module files
[3.928s] Level 1:colcon.colcon_core.environment:checking '/home/pmlab/yueju/move_tool/install/move_tool_to_frame' for CMake config files
[3.929s] Level 1:colcon.colcon_core.environment:checking '/home/pmlab/yueju/move_tool/install/move_tool_to_frame/lib'
[3.929s] Level 1:colcon.colcon_core.environment:checking '/home/pmlab/yueju/move_tool/install/move_tool_to_frame/bin'
[3.929s] Level 1:colcon.colcon_core.environment:checking '/home/pmlab/yueju/move_tool/install/move_tool_to_frame/lib/pkgconfig/move_tool_to_frame.pc'
[3.929s] Level 1:colcon.colcon_core.environment:checking '/home/pmlab/yueju/move_tool/install/move_tool_to_frame/lib/python3.10/site-packages'
[3.929s] Level 1:colcon.colcon_core.shell:create_environment_hook('move_tool_to_frame', 'pythonpath')
[3.954s] INFO:colcon.colcon_core.shell:Creating environment hook '/home/pmlab/yueju/move_tool/install/move_tool_to_frame/share/move_tool_to_frame/hook/pythonpath.ps1'
[3.955s] INFO:colcon.colcon_core.shell:Creating environment descriptor '/home/pmlab/yueju/move_tool/install/move_tool_to_frame/share/move_tool_to_frame/hook/pythonpath.dsv'
[3.955s] INFO:colcon.colcon_core.shell:Creating environment hook '/home/pmlab/yueju/move_tool/install/move_tool_to_frame/share/move_tool_to_frame/hook/pythonpath.sh'
[3.956s] Level 1:colcon.colcon_core.environment:checking '/home/pmlab/yueju/move_tool/install/move_tool_to_frame/bin'
[3.956s] Level 1:colcon.colcon_core.environment:create_environment_scripts_only(move_tool_to_frame)
[3.984s] INFO:colcon.colcon_core.shell:Creating package script '/home/pmlab/yueju/move_tool/install/move_tool_to_frame/share/move_tool_to_frame/package.ps1'
[3.985s] INFO:colcon.colcon_core.shell:Creating package descriptor '/home/pmlab/yueju/move_tool/install/move_tool_to_frame/share/move_tool_to_frame/package.dsv'
[3.986s] INFO:colcon.colcon_core.shell:Creating package script '/home/pmlab/yueju/move_tool/install/move_tool_to_frame/share/move_tool_to_frame/package.sh'
[3.987s] INFO:colcon.colcon_core.shell:Creating package script '/home/pmlab/yueju/move_tool/install/move_tool_to_frame/share/move_tool_to_frame/package.bash'
[3.987s] INFO:colcon.colcon_core.shell:Creating package script '/home/pmlab/yueju/move_tool/install/move_tool_to_frame/share/move_tool_to_frame/package.zsh'
[3.987s] Level 1:colcon.colcon_core.environment:create_file_with_runtime_dependencies(/home/pmlab/yueju/move_tool/install/move_tool_to_frame/share/colcon-core/packages/move_tool_to_frame)
[6.807s] DEBUG:colcon.colcon_core.event_handler.log_command:Invoked command in '/home/pmlab/yueju/move_tool/build/calibration_interface' returned '0': CMAKE_PREFIX_PATH=${CMAKE_PREFIX_PATH}:/home/pmlab/pm_ros2_ws/install/ros_sequential_action_programmer:/home/pmlab/pm_ros2_ws/install/pneumatic_controller_listener:/home/pmlab/pm_ros2_ws/install/pm_vision_manager:/home/pmlab/pm_ros2_ws/install/pm_vision_app:/home/pmlab/pm_ros2_ws/install/pm_robot_control_test:/home/pmlab/pm_ros2_ws/install/pm_confocal:/home/pmlab/pm_ros2_ws/install/pm_co_pilot:/home/pmlab/pm_ros2_ws/install/assembly_scene_publisher:/home/pmlab/pm_ros2_ws/install/assembly_manager:/opt/ros/humble /usr/bin/cmake --build /home/pmlab/yueju/move_tool/build/calibration_interface -- -j16 -l16
[6.965s] DEBUG:colcon.colcon_core.event_handler.log_command:Invoking command in '/home/pmlab/yueju/move_tool/build/calibration_interface': CMAKE_PREFIX_PATH=${CMAKE_PREFIX_PATH}:/home/pmlab/pm_ros2_ws/install/ros_sequential_action_programmer:/home/pmlab/pm_ros2_ws/install/pneumatic_controller_listener:/home/pmlab/pm_ros2_ws/install/pm_vision_manager:/home/pmlab/pm_ros2_ws/install/pm_vision_app:/home/pmlab/pm_ros2_ws/install/pm_robot_control_test:/home/pmlab/pm_ros2_ws/install/pm_confocal:/home/pmlab/pm_ros2_ws/install/pm_co_pilot:/home/pmlab/pm_ros2_ws/install/assembly_scene_publisher:/home/pmlab/pm_ros2_ws/install/assembly_manager:/opt/ros/humble /usr/bin/cmake --install /home/pmlab/yueju/move_tool/build/calibration_interface
[7.220s] Level 1:colcon.colcon_core.environment:create_environment_scripts_only(calibration_interface)
[7.221s] DEBUG:colcon.colcon_core.event_handler.log_command:Invoked command in '/home/pmlab/yueju/move_tool/build/calibration_interface' returned '0': CMAKE_PREFIX_PATH=${CMAKE_PREFIX_PATH}:/home/pmlab/pm_ros2_ws/install/ros_sequential_action_programmer:/home/pmlab/pm_ros2_ws/install/pneumatic_controller_listener:/home/pmlab/pm_ros2_ws/install/pm_vision_manager:/home/pmlab/pm_ros2_ws/install/pm_vision_app:/home/pmlab/pm_ros2_ws/install/pm_robot_control_test:/home/pmlab/pm_ros2_ws/install/pm_confocal:/home/pmlab/pm_ros2_ws/install/pm_co_pilot:/home/pmlab/pm_ros2_ws/install/assembly_scene_publisher:/home/pmlab/pm_ros2_ws/install/assembly_manager:/opt/ros/humble /usr/bin/cmake --install /home/pmlab/yueju/move_tool/build/calibration_interface
[7.237s] Level 1:colcon.colcon_core.environment:checking '/home/pmlab/yueju/move_tool/install/calibration_interface' for CMake module files
[7.237s] Level 1:colcon.colcon_core.environment:checking '/home/pmlab/yueju/move_tool/install/calibration_interface' for CMake config files
[7.238s] Level 1:colcon.colcon_core.shell:create_environment_hook('calibration_interface', 'cmake_prefix_path')
[7.253s] INFO:colcon.colcon_core.shell:Creating environment hook '/home/pmlab/yueju/move_tool/install/calibration_interface/share/calibration_interface/hook/cmake_prefix_path.ps1'
[7.253s] INFO:colcon.colcon_core.shell:Creating environment descriptor '/home/pmlab/yueju/move_tool/install/calibration_interface/share/calibration_interface/hook/cmake_prefix_path.dsv'
[7.254s] INFO:colcon.colcon_core.shell:Creating environment hook '/home/pmlab/yueju/move_tool/install/calibration_interface/share/calibration_interface/hook/cmake_prefix_path.sh'
[7.254s] Level 1:colcon.colcon_core.environment:checking '/home/pmlab/yueju/move_tool/install/calibration_interface/lib'
[7.254s] Level 1:colcon.colcon_core.shell:create_environment_hook('calibration_interface', 'ld_library_path_lib')
[7.271s] INFO:colcon.colcon_core.shell:Creating environment hook '/home/pmlab/yueju/move_tool/install/calibration_interface/share/calibration_interface/hook/ld_library_path_lib.ps1'
[7.271s] INFO:colcon.colcon_core.shell:Creating environment descriptor '/home/pmlab/yueju/move_tool/install/calibration_interface/share/calibration_interface/hook/ld_library_path_lib.dsv'
[7.272s] INFO:colcon.colcon_core.shell:Creating environment hook '/home/pmlab/yueju/move_tool/install/calibration_interface/share/calibration_interface/hook/ld_library_path_lib.sh'
[7.272s] Level 1:colcon.colcon_core.environment:checking '/home/pmlab/yueju/move_tool/install/calibration_interface/bin'
[7.272s] Level 1:colcon.colcon_core.environment:checking '/home/pmlab/yueju/move_tool/install/calibration_interface/lib/pkgconfig/calibration_interface.pc'
[7.272s] Level 1:colcon.colcon_core.environment:checking '/home/pmlab/yueju/move_tool/install/calibration_interface/lib/python3.10/site-packages'
[7.272s] Level 1:colcon.colcon_core.environment:checking '/home/pmlab/yueju/move_tool/install/calibration_interface/bin'
[7.289s] INFO:colcon.colcon_core.shell:Creating package script '/home/pmlab/yueju/move_tool/install/calibration_interface/share/calibration_interface/package.ps1'
[7.289s] INFO:colcon.colcon_core.shell:Creating package descriptor '/home/pmlab/yueju/move_tool/install/calibration_interface/share/calibration_interface/package.dsv'
[7.290s] INFO:colcon.colcon_core.shell:Creating package script '/home/pmlab/yueju/move_tool/install/calibration_interface/share/calibration_interface/package.sh'
[7.290s] INFO:colcon.colcon_core.shell:Creating package script '/home/pmlab/yueju/move_tool/install/calibration_interface/share/calibration_interface/package.bash'
[7.290s] INFO:colcon.colcon_core.shell:Creating package script '/home/pmlab/yueju/move_tool/install/calibration_interface/share/calibration_interface/package.zsh'
[7.291s] Level 1:colcon.colcon_core.environment:create_file_with_runtime_dependencies(/home/pmlab/yueju/move_tool/install/calibration_interface/share/colcon-core/packages/calibration_interface)
[7.455s] Level 1:colcon.colcon_core.environment:create_environment_scripts_only(calibration_interface)
[7.471s] Level 1:colcon.colcon_core.environment:checking '/home/pmlab/yueju/move_tool/install/calibration_interface' for CMake module files
[7.472s] Level 1:colcon.colcon_core.environment:checking '/home/pmlab/yueju/move_tool/install/calibration_interface' for CMake config files
[7.472s] Level 1:colcon.colcon_core.shell:create_environment_hook('calibration_interface', 'cmake_prefix_path')
[7.488s] INFO:colcon.colcon_core.shell:Creating environment hook '/home/pmlab/yueju/move_tool/install/calibration_interface/share/calibration_interface/hook/cmake_prefix_path.ps1'
[7.489s] INFO:colcon.colcon_core.shell:Creating environment descriptor '/home/pmlab/yueju/move_tool/install/calibration_interface/share/calibration_interface/hook/cmake_prefix_path.dsv'
[7.489s] INFO:colcon.colcon_core.shell:Creating environment hook '/home/pmlab/yueju/move_tool/install/calibration_interface/share/calibration_interface/hook/cmake_prefix_path.sh'
[7.489s] Level 1:colcon.colcon_core.environment:checking '/home/pmlab/yueju/move_tool/install/calibration_interface/lib'
[7.489s] Level 1:colcon.colcon_core.shell:create_environment_hook('calibration_interface', 'ld_library_path_lib')
[7.507s] INFO:colcon.colcon_core.shell:Creating environment hook '/home/pmlab/yueju/move_tool/install/calibration_interface/share/calibration_interface/hook/ld_library_path_lib.ps1'
[7.507s] INFO:colcon.colcon_core.shell:Creating environment descriptor '/home/pmlab/yueju/move_tool/install/calibration_interface/share/calibration_interface/hook/ld_library_path_lib.dsv'
[7.507s] INFO:colcon.colcon_core.shell:Creating environment hook '/home/pmlab/yueju/move_tool/install/calibration_interface/share/calibration_interface/hook/ld_library_path_lib.sh'
[7.507s] Level 1:colcon.colcon_core.environment:checking '/home/pmlab/yueju/move_tool/install/calibration_interface/bin'
[7.507s] Level 1:colcon.colcon_core.environment:checking '/home/pmlab/yueju/move_tool/install/calibration_interface/lib/pkgconfig/calibration_interface.pc'
[7.508s] Level 1:colcon.colcon_core.environment:checking '/home/pmlab/yueju/move_tool/install/calibration_interface/lib/python3.10/site-packages'
[7.508s] Level 1:colcon.colcon_core.environment:checking '/home/pmlab/yueju/move_tool/install/calibration_interface/bin'
[7.524s] INFO:colcon.colcon_core.shell:Creating package script '/home/pmlab/yueju/move_tool/install/calibration_interface/share/calibration_interface/package.ps1'
[7.524s] INFO:colcon.colcon_core.shell:Creating package descriptor '/home/pmlab/yueju/move_tool/install/calibration_interface/share/calibration_interface/package.dsv'
[7.525s] INFO:colcon.colcon_core.shell:Creating package script '/home/pmlab/yueju/move_tool/install/calibration_interface/share/calibration_interface/package.sh'
[7.525s] INFO:colcon.colcon_core.shell:Creating package script '/home/pmlab/yueju/move_tool/install/calibration_interface/share/calibration_interface/package.bash'
[7.525s] INFO:colcon.colcon_core.shell:Creating package script '/home/pmlab/yueju/move_tool/install/calibration_interface/share/calibration_interface/package.zsh'
[7.525s] Level 1:colcon.colcon_core.environment:create_file_with_runtime_dependencies(/home/pmlab/yueju/move_tool/install/calibration_interface/share/colcon-core/packages/calibration_interface)
[7.526s] DEBUG:colcon.colcon_parallel_executor.executor.parallel:closing loop
[7.526s] DEBUG:colcon.colcon_parallel_executor.executor.parallel:loop closed
[7.526s] DEBUG:colcon.colcon_parallel_executor.executor.parallel:run_until_complete finished with '0'
[7.526s] DEBUG:colcon.colcon_core.event_reactor:joining thread
[7.551s] INFO:colcon.colcon_core.plugin_system:Skipping extension 'colcon_notification.desktop_notification.terminal_notifier': Not used on non-Darwin systems
[7.551s] INFO:colcon.colcon_core.plugin_system:Skipping extension 'colcon_notification.desktop_notification.win32': Not used on non-Windows systems
[7.551s] INFO:colcon.colcon_notification.desktop_notification:Sending desktop notification using 'notify2'
[7.562s] DEBUG:colcon.colcon_core.event_reactor:joined thread
[7.577s] INFO:colcon.colcon_core.shell:Creating prefix script '/home/pmlab/yueju/move_tool/install/local_setup.ps1'
[7.578s] INFO:colcon.colcon_core.shell:Creating prefix util module '/home/pmlab/yueju/move_tool/install/_local_setup_util_ps1.py'
[7.579s] INFO:colcon.colcon_core.shell:Creating prefix chain script '/home/pmlab/yueju/move_tool/install/setup.ps1'
[7.601s] INFO:colcon.colcon_core.shell:Creating prefix script '/home/pmlab/yueju/move_tool/install/local_setup.sh'
[7.602s] INFO:colcon.colcon_core.shell:Creating prefix util module '/home/pmlab/yueju/move_tool/install/_local_setup_util_sh.py'
[7.602s] INFO:colcon.colcon_core.shell:Creating prefix chain script '/home/pmlab/yueju/move_tool/install/setup.sh'
[7.620s] INFO:colcon.colcon_core.shell:Creating prefix script '/home/pmlab/yueju/move_tool/install/local_setup.bash'
[7.621s] INFO:colcon.colcon_core.shell:Creating prefix chain script '/home/pmlab/yueju/move_tool/install/setup.bash'
[7.639s] INFO:colcon.colcon_core.shell:Creating prefix script '/home/pmlab/yueju/move_tool/install/local_setup.zsh'
[7.639s] INFO:colcon.colcon_core.shell:Creating prefix chain script '/home/pmlab/yueju/move_tool/install/setup.zsh'
