[0.222s] Invoking command in '/home/pmlab/yueju/move_tool/build/calibration_interface': CMAKE_PREFIX_PATH=${CMAKE_PREFIX_PATH}:/home/pmlab/yueju/match_robot/install/pneumatic_controller_listener:/home/pmlab/yueju/match_robot/install/pm_smaract_gripper:/home/pmlab/yueju/match_robot/install/pm_robot_control_test:/home/pmlab/yueju/match_robot/install/pm_confocal:/home/pmlab/pm_ros2_ws/install/ros_sequential_action_programmer:/home/pmlab/pm_ros2_ws/install/pneumatic_controller_listener:/home/pmlab/pm_ros2_ws/install/pm_vision_manager:/home/pmlab/pm_ros2_ws/install/pm_vision_app:/home/pmlab/pm_ros2_ws/install/pm_robot_control_test:/home/pmlab/pm_ros2_ws/install/pm_msgs:/home/pmlab/pm_ros2_ws/install/pm_confocal:/home/pmlab/pm_ros2_ws/install/pm_co_pilot:/home/pmlab/pm_ros2_ws/install/assembly_scene_publisher:/home/pmlab/pm_ros2_ws/install/assembly_manager:/home/pmlab/pm_ros2_ws/install/assembly_manager_interfaces:/opt/ros/humble /usr/bin/cmake /home/pmlab/yueju/move_tool/src/calibration_interface -DCMAKE_INSTALL_PREFIX=/home/pmlab/yueju/move_tool/install/calibration_interface
[0.291s] -- The C compiler identification is GNU 11.4.0
[0.342s] -- The CXX compiler identification is GNU 11.4.0
[0.351s] -- Detecting C compiler ABI info
[0.424s] -- Detecting C compiler ABI info - done
[0.429s] -- Check for working C compiler: /usr/bin/cc - skipped
[0.430s] -- Detecting C compile features
[0.430s] -- Detecting C compile features - done
[0.433s] -- Detecting CXX compiler ABI info
[0.514s] -- Detecting CXX compiler ABI info - done
[0.520s] -- Check for working CXX compiler: /usr/bin/c++ - skipped
[0.521s] -- Detecting CXX compile features
[0.521s] -- Detecting CXX compile features - done
[0.542s] -- Found ament_cmake: 1.3.8 (/opt/ros/humble/share/ament_cmake/cmake)
[0.710s] -- Found Python3: /usr/bin/python3 (found version "3.10.12") found components: Interpreter 
[0.911s] -- Found rosidl_default_generators: 1.2.0 (/home/pmlab/ros2-for-unity/ros2-for-unity/install/share/rosidl_default_generators/cmake)
[0.928s] -- Using all available rosidl_typesupport_c: rosidl_typesupport_fastrtps_c;rosidl_typesupport_introspection_c
[0.960s] -- Found rosidl_adapter: 3.1.5 (/opt/ros/humble/share/rosidl_adapter/cmake)
[1.079s] -- Using all available rosidl_typesupport_cpp: rosidl_typesupport_fastrtps_cpp;rosidl_typesupport_introspection_cpp
[1.159s] -- Found rmw_implementation_cmake: 6.1.1 (/opt/ros/humble/share/rmw_implementation_cmake/cmake)
[1.403s] -- Found ament_cmake_ros: 0.10.0 (/opt/ros/humble/share/ament_cmake_ros/cmake)
[1.593s] -- Using all available rosidl_typesupport_c: rosidl_typesupport_fastrtps_c;rosidl_typesupport_introspection_c
[1.803s] -- Using all available rosidl_typesupport_cpp: rosidl_typesupport_fastrtps_cpp;rosidl_typesupport_introspection_cpp
[1.807s] -- Found ament_cmake_export_assemblies: 0.0.0 (/home/pmlab/ros2-for-unity/ros2-for-unity/install/share/ament_cmake_export_assemblies/cmake)
[1.809s] -- Found dotnet_cmake_module: 0.0.0 (/home/pmlab/ros2-for-unity/ros2-for-unity/install/share/dotnet_cmake_module/cmake)
[1.919s] -- Found DotNetCore: /usr/bin/dotnet  
[1.919s] -- Found .NET Core: 7.0.119
[1.919s] -- Using Framework: netstandard2.0
[1.920s] -- Using Framework: netstandard2.0
[1.920s] -- Using Runtime: linux-x64
[1.922s] -- Found ros2cs_common: 2.0.0 (/home/pmlab/ros2-for-unity/ros2-for-unity/install/share/ros2cs_common/cmake)
[2.106s] -- Found OpenSSL: /usr/lib/x86_64-linux-gnu/libcrypto.so (found version "3.0.2")  
[2.147s] -- Found FastRTPS: /opt/ros/humble/include  
[2.209s] -- Generating C# code for ROS interfaces  and /home/pmlab/yueju/move_tool/build/calibration_interface/rosidl_generator_cs/calibration_interface/srv/calibrate_gripper.cs
[2.209s] -- Adding custom target
[2.210s] [0mLink libraries: calibration_interface__rosidl_typesupport_c[0m
[2.213s] [0mLink libraries: calibration_interface__rosidl_typesupport_fastrtps_c[0m
[2.217s] [0mLink libraries: calibration_interface__rosidl_typesupport_introspection_c[0m
[2.220s] [0mInstall targets[0m
[2.243s] -- Found PythonInterp: /usr/bin/python3 (found suitable version "3.10.12", minimum required is "3.6") 
[2.253s] -- Found python_cmake_module: 0.10.0 (/opt/ros/humble/share/python_cmake_module/cmake)
[2.280s] -- Found PythonLibs: /usr/lib/x86_64-linux-gnu/libpython3.10.so (found suitable version "3.10.12", minimum required is "3.5") 
[2.280s] -- Using PYTHON_EXECUTABLE: /usr/bin/python3
[2.280s] -- Using PYTHON_INCLUDE_DIRS: /usr/include/python3.10
[2.281s] -- Using PYTHON_LIBRARIES: /usr/lib/x86_64-linux-gnu/libpython3.10.so
[2.300s] -- Found PythonExtra: .so  
[2.354s] -- Found ament_lint_auto: 0.12.10 (/opt/ros/humble/share/ament_lint_auto/cmake)
[2.435s] -- Added test 'lint_cmake' to check CMake code style
[2.437s] -- Added test 'xmllint' to check XML markup files
[2.441s] -- Configuring done
[2.473s] -- Generating done
[2.475s] -- Build files have been written to: /home/pmlab/yueju/move_tool/build/calibration_interface
[2.484s] Invoked command in '/home/pmlab/yueju/move_tool/build/calibration_interface' returned '0': CMAKE_PREFIX_PATH=${CMAKE_PREFIX_PATH}:/home/pmlab/yueju/match_robot/install/pneumatic_controller_listener:/home/pmlab/yueju/match_robot/install/pm_smaract_gripper:/home/pmlab/yueju/match_robot/install/pm_robot_control_test:/home/pmlab/yueju/match_robot/install/pm_confocal:/home/pmlab/pm_ros2_ws/install/ros_sequential_action_programmer:/home/pmlab/pm_ros2_ws/install/pneumatic_controller_listener:/home/pmlab/pm_ros2_ws/install/pm_vision_manager:/home/pmlab/pm_ros2_ws/install/pm_vision_app:/home/pmlab/pm_ros2_ws/install/pm_robot_control_test:/home/pmlab/pm_ros2_ws/install/pm_msgs:/home/pmlab/pm_ros2_ws/install/pm_confocal:/home/pmlab/pm_ros2_ws/install/pm_co_pilot:/home/pmlab/pm_ros2_ws/install/assembly_scene_publisher:/home/pmlab/pm_ros2_ws/install/assembly_manager:/home/pmlab/pm_ros2_ws/install/assembly_manager_interfaces:/opt/ros/humble /usr/bin/cmake /home/pmlab/yueju/move_tool/src/calibration_interface -DCMAKE_INSTALL_PREFIX=/home/pmlab/yueju/move_tool/install/calibration_interface
[2.485s] Invoking command in '/home/pmlab/yueju/move_tool/build/calibration_interface': CMAKE_PREFIX_PATH=${CMAKE_PREFIX_PATH}:/home/pmlab/yueju/match_robot/install/pneumatic_controller_listener:/home/pmlab/yueju/match_robot/install/pm_smaract_gripper:/home/pmlab/yueju/match_robot/install/pm_robot_control_test:/home/pmlab/yueju/match_robot/install/pm_confocal:/home/pmlab/pm_ros2_ws/install/ros_sequential_action_programmer:/home/pmlab/pm_ros2_ws/install/pneumatic_controller_listener:/home/pmlab/pm_ros2_ws/install/pm_vision_manager:/home/pmlab/pm_ros2_ws/install/pm_vision_app:/home/pmlab/pm_ros2_ws/install/pm_robot_control_test:/home/pmlab/pm_ros2_ws/install/pm_msgs:/home/pmlab/pm_ros2_ws/install/pm_confocal:/home/pmlab/pm_ros2_ws/install/pm_co_pilot:/home/pmlab/pm_ros2_ws/install/assembly_scene_publisher:/home/pmlab/pm_ros2_ws/install/assembly_manager:/home/pmlab/pm_ros2_ws/install/assembly_manager_interfaces:/opt/ros/humble /usr/bin/cmake --build /home/pmlab/yueju/move_tool/build/calibration_interface -- -j16 -l16
[2.533s] [  2%] [34m[1mGenerating C code for ROS interfaces[0m
[2.545s] [  4%] [34m[1mGenerating C# code for ROS interfaces[0m
[2.545s] [  6%] [34m[1mGenerating C++ code for ROS interfaces[0m
[2.554s] [  6%] Built target ament_cmake_python_copy_calibration_interface
[2.739s] [  6%] Built target calibration_interface__cpp
[2.743s] [  8%] [32mBuilding C object CMakeFiles/calibration_interface__rosidl_generator_c.dir/rosidl_generator_c/calibration_interface/srv/detail/calibrate_gripper__functions.c.o[0m
[2.752s] [ 13%] [34m[1mGenerating C++ introspection for ROS interfaces[0m
[2.752s] [ 13%] [34m[1mGenerating C++ type support for eProsima Fast-RTPS[0m
[2.752s] [ 15%] [34m[1mGenerating C++ type support dispatch for ROS interfaces[0m
[2.766s] [ 15%] Built target calibration_interface__cs
[2.792s] [ 17%] [32m[1mLinking C shared library libcalibration_interface__rosidl_generator_c.so[0m
[2.792s] [ 20%] [34m[1m/usr/bin/cmake;-version;/usr/bin/dotnet restore calibration_interface_assembly_dotnetcore.csproj;          /usr/bin/dotnet build calibration_interface_assembly_dotnetcore.csproj -> /home/pmlab/yueju/move_tool/build/calibration_interface/calibration_interface_assembly[0m
[2.802s] running egg_info
[2.803s] creating calibration_interface.egg-info
[2.803s] writing calibration_interface.egg-info/PKG-INFO
[2.803s] writing dependency_links to calibration_interface.egg-info/dependency_links.txt
[2.803s] writing top-level names to calibration_interface.egg-info/top_level.txt
[2.803s] writing manifest file 'calibration_interface.egg-info/SOURCES.txt'
[2.805s] reading manifest file 'calibration_interface.egg-info/SOURCES.txt'
[2.805s] writing manifest file 'calibration_interface.egg-info/SOURCES.txt'
[2.831s] [ 20%] Built target ament_cmake_python_build_calibration_interface_egg
[2.832s] [ 20%] Built target calibration_interface__rosidl_generator_c
[2.838s] cmake version 3.22.1
[2.839s] 
[2.839s] CMake suite maintained and supported by Kitware (kitware.com/cmake).
[2.844s] [ 26%] [34m[1mGenerating C type support dispatch for ROS interfaces[0m
[2.844s] [ 26%] [34m[1mGenerating C type support for eProsima Fast-RTPS[0m
[2.844s] [ 26%] [34m[1mGenerating C introspection for ROS interfaces[0m
[2.932s] [ 28%] [32mBuilding CXX object CMakeFiles/calibration_interface__rosidl_typesupport_cpp.dir/rosidl_typesupport_cpp/calibration_interface/srv/calibrate_gripper__type_support.cpp.o[0m
[2.948s] [ 31%] [32mBuilding CXX object CMakeFiles/calibration_interface__rosidl_typesupport_introspection_cpp.dir/rosidl_typesupport_introspection_cpp/calibration_interface/srv/detail/calibrate_gripper__type_support.cpp.o[0m
[2.953s] [ 33%] [32mBuilding CXX object CMakeFiles/calibration_interface__rosidl_typesupport_fastrtps_cpp.dir/rosidl_typesupport_fastrtps_cpp/calibration_interface/srv/detail/dds_fastrtps/calibrate_gripper__type_support.cpp.o[0m
[3.021s] [?1h=[ 35%] [32mBuilding CXX object CMakeFiles/calibration_interface__rosidl_typesupport_c.dir/rosidl_typesupport_c/calibration_interface/srv/calibrate_gripper__type_support.cpp.o[0m
[3.046s] [ 37%] [32mBuilding C object CMakeFiles/calibration_interface__rosidl_typesupport_introspection_c.dir/rosidl_typesupport_introspection_c/calibration_interface/srv/detail/calibrate_gripper__type_support.c.o[0m
[3.047s] [ 40%] [32mBuilding CXX object CMakeFiles/calibration_interface__rosidl_typesupport_fastrtps_c.dir/rosidl_typesupport_fastrtps_c/calibration_interface/srv/detail/calibrate_gripper__type_support_c.cpp.o[0m
[3.053s] [ 42%] [32m[1mLinking CXX shared library libcalibration_interface__rosidl_typesupport_c.so[0m
[3.082s] [ 44%] [32m[1mLinking C shared library libcalibration_interface__rosidl_typesupport_introspection_c.so[0m
[3.094s] [ 44%] Built target calibration_interface__rosidl_typesupport_c
[3.117s] [ 44%] Built target calibration_interface__rosidl_typesupport_introspection_c
[3.121s] [ 48%] [32mBuilding C object CMakeFiles/calibration_interface_srv_calibrate_gripper__rosidl_typesupport_c.dir/rosidl_generator_cs/calibration_interface/srv/calibrate_gripper.ep.rosidl_typesupport_c.c.o[0m
[3.121s] [ 48%] [32mBuilding C object CMakeFiles/calibration_interface_srv_calibrate_gripper__rosidl_typesupport_c.dir/rosidl_generator_cs/calibration_interface/srv/calibrate_gripper_s.c.o[0m
[3.139s] [ 51%] [32m[1mLinking CXX shared library libcalibration_interface__rosidl_typesupport_cpp.so[0m
[3.146s] [ 53%] [32mBuilding C object CMakeFiles/calibration_interface_srv_calibrate_gripper__rosidl_typesupport_introspection_c.dir/rosidl_generator_cs/calibration_interface/srv/calibrate_gripper.ep.rosidl_typesupport_introspection_c.c.o[0m
[3.150s] [ 55%] [32mBuilding C object CMakeFiles/calibration_interface_srv_calibrate_gripper__rosidl_typesupport_introspection_c.dir/rosidl_generator_cs/calibration_interface/srv/calibrate_gripper_s.c.o[0m
[3.155s] [ 57%] [32m[1mLinking C shared library rosidl_generator_cs/calibration_interface/srv/libcalibration_interface_srv_calibrate_gripper__rosidl_typesupport_c_native.so[0m
[3.183s] [ 57%] Built target calibration_interface__rosidl_typesupport_cpp
[3.184s] [ 60%] [32m[1mLinking C shared library rosidl_generator_cs/calibration_interface/srv/libcalibration_interface_srv_calibrate_gripper__rosidl_typesupport_introspection_c_native.so[0m
[3.193s] [ 62%] Built target calibration_interface_srv_calibrate_gripper__rosidl_typesupport_c
[3.218s] [ 66%] [32m[1mLinking CXX shared library libcalibration_interface__rosidl_typesupport_introspection_cpp.so[0m
[3.218s] [ 66%] Built target calibration_interface_srv_calibrate_gripper__rosidl_typesupport_introspection_c
[3.247s] [ 68%] [32m[1mLinking CXX shared library libcalibration_interface__rosidl_typesupport_fastrtps_cpp.so[0m
[3.258s] [ 68%] Built target calibration_interface__rosidl_typesupport_introspection_cpp
[3.290s] [ 71%] [32m[1mLinking CXX shared library libcalibration_interface__rosidl_typesupport_fastrtps_c.so[0m
[3.306s] [ 71%] Built target calibration_interface__rosidl_typesupport_fastrtps_cpp
[3.354s] [ 71%] Built target calibration_interface__rosidl_typesupport_fastrtps_c
[3.378s]   Determining projects to restore...
[3.380s] [ 75%] Built target calibration_interface
[3.380s] [ 75%] [32mBuilding C object CMakeFiles/calibration_interface_srv_calibrate_gripper__rosidl_typesupport_fastrtps_c.dir/rosidl_generator_cs/calibration_interface/srv/calibrate_gripper.ep.rosidl_typesupport_fastrtps_c.c.o[0m
[3.380s] [ 75%] [32mBuilding C object CMakeFiles/calibration_interface_srv_calibrate_gripper__rosidl_typesupport_fastrtps_c.dir/rosidl_generator_cs/calibration_interface/srv/calibrate_gripper_s.c.o[0m
[3.406s] [ 77%] [34m[1mGenerating Python code for ROS interfaces[0m
[3.415s] [ 80%] [32m[1mLinking C shared library rosidl_generator_cs/calibration_interface/srv/libcalibration_interface_srv_calibrate_gripper__rosidl_typesupport_fastrtps_c_native.so[0m
[3.449s] [ 82%] Built target calibration_interface_srv_calibrate_gripper__rosidl_typesupport_fastrtps_c
[3.651s] [ 82%] Built target calibration_interface__py
[3.675s] [ 84%] [32mBuilding C object CMakeFiles/calibration_interface__rosidl_generator_py.dir/rosidl_generator_py/calibration_interface/srv/_calibrate_gripper_s.c.o[0m
[3.680s]   Restored /home/pmlab/yueju/move_tool/build/calibration_interface/calibration_interface_assembly/calibration_interface_assembly_dotnetcore.csproj (in 108 ms).
[3.769s] [ 86%] [32m[1mLinking C shared library rosidl_generator_py/calibration_interface/libcalibration_interface__rosidl_generator_py.so[0m
[3.808s] [ 86%] Built target calibration_interface__rosidl_generator_py
[3.833s] [ 93%] [32mBuilding C object CMakeFiles/calibration_interface__rosidl_typesupport_fastrtps_c__pyext.dir/rosidl_generator_py/calibration_interface/_calibration_interface_s.ep.rosidl_typesupport_fastrtps_c.c.o[0m
[3.834s] [ 93%] [32mBuilding C object CMakeFiles/calibration_interface__rosidl_typesupport_introspection_c__pyext.dir/rosidl_generator_py/calibration_interface/_calibration_interface_s.ep.rosidl_typesupport_introspection_c.c.o[0m
[3.834s] [ 93%] [32mBuilding C object CMakeFiles/calibration_interface__rosidl_typesupport_c__pyext.dir/rosidl_generator_py/calibration_interface/_calibration_interface_s.ep.rosidl_typesupport_c.c.o[0m
[3.851s] [?1h=MSBuild version 17.4.8+6918b863a for .NET
[3.905s] [ 97%] [32m[1mLinking C shared library rosidl_generator_py/calibration_interface/calibration_interface_s__rosidl_typesupport_c.cpython-310-x86_64-linux-gnu.so[0m
[3.905s] [ 97%] [32m[1mLinking C shared library rosidl_generator_py/calibration_interface/calibration_interface_s__rosidl_typesupport_introspection_c.cpython-310-x86_64-linux-gnu.so[0m
[3.908s] [100%] [32m[1mLinking C shared library rosidl_generator_py/calibration_interface/calibration_interface_s__rosidl_typesupport_fastrtps_c.cpython-310-x86_64-linux-gnu.so[0m
[3.941s] [100%] Built target calibration_interface__rosidl_typesupport_introspection_c__pyext
[3.941s] [100%] Built target calibration_interface__rosidl_typesupport_c__pyext
[3.944s] [100%] Built target calibration_interface__rosidl_typesupport_fastrtps_c__pyext
[4.254s]   Determining projects to restore...
[4.527s]   All projects are up-to-date for restore.
[5.543s]   calibration_interface_assembly_dotnetcore -> /home/pmlab/yueju/move_tool/build/calibration_interface/netstandard2.0/calibration_interface_assembly.dll
[5.551s] [39;49m[92m
[5.551s] Build succeeded.
[5.551s] [39;49m    0 Warning(s)
[5.551s] [39;49m    0 Error(s)
[5.551s] [39;49m
[5.551s] Time Elapsed 00:00:01.64
[5.601s] [100%] Built target calibration_interface_assembly
[5.613s] Invoked command in '/home/pmlab/yueju/move_tool/build/calibration_interface' returned '0': CMAKE_PREFIX_PATH=${CMAKE_PREFIX_PATH}:/home/pmlab/yueju/match_robot/install/pneumatic_controller_listener:/home/pmlab/yueju/match_robot/install/pm_smaract_gripper:/home/pmlab/yueju/match_robot/install/pm_robot_control_test:/home/pmlab/yueju/match_robot/install/pm_confocal:/home/pmlab/pm_ros2_ws/install/ros_sequential_action_programmer:/home/pmlab/pm_ros2_ws/install/pneumatic_controller_listener:/home/pmlab/pm_ros2_ws/install/pm_vision_manager:/home/pmlab/pm_ros2_ws/install/pm_vision_app:/home/pmlab/pm_ros2_ws/install/pm_robot_control_test:/home/pmlab/pm_ros2_ws/install/pm_msgs:/home/pmlab/pm_ros2_ws/install/pm_confocal:/home/pmlab/pm_ros2_ws/install/pm_co_pilot:/home/pmlab/pm_ros2_ws/install/assembly_scene_publisher:/home/pmlab/pm_ros2_ws/install/assembly_manager:/home/pmlab/pm_ros2_ws/install/assembly_manager_interfaces:/opt/ros/humble /usr/bin/cmake --build /home/pmlab/yueju/move_tool/build/calibration_interface -- -j16 -l16
[5.753s] Invoking command in '/home/pmlab/yueju/move_tool/build/calibration_interface': CMAKE_PREFIX_PATH=${CMAKE_PREFIX_PATH}:/home/pmlab/yueju/match_robot/install/pneumatic_controller_listener:/home/pmlab/yueju/match_robot/install/pm_smaract_gripper:/home/pmlab/yueju/match_robot/install/pm_robot_control_test:/home/pmlab/yueju/match_robot/install/pm_confocal:/home/pmlab/pm_ros2_ws/install/ros_sequential_action_programmer:/home/pmlab/pm_ros2_ws/install/pneumatic_controller_listener:/home/pmlab/pm_ros2_ws/install/pm_vision_manager:/home/pmlab/pm_ros2_ws/install/pm_vision_app:/home/pmlab/pm_ros2_ws/install/pm_robot_control_test:/home/pmlab/pm_ros2_ws/install/pm_msgs:/home/pmlab/pm_ros2_ws/install/pm_confocal:/home/pmlab/pm_ros2_ws/install/pm_co_pilot:/home/pmlab/pm_ros2_ws/install/assembly_scene_publisher:/home/pmlab/pm_ros2_ws/install/assembly_manager:/home/pmlab/pm_ros2_ws/install/assembly_manager_interfaces:/opt/ros/humble /usr/bin/cmake --install /home/pmlab/yueju/move_tool/build/calibration_interface
[5.762s] -- Install configuration: ""
[5.762s] -- Installing: /home/pmlab/yueju/move_tool/install/calibration_interface/share/ament_index/resource_index/rosidl_interfaces/calibration_interface
[5.763s] -- Installing: /home/pmlab/yueju/move_tool/install/calibration_interface/include/calibration_interface/calibration_interface
[5.763s] -- Installing: /home/pmlab/yueju/move_tool/install/calibration_interface/include/calibration_interface/calibration_interface/srv
[5.763s] -- Installing: /home/pmlab/yueju/move_tool/install/calibration_interface/include/calibration_interface/calibration_interface/srv/detail
[5.763s] -- Installing: /home/pmlab/yueju/move_tool/install/calibration_interface/include/calibration_interface/calibration_interface/srv/detail/calibrate_gripper__type_support.h
[5.763s] -- Installing: /home/pmlab/yueju/move_tool/install/calibration_interface/include/calibration_interface/calibration_interface/srv/detail/calibrate_gripper__struct.h
[5.763s] -- Installing: /home/pmlab/yueju/move_tool/install/calibration_interface/include/calibration_interface/calibration_interface/srv/detail/calibrate_gripper__functions.c
[5.764s] -- Installing: /home/pmlab/yueju/move_tool/install/calibration_interface/include/calibration_interface/calibration_interface/srv/detail/calibrate_gripper__functions.h
[5.764s] -- Installing: /home/pmlab/yueju/move_tool/install/calibration_interface/include/calibration_interface/calibration_interface/srv/calibrate_gripper.h
[5.764s] -- Installing: /home/pmlab/yueju/move_tool/install/calibration_interface/include/calibration_interface/calibration_interface/msg
[5.764s] -- Installing: /home/pmlab/yueju/move_tool/install/calibration_interface/include/calibration_interface/calibration_interface/msg/rosidl_generator_c__visibility_control.h
[5.764s] -- Installing: /home/pmlab/yueju/move_tool/install/calibration_interface/share/calibration_interface/environment/library_path.sh
[5.764s] -- Installing: /home/pmlab/yueju/move_tool/install/calibration_interface/share/calibration_interface/environment/library_path.dsv
[5.765s] -- Installing: /home/pmlab/yueju/move_tool/install/calibration_interface/lib/libcalibration_interface__rosidl_generator_c.so
[5.765s] -- Set runtime path of "/home/pmlab/yueju/move_tool/install/calibration_interface/lib/libcalibration_interface__rosidl_generator_c.so" to ""
[5.765s] -- Up-to-date: /home/pmlab/yueju/move_tool/install/calibration_interface/include/calibration_interface/calibration_interface
[5.765s] -- Up-to-date: /home/pmlab/yueju/move_tool/install/calibration_interface/include/calibration_interface/calibration_interface/srv
[5.765s] -- Up-to-date: /home/pmlab/yueju/move_tool/install/calibration_interface/include/calibration_interface/calibration_interface/srv/detail
[5.766s] -- Installing: /home/pmlab/yueju/move_tool/install/calibration_interface/include/calibration_interface/calibration_interface/srv/detail/calibrate_gripper__rosidl_typesupport_fastrtps_c.h
[5.766s] -- Up-to-date: /home/pmlab/yueju/move_tool/install/calibration_interface/include/calibration_interface/calibration_interface/msg
[5.766s] -- Installing: /home/pmlab/yueju/move_tool/install/calibration_interface/include/calibration_interface/calibration_interface/msg/rosidl_typesupport_fastrtps_c__visibility_control.h
[5.766s] -- Installing: /home/pmlab/yueju/move_tool/install/calibration_interface/lib/libcalibration_interface__rosidl_typesupport_fastrtps_c.so
[5.766s] -- Set runtime path of "/home/pmlab/yueju/move_tool/install/calibration_interface/lib/libcalibration_interface__rosidl_typesupport_fastrtps_c.so" to ""
[5.766s] -- Up-to-date: /home/pmlab/yueju/move_tool/install/calibration_interface/include/calibration_interface/calibration_interface
[5.766s] -- Up-to-date: /home/pmlab/yueju/move_tool/install/calibration_interface/include/calibration_interface/calibration_interface/srv
[5.766s] -- Up-to-date: /home/pmlab/yueju/move_tool/install/calibration_interface/include/calibration_interface/calibration_interface/srv/detail
[5.767s] -- Installing: /home/pmlab/yueju/move_tool/install/calibration_interface/include/calibration_interface/calibration_interface/srv/detail/calibrate_gripper__type_support.c
[5.767s] -- Installing: /home/pmlab/yueju/move_tool/install/calibration_interface/include/calibration_interface/calibration_interface/srv/detail/calibrate_gripper__rosidl_typesupport_introspection_c.h
[5.767s] -- Up-to-date: /home/pmlab/yueju/move_tool/install/calibration_interface/include/calibration_interface/calibration_interface/msg
[5.767s] -- Installing: /home/pmlab/yueju/move_tool/install/calibration_interface/include/calibration_interface/calibration_interface/msg/rosidl_typesupport_introspection_c__visibility_control.h
[5.767s] -- Installing: /home/pmlab/yueju/move_tool/install/calibration_interface/lib/libcalibration_interface__rosidl_typesupport_introspection_c.so
[5.768s] -- Set runtime path of "/home/pmlab/yueju/move_tool/install/calibration_interface/lib/libcalibration_interface__rosidl_typesupport_introspection_c.so" to ""
[5.768s] -- Installing: /home/pmlab/yueju/move_tool/install/calibration_interface/lib/libcalibration_interface__rosidl_typesupport_c.so
[5.768s] -- Set runtime path of "/home/pmlab/yueju/move_tool/install/calibration_interface/lib/libcalibration_interface__rosidl_typesupport_c.so" to ""
[5.768s] -- Up-to-date: /home/pmlab/yueju/move_tool/install/calibration_interface/include/calibration_interface/calibration_interface
[5.768s] -- Up-to-date: /home/pmlab/yueju/move_tool/install/calibration_interface/include/calibration_interface/calibration_interface/srv
[5.768s] -- Up-to-date: /home/pmlab/yueju/move_tool/install/calibration_interface/include/calibration_interface/calibration_interface/srv/detail
[5.768s] -- Installing: /home/pmlab/yueju/move_tool/install/calibration_interface/include/calibration_interface/calibration_interface/srv/detail/calibrate_gripper__traits.hpp
[5.768s] -- Installing: /home/pmlab/yueju/move_tool/install/calibration_interface/include/calibration_interface/calibration_interface/srv/detail/calibrate_gripper__struct.hpp
[5.769s] -- Installing: /home/pmlab/yueju/move_tool/install/calibration_interface/include/calibration_interface/calibration_interface/srv/detail/calibrate_gripper__builder.hpp
[5.769s] -- Installing: /home/pmlab/yueju/move_tool/install/calibration_interface/include/calibration_interface/calibration_interface/srv/calibrate_gripper.hpp
[5.769s] -- Up-to-date: /home/pmlab/yueju/move_tool/install/calibration_interface/include/calibration_interface/calibration_interface
[5.769s] -- Up-to-date: /home/pmlab/yueju/move_tool/install/calibration_interface/include/calibration_interface/calibration_interface/srv
[5.769s] -- Up-to-date: /home/pmlab/yueju/move_tool/install/calibration_interface/include/calibration_interface/calibration_interface/srv/detail
[5.769s] -- Installing: /home/pmlab/yueju/move_tool/install/calibration_interface/include/calibration_interface/calibration_interface/srv/detail/dds_fastrtps
[5.769s] -- Installing: /home/pmlab/yueju/move_tool/install/calibration_interface/include/calibration_interface/calibration_interface/srv/detail/calibrate_gripper__rosidl_typesupport_fastrtps_cpp.hpp
[5.770s] -- Up-to-date: /home/pmlab/yueju/move_tool/install/calibration_interface/include/calibration_interface/calibration_interface/msg
[5.770s] -- Installing: /home/pmlab/yueju/move_tool/install/calibration_interface/include/calibration_interface/calibration_interface/msg/rosidl_typesupport_fastrtps_cpp__visibility_control.h
[5.770s] -- Installing: /home/pmlab/yueju/move_tool/install/calibration_interface/lib/libcalibration_interface__rosidl_typesupport_fastrtps_cpp.so
[5.770s] -- Set runtime path of "/home/pmlab/yueju/move_tool/install/calibration_interface/lib/libcalibration_interface__rosidl_typesupport_fastrtps_cpp.so" to ""
[5.770s] -- Up-to-date: /home/pmlab/yueju/move_tool/install/calibration_interface/include/calibration_interface/calibration_interface
[5.770s] -- Up-to-date: /home/pmlab/yueju/move_tool/install/calibration_interface/include/calibration_interface/calibration_interface/srv
[5.771s] -- Up-to-date: /home/pmlab/yueju/move_tool/install/calibration_interface/include/calibration_interface/calibration_interface/srv/detail
[5.771s] -- Installing: /home/pmlab/yueju/move_tool/install/calibration_interface/include/calibration_interface/calibration_interface/srv/detail/calibrate_gripper__type_support.cpp
[5.771s] -- Installing: /home/pmlab/yueju/move_tool/install/calibration_interface/include/calibration_interface/calibration_interface/srv/detail/calibrate_gripper__rosidl_typesupport_introspection_cpp.hpp
[5.771s] -- Installing: /home/pmlab/yueju/move_tool/install/calibration_interface/lib/libcalibration_interface__rosidl_typesupport_introspection_cpp.so
[5.771s] -- Set runtime path of "/home/pmlab/yueju/move_tool/install/calibration_interface/lib/libcalibration_interface__rosidl_typesupport_introspection_cpp.so" to ""
[5.771s] -- Installing: /home/pmlab/yueju/move_tool/install/calibration_interface/lib/libcalibration_interface__rosidl_typesupport_cpp.so
[5.772s] -- Set runtime path of "/home/pmlab/yueju/move_tool/install/calibration_interface/lib/libcalibration_interface__rosidl_typesupport_cpp.so" to ""
[5.772s] -- Installing: /home/pmlab/yueju/move_tool/install/calibration_interface/lib/libcalibration_interface_srv_calibrate_gripper__rosidl_typesupport_c_native.so
[5.772s] -- Set runtime path of "/home/pmlab/yueju/move_tool/install/calibration_interface/lib/libcalibration_interface_srv_calibrate_gripper__rosidl_typesupport_c_native.so" to ""
[5.772s] -- Installing: /home/pmlab/yueju/move_tool/install/calibration_interface/lib/libcalibration_interface_srv_calibrate_gripper__rosidl_typesupport_fastrtps_c_native.so
[5.773s] -- Set runtime path of "/home/pmlab/yueju/move_tool/install/calibration_interface/lib/libcalibration_interface_srv_calibrate_gripper__rosidl_typesupport_fastrtps_c_native.so" to ""
[5.773s] -- Installing: /home/pmlab/yueju/move_tool/install/calibration_interface/lib/libcalibration_interface_srv_calibrate_gripper__rosidl_typesupport_introspection_c_native.so
[5.773s] -- Set runtime path of "/home/pmlab/yueju/move_tool/install/calibration_interface/lib/libcalibration_interface_srv_calibrate_gripper__rosidl_typesupport_introspection_c_native.so" to ""
[5.773s] -- Installing: /home/pmlab/yueju/move_tool/install/calibration_interface/lib/dotnet
[5.773s] -- Installing: /home/pmlab/yueju/move_tool/install/calibration_interface/lib/dotnet/calibration_interface_assembly.deps.json
[5.774s] -- Installing: /home/pmlab/yueju/move_tool/install/calibration_interface/lib/dotnet/ros2cs_common.dll
[5.774s] -- Installing: /home/pmlab/yueju/move_tool/install/calibration_interface/lib/dotnet/calibration_interface_assembly.dll
[5.774s] -- Installing: /home/pmlab/yueju/move_tool/install/calibration_interface/share/calibration_interface/environment/pythonpath.sh
[5.774s] -- Installing: /home/pmlab/yueju/move_tool/install/calibration_interface/share/calibration_interface/environment/pythonpath.dsv
[5.774s] -- Installing: /home/pmlab/yueju/move_tool/install/calibration_interface/local/lib/python3.10/dist-packages/calibration_interface-0.0.0-py3.10.egg-info
[5.774s] -- Installing: /home/pmlab/yueju/move_tool/install/calibration_interface/local/lib/python3.10/dist-packages/calibration_interface-0.0.0-py3.10.egg-info/dependency_links.txt
[5.775s] -- Installing: /home/pmlab/yueju/move_tool/install/calibration_interface/local/lib/python3.10/dist-packages/calibration_interface-0.0.0-py3.10.egg-info/SOURCES.txt
[5.775s] -- Installing: /home/pmlab/yueju/move_tool/install/calibration_interface/local/lib/python3.10/dist-packages/calibration_interface-0.0.0-py3.10.egg-info/PKG-INFO
[5.775s] -- Installing: /home/pmlab/yueju/move_tool/install/calibration_interface/local/lib/python3.10/dist-packages/calibration_interface-0.0.0-py3.10.egg-info/top_level.txt
[5.775s] -- Installing: /home/pmlab/yueju/move_tool/install/calibration_interface/local/lib/python3.10/dist-packages/calibration_interface
[5.775s] -- Installing: /home/pmlab/yueju/move_tool/install/calibration_interface/local/lib/python3.10/dist-packages/calibration_interface/calibration_interface_s__rosidl_typesupport_c.cpython-310-x86_64-linux-gnu.so
[5.775s] -- Installing: /home/pmlab/yueju/move_tool/install/calibration_interface/local/lib/python3.10/dist-packages/calibration_interface/_calibration_interface_s.ep.rosidl_typesupport_introspection_c.c
[5.775s] -- Installing: /home/pmlab/yueju/move_tool/install/calibration_interface/local/lib/python3.10/dist-packages/calibration_interface/_calibration_interface_s.ep.rosidl_typesupport_c.c
[5.776s] -- Installing: /home/pmlab/yueju/move_tool/install/calibration_interface/local/lib/python3.10/dist-packages/calibration_interface/libcalibration_interface__rosidl_generator_py.so
[5.776s] -- Installing: /home/pmlab/yueju/move_tool/install/calibration_interface/local/lib/python3.10/dist-packages/calibration_interface/srv
[5.776s] -- Installing: /home/pmlab/yueju/move_tool/install/calibration_interface/local/lib/python3.10/dist-packages/calibration_interface/srv/_calibrate_gripper_s.c
[5.776s] -- Installing: /home/pmlab/yueju/move_tool/install/calibration_interface/local/lib/python3.10/dist-packages/calibration_interface/srv/__init__.py
[5.776s] -- Installing: /home/pmlab/yueju/move_tool/install/calibration_interface/local/lib/python3.10/dist-packages/calibration_interface/srv/_calibrate_gripper.py
[5.776s] -- Installing: /home/pmlab/yueju/move_tool/install/calibration_interface/local/lib/python3.10/dist-packages/calibration_interface/__init__.py
[5.776s] -- Installing: /home/pmlab/yueju/move_tool/install/calibration_interface/local/lib/python3.10/dist-packages/calibration_interface/_calibration_interface_s.ep.rosidl_typesupport_fastrtps_c.c
[5.777s] -- Installing: /home/pmlab/yueju/move_tool/install/calibration_interface/local/lib/python3.10/dist-packages/calibration_interface/calibration_interface_s__rosidl_typesupport_fastrtps_c.cpython-310-x86_64-linux-gnu.so
[5.777s] -- Installing: /home/pmlab/yueju/move_tool/install/calibration_interface/local/lib/python3.10/dist-packages/calibration_interface/calibration_interface_s__rosidl_typesupport_introspection_c.cpython-310-x86_64-linux-gnu.so
[5.810s] Listing '/home/pmlab/yueju/move_tool/install/calibration_interface/local/lib/python3.10/dist-packages/calibration_interface'...
[5.810s] Compiling '/home/pmlab/yueju/move_tool/install/calibration_interface/local/lib/python3.10/dist-packages/calibration_interface/__init__.py'...
[5.810s] Listing '/home/pmlab/yueju/move_tool/install/calibration_interface/local/lib/python3.10/dist-packages/calibration_interface/srv'...
[5.810s] Compiling '/home/pmlab/yueju/move_tool/install/calibration_interface/local/lib/python3.10/dist-packages/calibration_interface/srv/__init__.py'...
[5.810s] Compiling '/home/pmlab/yueju/move_tool/install/calibration_interface/local/lib/python3.10/dist-packages/calibration_interface/srv/_calibrate_gripper.py'...
[5.813s] -- Installing: /home/pmlab/yueju/move_tool/install/calibration_interface/local/lib/python3.10/dist-packages/calibration_interface/calibration_interface_s__rosidl_typesupport_fastrtps_c.cpython-310-x86_64-linux-gnu.so
[5.813s] -- Set runtime path of "/home/pmlab/yueju/move_tool/install/calibration_interface/local/lib/python3.10/dist-packages/calibration_interface/calibration_interface_s__rosidl_typesupport_fastrtps_c.cpython-310-x86_64-linux-gnu.so" to ""
[5.813s] -- Installing: /home/pmlab/yueju/move_tool/install/calibration_interface/local/lib/python3.10/dist-packages/calibration_interface/calibration_interface_s__rosidl_typesupport_introspection_c.cpython-310-x86_64-linux-gnu.so
[5.814s] -- Set runtime path of "/home/pmlab/yueju/move_tool/install/calibration_interface/local/lib/python3.10/dist-packages/calibration_interface/calibration_interface_s__rosidl_typesupport_introspection_c.cpython-310-x86_64-linux-gnu.so" to ""
[5.814s] -- Installing: /home/pmlab/yueju/move_tool/install/calibration_interface/local/lib/python3.10/dist-packages/calibration_interface/calibration_interface_s__rosidl_typesupport_c.cpython-310-x86_64-linux-gnu.so
[5.814s] -- Set runtime path of "/home/pmlab/yueju/move_tool/install/calibration_interface/local/lib/python3.10/dist-packages/calibration_interface/calibration_interface_s__rosidl_typesupport_c.cpython-310-x86_64-linux-gnu.so" to ""
[5.814s] -- Installing: /home/pmlab/yueju/move_tool/install/calibration_interface/lib/libcalibration_interface__rosidl_generator_py.so
[5.815s] -- Set runtime path of "/home/pmlab/yueju/move_tool/install/calibration_interface/lib/libcalibration_interface__rosidl_generator_py.so" to ""
[5.815s] -- Installing: /home/pmlab/yueju/move_tool/install/calibration_interface/share/calibration_interface/srv/CalibrateGripper.idl
[5.815s] -- Installing: /home/pmlab/yueju/move_tool/install/calibration_interface/share/calibration_interface/srv/CalibrateGripper.srv
[5.815s] -- Installing: /home/pmlab/yueju/move_tool/install/calibration_interface/share/calibration_interface/srv/CalibrateGripper_Request.msg
[5.815s] -- Installing: /home/pmlab/yueju/move_tool/install/calibration_interface/share/calibration_interface/srv/CalibrateGripper_Response.msg
[5.815s] -- Installing: /home/pmlab/yueju/move_tool/install/calibration_interface/share/ament_index/resource_index/package_run_dependencies/calibration_interface
[5.816s] -- Installing: /home/pmlab/yueju/move_tool/install/calibration_interface/share/ament_index/resource_index/parent_prefix_path/calibration_interface
[5.816s] -- Installing: /home/pmlab/yueju/move_tool/install/calibration_interface/share/calibration_interface/environment/ament_prefix_path.sh
[5.816s] -- Installing: /home/pmlab/yueju/move_tool/install/calibration_interface/share/calibration_interface/environment/ament_prefix_path.dsv
[5.816s] -- Installing: /home/pmlab/yueju/move_tool/install/calibration_interface/share/calibration_interface/environment/path.sh
[5.817s] -- Installing: /home/pmlab/yueju/move_tool/install/calibration_interface/share/calibration_interface/environment/path.dsv
[5.817s] -- Installing: /home/pmlab/yueju/move_tool/install/calibration_interface/share/calibration_interface/local_setup.bash
[5.817s] -- Installing: /home/pmlab/yueju/move_tool/install/calibration_interface/share/calibration_interface/local_setup.sh
[5.817s] -- Installing: /home/pmlab/yueju/move_tool/install/calibration_interface/share/calibration_interface/local_setup.zsh
[5.817s] -- Installing: /home/pmlab/yueju/move_tool/install/calibration_interface/share/calibration_interface/local_setup.dsv
[5.817s] -- Installing: /home/pmlab/yueju/move_tool/install/calibration_interface/share/calibration_interface/package.dsv
[5.817s] -- Installing: /home/pmlab/yueju/move_tool/install/calibration_interface/share/ament_index/resource_index/packages/calibration_interface
[5.818s] -- Installing: /home/pmlab/yueju/move_tool/install/calibration_interface/share/calibration_interface/cmake/export_calibration_interface__rosidl_generator_cExport.cmake
[5.818s] -- Installing: /home/pmlab/yueju/move_tool/install/calibration_interface/share/calibration_interface/cmake/export_calibration_interface__rosidl_generator_cExport-noconfig.cmake
[5.818s] -- Installing: /home/pmlab/yueju/move_tool/install/calibration_interface/share/calibration_interface/cmake/export_calibration_interface__rosidl_typesupport_fastrtps_cExport.cmake
[5.818s] -- Installing: /home/pmlab/yueju/move_tool/install/calibration_interface/share/calibration_interface/cmake/export_calibration_interface__rosidl_typesupport_fastrtps_cExport-noconfig.cmake
[5.818s] -- Installing: /home/pmlab/yueju/move_tool/install/calibration_interface/share/calibration_interface/cmake/calibration_interface__rosidl_typesupport_introspection_cExport.cmake
[5.818s] -- Installing: /home/pmlab/yueju/move_tool/install/calibration_interface/share/calibration_interface/cmake/calibration_interface__rosidl_typesupport_introspection_cExport-noconfig.cmake
[5.819s] -- Installing: /home/pmlab/yueju/move_tool/install/calibration_interface/share/calibration_interface/cmake/calibration_interface__rosidl_typesupport_cExport.cmake
[5.819s] -- Installing: /home/pmlab/yueju/move_tool/install/calibration_interface/share/calibration_interface/cmake/calibration_interface__rosidl_typesupport_cExport-noconfig.cmake
[5.819s] -- Installing: /home/pmlab/yueju/move_tool/install/calibration_interface/share/calibration_interface/cmake/export_calibration_interface__rosidl_generator_cppExport.cmake
[5.819s] -- Installing: /home/pmlab/yueju/move_tool/install/calibration_interface/share/calibration_interface/cmake/export_calibration_interface__rosidl_typesupport_fastrtps_cppExport.cmake
[5.819s] -- Installing: /home/pmlab/yueju/move_tool/install/calibration_interface/share/calibration_interface/cmake/export_calibration_interface__rosidl_typesupport_fastrtps_cppExport-noconfig.cmake
[5.819s] -- Installing: /home/pmlab/yueju/move_tool/install/calibration_interface/share/calibration_interface/cmake/calibration_interface__rosidl_typesupport_introspection_cppExport.cmake
[5.820s] -- Installing: /home/pmlab/yueju/move_tool/install/calibration_interface/share/calibration_interface/cmake/calibration_interface__rosidl_typesupport_introspection_cppExport-noconfig.cmake
[5.820s] -- Installing: /home/pmlab/yueju/move_tool/install/calibration_interface/share/calibration_interface/cmake/calibration_interface__rosidl_typesupport_cppExport.cmake
[5.820s] -- Installing: /home/pmlab/yueju/move_tool/install/calibration_interface/share/calibration_interface/cmake/calibration_interface__rosidl_typesupport_cppExport-noconfig.cmake
[5.820s] -- Installing: /home/pmlab/yueju/move_tool/install/calibration_interface/share/calibration_interface/cmake/export_calibration_interface__rosidl_generator_pyExport.cmake
[5.820s] -- Installing: /home/pmlab/yueju/move_tool/install/calibration_interface/share/calibration_interface/cmake/export_calibration_interface__rosidl_generator_pyExport-noconfig.cmake
[5.820s] -- Installing: /home/pmlab/yueju/move_tool/install/calibration_interface/share/calibration_interface/cmake/rosidl_cmake-extras.cmake
[5.821s] -- Installing: /home/pmlab/yueju/move_tool/install/calibration_interface/share/calibration_interface/cmake/ament_cmake_export_include_directories-extras.cmake
[5.821s] -- Installing: /home/pmlab/yueju/move_tool/install/calibration_interface/share/calibration_interface/cmake/ament_cmake_export_libraries-extras.cmake
[5.821s] -- Installing: /home/pmlab/yueju/move_tool/install/calibration_interface/share/calibration_interface/cmake/ament_cmake_export_targets-extras.cmake
[5.821s] -- Installing: /home/pmlab/yueju/move_tool/install/calibration_interface/share/calibration_interface/cmake/rosidl_cmake_export_typesupport_targets-extras.cmake
[5.821s] -- Installing: /home/pmlab/yueju/move_tool/install/calibration_interface/share/calibration_interface/cmake/ament_cmake_export_dependencies-extras.cmake
[5.821s] -- Installing: /home/pmlab/yueju/move_tool/install/calibration_interface/share/calibration_interface/cmake/rosidl_cmake_export_typesupport_libraries-extras.cmake
[5.822s] -- Installing: /home/pmlab/yueju/move_tool/install/calibration_interface/share/calibration_interface/cmake/ament_cmake_export_assemblies-extras.cmake
[5.822s] -- Installing: /home/pmlab/yueju/move_tool/install/calibration_interface/share/calibration_interface/cmake/calibration_interfaceConfig.cmake
[5.822s] -- Installing: /home/pmlab/yueju/move_tool/install/calibration_interface/share/calibration_interface/cmake/calibration_interfaceConfig-version.cmake
[5.822s] -- Installing: /home/pmlab/yueju/move_tool/install/calibration_interface/share/calibration_interface/package.xml
[5.824s] Invoked command in '/home/pmlab/yueju/move_tool/build/calibration_interface' returned '0': CMAKE_PREFIX_PATH=${CMAKE_PREFIX_PATH}:/home/pmlab/yueju/match_robot/install/pneumatic_controller_listener:/home/pmlab/yueju/match_robot/install/pm_smaract_gripper:/home/pmlab/yueju/match_robot/install/pm_robot_control_test:/home/pmlab/yueju/match_robot/install/pm_confocal:/home/pmlab/pm_ros2_ws/install/ros_sequential_action_programmer:/home/pmlab/pm_ros2_ws/install/pneumatic_controller_listener:/home/pmlab/pm_ros2_ws/install/pm_vision_manager:/home/pmlab/pm_ros2_ws/install/pm_vision_app:/home/pmlab/pm_ros2_ws/install/pm_robot_control_test:/home/pmlab/pm_ros2_ws/install/pm_msgs:/home/pmlab/pm_ros2_ws/install/pm_confocal:/home/pmlab/pm_ros2_ws/install/pm_co_pilot:/home/pmlab/pm_ros2_ws/install/assembly_scene_publisher:/home/pmlab/pm_ros2_ws/install/assembly_manager:/home/pmlab/pm_ros2_ws/install/assembly_manager_interfaces:/opt/ros/humble /usr/bin/cmake --install /home/pmlab/yueju/move_tool/build/calibration_interface
