[1.004s] DEBUG:colcon:Command line arguments: ['/usr/bin/colcon', 'build', '--symlink-install']
[1.004s] DEBUG:colcon:Parsed command line arguments: Namespace(log_base=None, log_level=None, verb_name='build', build_base='build', install_base='install', merge_install=False, symlink_install=True, test_result_base=None, continue_on_error=False, executor='parallel', parallel_workers=16, event_handlers=None, ignore_user_meta=False, metas=['./colcon.meta'], base_paths=['.'], packages_ignore=None, packages_ignore_regex=None, paths=None, packages_up_to=None, packages_up_to_regex=None, packages_above=None, packages_above_and_dependencies=None, packages_above_depth=None, packages_select_by_dep=None, packages_skip_by_dep=None, packages_skip_up_to=None, packages_select_build_failed=False, packages_skip_build_finished=False, packages_select_test_failures=False, packages_skip_test_passed=False, packages_select=None, packages_skip=None, packages_select_regex=None, packages_skip_regex=None, packages_start=None, packages_end=None, allow_overriding=[], cmake_args=None, cmake_target=None, cmake_target_skip_unavailable=False, cmake_clean_cache=False, cmake_clean_first=False, cmake_force_configure=False, ament_cmake_args=None, catkin_cmake_args=None, catkin_skip_building_tests=False, verb_parser=<colcon_defaults.argument_parser.defaults.DefaultArgumentsDecorator object at 0x7f7fb27c7400>, verb_extension=<colcon_core.verb.build.BuildVerb object at 0x7f7fb27c6f80>, main=<bound method BuildVerb.main of <colcon_core.verb.build.BuildVerb object at 0x7f7fb27c6f80>>)
[1.060s] Level 1:colcon.colcon_core.package_discovery:discover_packages(colcon_meta) check parameters
[1.060s] Level 1:colcon.colcon_core.package_discovery:discover_packages(recursive) check parameters
[1.060s] Level 1:colcon.colcon_core.package_discovery:discover_packages(ignore) check parameters
[1.060s] Level 1:colcon.colcon_core.package_discovery:discover_packages(path) check parameters
[1.060s] Level 1:colcon.colcon_core.package_discovery:discover_packages(colcon_meta) discover
[1.060s] Level 1:colcon.colcon_core.package_discovery:discover_packages(recursive) discover
[1.060s] INFO:colcon.colcon_core.package_discovery:Crawling recursively for packages in '/home/pmlab/yueju/move_tool'
[1.060s] Level 1:colcon.colcon_core.package_identification:_identify(.) by extensions ['ignore', 'ignore_ament_install']
[1.060s] Level 1:colcon.colcon_core.package_identification:_identify(.) by extension 'ignore'
[1.060s] Level 1:colcon.colcon_core.package_identification:_identify(.) by extension 'ignore_ament_install'
[1.060s] Level 1:colcon.colcon_core.package_identification:_identify(.) by extensions ['colcon_pkg']
[1.060s] Level 1:colcon.colcon_core.package_identification:_identify(.) by extension 'colcon_pkg'
[1.060s] Level 1:colcon.colcon_core.package_identification:_identify(.) by extensions ['colcon_meta']
[1.060s] Level 1:colcon.colcon_core.package_identification:_identify(.) by extension 'colcon_meta'
[1.060s] Level 1:colcon.colcon_core.package_identification:_identify(.) by extensions ['ros']
[1.061s] Level 1:colcon.colcon_core.package_identification:_identify(.) by extension 'ros'
[1.071s] Level 1:colcon.colcon_core.package_identification:_identify(.) by extensions ['cmake', 'python']
[1.071s] Level 1:colcon.colcon_core.package_identification:_identify(.) by extension 'cmake'
[1.071s] Level 1:colcon.colcon_core.package_identification:_identify(.) by extension 'python'
[1.071s] Level 1:colcon.colcon_core.package_identification:_identify(.) by extensions ['python_setup_py']
[1.071s] Level 1:colcon.colcon_core.package_identification:_identify(.) by extension 'python_setup_py'
[1.072s] Level 1:colcon.colcon_core.package_identification:_identify(build) by extensions ['ignore', 'ignore_ament_install']
[1.072s] Level 1:colcon.colcon_core.package_identification:_identify(build) by extension 'ignore'
[1.072s] Level 1:colcon.colcon_core.package_identification:_identify(build) ignored
[1.072s] Level 1:colcon.colcon_core.package_identification:_identify(install) by extensions ['ignore', 'ignore_ament_install']
[1.072s] Level 1:colcon.colcon_core.package_identification:_identify(install) by extension 'ignore'
[1.072s] Level 1:colcon.colcon_core.package_identification:_identify(install) ignored
[1.072s] Level 1:colcon.colcon_core.package_identification:_identify(log) by extensions ['ignore', 'ignore_ament_install']
[1.072s] Level 1:colcon.colcon_core.package_identification:_identify(log) by extension 'ignore'
[1.072s] Level 1:colcon.colcon_core.package_identification:_identify(log) ignored
[1.072s] Level 1:colcon.colcon_core.package_identification:_identify(src) by extensions ['ignore', 'ignore_ament_install']
[1.072s] Level 1:colcon.colcon_core.package_identification:_identify(src) by extension 'ignore'
[1.072s] Level 1:colcon.colcon_core.package_identification:_identify(src) by extension 'ignore_ament_install'
[1.072s] Level 1:colcon.colcon_core.package_identification:_identify(src) by extensions ['colcon_pkg']
[1.072s] Level 1:colcon.colcon_core.package_identification:_identify(src) by extension 'colcon_pkg'
[1.072s] Level 1:colcon.colcon_core.package_identification:_identify(src) by extensions ['colcon_meta']
[1.072s] Level 1:colcon.colcon_core.package_identification:_identify(src) by extension 'colcon_meta'
[1.072s] Level 1:colcon.colcon_core.package_identification:_identify(src) by extensions ['ros']
[1.072s] Level 1:colcon.colcon_core.package_identification:_identify(src) by extension 'ros'
[1.073s] Level 1:colcon.colcon_core.package_identification:_identify(src) by extensions ['cmake', 'python']
[1.073s] Level 1:colcon.colcon_core.package_identification:_identify(src) by extension 'cmake'
[1.073s] Level 1:colcon.colcon_core.package_identification:_identify(src) by extension 'python'
[1.073s] Level 1:colcon.colcon_core.package_identification:_identify(src) by extensions ['python_setup_py']
[1.073s] Level 1:colcon.colcon_core.package_identification:_identify(src) by extension 'python_setup_py'
[1.073s] Level 1:colcon.colcon_core.package_identification:_identify(src/calibration_interface) by extensions ['ignore', 'ignore_ament_install']
[1.073s] Level 1:colcon.colcon_core.package_identification:_identify(src/calibration_interface) by extension 'ignore'
[1.073s] Level 1:colcon.colcon_core.package_identification:_identify(src/calibration_interface) by extension 'ignore_ament_install'
[1.073s] Level 1:colcon.colcon_core.package_identification:_identify(src/calibration_interface) by extensions ['colcon_pkg']
[1.073s] Level 1:colcon.colcon_core.package_identification:_identify(src/calibration_interface) by extension 'colcon_pkg'
[1.073s] Level 1:colcon.colcon_core.package_identification:_identify(src/calibration_interface) by extensions ['colcon_meta']
[1.073s] Level 1:colcon.colcon_core.package_identification:_identify(src/calibration_interface) by extension 'colcon_meta'
[1.073s] Level 1:colcon.colcon_core.package_identification:_identify(src/calibration_interface) by extensions ['ros']
[1.073s] Level 1:colcon.colcon_core.package_identification:_identify(src/calibration_interface) by extension 'ros'
[1.074s] DEBUG:colcon.colcon_core.package_identification:Package 'src/calibration_interface' with type 'ros.ament_cmake' and name 'calibration_interface'
[1.075s] Level 1:colcon.colcon_core.package_identification:_identify(src/move_tool_to_frame) by extensions ['ignore', 'ignore_ament_install']
[1.075s] Level 1:colcon.colcon_core.package_identification:_identify(src/move_tool_to_frame) by extension 'ignore'
[1.075s] Level 1:colcon.colcon_core.package_identification:_identify(src/move_tool_to_frame) by extension 'ignore_ament_install'
[1.075s] Level 1:colcon.colcon_core.package_identification:_identify(src/move_tool_to_frame) by extensions ['colcon_pkg']
[1.075s] Level 1:colcon.colcon_core.package_identification:_identify(src/move_tool_to_frame) by extension 'colcon_pkg'
[1.075s] Level 1:colcon.colcon_core.package_identification:_identify(src/move_tool_to_frame) by extensions ['colcon_meta']
[1.075s] Level 1:colcon.colcon_core.package_identification:_identify(src/move_tool_to_frame) by extension 'colcon_meta'
[1.075s] Level 1:colcon.colcon_core.package_identification:_identify(src/move_tool_to_frame) by extensions ['ros']
[1.075s] Level 1:colcon.colcon_core.package_identification:_identify(src/move_tool_to_frame) by extension 'ros'
[1.075s] DEBUG:colcon.colcon_core.package_identification:Package 'src/move_tool_to_frame' with type 'ros.ament_python' and name 'move_tool_to_frame'
[1.075s] Level 1:colcon.colcon_core.package_discovery:discover_packages(recursive) using defaults
[1.075s] Level 1:colcon.colcon_core.package_discovery:discover_packages(ignore) discover
[1.075s] Level 1:colcon.colcon_core.package_discovery:discover_packages(ignore) using defaults
[1.075s] Level 1:colcon.colcon_core.package_discovery:discover_packages(path) discover
[1.075s] Level 1:colcon.colcon_core.package_discovery:discover_packages(path) using defaults
[1.178s] Level 1:colcon.colcon_core.package_discovery:discover_packages(prefix_path) check parameters
[1.178s] Level 1:colcon.colcon_core.package_discovery:discover_packages(prefix_path) discover
[1.213s] DEBUG:colcon.colcon_installed_package_information.package_discovery:Found 34 installed packages in /home/pmlab/pm_ros2_ws/install
[1.230s] DEBUG:colcon.colcon_installed_package_information.package_discovery:Found 49 installed packages in /home/pmlab/ros2-for-unity/ros2-for-unity/install
[1.245s] DEBUG:colcon.colcon_installed_package_information.package_discovery:Found 2 installed packages in /home/pmlab/yueju/move_tool/install
[1.261s] DEBUG:colcon.colcon_installed_package_information.package_discovery:Found 23 installed packages in /home/pmlab/yueju/match_robot/install
[1.286s] DEBUG:colcon.colcon_installed_package_information.package_discovery:Found 405 installed packages in /opt/ros/humble
[1.288s] Level 1:colcon.colcon_core.package_discovery:discover_packages(prefix_path) using defaults
[1.390s] Level 5:colcon.colcon_core.verb:set package 'calibration_interface' build argument 'cmake_args' from command line to 'None'
[1.390s] Level 5:colcon.colcon_core.verb:set package 'calibration_interface' build argument 'cmake_target' from command line to 'None'
[1.390s] Level 5:colcon.colcon_core.verb:set package 'calibration_interface' build argument 'cmake_target_skip_unavailable' from command line to 'False'
[1.391s] Level 5:colcon.colcon_core.verb:set package 'calibration_interface' build argument 'cmake_clean_cache' from command line to 'False'
[1.391s] Level 5:colcon.colcon_core.verb:set package 'calibration_interface' build argument 'cmake_clean_first' from command line to 'False'
[1.391s] Level 5:colcon.colcon_core.verb:set package 'calibration_interface' build argument 'cmake_force_configure' from command line to 'False'
[1.391s] Level 5:colcon.colcon_core.verb:set package 'calibration_interface' build argument 'ament_cmake_args' from command line to 'None'
[1.391s] Level 5:colcon.colcon_core.verb:set package 'calibration_interface' build argument 'catkin_cmake_args' from command line to 'None'
[1.391s] Level 5:colcon.colcon_core.verb:set package 'calibration_interface' build argument 'catkin_skip_building_tests' from command line to 'False'
[1.391s] DEBUG:colcon.colcon_core.verb:Building package 'calibration_interface' with the following arguments: {'ament_cmake_args': None, 'build_base': '/home/pmlab/yueju/move_tool/build/calibration_interface', 'catkin_cmake_args': None, 'catkin_skip_building_tests': False, 'cmake_args': None, 'cmake_clean_cache': False, 'cmake_clean_first': False, 'cmake_force_configure': False, 'cmake_target': None, 'cmake_target_skip_unavailable': False, 'install_base': '/home/pmlab/yueju/move_tool/install/calibration_interface', 'merge_install': False, 'path': '/home/pmlab/yueju/move_tool/src/calibration_interface', 'symlink_install': True, 'test_result_base': None}
[1.406s] Level 5:colcon.colcon_core.verb:set package 'move_tool_to_frame' build argument 'cmake_args' from command line to 'None'
[1.406s] Level 5:colcon.colcon_core.verb:set package 'move_tool_to_frame' build argument 'cmake_target' from command line to 'None'
[1.406s] Level 5:colcon.colcon_core.verb:set package 'move_tool_to_frame' build argument 'cmake_target_skip_unavailable' from command line to 'False'
[1.406s] Level 5:colcon.colcon_core.verb:set package 'move_tool_to_frame' build argument 'cmake_clean_cache' from command line to 'False'
[1.406s] Level 5:colcon.colcon_core.verb:set package 'move_tool_to_frame' build argument 'cmake_clean_first' from command line to 'False'
[1.406s] Level 5:colcon.colcon_core.verb:set package 'move_tool_to_frame' build argument 'cmake_force_configure' from command line to 'False'
[1.406s] Level 5:colcon.colcon_core.verb:set package 'move_tool_to_frame' build argument 'ament_cmake_args' from command line to 'None'
[1.406s] Level 5:colcon.colcon_core.verb:set package 'move_tool_to_frame' build argument 'catkin_cmake_args' from command line to 'None'
[1.406s] Level 5:colcon.colcon_core.verb:set package 'move_tool_to_frame' build argument 'catkin_skip_building_tests' from command line to 'False'
[1.406s] DEBUG:colcon.colcon_core.verb:Building package 'move_tool_to_frame' with the following arguments: {'ament_cmake_args': None, 'build_base': '/home/pmlab/yueju/move_tool/build/move_tool_to_frame', 'catkin_cmake_args': None, 'catkin_skip_building_tests': False, 'cmake_args': None, 'cmake_clean_cache': False, 'cmake_clean_first': False, 'cmake_force_configure': False, 'cmake_target': None, 'cmake_target_skip_unavailable': False, 'install_base': '/home/pmlab/yueju/move_tool/install/move_tool_to_frame', 'merge_install': False, 'path': '/home/pmlab/yueju/move_tool/src/move_tool_to_frame', 'symlink_install': True, 'test_result_base': None}
[1.422s] INFO:colcon.colcon_core.executor:Executing jobs using 'parallel' executor
[1.437s] DEBUG:colcon.colcon_parallel_executor.executor.parallel:run_until_complete
[1.437s] INFO:colcon.colcon_ros.task.ament_cmake.build:Building ROS package in '/home/pmlab/yueju/move_tool/src/calibration_interface' with build type 'ament_cmake'
[1.437s] INFO:colcon.colcon_cmake.task.cmake.build:Building CMake package in '/home/pmlab/yueju/move_tool/src/calibration_interface'
[1.457s] INFO:colcon.colcon_core.plugin_system:Skipping extension 'colcon_core.shell.bat': Not used on non-Windows systems
[1.457s] INFO:colcon.colcon_core.shell:Skip shell extension 'powershell' for command environment: Not usable outside of PowerShell
[1.457s] DEBUG:colcon.colcon_core.shell:Skip shell extension 'dsv' for command environment
[1.559s] INFO:colcon.colcon_ros.task.ament_python.build:Building ROS package in '/home/pmlab/yueju/move_tool/src/move_tool_to_frame' with build type 'ament_python'
[1.559s] Level 1:colcon.colcon_core.shell:create_environment_hook('move_tool_to_frame', 'ament_prefix_path')
[1.576s] INFO:colcon.colcon_core.shell:Creating environment hook '/home/pmlab/yueju/move_tool/install/move_tool_to_frame/share/move_tool_to_frame/hook/ament_prefix_path.ps1'
[1.577s] INFO:colcon.colcon_core.shell:Creating environment descriptor '/home/pmlab/yueju/move_tool/install/move_tool_to_frame/share/move_tool_to_frame/hook/ament_prefix_path.dsv'
[1.577s] INFO:colcon.colcon_core.shell:Creating environment hook '/home/pmlab/yueju/move_tool/install/move_tool_to_frame/share/move_tool_to_frame/hook/ament_prefix_path.sh'
[1.594s] INFO:colcon.colcon_core.shell:Skip shell extension 'powershell' for command environment: Not usable outside of PowerShell
[1.594s] DEBUG:colcon.colcon_core.shell:Skip shell extension 'dsv' for command environment
[1.696s] DEBUG:colcon.colcon_core.event_handler.log_command:Invoking command in '/home/pmlab/yueju/move_tool/build/calibration_interface': CMAKE_PREFIX_PATH=${CMAKE_PREFIX_PATH}:/home/pmlab/yueju/move_tool/install/move_tool_to_frame:/home/pmlab/yueju/match_robot/install/pneumatic_controller_listener:/home/pmlab/yueju/match_robot/install/pm_smaract_gripper:/home/pmlab/yueju/match_robot/install/pm_robot_control_test:/home/pmlab/yueju/match_robot/install/pm_confocal:/home/pmlab/pm_ros2_ws/install/ros_sequential_action_programmer:/home/pmlab/pm_ros2_ws/install/pneumatic_controller_listener:/home/pmlab/pm_ros2_ws/install/pm_vision_manager:/home/pmlab/pm_ros2_ws/install/pm_vision_app:/home/pmlab/pm_ros2_ws/install/pm_robot_control_test:/home/pmlab/pm_ros2_ws/install/pm_msgs:/home/pmlab/pm_ros2_ws/install/pm_confocal:/home/pmlab/pm_ros2_ws/install/pm_co_pilot:/home/pmlab/pm_ros2_ws/install/assembly_scene_publisher:/home/pmlab/pm_ros2_ws/install/assembly_manager:/home/pmlab/pm_ros2_ws/install/assembly_manager_interfaces:/opt/ros/humble /usr/bin/cmake --build /home/pmlab/yueju/move_tool/build/calibration_interface -- -j16 -l16
[1.905s] INFO:colcon.colcon_core.task.python.build:Building Python package in '/home/pmlab/yueju/move_tool/src/move_tool_to_frame'
[1.922s] INFO:colcon.colcon_core.shell:Skip shell extension 'powershell' for command environment: Not usable outside of PowerShell
[1.922s] DEBUG:colcon.colcon_core.shell:Skip shell extension 'dsv' for command environment
[2.623s] DEBUG:colcon.colcon_core.event_handler.log_command:Invoking command in '/home/pmlab/yueju/move_tool/build/move_tool_to_frame': PYTHONPATH=/home/pmlab/yueju/move_tool/build/move_tool_to_frame/prefix_override:/home/pmlab/yueju/move_tool/install/move_tool_to_frame/lib/python3.10/site-packages:${PYTHONPATH} /usr/bin/python3 setup.py develop --editable --build-directory /home/pmlab/yueju/move_tool/build/move_tool_to_frame/build --no-deps install_data
[3.333s] Level 1:colcon.colcon_core.shell:create_environment_hook('move_tool_to_frame', 'pythonpath_develop')
[3.333s] DEBUG:colcon.colcon_core.event_handler.log_command:Invoked command in '/home/pmlab/yueju/move_tool/build/move_tool_to_frame' returned '0': PYTHONPATH=/home/pmlab/yueju/move_tool/build/move_tool_to_frame/prefix_override:/home/pmlab/yueju/move_tool/install/move_tool_to_frame/lib/python3.10/site-packages:${PYTHONPATH} /usr/bin/python3 setup.py develop --editable --build-directory /home/pmlab/yueju/move_tool/build/move_tool_to_frame/build --no-deps install_data
[3.350s] INFO:colcon.colcon_core.shell:Creating environment hook '/home/pmlab/yueju/move_tool/build/move_tool_to_frame/share/move_tool_to_frame/hook/pythonpath_develop.ps1'
[3.350s] INFO:colcon.colcon_core.shell:Creating environment descriptor '/home/pmlab/yueju/move_tool/build/move_tool_to_frame/share/move_tool_to_frame/hook/pythonpath_develop.dsv'
[3.351s] INFO:colcon.colcon_core.shell:Creating environment hook '/home/pmlab/yueju/move_tool/build/move_tool_to_frame/share/move_tool_to_frame/hook/pythonpath_develop.sh'
[3.371s] Level 1:colcon.colcon_core.environment:checking '/home/pmlab/yueju/move_tool/install/move_tool_to_frame' for CMake module files
[3.371s] Level 1:colcon.colcon_core.environment:checking '/home/pmlab/yueju/move_tool/install/move_tool_to_frame' for CMake config files
[3.372s] Level 1:colcon.colcon_core.environment:checking '/home/pmlab/yueju/move_tool/install/move_tool_to_frame/lib'
[3.372s] Level 1:colcon.colcon_core.environment:checking '/home/pmlab/yueju/move_tool/install/move_tool_to_frame/bin'
[3.372s] Level 1:colcon.colcon_core.environment:checking '/home/pmlab/yueju/move_tool/install/move_tool_to_frame/lib/pkgconfig/move_tool_to_frame.pc'
[3.372s] Level 1:colcon.colcon_core.environment:checking '/home/pmlab/yueju/move_tool/install/move_tool_to_frame/lib/python3.10/site-packages'
[3.372s] Level 1:colcon.colcon_core.shell:create_environment_hook('move_tool_to_frame', 'pythonpath')
[3.389s] INFO:colcon.colcon_core.shell:Creating environment hook '/home/pmlab/yueju/move_tool/install/move_tool_to_frame/share/move_tool_to_frame/hook/pythonpath.ps1'
[3.389s] INFO:colcon.colcon_core.shell:Creating environment descriptor '/home/pmlab/yueju/move_tool/install/move_tool_to_frame/share/move_tool_to_frame/hook/pythonpath.dsv'
[3.390s] INFO:colcon.colcon_core.shell:Creating environment hook '/home/pmlab/yueju/move_tool/install/move_tool_to_frame/share/move_tool_to_frame/hook/pythonpath.sh'
[3.390s] Level 1:colcon.colcon_core.environment:checking '/home/pmlab/yueju/move_tool/install/move_tool_to_frame/bin'
[3.390s] Level 1:colcon.colcon_core.environment:create_environment_scripts_only(move_tool_to_frame)
[3.407s] INFO:colcon.colcon_core.shell:Creating package script '/home/pmlab/yueju/move_tool/install/move_tool_to_frame/share/move_tool_to_frame/package.ps1'
[3.409s] INFO:colcon.colcon_core.shell:Creating package descriptor '/home/pmlab/yueju/move_tool/install/move_tool_to_frame/share/move_tool_to_frame/package.dsv'
[3.409s] INFO:colcon.colcon_core.shell:Creating package script '/home/pmlab/yueju/move_tool/install/move_tool_to_frame/share/move_tool_to_frame/package.sh'
[3.410s] INFO:colcon.colcon_core.shell:Creating package script '/home/pmlab/yueju/move_tool/install/move_tool_to_frame/share/move_tool_to_frame/package.bash'
[3.411s] INFO:colcon.colcon_core.shell:Creating package script '/home/pmlab/yueju/move_tool/install/move_tool_to_frame/share/move_tool_to_frame/package.zsh'
[3.412s] Level 1:colcon.colcon_core.environment:create_file_with_runtime_dependencies(/home/pmlab/yueju/move_tool/install/move_tool_to_frame/share/colcon-core/packages/move_tool_to_frame)
[3.879s] DEBUG:colcon.colcon_core.event_handler.log_command:Invoked command in '/home/pmlab/yueju/move_tool/build/calibration_interface' returned '0': CMAKE_PREFIX_PATH=${CMAKE_PREFIX_PATH}:/home/pmlab/yueju/move_tool/install/move_tool_to_frame:/home/pmlab/yueju/match_robot/install/pneumatic_controller_listener:/home/pmlab/yueju/match_robot/install/pm_smaract_gripper:/home/pmlab/yueju/match_robot/install/pm_robot_control_test:/home/pmlab/yueju/match_robot/install/pm_confocal:/home/pmlab/pm_ros2_ws/install/ros_sequential_action_programmer:/home/pmlab/pm_ros2_ws/install/pneumatic_controller_listener:/home/pmlab/pm_ros2_ws/install/pm_vision_manager:/home/pmlab/pm_ros2_ws/install/pm_vision_app:/home/pmlab/pm_ros2_ws/install/pm_robot_control_test:/home/pmlab/pm_ros2_ws/install/pm_msgs:/home/pmlab/pm_ros2_ws/install/pm_confocal:/home/pmlab/pm_ros2_ws/install/pm_co_pilot:/home/pmlab/pm_ros2_ws/install/assembly_scene_publisher:/home/pmlab/pm_ros2_ws/install/assembly_manager:/home/pmlab/pm_ros2_ws/install/assembly_manager_interfaces:/opt/ros/humble /usr/bin/cmake --build /home/pmlab/yueju/move_tool/build/calibration_interface -- -j16 -l16
[4.028s] DEBUG:colcon.colcon_core.event_handler.log_command:Invoking command in '/home/pmlab/yueju/move_tool/build/calibration_interface': CMAKE_PREFIX_PATH=${CMAKE_PREFIX_PATH}:/home/pmlab/yueju/move_tool/install/move_tool_to_frame:/home/pmlab/yueju/match_robot/install/pneumatic_controller_listener:/home/pmlab/yueju/match_robot/install/pm_smaract_gripper:/home/pmlab/yueju/match_robot/install/pm_robot_control_test:/home/pmlab/yueju/match_robot/install/pm_confocal:/home/pmlab/pm_ros2_ws/install/ros_sequential_action_programmer:/home/pmlab/pm_ros2_ws/install/pneumatic_controller_listener:/home/pmlab/pm_ros2_ws/install/pm_vision_manager:/home/pmlab/pm_ros2_ws/install/pm_vision_app:/home/pmlab/pm_ros2_ws/install/pm_robot_control_test:/home/pmlab/pm_ros2_ws/install/pm_msgs:/home/pmlab/pm_ros2_ws/install/pm_confocal:/home/pmlab/pm_ros2_ws/install/pm_co_pilot:/home/pmlab/pm_ros2_ws/install/assembly_scene_publisher:/home/pmlab/pm_ros2_ws/install/assembly_manager:/home/pmlab/pm_ros2_ws/install/assembly_manager_interfaces:/opt/ros/humble /usr/bin/cmake --install /home/pmlab/yueju/move_tool/build/calibration_interface
[4.123s] Level 1:colcon.colcon_core.environment:create_environment_scripts_only(calibration_interface)
[4.124s] DEBUG:colcon.colcon_core.event_handler.log_command:Invoked command in '/home/pmlab/yueju/move_tool/build/calibration_interface' returned '0': CMAKE_PREFIX_PATH=${CMAKE_PREFIX_PATH}:/home/pmlab/yueju/move_tool/install/move_tool_to_frame:/home/pmlab/yueju/match_robot/install/pneumatic_controller_listener:/home/pmlab/yueju/match_robot/install/pm_smaract_gripper:/home/pmlab/yueju/match_robot/install/pm_robot_control_test:/home/pmlab/yueju/match_robot/install/pm_confocal:/home/pmlab/pm_ros2_ws/install/ros_sequential_action_programmer:/home/pmlab/pm_ros2_ws/install/pneumatic_controller_listener:/home/pmlab/pm_ros2_ws/install/pm_vision_manager:/home/pmlab/pm_ros2_ws/install/pm_vision_app:/home/pmlab/pm_ros2_ws/install/pm_robot_control_test:/home/pmlab/pm_ros2_ws/install/pm_msgs:/home/pmlab/pm_ros2_ws/install/pm_confocal:/home/pmlab/pm_ros2_ws/install/pm_co_pilot:/home/pmlab/pm_ros2_ws/install/assembly_scene_publisher:/home/pmlab/pm_ros2_ws/install/assembly_manager:/home/pmlab/pm_ros2_ws/install/assembly_manager_interfaces:/opt/ros/humble /usr/bin/cmake --install /home/pmlab/yueju/move_tool/build/calibration_interface
[4.143s] Level 1:colcon.colcon_core.environment:checking '/home/pmlab/yueju/move_tool/install/calibration_interface' for CMake module files
[4.144s] Level 1:colcon.colcon_core.environment:checking '/home/pmlab/yueju/move_tool/install/calibration_interface' for CMake config files
[4.144s] Level 1:colcon.colcon_core.shell:create_environment_hook('calibration_interface', 'cmake_prefix_path')
[4.164s] INFO:colcon.colcon_core.shell:Creating environment hook '/home/pmlab/yueju/move_tool/install/calibration_interface/share/calibration_interface/hook/cmake_prefix_path.ps1'
[4.164s] INFO:colcon.colcon_core.shell:Creating environment descriptor '/home/pmlab/yueju/move_tool/install/calibration_interface/share/calibration_interface/hook/cmake_prefix_path.dsv'
[4.164s] INFO:colcon.colcon_core.shell:Creating environment hook '/home/pmlab/yueju/move_tool/install/calibration_interface/share/calibration_interface/hook/cmake_prefix_path.sh'
[4.165s] Level 1:colcon.colcon_core.environment:checking '/home/pmlab/yueju/move_tool/install/calibration_interface/lib'
[4.165s] Level 1:colcon.colcon_core.shell:create_environment_hook('calibration_interface', 'ld_library_path_lib')
[4.186s] INFO:colcon.colcon_core.shell:Creating environment hook '/home/pmlab/yueju/move_tool/install/calibration_interface/share/calibration_interface/hook/ld_library_path_lib.ps1'
[4.186s] INFO:colcon.colcon_core.shell:Creating environment descriptor '/home/pmlab/yueju/move_tool/install/calibration_interface/share/calibration_interface/hook/ld_library_path_lib.dsv'
[4.186s] INFO:colcon.colcon_core.shell:Creating environment hook '/home/pmlab/yueju/move_tool/install/calibration_interface/share/calibration_interface/hook/ld_library_path_lib.sh'
[4.187s] Level 1:colcon.colcon_core.environment:checking '/home/pmlab/yueju/move_tool/install/calibration_interface/bin'
[4.187s] Level 1:colcon.colcon_core.environment:checking '/home/pmlab/yueju/move_tool/install/calibration_interface/lib/pkgconfig/calibration_interface.pc'
[4.187s] Level 1:colcon.colcon_core.environment:checking '/home/pmlab/yueju/move_tool/install/calibration_interface/lib/python3.10/site-packages'
[4.187s] Level 1:colcon.colcon_core.environment:checking '/home/pmlab/yueju/move_tool/install/calibration_interface/bin'
[4.205s] INFO:colcon.colcon_core.shell:Creating package script '/home/pmlab/yueju/move_tool/install/calibration_interface/share/calibration_interface/package.ps1'
[4.205s] INFO:colcon.colcon_core.shell:Creating package descriptor '/home/pmlab/yueju/move_tool/install/calibration_interface/share/calibration_interface/package.dsv'
[4.206s] INFO:colcon.colcon_core.shell:Creating package script '/home/pmlab/yueju/move_tool/install/calibration_interface/share/calibration_interface/package.sh'
[4.206s] INFO:colcon.colcon_core.shell:Creating package script '/home/pmlab/yueju/move_tool/install/calibration_interface/share/calibration_interface/package.bash'
[4.206s] INFO:colcon.colcon_core.shell:Creating package script '/home/pmlab/yueju/move_tool/install/calibration_interface/share/calibration_interface/package.zsh'
[4.207s] Level 1:colcon.colcon_core.environment:create_file_with_runtime_dependencies(/home/pmlab/yueju/move_tool/install/calibration_interface/share/colcon-core/packages/calibration_interface)
[4.357s] Level 1:colcon.colcon_core.environment:create_environment_scripts_only(calibration_interface)
[4.374s] Level 1:colcon.colcon_core.environment:checking '/home/pmlab/yueju/move_tool/install/calibration_interface' for CMake module files
[4.374s] Level 1:colcon.colcon_core.environment:checking '/home/pmlab/yueju/move_tool/install/calibration_interface' for CMake config files
[4.375s] Level 1:colcon.colcon_core.shell:create_environment_hook('calibration_interface', 'cmake_prefix_path')
[4.391s] INFO:colcon.colcon_core.shell:Creating environment hook '/home/pmlab/yueju/move_tool/install/calibration_interface/share/calibration_interface/hook/cmake_prefix_path.ps1'
[4.391s] INFO:colcon.colcon_core.shell:Creating environment descriptor '/home/pmlab/yueju/move_tool/install/calibration_interface/share/calibration_interface/hook/cmake_prefix_path.dsv'
[4.392s] INFO:colcon.colcon_core.shell:Creating environment hook '/home/pmlab/yueju/move_tool/install/calibration_interface/share/calibration_interface/hook/cmake_prefix_path.sh'
[4.392s] Level 1:colcon.colcon_core.environment:checking '/home/pmlab/yueju/move_tool/install/calibration_interface/lib'
[4.392s] Level 1:colcon.colcon_core.shell:create_environment_hook('calibration_interface', 'ld_library_path_lib')
[4.408s] INFO:colcon.colcon_core.shell:Creating environment hook '/home/pmlab/yueju/move_tool/install/calibration_interface/share/calibration_interface/hook/ld_library_path_lib.ps1'
[4.408s] INFO:colcon.colcon_core.shell:Creating environment descriptor '/home/pmlab/yueju/move_tool/install/calibration_interface/share/calibration_interface/hook/ld_library_path_lib.dsv'
[4.409s] INFO:colcon.colcon_core.shell:Creating environment hook '/home/pmlab/yueju/move_tool/install/calibration_interface/share/calibration_interface/hook/ld_library_path_lib.sh'
[4.409s] Level 1:colcon.colcon_core.environment:checking '/home/pmlab/yueju/move_tool/install/calibration_interface/bin'
[4.409s] Level 1:colcon.colcon_core.environment:checking '/home/pmlab/yueju/move_tool/install/calibration_interface/lib/pkgconfig/calibration_interface.pc'
[4.409s] Level 1:colcon.colcon_core.environment:checking '/home/pmlab/yueju/move_tool/install/calibration_interface/lib/python3.10/site-packages'
[4.409s] Level 1:colcon.colcon_core.environment:checking '/home/pmlab/yueju/move_tool/install/calibration_interface/bin'
[4.425s] INFO:colcon.colcon_core.shell:Creating package script '/home/pmlab/yueju/move_tool/install/calibration_interface/share/calibration_interface/package.ps1'
[4.426s] INFO:colcon.colcon_core.shell:Creating package descriptor '/home/pmlab/yueju/move_tool/install/calibration_interface/share/calibration_interface/package.dsv'
[4.426s] INFO:colcon.colcon_core.shell:Creating package script '/home/pmlab/yueju/move_tool/install/calibration_interface/share/calibration_interface/package.sh'
[4.426s] INFO:colcon.colcon_core.shell:Creating package script '/home/pmlab/yueju/move_tool/install/calibration_interface/share/calibration_interface/package.bash'
[4.427s] INFO:colcon.colcon_core.shell:Creating package script '/home/pmlab/yueju/move_tool/install/calibration_interface/share/calibration_interface/package.zsh'
[4.427s] Level 1:colcon.colcon_core.environment:create_file_with_runtime_dependencies(/home/pmlab/yueju/move_tool/install/calibration_interface/share/colcon-core/packages/calibration_interface)
[4.427s] DEBUG:colcon.colcon_parallel_executor.executor.parallel:closing loop
[4.427s] DEBUG:colcon.colcon_parallel_executor.executor.parallel:loop closed
[4.427s] DEBUG:colcon.colcon_parallel_executor.executor.parallel:run_until_complete finished with '0'
[4.428s] DEBUG:colcon.colcon_core.event_reactor:joining thread
[4.451s] INFO:colcon.colcon_core.plugin_system:Skipping extension 'colcon_notification.desktop_notification.terminal_notifier': Not used on non-Darwin systems
[4.452s] INFO:colcon.colcon_core.plugin_system:Skipping extension 'colcon_notification.desktop_notification.win32': Not used on non-Windows systems
[4.452s] INFO:colcon.colcon_notification.desktop_notification:Sending desktop notification using 'notify2'
[4.468s] DEBUG:colcon.colcon_core.event_reactor:joined thread
[4.486s] INFO:colcon.colcon_core.shell:Creating prefix script '/home/pmlab/yueju/move_tool/install/local_setup.ps1'
[4.487s] INFO:colcon.colcon_core.shell:Creating prefix util module '/home/pmlab/yueju/move_tool/install/_local_setup_util_ps1.py'
[4.488s] INFO:colcon.colcon_core.shell:Creating prefix chain script '/home/pmlab/yueju/move_tool/install/setup.ps1'
[4.511s] INFO:colcon.colcon_core.shell:Creating prefix script '/home/pmlab/yueju/move_tool/install/local_setup.sh'
[4.511s] INFO:colcon.colcon_core.shell:Creating prefix util module '/home/pmlab/yueju/move_tool/install/_local_setup_util_sh.py'
[4.512s] INFO:colcon.colcon_core.shell:Creating prefix chain script '/home/pmlab/yueju/move_tool/install/setup.sh'
[4.533s] INFO:colcon.colcon_core.shell:Creating prefix script '/home/pmlab/yueju/move_tool/install/local_setup.bash'
[4.534s] INFO:colcon.colcon_core.shell:Creating prefix chain script '/home/pmlab/yueju/move_tool/install/setup.bash'
[4.556s] INFO:colcon.colcon_core.shell:Creating prefix script '/home/pmlab/yueju/move_tool/install/local_setup.zsh'
[4.556s] INFO:colcon.colcon_core.shell:Creating prefix chain script '/home/pmlab/yueju/move_tool/install/setup.zsh'
