[0.037s] Invoking command in '/home/pmlab/yueju/move_tool/build/calibration_interface': CMAKE_PREFIX_PATH=${CMAKE_PREFIX_PATH}:/home/pmlab/yueju/move_tool/install/move_tool_to_frame:/home/pmlab/rajan_ros2_ws/src/install/pneumatic_controller_listener:/home/pmlab/rajan_ros2_ws/src/install/pm_smaract_gripper:/home/pmlab/rajan_ros2_ws/src/install/pm_robot_control_test:/home/pmlab/rajan_ros2_ws/src/install/pm_confocal:/home/pmlab/rajan_ros2_ws/install/pneumatic_controller_listener:/home/pmlab/rajan_ros2_ws/install/pm_smaract_gripper:/home/pmlab/rajan_ros2_ws/install/pm_robot_control_test:/home/pmlab/rajan_ros2_ws/install/pm_confocal:/home/pmlab/ros2_ws/install/ros_sequential_action_programmer:/opt/ros/humble /usr/bin/cmake /home/pmlab/yueju/move_tool/src/calibration_interface -DCMAKE_INSTALL_PREFIX=/home/pmlab/yueju/move_tool/install/calibration_interface
[0.072s] -- Found ament_cmake: 1.3.8 (/opt/ros/humble/share/ament_cmake/cmake)
[0.231s] -- Override CMake install command with custom implementation using symlinks instead of copying resources
[0.255s] -- Found rosidl_default_generators: 1.2.0 (/home/pmlab/Documents/ros2-for-unity/install/share/rosidl_default_generators/cmake)
[0.270s] -- Using all available rosidl_typesupport_c: rosidl_typesupport_fastrtps_c;rosidl_typesupport_introspection_c
[0.274s] -- Found rosidl_adapter: 3.1.5 (/opt/ros/humble/share/rosidl_adapter/cmake)
[0.328s] -- Using all available rosidl_typesupport_cpp: rosidl_typesupport_fastrtps_cpp;rosidl_typesupport_introspection_cpp
[0.358s] -- Found rmw_implementation_cmake: 6.1.1 (/opt/ros/humble/share/rmw_implementation_cmake/cmake)
[0.684s] -- Found ament_cmake_ros: 0.10.0 (/opt/ros/humble/share/ament_cmake_ros/cmake)
[0.930s] -- Using all available rosidl_typesupport_c: rosidl_typesupport_fastrtps_c;rosidl_typesupport_introspection_c
[1.252s] -- Using all available rosidl_typesupport_cpp: rosidl_typesupport_fastrtps_cpp;rosidl_typesupport_introspection_cpp
[1.256s] -- Found ament_cmake_export_assemblies: 0.0.0 (/home/pmlab/Documents/ros2-for-unity/install/share/ament_cmake_export_assemblies/cmake)
[1.260s] -- Found dotnet_cmake_module: 0.0.0 (/home/pmlab/Documents/ros2-for-unity/install/share/dotnet_cmake_module/cmake)
[1.359s] -- Found .NET Core: 6.0.128
[1.359s] -- Using Framework: netstandard2.0
[1.359s] -- Using Framework: netstandard2.0
[1.359s] -- Using Runtime: linux-x64
[1.361s] -- Found ros2cs_common: 2.0.0 (/home/pmlab/Documents/ros2-for-unity/install/share/ros2cs_common/cmake)
[1.602s] -- Generating C# code for ROS interfaces  and /home/pmlab/yueju/move_tool/build/calibration_interface/rosidl_generator_cs/calibration_interface/srv/calibrate_gripper.cs
[1.602s] -- Adding custom target
[1.602s] [0mLink libraries: calibration_interface__rosidl_typesupport_c[0m
[1.611s] [0mLink libraries: calibration_interface__rosidl_typesupport_introspection_c[0m
[1.619s] [0mLink libraries: calibration_interface__rosidl_typesupport_fastrtps_c[0m
[1.627s] [0mInstall targets[0m
[1.658s] -- Found python_cmake_module: 0.10.0 (/opt/ros/humble/share/python_cmake_module/cmake)
[1.694s] -- Using PYTHON_EXECUTABLE: /usr/bin/python3
[1.695s] -- Using PYTHON_INCLUDE_DIRS: /usr/include/python3.10
[1.695s] -- Using PYTHON_LIBRARIES: /usr/lib/x86_64-linux-gnu/libpython3.10.so
[1.745s] -- Found ament_lint_auto: 0.12.10 (/opt/ros/humble/share/ament_lint_auto/cmake)
[1.768s] -- Added test 'lint_cmake' to check CMake code style
[1.769s] -- Added test 'xmllint' to check XML markup files
[1.774s] -- Configuring done
[1.828s] -- Generating done
[1.833s] -- Build files have been written to: /home/pmlab/yueju/move_tool/build/calibration_interface
[1.841s] Invoked command in '/home/pmlab/yueju/move_tool/build/calibration_interface' returned '0': CMAKE_PREFIX_PATH=${CMAKE_PREFIX_PATH}:/home/pmlab/yueju/move_tool/install/move_tool_to_frame:/home/pmlab/rajan_ros2_ws/src/install/pneumatic_controller_listener:/home/pmlab/rajan_ros2_ws/src/install/pm_smaract_gripper:/home/pmlab/rajan_ros2_ws/src/install/pm_robot_control_test:/home/pmlab/rajan_ros2_ws/src/install/pm_confocal:/home/pmlab/rajan_ros2_ws/install/pneumatic_controller_listener:/home/pmlab/rajan_ros2_ws/install/pm_smaract_gripper:/home/pmlab/rajan_ros2_ws/install/pm_robot_control_test:/home/pmlab/rajan_ros2_ws/install/pm_confocal:/home/pmlab/ros2_ws/install/ros_sequential_action_programmer:/opt/ros/humble /usr/bin/cmake /home/pmlab/yueju/move_tool/src/calibration_interface -DCMAKE_INSTALL_PREFIX=/home/pmlab/yueju/move_tool/install/calibration_interface
[1.844s] Invoking command in '/home/pmlab/yueju/move_tool/build/calibration_interface': CMAKE_PREFIX_PATH=${CMAKE_PREFIX_PATH}:/home/pmlab/yueju/move_tool/install/move_tool_to_frame:/home/pmlab/rajan_ros2_ws/src/install/pneumatic_controller_listener:/home/pmlab/rajan_ros2_ws/src/install/pm_smaract_gripper:/home/pmlab/rajan_ros2_ws/src/install/pm_robot_control_test:/home/pmlab/rajan_ros2_ws/src/install/pm_confocal:/home/pmlab/rajan_ros2_ws/install/pneumatic_controller_listener:/home/pmlab/rajan_ros2_ws/install/pm_smaract_gripper:/home/pmlab/rajan_ros2_ws/install/pm_robot_control_test:/home/pmlab/rajan_ros2_ws/install/pm_confocal:/home/pmlab/ros2_ws/install/ros_sequential_action_programmer:/opt/ros/humble /usr/bin/cmake --build /home/pmlab/yueju/move_tool/build/calibration_interface -- -j24 -l24
[1.922s] [35m[1mConsolidate compiler generated dependencies of target calibration_interface__rosidl_generator_c[0m
[1.941s] failed to create symbolic link '/home/pmlab/yueju/move_tool/build/calibration_interface/ament_cmake_python/calibration_interface/calibration_interface' because existing path cannot be removed: Is a directory
[1.942s] gmake[2]: *** [CMakeFiles/ament_cmake_python_symlink_calibration_interface.dir/build.make:70: CMakeFiles/ament_cmake_python_symlink_calibration_interface] Error 1
[1.942s] gmake[1]: *** [CMakeFiles/Makefile2:565: CMakeFiles/ament_cmake_python_symlink_calibration_interface.dir/all] Error 2
[1.942s] gmake[1]: *** Waiting for unfinished jobs....
[1.943s] [  2%] Built target calibration_interface__cs
[1.944s] [  4%] Built target calibration_interface__cpp
[1.955s] [ 10%] Built target calibration_interface__rosidl_generator_c
[1.956s] gmake: *** [Makefile:146: all] Error 2
[1.958s] Invoked command in '/home/pmlab/yueju/move_tool/build/calibration_interface' returned '2': CMAKE_PREFIX_PATH=${CMAKE_PREFIX_PATH}:/home/pmlab/yueju/move_tool/install/move_tool_to_frame:/home/pmlab/rajan_ros2_ws/src/install/pneumatic_controller_listener:/home/pmlab/rajan_ros2_ws/src/install/pm_smaract_gripper:/home/pmlab/rajan_ros2_ws/src/install/pm_robot_control_test:/home/pmlab/rajan_ros2_ws/src/install/pm_confocal:/home/pmlab/rajan_ros2_ws/install/pneumatic_controller_listener:/home/pmlab/rajan_ros2_ws/install/pm_smaract_gripper:/home/pmlab/rajan_ros2_ws/install/pm_robot_control_test:/home/pmlab/rajan_ros2_ws/install/pm_confocal:/home/pmlab/ros2_ws/install/ros_sequential_action_programmer:/opt/ros/humble /usr/bin/cmake --build /home/pmlab/yueju/move_tool/build/calibration_interface -- -j24 -l24
