[1.100s] Invoking command in '/home/pmlab/yueju/move_tool/build/move_tool_to_frame': PYTHONPATH=/home/pmlab/yueju/move_tool/build/move_tool_to_frame/prefix_override:/home/pmlab/yueju/move_tool/install/move_tool_to_frame/lib/python3.10/site-packages:${PYTHONPATH} /usr/bin/python3 setup.py develop --editable --build-directory /home/pmlab/yueju/move_tool/build/move_tool_to_frame/build --no-deps install_data
[1.463s] running develop
[1.463s] /home/pmlab/.local/lib/python3.10/site-packages/setuptools/command/develop.py:42: EasyInstallDeprecationWarning: easy_install command is deprecated.
[1.464s] !!
[1.464s] 
[1.464s]         ********************************************************************************
[1.464s]         Please avoid running ``setup.py`` and ``easy_install``.
[1.464s]         Instead, use pypa/build, pypa/installer or other
[1.464s]         standards-based tools.
[1.464s] 
[1.464s]         See https://github.com/pypa/setuptools/issues/917 for details.
[1.464s]         ********************************************************************************
[1.464s] 
[1.464s] !!
[1.465s]   easy_install.initialize_options(self)
[1.508s] /home/pmlab/.local/lib/python3.10/site-packages/setuptools/_distutils/cmd.py:66: SetuptoolsDeprecationWarning: setup.py install is deprecated.
[1.508s] !!
[1.508s] 
[1.508s]         ********************************************************************************
[1.509s]         Please avoid running ``setup.py`` directly.
[1.509s]         Instead, use pypa/build, pypa/installer or other
[1.509s]         standards-based tools.
[1.509s] 
[1.509s]         See https://blog.ganssle.io/articles/2021/10/setup-py-deprecated.html for details.
[1.509s]         ********************************************************************************
[1.509s] 
[1.509s] !!
[1.509s]   self.initialize_options()
[1.779s] running egg_info
[1.813s] writing move_tool_to_frame.egg-info/PKG-INFO
[1.813s] writing dependency_links to move_tool_to_frame.egg-info/dependency_links.txt
[1.813s] writing entry points to move_tool_to_frame.egg-info/entry_points.txt
[1.813s] writing requirements to move_tool_to_frame.egg-info/requires.txt
[1.813s] writing top-level names to move_tool_to_frame.egg-info/top_level.txt
[1.854s] reading manifest file 'move_tool_to_frame.egg-info/SOURCES.txt'
[1.855s] writing manifest file 'move_tool_to_frame.egg-info/SOURCES.txt'
[1.873s] running build_ext
[1.873s] Creating /home/pmlab/yueju/move_tool/install/move_tool_to_frame/lib/python3.10/site-packages/move-tool-to-frame.egg-link (link to .)
[1.874s] Installing move_tool_to_frame_node script to /home/pmlab/yueju/move_tool/install/move_tool_to_frame/lib/move_tool_to_frame
[1.874s] 
[1.874s] Installed /home/pmlab/yueju/move_tool/build/move_tool_to_frame
[1.875s] running install_data
[1.875s] copying resource/move_tool_to_frame -> /home/pmlab/yueju/move_tool/install/move_tool_to_frame/share/ament_index/resource_index/packages
[1.875s] copying package.xml -> /home/pmlab/yueju/move_tool/install/move_tool_to_frame/share/move_tool_to_frame
[1.909s] Invoked command in '/home/pmlab/yueju/move_tool/build/move_tool_to_frame' returned '0': PYTHONPATH=/home/pmlab/yueju/move_tool/build/move_tool_to_frame/prefix_override:/home/pmlab/yueju/move_tool/install/move_tool_to_frame/lib/python3.10/site-packages:${PYTHONPATH} /usr/bin/python3 setup.py develop --editable --build-directory /home/pmlab/yueju/move_tool/build/move_tool_to_frame/build --no-deps install_data
