running develop
/home/pmlab/.local/lib/python3.10/site-packages/setuptools/command/develop.py:42: EasyInstallDeprecationWarning: easy_install command is deprecated.
!!

        ********************************************************************************
        Please avoid running ``setup.py`` and ``easy_install``.
        Instead, use pypa/build, pypa/installer or other
        standards-based tools.

        See https://github.com/pypa/setuptools/issues/917 for details.
        ********************************************************************************

!!
  easy_install.initialize_options(self)
/home/pmlab/.local/lib/python3.10/site-packages/setuptools/_distutils/cmd.py:66: SetuptoolsDeprecationWarning: setup.py install is deprecated.
!!

        ********************************************************************************
        Please avoid running ``setup.py`` directly.
        Instead, use pypa/build, pypa/installer or other
        standards-based tools.

        See https://blog.ganssle.io/articles/2021/10/setup-py-deprecated.html for details.
        ********************************************************************************

!!
  self.initialize_options()
running egg_info
creating move_tool_to_frame.egg-info
writing move_tool_to_frame.egg-info/PKG-INFO
writing dependency_links to move_tool_to_frame.egg-info/dependency_links.txt
writing entry points to move_tool_to_frame.egg-info/entry_points.txt
writing requirements to move_tool_to_frame.egg-info/requires.txt
writing top-level names to move_tool_to_frame.egg-info/top_level.txt
writing manifest file 'move_tool_to_frame.egg-info/SOURCES.txt'
reading manifest file 'move_tool_to_frame.egg-info/SOURCES.txt'
writing manifest file 'move_tool_to_frame.egg-info/SOURCES.txt'
running build_ext
Creating /home/pmlab/yueju/move_tool/install/move_tool_to_frame/lib/python3.10/site-packages/move-tool-to-frame.egg-link (link to .)
Installing move_tool_to_frame_node script to /home/pmlab/yueju/move_tool/install/move_tool_to_frame/lib/move_tool_to_frame

Installed /home/pmlab/yueju/move_tool/build/move_tool_to_frame
running install_data
creating /home/pmlab/yueju/move_tool/install/move_tool_to_frame/share/ament_index
creating /home/pmlab/yueju/move_tool/install/move_tool_to_frame/share/ament_index/resource_index
creating /home/pmlab/yueju/move_tool/install/move_tool_to_frame/share/ament_index/resource_index/packages
copying resource/move_tool_to_frame -> /home/pmlab/yueju/move_tool/install/move_tool_to_frame/share/ament_index/resource_index/packages
copying package.xml -> /home/pmlab/yueju/move_tool/install/move_tool_to_frame/share/move_tool_to_frame
