[0.301s] Invoking command in '/home/pmlab/yueju/move_tool/build/calibration_interface': CMAKE_PREFIX_PATH=${CMAKE_PREFIX_PATH}:/home/pmlab/yueju/move_tool/install/move_tool_to_frame:/home/pmlab/yueju/match_robot/install/pneumatic_controller_listener:/home/pmlab/yueju/match_robot/install/pm_smaract_gripper:/home/pmlab/yueju/match_robot/install/pm_robot_control_test:/home/pmlab/yueju/match_robot/install/pm_confocal:/home/pmlab/pm_ros2_ws/install/ros_sequential_action_programmer:/home/pmlab/pm_ros2_ws/install/pneumatic_controller_listener:/home/pmlab/pm_ros2_ws/install/pm_vision_manager:/home/pmlab/pm_ros2_ws/install/pm_vision_app:/home/pmlab/pm_ros2_ws/install/pm_robot_control_test:/home/pmlab/pm_ros2_ws/install/pm_msgs:/home/pmlab/pm_ros2_ws/install/pm_confocal:/home/pmlab/pm_ros2_ws/install/pm_co_pilot:/home/pmlab/pm_ros2_ws/install/assembly_scene_publisher:/home/pmlab/pm_ros2_ws/install/assembly_manager:/home/pmlab/pm_ros2_ws/install/assembly_manager_interfaces:/opt/ros/humble /usr/bin/cmake --build /home/pmlab/yueju/move_tool/build/calibration_interface -- -j16 -l16
[0.394s] [  6%] Built target calibration_interface__cpp
[0.394s] [  6%] Built target calibration_interface__cs
[0.394s] [ 11%] Built target calibration_interface__rosidl_generator_c
[0.405s] [ 11%] Built target ament_cmake_python_symlink_calibration_interface
[0.426s] [ 20%] Built target calibration_interface__rosidl_typesupport_introspection_cpp
[0.427s] [ 20%] [34m[1m/usr/bin/cmake;-version;/usr/bin/dotnet restore calibration_interface_assembly_dotnetcore.csproj;          /usr/bin/dotnet build calibration_interface_assembly_dotnetcore.csproj -> /home/pmlab/yueju/move_tool/build/calibration_interface/calibration_interface_assembly[0m
[0.427s] [ 26%] Built target calibration_interface__rosidl_typesupport_fastrtps_cpp
[0.427s] [ 33%] Built target calibration_interface__rosidl_typesupport_cpp
[0.438s] [ 46%] Built target calibration_interface__rosidl_typesupport_introspection_c
[0.438s] [ 46%] Built target calibration_interface__rosidl_typesupport_c
[0.439s] [ 53%] Built target calibration_interface__rosidl_typesupport_fastrtps_c
[0.469s] [ 53%] Built target calibration_interface
[0.471s] [ 77%] Built target calibration_interface_srv_calibrate_gripper__rosidl_typesupport_fastrtps_c
[0.471s] [ 77%] Built target calibration_interface_srv_calibrate_gripper__rosidl_typesupport_c
[0.471s] [ 80%] Built target calibration_interface_srv_calibrate_gripper__rosidl_typesupport_introspection_c
[0.479s] cmake version 3.22.1
[0.479s] 
[0.479s] CMake suite maintained and supported by Kitware (kitware.com/cmake).
[0.500s] [ 82%] Built target calibration_interface__py
[0.532s] [ 86%] Built target calibration_interface__rosidl_generator_py
[0.566s] [ 95%] Built target calibration_interface__rosidl_typesupport_fastrtps_c__pyext
[0.566s] [ 95%] Built target calibration_interface__rosidl_typesupport_introspection_c__pyext
[0.566s] [100%] Built target calibration_interface__rosidl_typesupport_c__pyext
[0.654s] [?1h=running egg_info
[0.671s] writing calibration_interface.egg-info/PKG-INFO
[0.672s] writing dependency_links to calibration_interface.egg-info/dependency_links.txt
[0.672s] writing top-level names to calibration_interface.egg-info/top_level.txt
[0.747s] reading manifest file 'calibration_interface.egg-info/SOURCES.txt'
[0.748s] writing manifest file 'calibration_interface.egg-info/SOURCES.txt'
[0.777s] [100%] Built target ament_cmake_python_build_calibration_interface_egg
[1.093s]   Determining projects to restore...
[1.334s]   All projects are up-to-date for restore.
[1.531s] [?1h=MSBuild version 17.4.8+6918b863a for .NET
[1.975s]   Determining projects to restore...
[2.280s]   All projects are up-to-date for restore.
[2.475s]   calibration_interface_assembly_dotnetcore -> /home/pmlab/yueju/move_tool/build/calibration_interface/netstandard2.0/calibration_interface_assembly.dll
[2.483s] [39;49m[92m
[2.484s] Build succeeded.
[2.484s] [39;49m    0 Warning(s)
[2.484s] [39;49m    0 Error(s)
[2.484s] [39;49m
[2.484s] Time Elapsed 00:00:00.89
[2.531s] [100%] Built target calibration_interface_assembly
[2.546s] Invoked command in '/home/pmlab/yueju/move_tool/build/calibration_interface' returned '0': CMAKE_PREFIX_PATH=${CMAKE_PREFIX_PATH}:/home/pmlab/yueju/move_tool/install/move_tool_to_frame:/home/pmlab/yueju/match_robot/install/pneumatic_controller_listener:/home/pmlab/yueju/match_robot/install/pm_smaract_gripper:/home/pmlab/yueju/match_robot/install/pm_robot_control_test:/home/pmlab/yueju/match_robot/install/pm_confocal:/home/pmlab/pm_ros2_ws/install/ros_sequential_action_programmer:/home/pmlab/pm_ros2_ws/install/pneumatic_controller_listener:/home/pmlab/pm_ros2_ws/install/pm_vision_manager:/home/pmlab/pm_ros2_ws/install/pm_vision_app:/home/pmlab/pm_ros2_ws/install/pm_robot_control_test:/home/pmlab/pm_ros2_ws/install/pm_msgs:/home/pmlab/pm_ros2_ws/install/pm_confocal:/home/pmlab/pm_ros2_ws/install/pm_co_pilot:/home/pmlab/pm_ros2_ws/install/assembly_scene_publisher:/home/pmlab/pm_ros2_ws/install/assembly_manager:/home/pmlab/pm_ros2_ws/install/assembly_manager_interfaces:/opt/ros/humble /usr/bin/cmake --build /home/pmlab/yueju/move_tool/build/calibration_interface -- -j16 -l16
[2.703s] Invoking command in '/home/pmlab/yueju/move_tool/build/calibration_interface': CMAKE_PREFIX_PATH=${CMAKE_PREFIX_PATH}:/home/pmlab/yueju/move_tool/install/move_tool_to_frame:/home/pmlab/yueju/match_robot/install/pneumatic_controller_listener:/home/pmlab/yueju/match_robot/install/pm_smaract_gripper:/home/pmlab/yueju/match_robot/install/pm_robot_control_test:/home/pmlab/yueju/match_robot/install/pm_confocal:/home/pmlab/pm_ros2_ws/install/ros_sequential_action_programmer:/home/pmlab/pm_ros2_ws/install/pneumatic_controller_listener:/home/pmlab/pm_ros2_ws/install/pm_vision_manager:/home/pmlab/pm_ros2_ws/install/pm_vision_app:/home/pmlab/pm_ros2_ws/install/pm_robot_control_test:/home/pmlab/pm_ros2_ws/install/pm_msgs:/home/pmlab/pm_ros2_ws/install/pm_confocal:/home/pmlab/pm_ros2_ws/install/pm_co_pilot:/home/pmlab/pm_ros2_ws/install/assembly_scene_publisher:/home/pmlab/pm_ros2_ws/install/assembly_manager:/home/pmlab/pm_ros2_ws/install/assembly_manager_interfaces:/opt/ros/humble /usr/bin/cmake --install /home/pmlab/yueju/move_tool/build/calibration_interface
[2.714s] -- Install configuration: ""
[2.715s] -- Execute custom install script
[2.715s] -- Up-to-date symlink: /home/pmlab/yueju/move_tool/install/calibration_interface/share/ament_index/resource_index/rosidl_interfaces/calibration_interface
[2.716s] -- Up-to-date symlink: /home/pmlab/yueju/move_tool/install/calibration_interface/include/calibration_interface/calibration_interface/msg/rosidl_generator_c__visibility_control.h
[2.716s] -- Up-to-date symlink: /home/pmlab/yueju/move_tool/install/calibration_interface/include/calibration_interface/calibration_interface/srv/calibrate_gripper.h
[2.716s] -- Up-to-date symlink: /home/pmlab/yueju/move_tool/install/calibration_interface/include/calibration_interface/calibration_interface/srv/detail/calibrate_gripper__functions.h
[2.716s] -- Up-to-date symlink: /home/pmlab/yueju/move_tool/install/calibration_interface/include/calibration_interface/calibration_interface/srv/detail/calibrate_gripper__struct.h
[2.717s] -- Up-to-date symlink: /home/pmlab/yueju/move_tool/install/calibration_interface/include/calibration_interface/calibration_interface/srv/detail/calibrate_gripper__type_support.h
[2.717s] -- Up-to-date symlink: /home/pmlab/yueju/move_tool/install/calibration_interface/share/calibration_interface/environment/library_path.sh
[2.717s] -- Up-to-date symlink: /home/pmlab/yueju/move_tool/install/calibration_interface/share/calibration_interface/environment/library_path.dsv
[2.717s] -- Up-to-date symlink: /home/pmlab/yueju/move_tool/install/calibration_interface/include/calibration_interface/calibration_interface/msg/rosidl_typesupport_fastrtps_c__visibility_control.h
[2.718s] -- Up-to-date symlink: /home/pmlab/yueju/move_tool/install/calibration_interface/include/calibration_interface/calibration_interface/srv/detail/calibrate_gripper__rosidl_typesupport_fastrtps_c.h
[2.718s] -- Up-to-date symlink: /home/pmlab/yueju/move_tool/install/calibration_interface/include/calibration_interface/calibration_interface/msg/rosidl_typesupport_introspection_c__visibility_control.h
[2.718s] -- Up-to-date symlink: /home/pmlab/yueju/move_tool/install/calibration_interface/include/calibration_interface/calibration_interface/srv/detail/calibrate_gripper__rosidl_typesupport_introspection_c.h
[2.718s] -- Up-to-date symlink: /home/pmlab/yueju/move_tool/install/calibration_interface/include/calibration_interface/calibration_interface/srv/calibrate_gripper.hpp
[2.718s] -- Up-to-date symlink: /home/pmlab/yueju/move_tool/install/calibration_interface/include/calibration_interface/calibration_interface/srv/detail/calibrate_gripper__builder.hpp
[2.719s] -- Up-to-date symlink: /home/pmlab/yueju/move_tool/install/calibration_interface/include/calibration_interface/calibration_interface/srv/detail/calibrate_gripper__struct.hpp
[2.719s] -- Up-to-date symlink: /home/pmlab/yueju/move_tool/install/calibration_interface/include/calibration_interface/calibration_interface/srv/detail/calibrate_gripper__traits.hpp
[2.719s] -- Up-to-date symlink: /home/pmlab/yueju/move_tool/install/calibration_interface/include/calibration_interface/calibration_interface/msg/rosidl_typesupport_fastrtps_cpp__visibility_control.h
[2.719s] -- Up-to-date symlink: /home/pmlab/yueju/move_tool/install/calibration_interface/include/calibration_interface/calibration_interface/srv/detail/calibrate_gripper__rosidl_typesupport_fastrtps_cpp.hpp
[2.719s] -- Up-to-date symlink: /home/pmlab/yueju/move_tool/install/calibration_interface/include/calibration_interface/calibration_interface/srv/detail/calibrate_gripper__rosidl_typesupport_introspection_cpp.hpp
[2.720s] -- Up-to-date symlink: /home/pmlab/yueju/move_tool/install/calibration_interface/lib/dotnet/calibration_interface_assembly.deps.json
[2.720s] -- Up-to-date symlink: /home/pmlab/yueju/move_tool/install/calibration_interface/lib/dotnet/calibration_interface_assembly.dll
[2.720s] -- Up-to-date symlink: /home/pmlab/yueju/move_tool/install/calibration_interface/lib/dotnet/ros2cs_common.dll
[2.720s] -- Up-to-date symlink: /home/pmlab/yueju/move_tool/install/calibration_interface/share/calibration_interface/environment/pythonpath.sh
[2.720s] -- Up-to-date symlink: /home/pmlab/yueju/move_tool/install/calibration_interface/share/calibration_interface/environment/pythonpath.dsv
[2.720s] -- Up-to-date symlink: /home/pmlab/yueju/move_tool/install/calibration_interface/local/lib/python3.10/dist-packages/calibration_interface-0.0.0-py3.10.egg-info/PKG-INFO
[2.721s] -- Up-to-date symlink: /home/pmlab/yueju/move_tool/install/calibration_interface/local/lib/python3.10/dist-packages/calibration_interface-0.0.0-py3.10.egg-info/SOURCES.txt
[2.721s] -- Up-to-date symlink: /home/pmlab/yueju/move_tool/install/calibration_interface/local/lib/python3.10/dist-packages/calibration_interface-0.0.0-py3.10.egg-info/dependency_links.txt
[2.721s] -- Up-to-date symlink: /home/pmlab/yueju/move_tool/install/calibration_interface/local/lib/python3.10/dist-packages/calibration_interface-0.0.0-py3.10.egg-info/top_level.txt
[2.721s] -- Up-to-date symlink: /home/pmlab/yueju/move_tool/install/calibration_interface/local/lib/python3.10/dist-packages/calibration_interface/__init__.py
[2.721s] -- Up-to-date symlink: /home/pmlab/yueju/move_tool/install/calibration_interface/local/lib/python3.10/dist-packages/calibration_interface/_calibration_interface_s.ep.rosidl_typesupport_c.c
[2.722s] -- Up-to-date symlink: /home/pmlab/yueju/move_tool/install/calibration_interface/local/lib/python3.10/dist-packages/calibration_interface/_calibration_interface_s.ep.rosidl_typesupport_fastrtps_c.c
[2.722s] -- Up-to-date symlink: /home/pmlab/yueju/move_tool/install/calibration_interface/local/lib/python3.10/dist-packages/calibration_interface/_calibration_interface_s.ep.rosidl_typesupport_introspection_c.c
[2.722s] -- Up-to-date symlink: /home/pmlab/yueju/move_tool/install/calibration_interface/local/lib/python3.10/dist-packages/calibration_interface/calibration_interface_s__rosidl_typesupport_c.cpython-310-x86_64-linux-gnu.so
[2.722s] -- Up-to-date symlink: /home/pmlab/yueju/move_tool/install/calibration_interface/local/lib/python3.10/dist-packages/calibration_interface/calibration_interface_s__rosidl_typesupport_fastrtps_c.cpython-310-x86_64-linux-gnu.so
[2.722s] -- Up-to-date symlink: /home/pmlab/yueju/move_tool/install/calibration_interface/local/lib/python3.10/dist-packages/calibration_interface/calibration_interface_s__rosidl_typesupport_introspection_c.cpython-310-x86_64-linux-gnu.so
[2.722s] -- Up-to-date symlink: /home/pmlab/yueju/move_tool/install/calibration_interface/local/lib/python3.10/dist-packages/calibration_interface/libcalibration_interface__rosidl_generator_py.so
[2.722s] -- Up-to-date symlink: /home/pmlab/yueju/move_tool/install/calibration_interface/local/lib/python3.10/dist-packages/calibration_interface/srv/__init__.py
[2.722s] -- Up-to-date symlink: /home/pmlab/yueju/move_tool/install/calibration_interface/local/lib/python3.10/dist-packages/calibration_interface/srv/_calibrate_gripper.py
[2.722s] -- Up-to-date symlink: /home/pmlab/yueju/move_tool/install/calibration_interface/local/lib/python3.10/dist-packages/calibration_interface/srv/_calibrate_gripper_s.c
[2.723s] -- Up-to-date symlink: /home/pmlab/yueju/move_tool/install/calibration_interface/local/lib/python3.10/dist-packages/calibration_interface/calibration_interface_s__rosidl_typesupport_fastrtps_c.cpython-310-x86_64-linux-gnu.so
[2.723s] -- Up-to-date symlink: /home/pmlab/yueju/move_tool/install/calibration_interface/local/lib/python3.10/dist-packages/calibration_interface/calibration_interface_s__rosidl_typesupport_introspection_c.cpython-310-x86_64-linux-gnu.so
[2.723s] -- Up-to-date symlink: /home/pmlab/yueju/move_tool/install/calibration_interface/local/lib/python3.10/dist-packages/calibration_interface/calibration_interface_s__rosidl_typesupport_c.cpython-310-x86_64-linux-gnu.so
[2.723s] -- Up-to-date symlink: /home/pmlab/yueju/move_tool/install/calibration_interface/share/calibration_interface/srv/CalibrateGripper.idl
[2.723s] -- Up-to-date symlink: /home/pmlab/yueju/move_tool/install/calibration_interface/share/calibration_interface/srv/CalibrateGripper.srv
[2.723s] -- Up-to-date symlink: /home/pmlab/yueju/move_tool/install/calibration_interface/share/calibration_interface/srv/CalibrateGripper_Request.msg
[2.724s] -- Up-to-date symlink: /home/pmlab/yueju/move_tool/install/calibration_interface/share/calibration_interface/srv/CalibrateGripper_Response.msg
[2.724s] -- Up-to-date symlink: /home/pmlab/yueju/move_tool/install/calibration_interface/share/ament_index/resource_index/package_run_dependencies/calibration_interface
[2.724s] -- Up-to-date symlink: /home/pmlab/yueju/move_tool/install/calibration_interface/share/ament_index/resource_index/parent_prefix_path/calibration_interface
[2.724s] -- Up-to-date symlink: /home/pmlab/yueju/move_tool/install/calibration_interface/share/calibration_interface/environment/ament_prefix_path.sh
[2.724s] -- Up-to-date symlink: /home/pmlab/yueju/move_tool/install/calibration_interface/share/calibration_interface/environment/ament_prefix_path.dsv
[2.724s] -- Up-to-date symlink: /home/pmlab/yueju/move_tool/install/calibration_interface/share/calibration_interface/environment/path.sh
[2.724s] -- Up-to-date symlink: /home/pmlab/yueju/move_tool/install/calibration_interface/share/calibration_interface/environment/path.dsv
[2.724s] -- Up-to-date symlink: /home/pmlab/yueju/move_tool/install/calibration_interface/share/calibration_interface/local_setup.bash
[2.725s] -- Up-to-date symlink: /home/pmlab/yueju/move_tool/install/calibration_interface/share/calibration_interface/local_setup.sh
[2.725s] -- Up-to-date symlink: /home/pmlab/yueju/move_tool/install/calibration_interface/share/calibration_interface/local_setup.zsh
[2.725s] -- Up-to-date symlink: /home/pmlab/yueju/move_tool/install/calibration_interface/share/calibration_interface/local_setup.dsv
[2.725s] -- Symlinking: /home/pmlab/yueju/move_tool/install/calibration_interface/share/calibration_interface/package.dsv
[2.740s] -- Up-to-date symlink: /home/pmlab/yueju/move_tool/install/calibration_interface/share/ament_index/resource_index/packages/calibration_interface
[2.740s] -- Up-to-date symlink: /home/pmlab/yueju/move_tool/install/calibration_interface/share/calibration_interface/cmake/rosidl_cmake-extras.cmake
[2.740s] -- Up-to-date symlink: /home/pmlab/yueju/move_tool/install/calibration_interface/share/calibration_interface/cmake/ament_cmake_export_include_directories-extras.cmake
[2.740s] -- Up-to-date symlink: /home/pmlab/yueju/move_tool/install/calibration_interface/share/calibration_interface/cmake/ament_cmake_export_libraries-extras.cmake
[2.740s] -- Up-to-date symlink: /home/pmlab/yueju/move_tool/install/calibration_interface/share/calibration_interface/cmake/ament_cmake_export_targets-extras.cmake
[2.740s] -- Up-to-date symlink: /home/pmlab/yueju/move_tool/install/calibration_interface/share/calibration_interface/cmake/rosidl_cmake_export_typesupport_targets-extras.cmake
[2.740s] -- Up-to-date symlink: /home/pmlab/yueju/move_tool/install/calibration_interface/share/calibration_interface/cmake/ament_cmake_export_dependencies-extras.cmake
[2.741s] -- Up-to-date symlink: /home/pmlab/yueju/move_tool/install/calibration_interface/share/calibration_interface/cmake/rosidl_cmake_export_typesupport_libraries-extras.cmake
[2.741s] -- Up-to-date symlink: /home/pmlab/yueju/move_tool/install/calibration_interface/share/calibration_interface/cmake/ament_cmake_export_assemblies-extras.cmake
[2.741s] -- Up-to-date symlink: /home/pmlab/yueju/move_tool/install/calibration_interface/share/calibration_interface/cmake/calibration_interfaceConfig.cmake
[2.741s] -- Up-to-date symlink: /home/pmlab/yueju/move_tool/install/calibration_interface/share/calibration_interface/cmake/calibration_interfaceConfig-version.cmake
[2.741s] -- Up-to-date symlink: /home/pmlab/yueju/move_tool/install/calibration_interface/share/calibration_interface/package.xml
[2.741s] -- Up-to-date: /home/pmlab/yueju/move_tool/install/calibration_interface/lib/libcalibration_interface__rosidl_generator_c.so
[2.742s] -- Up-to-date: /home/pmlab/yueju/move_tool/install/calibration_interface/lib/libcalibration_interface__rosidl_typesupport_fastrtps_c.so
[2.742s] -- Up-to-date: /home/pmlab/yueju/move_tool/install/calibration_interface/lib/libcalibration_interface__rosidl_typesupport_introspection_c.so
[2.742s] -- Up-to-date: /home/pmlab/yueju/move_tool/install/calibration_interface/lib/libcalibration_interface__rosidl_typesupport_c.so
[2.742s] -- Up-to-date: /home/pmlab/yueju/move_tool/install/calibration_interface/lib/libcalibration_interface__rosidl_typesupport_fastrtps_cpp.so
[2.743s] -- Up-to-date: /home/pmlab/yueju/move_tool/install/calibration_interface/lib/libcalibration_interface__rosidl_typesupport_introspection_cpp.so
[2.743s] -- Up-to-date: /home/pmlab/yueju/move_tool/install/calibration_interface/lib/libcalibration_interface__rosidl_typesupport_cpp.so
[2.743s] -- Up-to-date: /home/pmlab/yueju/move_tool/install/calibration_interface/lib/libcalibration_interface_srv_calibrate_gripper__rosidl_typesupport_c_native.so
[2.743s] -- Up-to-date: /home/pmlab/yueju/move_tool/install/calibration_interface/lib/libcalibration_interface_srv_calibrate_gripper__rosidl_typesupport_fastrtps_c_native.so
[2.744s] -- Up-to-date: /home/pmlab/yueju/move_tool/install/calibration_interface/lib/libcalibration_interface_srv_calibrate_gripper__rosidl_typesupport_introspection_c_native.so
[2.785s] Listing '/home/pmlab/yueju/move_tool/install/calibration_interface/local/lib/python3.10/dist-packages/calibration_interface'...
[2.785s] Listing '/home/pmlab/yueju/move_tool/install/calibration_interface/local/lib/python3.10/dist-packages/calibration_interface/srv'...
[2.789s] -- Up-to-date: /home/pmlab/yueju/move_tool/install/calibration_interface/lib/libcalibration_interface__rosidl_generator_py.so
[2.789s] -- Up-to-date: /home/pmlab/yueju/move_tool/install/calibration_interface/share/calibration_interface/cmake/export_calibration_interface__rosidl_generator_cExport.cmake
[2.789s] -- Up-to-date: /home/pmlab/yueju/move_tool/install/calibration_interface/share/calibration_interface/cmake/export_calibration_interface__rosidl_generator_cExport-noconfig.cmake
[2.789s] -- Up-to-date: /home/pmlab/yueju/move_tool/install/calibration_interface/share/calibration_interface/cmake/export_calibration_interface__rosidl_typesupport_fastrtps_cExport.cmake
[2.789s] -- Up-to-date: /home/pmlab/yueju/move_tool/install/calibration_interface/share/calibration_interface/cmake/export_calibration_interface__rosidl_typesupport_fastrtps_cExport-noconfig.cmake
[2.789s] -- Up-to-date: /home/pmlab/yueju/move_tool/install/calibration_interface/share/calibration_interface/cmake/calibration_interface__rosidl_typesupport_introspection_cExport.cmake
[2.789s] -- Up-to-date: /home/pmlab/yueju/move_tool/install/calibration_interface/share/calibration_interface/cmake/calibration_interface__rosidl_typesupport_introspection_cExport-noconfig.cmake
[2.789s] -- Up-to-date: /home/pmlab/yueju/move_tool/install/calibration_interface/share/calibration_interface/cmake/calibration_interface__rosidl_typesupport_cExport.cmake
[2.789s] -- Up-to-date: /home/pmlab/yueju/move_tool/install/calibration_interface/share/calibration_interface/cmake/calibration_interface__rosidl_typesupport_cExport-noconfig.cmake
[2.790s] -- Up-to-date: /home/pmlab/yueju/move_tool/install/calibration_interface/share/calibration_interface/cmake/export_calibration_interface__rosidl_generator_cppExport.cmake
[2.790s] -- Up-to-date: /home/pmlab/yueju/move_tool/install/calibration_interface/share/calibration_interface/cmake/export_calibration_interface__rosidl_typesupport_fastrtps_cppExport.cmake
[2.790s] -- Up-to-date: /home/pmlab/yueju/move_tool/install/calibration_interface/share/calibration_interface/cmake/export_calibration_interface__rosidl_typesupport_fastrtps_cppExport-noconfig.cmake
[2.790s] -- Up-to-date: /home/pmlab/yueju/move_tool/install/calibration_interface/share/calibration_interface/cmake/calibration_interface__rosidl_typesupport_introspection_cppExport.cmake
[2.790s] -- Up-to-date: /home/pmlab/yueju/move_tool/install/calibration_interface/share/calibration_interface/cmake/calibration_interface__rosidl_typesupport_introspection_cppExport-noconfig.cmake
[2.790s] -- Up-to-date: /home/pmlab/yueju/move_tool/install/calibration_interface/share/calibration_interface/cmake/calibration_interface__rosidl_typesupport_cppExport.cmake
[2.790s] -- Up-to-date: /home/pmlab/yueju/move_tool/install/calibration_interface/share/calibration_interface/cmake/calibration_interface__rosidl_typesupport_cppExport-noconfig.cmake
[2.790s] -- Up-to-date: /home/pmlab/yueju/move_tool/install/calibration_interface/share/calibration_interface/cmake/export_calibration_interface__rosidl_generator_pyExport.cmake
[2.790s] -- Up-to-date: /home/pmlab/yueju/move_tool/install/calibration_interface/share/calibration_interface/cmake/export_calibration_interface__rosidl_generator_pyExport-noconfig.cmake
[2.792s] Invoked command in '/home/pmlab/yueju/move_tool/build/calibration_interface' returned '0': CMAKE_PREFIX_PATH=${CMAKE_PREFIX_PATH}:/home/pmlab/yueju/move_tool/install/move_tool_to_frame:/home/pmlab/yueju/match_robot/install/pneumatic_controller_listener:/home/pmlab/yueju/match_robot/install/pm_smaract_gripper:/home/pmlab/yueju/match_robot/install/pm_robot_control_test:/home/pmlab/yueju/match_robot/install/pm_confocal:/home/pmlab/pm_ros2_ws/install/ros_sequential_action_programmer:/home/pmlab/pm_ros2_ws/install/pneumatic_controller_listener:/home/pmlab/pm_ros2_ws/install/pm_vision_manager:/home/pmlab/pm_ros2_ws/install/pm_vision_app:/home/pmlab/pm_ros2_ws/install/pm_robot_control_test:/home/pmlab/pm_ros2_ws/install/pm_msgs:/home/pmlab/pm_ros2_ws/install/pm_confocal:/home/pmlab/pm_ros2_ws/install/pm_co_pilot:/home/pmlab/pm_ros2_ws/install/assembly_scene_publisher:/home/pmlab/pm_ros2_ws/install/assembly_manager:/home/pmlab/pm_ros2_ws/install/assembly_manager_interfaces:/opt/ros/humble /usr/bin/cmake --install /home/pmlab/yueju/move_tool/build/calibration_interface
