[0.790s] Invoking command in '/home/pmlab/yueju/move_tool/src/move_tool_to_frame': PYTHONPATH=/home/pmlab/yueju/move_tool/build/move_tool_to_frame/prefix_override:/home/pmlab/yueju/move_tool/install/move_tool_to_frame/lib/python3.10/site-packages:${PYTHONPATH} /usr/bin/python3 setup.py egg_info --egg-base ../../build/move_tool_to_frame build --build-base /home/pmlab/yueju/move_tool/build/move_tool_to_frame/build install --record /home/pmlab/yueju/move_tool/build/move_tool_to_frame/install.log --single-version-externally-managed
[1.015s] running egg_info
[1.016s] creating ../../build/move_tool_to_frame/move_tool_to_frame.egg-info
[1.016s] writing ../../build/move_tool_to_frame/move_tool_to_frame.egg-info/PKG-INFO
[1.016s] writing dependency_links to ../../build/move_tool_to_frame/move_tool_to_frame.egg-info/dependency_links.txt
[1.016s] writing entry points to ../../build/move_tool_to_frame/move_tool_to_frame.egg-info/entry_points.txt
[1.016s] writing requirements to ../../build/move_tool_to_frame/move_tool_to_frame.egg-info/requires.txt
[1.016s] writing top-level names to ../../build/move_tool_to_frame/move_tool_to_frame.egg-info/top_level.txt
[1.016s] writing manifest file '../../build/move_tool_to_frame/move_tool_to_frame.egg-info/SOURCES.txt'
[1.018s] reading manifest file '../../build/move_tool_to_frame/move_tool_to_frame.egg-info/SOURCES.txt'
[1.018s] writing manifest file '../../build/move_tool_to_frame/move_tool_to_frame.egg-info/SOURCES.txt'
[1.018s] running build
[1.018s] running build_py
[1.018s] creating /home/pmlab/yueju/move_tool/build/move_tool_to_frame/build
[1.018s] creating /home/pmlab/yueju/move_tool/build/move_tool_to_frame/build/lib
[1.018s] creating /home/pmlab/yueju/move_tool/build/move_tool_to_frame/build/lib/move_tool_to_frame
[1.018s] copying move_tool_to_frame/move_tool_to_frame_node.py -> /home/pmlab/yueju/move_tool/build/move_tool_to_frame/build/lib/move_tool_to_frame
[1.019s] copying move_tool_to_frame/__init__.py -> /home/pmlab/yueju/move_tool/build/move_tool_to_frame/build/lib/move_tool_to_frame
[1.019s] running install
[1.019s] /usr/lib/python3/dist-packages/setuptools/command/install.py:34: SetuptoolsDeprecationWarning: setup.py install is deprecated. Use build and pip and other standards-based tools.
[1.019s]   warnings.warn(
[1.019s] running install_lib
[1.020s] creating /home/pmlab/yueju/move_tool/install/move_tool_to_frame/lib/python3.10/site-packages/move_tool_to_frame
[1.020s] copying /home/pmlab/yueju/move_tool/build/move_tool_to_frame/build/lib/move_tool_to_frame/move_tool_to_frame_node.py -> /home/pmlab/yueju/move_tool/install/move_tool_to_frame/lib/python3.10/site-packages/move_tool_to_frame
[1.020s] copying /home/pmlab/yueju/move_tool/build/move_tool_to_frame/build/lib/move_tool_to_frame/__init__.py -> /home/pmlab/yueju/move_tool/install/move_tool_to_frame/lib/python3.10/site-packages/move_tool_to_frame
[1.021s] byte-compiling /home/pmlab/yueju/move_tool/install/move_tool_to_frame/lib/python3.10/site-packages/move_tool_to_frame/move_tool_to_frame_node.py to move_tool_to_frame_node.cpython-310.pyc
[1.022s] byte-compiling /home/pmlab/yueju/move_tool/install/move_tool_to_frame/lib/python3.10/site-packages/move_tool_to_frame/__init__.py to __init__.cpython-310.pyc
[1.023s] running install_data
[1.023s] creating /home/pmlab/yueju/move_tool/install/move_tool_to_frame/share/ament_index
[1.023s] creating /home/pmlab/yueju/move_tool/install/move_tool_to_frame/share/ament_index/resource_index
[1.023s] creating /home/pmlab/yueju/move_tool/install/move_tool_to_frame/share/ament_index/resource_index/packages
[1.023s] copying resource/move_tool_to_frame -> /home/pmlab/yueju/move_tool/install/move_tool_to_frame/share/ament_index/resource_index/packages
[1.023s] copying package.xml -> /home/pmlab/yueju/move_tool/install/move_tool_to_frame/share/move_tool_to_frame
[1.023s] running install_egg_info
[1.025s] Copying ../../build/move_tool_to_frame/move_tool_to_frame.egg-info to /home/pmlab/yueju/move_tool/install/move_tool_to_frame/lib/python3.10/site-packages/move_tool_to_frame-0.0.0-py3.10.egg-info
[1.026s] running install_scripts
[1.041s] Installing move_tool_to_frame_node script to /home/pmlab/yueju/move_tool/install/move_tool_to_frame/lib/move_tool_to_frame
[1.041s] writing list of installed files to '/home/pmlab/yueju/move_tool/build/move_tool_to_frame/install.log'
[1.056s] Invoked command in '/home/pmlab/yueju/move_tool/src/move_tool_to_frame' returned '0': PYTHONPATH=/home/pmlab/yueju/move_tool/build/move_tool_to_frame/prefix_override:/home/pmlab/yueju/move_tool/install/move_tool_to_frame/lib/python3.10/site-packages:${PYTHONPATH} /usr/bin/python3 setup.py egg_info --egg-base ../../build/move_tool_to_frame build --build-base /home/pmlab/yueju/move_tool/build/move_tool_to_frame/build install --record /home/pmlab/yueju/move_tool/build/move_tool_to_frame/install.log --single-version-externally-managed
