[0.333s] Invoking command in '/home/pmlab/yueju/move_tool/build/calibration_interface': CMAKE_PREFIX_PATH=${CMAKE_PREFIX_PATH}:/home/pmlab/yueju/move_tool/install/move_tool_to_frame:/home/pmlab/yueju/match_robot/install/pneumatic_controller_listener:/home/pmlab/yueju/match_robot/install/pm_smaract_gripper:/home/pmlab/yueju/match_robot/install/pm_robot_control_test:/home/pmlab/yueju/match_robot/install/pm_confocal:/home/pmlab/pm_ros2_ws/install/ros_sequential_action_programmer:/home/pmlab/pm_ros2_ws/install/pneumatic_controller_listener:/home/pmlab/pm_ros2_ws/install/pm_vision_manager:/home/pmlab/pm_ros2_ws/install/pm_vision_app:/home/pmlab/pm_ros2_ws/install/pm_robot_control_test:/home/pmlab/pm_ros2_ws/install/pm_confocal:/home/pmlab/pm_ros2_ws/install/pm_co_pilot:/home/pmlab/pm_ros2_ws/install/assembly_scene_publisher:/home/pmlab/pm_ros2_ws/install/assembly_manager:/opt/ros/humble /usr/bin/cmake --build /home/pmlab/yueju/move_tool/build/calibration_interface -- -j16 -l16
[0.437s] [ 11%] Built target calibration_interface__cpp
[0.438s] [ 11%] Built target calibration_interface__cs
[0.438s] [ 11%] Built target calibration_interface__rosidl_generator_c
[0.455s] [ 11%] Built target ament_cmake_python_symlink_calibration_interface
[0.475s] [ 13%] [34m[1m/usr/bin/cmake;-version;/usr/bin/dotnet restore calibration_interface_assembly_dotnetcore.csproj;          /usr/bin/dotnet build calibration_interface_assembly_dotnetcore.csproj -> /home/pmlab/yueju/move_tool/build/calibration_interface/calibration_interface_assembly[0m
[0.476s] [ 20%] Built target calibration_interface__rosidl_typesupport_introspection_c
[0.477s] [ 26%] Built target calibration_interface__rosidl_typesupport_c
[0.478s] [ 40%] Built target calibration_interface__rosidl_typesupport_fastrtps_c
[0.478s] [ 40%] Built target calibration_interface__rosidl_typesupport_introspection_cpp
[0.478s] [ 46%] Built target calibration_interface__rosidl_typesupport_cpp
[0.479s] [ 53%] Built target calibration_interface__rosidl_typesupport_fastrtps_cpp
[0.512s] [ 53%] Built target calibration_interface
[0.512s] [ 62%] Built target calibration_interface_srv_calibrate_gripper__rosidl_typesupport_introspection_c
[0.513s] [ 71%] Built target calibration_interface_srv_calibrate_gripper__rosidl_typesupport_c
[0.513s] [ 80%] Built target calibration_interface_srv_calibrate_gripper__rosidl_typesupport_fastrtps_c
[0.549s] cmake version 3.22.1
[0.549s] 
[0.549s] CMake suite maintained and supported by Kitware (kitware.com/cmake).
[0.550s] [ 82%] Built target calibration_interface__py
[0.586s] [ 86%] Built target calibration_interface__rosidl_generator_py
[0.626s] [ 95%] Built target calibration_interface__rosidl_typesupport_c__pyext
[0.626s] [ 95%] Built target calibration_interface__rosidl_typesupport_fastrtps_c__pyext
[0.627s] [100%] Built target calibration_interface__rosidl_typesupport_introspection_c__pyext
[0.772s] [?1h=running egg_info
[0.793s] writing calibration_interface.egg-info/PKG-INFO
[0.794s] writing dependency_links to calibration_interface.egg-info/dependency_links.txt
[0.794s] writing top-level names to calibration_interface.egg-info/top_level.txt
[0.862s] reading manifest file 'calibration_interface.egg-info/SOURCES.txt'
[0.863s] writing manifest file 'calibration_interface.egg-info/SOURCES.txt'
[0.903s] [100%] Built target ament_cmake_python_build_calibration_interface_egg
[1.217s]   Determining projects to restore...
[1.488s]   All projects are up-to-date for restore.
[1.705s] [?1h=MSBuild version 17.4.8+6918b863a for .NET
[2.179s]   Determining projects to restore...
[2.650s]   All projects are up-to-date for restore.
[2.889s]   calibration_interface_assembly_dotnetcore -> /home/pmlab/yueju/move_tool/build/calibration_interface/netstandard2.0/calibration_interface_assembly.dll
[2.899s] [39;49m[92m
[2.899s] Build succeeded.
[2.900s] [39;49m    0 Warning(s)
[2.900s] [39;49m    0 Error(s)
[2.900s] [39;49m
[2.900s] Time Elapsed 00:00:01.12
[2.963s] [100%] Built target calibration_interface_assembly
[2.982s] Invoked command in '/home/pmlab/yueju/move_tool/build/calibration_interface' returned '0': CMAKE_PREFIX_PATH=${CMAKE_PREFIX_PATH}:/home/pmlab/yueju/move_tool/install/move_tool_to_frame:/home/pmlab/yueju/match_robot/install/pneumatic_controller_listener:/home/pmlab/yueju/match_robot/install/pm_smaract_gripper:/home/pmlab/yueju/match_robot/install/pm_robot_control_test:/home/pmlab/yueju/match_robot/install/pm_confocal:/home/pmlab/pm_ros2_ws/install/ros_sequential_action_programmer:/home/pmlab/pm_ros2_ws/install/pneumatic_controller_listener:/home/pmlab/pm_ros2_ws/install/pm_vision_manager:/home/pmlab/pm_ros2_ws/install/pm_vision_app:/home/pmlab/pm_ros2_ws/install/pm_robot_control_test:/home/pmlab/pm_ros2_ws/install/pm_confocal:/home/pmlab/pm_ros2_ws/install/pm_co_pilot:/home/pmlab/pm_ros2_ws/install/assembly_scene_publisher:/home/pmlab/pm_ros2_ws/install/assembly_manager:/opt/ros/humble /usr/bin/cmake --build /home/pmlab/yueju/move_tool/build/calibration_interface -- -j16 -l16
[3.155s] Invoking command in '/home/pmlab/yueju/move_tool/build/calibration_interface': CMAKE_PREFIX_PATH=${CMAKE_PREFIX_PATH}:/home/pmlab/yueju/move_tool/install/move_tool_to_frame:/home/pmlab/yueju/match_robot/install/pneumatic_controller_listener:/home/pmlab/yueju/match_robot/install/pm_smaract_gripper:/home/pmlab/yueju/match_robot/install/pm_robot_control_test:/home/pmlab/yueju/match_robot/install/pm_confocal:/home/pmlab/pm_ros2_ws/install/ros_sequential_action_programmer:/home/pmlab/pm_ros2_ws/install/pneumatic_controller_listener:/home/pmlab/pm_ros2_ws/install/pm_vision_manager:/home/pmlab/pm_ros2_ws/install/pm_vision_app:/home/pmlab/pm_ros2_ws/install/pm_robot_control_test:/home/pmlab/pm_ros2_ws/install/pm_confocal:/home/pmlab/pm_ros2_ws/install/pm_co_pilot:/home/pmlab/pm_ros2_ws/install/assembly_scene_publisher:/home/pmlab/pm_ros2_ws/install/assembly_manager:/opt/ros/humble /usr/bin/cmake --install /home/pmlab/yueju/move_tool/build/calibration_interface
[3.168s] -- Install configuration: ""
[3.169s] -- Execute custom install script
[3.169s] -- Up-to-date symlink: /home/pmlab/yueju/move_tool/install/calibration_interface/share/ament_index/resource_index/rosidl_interfaces/calibration_interface
[3.170s] -- Up-to-date symlink: /home/pmlab/yueju/move_tool/install/calibration_interface/include/calibration_interface/calibration_interface/msg/rosidl_generator_c__visibility_control.h
[3.170s] -- Up-to-date symlink: /home/pmlab/yueju/move_tool/install/calibration_interface/include/calibration_interface/calibration_interface/srv/calibrate_gripper.h
[3.171s] -- Up-to-date symlink: /home/pmlab/yueju/move_tool/install/calibration_interface/include/calibration_interface/calibration_interface/srv/detail/calibrate_gripper__functions.h
[3.171s] -- Up-to-date symlink: /home/pmlab/yueju/move_tool/install/calibration_interface/include/calibration_interface/calibration_interface/srv/detail/calibrate_gripper__struct.h
[3.171s] -- Up-to-date symlink: /home/pmlab/yueju/move_tool/install/calibration_interface/include/calibration_interface/calibration_interface/srv/detail/calibrate_gripper__type_support.h
[3.171s] -- Up-to-date symlink: /home/pmlab/yueju/move_tool/install/calibration_interface/share/calibration_interface/environment/library_path.sh
[3.171s] -- Up-to-date symlink: /home/pmlab/yueju/move_tool/install/calibration_interface/share/calibration_interface/environment/library_path.dsv
[3.172s] -- Up-to-date symlink: /home/pmlab/yueju/move_tool/install/calibration_interface/include/calibration_interface/calibration_interface/msg/rosidl_typesupport_fastrtps_c__visibility_control.h
[3.172s] -- Up-to-date symlink: /home/pmlab/yueju/move_tool/install/calibration_interface/include/calibration_interface/calibration_interface/srv/detail/calibrate_gripper__rosidl_typesupport_fastrtps_c.h
[3.172s] -- Up-to-date symlink: /home/pmlab/yueju/move_tool/install/calibration_interface/include/calibration_interface/calibration_interface/msg/rosidl_typesupport_introspection_c__visibility_control.h
[3.172s] -- Up-to-date symlink: /home/pmlab/yueju/move_tool/install/calibration_interface/include/calibration_interface/calibration_interface/srv/detail/calibrate_gripper__rosidl_typesupport_introspection_c.h
[3.172s] -- Up-to-date symlink: /home/pmlab/yueju/move_tool/install/calibration_interface/include/calibration_interface/calibration_interface/srv/calibrate_gripper.hpp
[3.173s] -- Up-to-date symlink: /home/pmlab/yueju/move_tool/install/calibration_interface/include/calibration_interface/calibration_interface/srv/detail/calibrate_gripper__builder.hpp
[3.173s] -- Up-to-date symlink: /home/pmlab/yueju/move_tool/install/calibration_interface/include/calibration_interface/calibration_interface/srv/detail/calibrate_gripper__struct.hpp
[3.173s] -- Up-to-date symlink: /home/pmlab/yueju/move_tool/install/calibration_interface/include/calibration_interface/calibration_interface/srv/detail/calibrate_gripper__traits.hpp
[3.173s] -- Up-to-date symlink: /home/pmlab/yueju/move_tool/install/calibration_interface/include/calibration_interface/calibration_interface/msg/rosidl_typesupport_fastrtps_cpp__visibility_control.h
[3.173s] -- Up-to-date symlink: /home/pmlab/yueju/move_tool/install/calibration_interface/include/calibration_interface/calibration_interface/srv/detail/calibrate_gripper__rosidl_typesupport_fastrtps_cpp.hpp
[3.174s] -- Up-to-date symlink: /home/pmlab/yueju/move_tool/install/calibration_interface/include/calibration_interface/calibration_interface/srv/detail/calibrate_gripper__rosidl_typesupport_introspection_cpp.hpp
[3.174s] -- Up-to-date symlink: /home/pmlab/yueju/move_tool/install/calibration_interface/lib/dotnet/calibration_interface_assembly.deps.json
[3.174s] -- Up-to-date symlink: /home/pmlab/yueju/move_tool/install/calibration_interface/lib/dotnet/calibration_interface_assembly.dll
[3.174s] -- Up-to-date symlink: /home/pmlab/yueju/move_tool/install/calibration_interface/lib/dotnet/ros2cs_common.dll
[3.174s] -- Up-to-date symlink: /home/pmlab/yueju/move_tool/install/calibration_interface/share/calibration_interface/environment/pythonpath.sh
[3.174s] -- Up-to-date symlink: /home/pmlab/yueju/move_tool/install/calibration_interface/share/calibration_interface/environment/pythonpath.dsv
[3.175s] -- Up-to-date symlink: /home/pmlab/yueju/move_tool/install/calibration_interface/local/lib/python3.10/dist-packages/calibration_interface-0.0.0-py3.10.egg-info/PKG-INFO
[3.175s] -- Up-to-date symlink: /home/pmlab/yueju/move_tool/install/calibration_interface/local/lib/python3.10/dist-packages/calibration_interface-0.0.0-py3.10.egg-info/SOURCES.txt
[3.175s] -- Up-to-date symlink: /home/pmlab/yueju/move_tool/install/calibration_interface/local/lib/python3.10/dist-packages/calibration_interface-0.0.0-py3.10.egg-info/dependency_links.txt
[3.175s] -- Up-to-date symlink: /home/pmlab/yueju/move_tool/install/calibration_interface/local/lib/python3.10/dist-packages/calibration_interface-0.0.0-py3.10.egg-info/top_level.txt
[3.176s] -- Up-to-date symlink: /home/pmlab/yueju/move_tool/install/calibration_interface/local/lib/python3.10/dist-packages/calibration_interface/__init__.py
[3.176s] -- Up-to-date symlink: /home/pmlab/yueju/move_tool/install/calibration_interface/local/lib/python3.10/dist-packages/calibration_interface/_calibration_interface_s.ep.rosidl_typesupport_c.c
[3.176s] -- Up-to-date symlink: /home/pmlab/yueju/move_tool/install/calibration_interface/local/lib/python3.10/dist-packages/calibration_interface/_calibration_interface_s.ep.rosidl_typesupport_fastrtps_c.c
[3.176s] -- Up-to-date symlink: /home/pmlab/yueju/move_tool/install/calibration_interface/local/lib/python3.10/dist-packages/calibration_interface/_calibration_interface_s.ep.rosidl_typesupport_introspection_c.c
[3.176s] -- Up-to-date symlink: /home/pmlab/yueju/move_tool/install/calibration_interface/local/lib/python3.10/dist-packages/calibration_interface/calibration_interface_s__rosidl_typesupport_c.cpython-310-x86_64-linux-gnu.so
[3.176s] -- Up-to-date symlink: /home/pmlab/yueju/move_tool/install/calibration_interface/local/lib/python3.10/dist-packages/calibration_interface/calibration_interface_s__rosidl_typesupport_fastrtps_c.cpython-310-x86_64-linux-gnu.so
[3.177s] -- Up-to-date symlink: /home/pmlab/yueju/move_tool/install/calibration_interface/local/lib/python3.10/dist-packages/calibration_interface/calibration_interface_s__rosidl_typesupport_introspection_c.cpython-310-x86_64-linux-gnu.so
[3.177s] -- Up-to-date symlink: /home/pmlab/yueju/move_tool/install/calibration_interface/local/lib/python3.10/dist-packages/calibration_interface/libcalibration_interface__rosidl_generator_py.so
[3.177s] -- Up-to-date symlink: /home/pmlab/yueju/move_tool/install/calibration_interface/local/lib/python3.10/dist-packages/calibration_interface/srv/__init__.py
[3.177s] -- Up-to-date symlink: /home/pmlab/yueju/move_tool/install/calibration_interface/local/lib/python3.10/dist-packages/calibration_interface/srv/_calibrate_gripper.py
[3.177s] -- Up-to-date symlink: /home/pmlab/yueju/move_tool/install/calibration_interface/local/lib/python3.10/dist-packages/calibration_interface/srv/_calibrate_gripper_s.c
[3.178s] -- Up-to-date symlink: /home/pmlab/yueju/move_tool/install/calibration_interface/local/lib/python3.10/dist-packages/calibration_interface/calibration_interface_s__rosidl_typesupport_fastrtps_c.cpython-310-x86_64-linux-gnu.so
[3.178s] -- Up-to-date symlink: /home/pmlab/yueju/move_tool/install/calibration_interface/local/lib/python3.10/dist-packages/calibration_interface/calibration_interface_s__rosidl_typesupport_introspection_c.cpython-310-x86_64-linux-gnu.so
[3.178s] -- Up-to-date symlink: /home/pmlab/yueju/move_tool/install/calibration_interface/local/lib/python3.10/dist-packages/calibration_interface/calibration_interface_s__rosidl_typesupport_c.cpython-310-x86_64-linux-gnu.so
[3.178s] -- Up-to-date symlink: /home/pmlab/yueju/move_tool/install/calibration_interface/share/calibration_interface/srv/CalibrateGripper.idl
[3.178s] -- Up-to-date symlink: /home/pmlab/yueju/move_tool/install/calibration_interface/share/calibration_interface/srv/CalibrateGripper.srv
[3.179s] -- Up-to-date symlink: /home/pmlab/yueju/move_tool/install/calibration_interface/share/calibration_interface/srv/CalibrateGripper_Request.msg
[3.179s] -- Up-to-date symlink: /home/pmlab/yueju/move_tool/install/calibration_interface/share/calibration_interface/srv/CalibrateGripper_Response.msg
[3.179s] -- Up-to-date symlink: /home/pmlab/yueju/move_tool/install/calibration_interface/share/ament_index/resource_index/package_run_dependencies/calibration_interface
[3.179s] -- Up-to-date symlink: /home/pmlab/yueju/move_tool/install/calibration_interface/share/ament_index/resource_index/parent_prefix_path/calibration_interface
[3.179s] -- Up-to-date symlink: /home/pmlab/yueju/move_tool/install/calibration_interface/share/calibration_interface/environment/ament_prefix_path.sh
[3.179s] -- Up-to-date symlink: /home/pmlab/yueju/move_tool/install/calibration_interface/share/calibration_interface/environment/ament_prefix_path.dsv
[3.180s] -- Up-to-date symlink: /home/pmlab/yueju/move_tool/install/calibration_interface/share/calibration_interface/environment/path.sh
[3.180s] -- Up-to-date symlink: /home/pmlab/yueju/move_tool/install/calibration_interface/share/calibration_interface/environment/path.dsv
[3.180s] -- Up-to-date symlink: /home/pmlab/yueju/move_tool/install/calibration_interface/share/calibration_interface/local_setup.bash
[3.180s] -- Up-to-date symlink: /home/pmlab/yueju/move_tool/install/calibration_interface/share/calibration_interface/local_setup.sh
[3.180s] -- Up-to-date symlink: /home/pmlab/yueju/move_tool/install/calibration_interface/share/calibration_interface/local_setup.zsh
[3.180s] -- Up-to-date symlink: /home/pmlab/yueju/move_tool/install/calibration_interface/share/calibration_interface/local_setup.dsv
[3.181s] -- Symlinking: /home/pmlab/yueju/move_tool/install/calibration_interface/share/calibration_interface/package.dsv
[3.196s] -- Up-to-date symlink: /home/pmlab/yueju/move_tool/install/calibration_interface/share/ament_index/resource_index/packages/calibration_interface
[3.196s] -- Up-to-date symlink: /home/pmlab/yueju/move_tool/install/calibration_interface/share/calibration_interface/cmake/rosidl_cmake-extras.cmake
[3.196s] -- Up-to-date symlink: /home/pmlab/yueju/move_tool/install/calibration_interface/share/calibration_interface/cmake/ament_cmake_export_include_directories-extras.cmake
[3.197s] -- Up-to-date symlink: /home/pmlab/yueju/move_tool/install/calibration_interface/share/calibration_interface/cmake/ament_cmake_export_libraries-extras.cmake
[3.197s] -- Up-to-date symlink: /home/pmlab/yueju/move_tool/install/calibration_interface/share/calibration_interface/cmake/ament_cmake_export_targets-extras.cmake
[3.197s] -- Up-to-date symlink: /home/pmlab/yueju/move_tool/install/calibration_interface/share/calibration_interface/cmake/rosidl_cmake_export_typesupport_targets-extras.cmake
[3.197s] -- Up-to-date symlink: /home/pmlab/yueju/move_tool/install/calibration_interface/share/calibration_interface/cmake/ament_cmake_export_dependencies-extras.cmake
[3.197s] -- Up-to-date symlink: /home/pmlab/yueju/move_tool/install/calibration_interface/share/calibration_interface/cmake/rosidl_cmake_export_typesupport_libraries-extras.cmake
[3.197s] -- Up-to-date symlink: /home/pmlab/yueju/move_tool/install/calibration_interface/share/calibration_interface/cmake/ament_cmake_export_assemblies-extras.cmake
[3.197s] -- Up-to-date symlink: /home/pmlab/yueju/move_tool/install/calibration_interface/share/calibration_interface/cmake/calibration_interfaceConfig.cmake
[3.197s] -- Up-to-date symlink: /home/pmlab/yueju/move_tool/install/calibration_interface/share/calibration_interface/cmake/calibration_interfaceConfig-version.cmake
[3.197s] -- Up-to-date symlink: /home/pmlab/yueju/move_tool/install/calibration_interface/share/calibration_interface/package.xml
[3.198s] -- Up-to-date: /home/pmlab/yueju/move_tool/install/calibration_interface/lib/libcalibration_interface__rosidl_generator_c.so
[3.198s] -- Up-to-date: /home/pmlab/yueju/move_tool/install/calibration_interface/lib/libcalibration_interface__rosidl_typesupport_fastrtps_c.so
[3.198s] -- Up-to-date: /home/pmlab/yueju/move_tool/install/calibration_interface/lib/libcalibration_interface__rosidl_typesupport_introspection_c.so
[3.199s] -- Up-to-date: /home/pmlab/yueju/move_tool/install/calibration_interface/lib/libcalibration_interface__rosidl_typesupport_c.so
[3.199s] -- Up-to-date: /home/pmlab/yueju/move_tool/install/calibration_interface/lib/libcalibration_interface__rosidl_typesupport_fastrtps_cpp.so
[3.199s] -- Up-to-date: /home/pmlab/yueju/move_tool/install/calibration_interface/lib/libcalibration_interface__rosidl_typesupport_introspection_cpp.so
[3.200s] -- Up-to-date: /home/pmlab/yueju/move_tool/install/calibration_interface/lib/libcalibration_interface__rosidl_typesupport_cpp.so
[3.200s] -- Up-to-date: /home/pmlab/yueju/move_tool/install/calibration_interface/lib/libcalibration_interface_srv_calibrate_gripper__rosidl_typesupport_c_native.so
[3.201s] -- Up-to-date: /home/pmlab/yueju/move_tool/install/calibration_interface/lib/libcalibration_interface_srv_calibrate_gripper__rosidl_typesupport_fastrtps_c_native.so
[3.201s] -- Up-to-date: /home/pmlab/yueju/move_tool/install/calibration_interface/lib/libcalibration_interface_srv_calibrate_gripper__rosidl_typesupport_introspection_c_native.so
[3.254s] Listing '/home/pmlab/yueju/move_tool/install/calibration_interface/local/lib/python3.10/dist-packages/calibration_interface'...
[3.254s] Listing '/home/pmlab/yueju/move_tool/install/calibration_interface/local/lib/python3.10/dist-packages/calibration_interface/srv'...
[3.259s] -- Up-to-date: /home/pmlab/yueju/move_tool/install/calibration_interface/lib/libcalibration_interface__rosidl_generator_py.so
[3.259s] -- Up-to-date: /home/pmlab/yueju/move_tool/install/calibration_interface/share/calibration_interface/cmake/export_calibration_interface__rosidl_generator_cExport.cmake
[3.260s] -- Up-to-date: /home/pmlab/yueju/move_tool/install/calibration_interface/share/calibration_interface/cmake/export_calibration_interface__rosidl_generator_cExport-noconfig.cmake
[3.260s] -- Up-to-date: /home/pmlab/yueju/move_tool/install/calibration_interface/share/calibration_interface/cmake/export_calibration_interface__rosidl_typesupport_fastrtps_cExport.cmake
[3.260s] -- Up-to-date: /home/pmlab/yueju/move_tool/install/calibration_interface/share/calibration_interface/cmake/export_calibration_interface__rosidl_typesupport_fastrtps_cExport-noconfig.cmake
[3.260s] -- Up-to-date: /home/pmlab/yueju/move_tool/install/calibration_interface/share/calibration_interface/cmake/calibration_interface__rosidl_typesupport_introspection_cExport.cmake
[3.260s] -- Up-to-date: /home/pmlab/yueju/move_tool/install/calibration_interface/share/calibration_interface/cmake/calibration_interface__rosidl_typesupport_introspection_cExport-noconfig.cmake
[3.261s] -- Up-to-date: /home/pmlab/yueju/move_tool/install/calibration_interface/share/calibration_interface/cmake/calibration_interface__rosidl_typesupport_cExport.cmake
[3.261s] -- Up-to-date: /home/pmlab/yueju/move_tool/install/calibration_interface/share/calibration_interface/cmake/calibration_interface__rosidl_typesupport_cExport-noconfig.cmake
[3.261s] -- Up-to-date: /home/pmlab/yueju/move_tool/install/calibration_interface/share/calibration_interface/cmake/export_calibration_interface__rosidl_generator_cppExport.cmake
[3.261s] -- Up-to-date: /home/pmlab/yueju/move_tool/install/calibration_interface/share/calibration_interface/cmake/export_calibration_interface__rosidl_typesupport_fastrtps_cppExport.cmake
[3.261s] -- Up-to-date: /home/pmlab/yueju/move_tool/install/calibration_interface/share/calibration_interface/cmake/export_calibration_interface__rosidl_typesupport_fastrtps_cppExport-noconfig.cmake
[3.261s] -- Up-to-date: /home/pmlab/yueju/move_tool/install/calibration_interface/share/calibration_interface/cmake/calibration_interface__rosidl_typesupport_introspection_cppExport.cmake
[3.262s] -- Up-to-date: /home/pmlab/yueju/move_tool/install/calibration_interface/share/calibration_interface/cmake/calibration_interface__rosidl_typesupport_introspection_cppExport-noconfig.cmake
[3.262s] -- Up-to-date: /home/pmlab/yueju/move_tool/install/calibration_interface/share/calibration_interface/cmake/calibration_interface__rosidl_typesupport_cppExport.cmake
[3.262s] -- Up-to-date: /home/pmlab/yueju/move_tool/install/calibration_interface/share/calibration_interface/cmake/calibration_interface__rosidl_typesupport_cppExport-noconfig.cmake
[3.262s] -- Up-to-date: /home/pmlab/yueju/move_tool/install/calibration_interface/share/calibration_interface/cmake/export_calibration_interface__rosidl_generator_pyExport.cmake
[3.262s] -- Up-to-date: /home/pmlab/yueju/move_tool/install/calibration_interface/share/calibration_interface/cmake/export_calibration_interface__rosidl_generator_pyExport-noconfig.cmake
[3.265s] Invoked command in '/home/pmlab/yueju/move_tool/build/calibration_interface' returned '0': CMAKE_PREFIX_PATH=${CMAKE_PREFIX_PATH}:/home/pmlab/yueju/move_tool/install/move_tool_to_frame:/home/pmlab/yueju/match_robot/install/pneumatic_controller_listener:/home/pmlab/yueju/match_robot/install/pm_smaract_gripper:/home/pmlab/yueju/match_robot/install/pm_robot_control_test:/home/pmlab/yueju/match_robot/install/pm_confocal:/home/pmlab/pm_ros2_ws/install/ros_sequential_action_programmer:/home/pmlab/pm_ros2_ws/install/pneumatic_controller_listener:/home/pmlab/pm_ros2_ws/install/pm_vision_manager:/home/pmlab/pm_ros2_ws/install/pm_vision_app:/home/pmlab/pm_ros2_ws/install/pm_robot_control_test:/home/pmlab/pm_ros2_ws/install/pm_confocal:/home/pmlab/pm_ros2_ws/install/pm_co_pilot:/home/pmlab/pm_ros2_ws/install/assembly_scene_publisher:/home/pmlab/pm_ros2_ws/install/assembly_manager:/opt/ros/humble /usr/bin/cmake --install /home/pmlab/yueju/move_tool/build/calibration_interface
