[0.184s] DEBUG:colcon:Command line arguments: ['/usr/bin/colcon', 'build']
[0.184s] DEBUG:colcon:Parsed command line arguments: Namespace(log_base=None, log_level=None, verb_name='build', build_base='build', install_base='install', merge_install=False, symlink_install=False, test_result_base=None, continue_on_error=False, executor='parallel', parallel_workers=24, event_handlers=None, ignore_user_meta=False, metas=['./colcon.meta'], base_paths=['.'], packages_ignore=None, packages_ignore_regex=None, paths=None, packages_up_to=None, packages_up_to_regex=None, packages_above=None, packages_above_and_dependencies=None, packages_above_depth=None, packages_select_by_dep=None, packages_skip_by_dep=None, packages_skip_up_to=None, packages_select_build_failed=False, packages_skip_build_finished=False, packages_select_test_failures=False, packages_skip_test_passed=False, packages_select=None, packages_skip=None, packages_select_regex=None, packages_skip_regex=None, packages_start=None, packages_end=None, allow_overriding=[], cmake_args=None, cmake_target=None, cmake_target_skip_unavailable=False, cmake_clean_cache=False, cmake_clean_first=False, cmake_force_configure=False, ament_cmake_args=None, catkin_cmake_args=None, catkin_skip_building_tests=False, verb_parser=<colcon_defaults.argument_parser.defaults.DefaultArgumentsDecorator object at 0x7d6ab2144c10>, verb_extension=<colcon_core.verb.build.BuildVerb object at 0x7d6ab2144610>, main=<bound method BuildVerb.main of <colcon_core.verb.build.BuildVerb object at 0x7d6ab2144610>>)
[0.431s] Level 1:colcon.colcon_core.package_discovery:discover_packages(colcon_meta) check parameters
[0.432s] Level 1:colcon.colcon_core.package_discovery:discover_packages(recursive) check parameters
[0.432s] Level 1:colcon.colcon_core.package_discovery:discover_packages(ignore) check parameters
[0.432s] Level 1:colcon.colcon_core.package_discovery:discover_packages(path) check parameters
[0.432s] Level 1:colcon.colcon_core.package_discovery:discover_packages(colcon_meta) discover
[0.432s] Level 1:colcon.colcon_core.package_discovery:discover_packages(recursive) discover
[0.432s] INFO:colcon.colcon_core.package_discovery:Crawling recursively for packages in '/home/pmlab/yueju/move_tool'
[0.432s] Level 1:colcon.colcon_core.package_identification:_identify(.) by extensions ['ignore', 'ignore_ament_install']
[0.432s] Level 1:colcon.colcon_core.package_identification:_identify(.) by extension 'ignore'
[0.432s] Level 1:colcon.colcon_core.package_identification:_identify(.) by extension 'ignore_ament_install'
[0.432s] Level 1:colcon.colcon_core.package_identification:_identify(.) by extensions ['colcon_pkg']
[0.432s] Level 1:colcon.colcon_core.package_identification:_identify(.) by extension 'colcon_pkg'
[0.432s] Level 1:colcon.colcon_core.package_identification:_identify(.) by extensions ['colcon_meta']
[0.432s] Level 1:colcon.colcon_core.package_identification:_identify(.) by extension 'colcon_meta'
[0.432s] Level 1:colcon.colcon_core.package_identification:_identify(.) by extensions ['ros']
[0.432s] Level 1:colcon.colcon_core.package_identification:_identify(.) by extension 'ros'
[0.441s] Level 1:colcon.colcon_core.package_identification:_identify(.) by extensions ['cmake', 'python']
[0.441s] Level 1:colcon.colcon_core.package_identification:_identify(.) by extension 'cmake'
[0.441s] Level 1:colcon.colcon_core.package_identification:_identify(.) by extension 'python'
[0.441s] Level 1:colcon.colcon_core.package_identification:_identify(.) by extensions ['python_setup_py']
[0.441s] Level 1:colcon.colcon_core.package_identification:_identify(.) by extension 'python_setup_py'
[0.441s] Level 1:colcon.colcon_core.package_identification:_identify(build) by extensions ['ignore', 'ignore_ament_install']
[0.442s] Level 1:colcon.colcon_core.package_identification:_identify(build) by extension 'ignore'
[0.442s] Level 1:colcon.colcon_core.package_identification:_identify(build) ignored
[0.442s] Level 1:colcon.colcon_core.package_identification:_identify(install) by extensions ['ignore', 'ignore_ament_install']
[0.442s] Level 1:colcon.colcon_core.package_identification:_identify(install) by extension 'ignore'
[0.442s] Level 1:colcon.colcon_core.package_identification:_identify(install) ignored
[0.442s] Level 1:colcon.colcon_core.package_identification:_identify(log) by extensions ['ignore', 'ignore_ament_install']
[0.442s] Level 1:colcon.colcon_core.package_identification:_identify(log) by extension 'ignore'
[0.442s] Level 1:colcon.colcon_core.package_identification:_identify(log) ignored
[0.442s] Level 1:colcon.colcon_core.package_identification:_identify(src) by extensions ['ignore', 'ignore_ament_install']
[0.442s] Level 1:colcon.colcon_core.package_identification:_identify(src) by extension 'ignore'
[0.442s] Level 1:colcon.colcon_core.package_identification:_identify(src) by extension 'ignore_ament_install'
[0.442s] Level 1:colcon.colcon_core.package_identification:_identify(src) by extensions ['colcon_pkg']
[0.442s] Level 1:colcon.colcon_core.package_identification:_identify(src) by extension 'colcon_pkg'
[0.442s] Level 1:colcon.colcon_core.package_identification:_identify(src) by extensions ['colcon_meta']
[0.442s] Level 1:colcon.colcon_core.package_identification:_identify(src) by extension 'colcon_meta'
[0.442s] Level 1:colcon.colcon_core.package_identification:_identify(src) by extensions ['ros']
[0.442s] Level 1:colcon.colcon_core.package_identification:_identify(src) by extension 'ros'
[0.443s] Level 1:colcon.colcon_core.package_identification:_identify(src) by extensions ['cmake', 'python']
[0.443s] Level 1:colcon.colcon_core.package_identification:_identify(src) by extension 'cmake'
[0.443s] Level 1:colcon.colcon_core.package_identification:_identify(src) by extension 'python'
[0.443s] Level 1:colcon.colcon_core.package_identification:_identify(src) by extensions ['python_setup_py']
[0.443s] Level 1:colcon.colcon_core.package_identification:_identify(src) by extension 'python_setup_py'
[0.443s] Level 1:colcon.colcon_core.package_identification:_identify(src/calibration_interface) by extensions ['ignore', 'ignore_ament_install']
[0.443s] Level 1:colcon.colcon_core.package_identification:_identify(src/calibration_interface) by extension 'ignore'
[0.443s] Level 1:colcon.colcon_core.package_identification:_identify(src/calibration_interface) by extension 'ignore_ament_install'
[0.443s] Level 1:colcon.colcon_core.package_identification:_identify(src/calibration_interface) by extensions ['colcon_pkg']
[0.443s] Level 1:colcon.colcon_core.package_identification:_identify(src/calibration_interface) by extension 'colcon_pkg'
[0.443s] Level 1:colcon.colcon_core.package_identification:_identify(src/calibration_interface) by extensions ['colcon_meta']
[0.443s] Level 1:colcon.colcon_core.package_identification:_identify(src/calibration_interface) by extension 'colcon_meta'
[0.443s] Level 1:colcon.colcon_core.package_identification:_identify(src/calibration_interface) by extensions ['ros']
[0.443s] Level 1:colcon.colcon_core.package_identification:_identify(src/calibration_interface) by extension 'ros'
[0.445s] DEBUG:colcon.colcon_core.package_identification:Package 'src/calibration_interface' with type 'ros.ament_cmake' and name 'calibration_interface'
[0.445s] Level 1:colcon.colcon_core.package_identification:_identify(src/move_tool_to_frame) by extensions ['ignore', 'ignore_ament_install']
[0.445s] Level 1:colcon.colcon_core.package_identification:_identify(src/move_tool_to_frame) by extension 'ignore'
[0.445s] Level 1:colcon.colcon_core.package_identification:_identify(src/move_tool_to_frame) by extension 'ignore_ament_install'
[0.445s] Level 1:colcon.colcon_core.package_identification:_identify(src/move_tool_to_frame) by extensions ['colcon_pkg']
[0.445s] Level 1:colcon.colcon_core.package_identification:_identify(src/move_tool_to_frame) by extension 'colcon_pkg'
[0.445s] Level 1:colcon.colcon_core.package_identification:_identify(src/move_tool_to_frame) by extensions ['colcon_meta']
[0.445s] Level 1:colcon.colcon_core.package_identification:_identify(src/move_tool_to_frame) by extension 'colcon_meta'
[0.445s] Level 1:colcon.colcon_core.package_identification:_identify(src/move_tool_to_frame) by extensions ['ros']
[0.445s] Level 1:colcon.colcon_core.package_identification:_identify(src/move_tool_to_frame) by extension 'ros'
[0.446s] DEBUG:colcon.colcon_core.package_identification:Package 'src/move_tool_to_frame' with type 'ros.ament_python' and name 'move_tool_to_frame'
[0.446s] Level 1:colcon.colcon_core.package_discovery:discover_packages(recursive) using defaults
[0.446s] Level 1:colcon.colcon_core.package_discovery:discover_packages(ignore) discover
[0.446s] Level 1:colcon.colcon_core.package_discovery:discover_packages(ignore) using defaults
[0.446s] Level 1:colcon.colcon_core.package_discovery:discover_packages(path) discover
[0.446s] Level 1:colcon.colcon_core.package_discovery:discover_packages(path) using defaults
[0.495s] Level 1:colcon.colcon_core.package_discovery:discover_packages(prefix_path) check parameters
[0.495s] Level 1:colcon.colcon_core.package_discovery:discover_packages(prefix_path) discover
[0.502s] DEBUG:colcon.colcon_installed_package_information.package_discovery:Found 22 installed packages in /home/pmlab/ros2_ws/install
[0.503s] DEBUG:colcon.colcon_installed_package_information.package_discovery:Found 28 installed packages in /home/pmlab/rajan_ros2_ws/install
[0.506s] DEBUG:colcon.colcon_installed_package_information.package_discovery:Found 49 installed packages in /home/pmlab/Documents/ros2-for-unity/install
[0.507s] DEBUG:colcon.colcon_installed_package_information.package_discovery:Found 30 installed packages in /home/pmlab/rajan_ros2_ws/src/install
[0.510s] DEBUG:colcon.colcon_installed_package_information.package_discovery:Found 2 installed packages in /home/pmlab/yueju/move_tool/install
[0.512s] DEBUG:colcon.colcon_installed_package_information.package_discovery:Found 412 installed packages in /opt/ros/humble
[0.515s] Level 1:colcon.colcon_core.package_discovery:discover_packages(prefix_path) using defaults
[0.600s] Level 5:colcon.colcon_core.verb:set package 'calibration_interface' build argument 'cmake_args' from command line to 'None'
[0.600s] Level 5:colcon.colcon_core.verb:set package 'calibration_interface' build argument 'cmake_target' from command line to 'None'
[0.600s] Level 5:colcon.colcon_core.verb:set package 'calibration_interface' build argument 'cmake_target_skip_unavailable' from command line to 'False'
[0.600s] Level 5:colcon.colcon_core.verb:set package 'calibration_interface' build argument 'cmake_clean_cache' from command line to 'False'
[0.600s] Level 5:colcon.colcon_core.verb:set package 'calibration_interface' build argument 'cmake_clean_first' from command line to 'False'
[0.600s] Level 5:colcon.colcon_core.verb:set package 'calibration_interface' build argument 'cmake_force_configure' from command line to 'False'
[0.600s] Level 5:colcon.colcon_core.verb:set package 'calibration_interface' build argument 'ament_cmake_args' from command line to 'None'
[0.600s] Level 5:colcon.colcon_core.verb:set package 'calibration_interface' build argument 'catkin_cmake_args' from command line to 'None'
[0.600s] Level 5:colcon.colcon_core.verb:set package 'calibration_interface' build argument 'catkin_skip_building_tests' from command line to 'False'
[0.600s] DEBUG:colcon.colcon_core.verb:Building package 'calibration_interface' with the following arguments: {'ament_cmake_args': None, 'build_base': '/home/pmlab/yueju/move_tool/build/calibration_interface', 'catkin_cmake_args': None, 'catkin_skip_building_tests': False, 'cmake_args': None, 'cmake_clean_cache': False, 'cmake_clean_first': False, 'cmake_force_configure': False, 'cmake_target': None, 'cmake_target_skip_unavailable': False, 'install_base': '/home/pmlab/yueju/move_tool/install/calibration_interface', 'merge_install': False, 'path': '/home/pmlab/yueju/move_tool/src/calibration_interface', 'symlink_install': False, 'test_result_base': None}
[0.600s] Level 5:colcon.colcon_core.verb:set package 'move_tool_to_frame' build argument 'cmake_args' from command line to 'None'
[0.600s] Level 5:colcon.colcon_core.verb:set package 'move_tool_to_frame' build argument 'cmake_target' from command line to 'None'
[0.600s] Level 5:colcon.colcon_core.verb:set package 'move_tool_to_frame' build argument 'cmake_target_skip_unavailable' from command line to 'False'
[0.600s] Level 5:colcon.colcon_core.verb:set package 'move_tool_to_frame' build argument 'cmake_clean_cache' from command line to 'False'
[0.600s] Level 5:colcon.colcon_core.verb:set package 'move_tool_to_frame' build argument 'cmake_clean_first' from command line to 'False'
[0.600s] Level 5:colcon.colcon_core.verb:set package 'move_tool_to_frame' build argument 'cmake_force_configure' from command line to 'False'
[0.600s] Level 5:colcon.colcon_core.verb:set package 'move_tool_to_frame' build argument 'ament_cmake_args' from command line to 'None'
[0.600s] Level 5:colcon.colcon_core.verb:set package 'move_tool_to_frame' build argument 'catkin_cmake_args' from command line to 'None'
[0.600s] Level 5:colcon.colcon_core.verb:set package 'move_tool_to_frame' build argument 'catkin_skip_building_tests' from command line to 'False'
[0.600s] DEBUG:colcon.colcon_core.verb:Building package 'move_tool_to_frame' with the following arguments: {'ament_cmake_args': None, 'build_base': '/home/pmlab/yueju/move_tool/build/move_tool_to_frame', 'catkin_cmake_args': None, 'catkin_skip_building_tests': False, 'cmake_args': None, 'cmake_clean_cache': False, 'cmake_clean_first': False, 'cmake_force_configure': False, 'cmake_target': None, 'cmake_target_skip_unavailable': False, 'install_base': '/home/pmlab/yueju/move_tool/install/move_tool_to_frame', 'merge_install': False, 'path': '/home/pmlab/yueju/move_tool/src/move_tool_to_frame', 'symlink_install': False, 'test_result_base': None}
[0.601s] INFO:colcon.colcon_core.executor:Executing jobs using 'parallel' executor
[0.601s] DEBUG:colcon.colcon_parallel_executor.executor.parallel:run_until_complete
[0.602s] INFO:colcon.colcon_ros.task.ament_cmake.build:Building ROS package in '/home/pmlab/yueju/move_tool/src/calibration_interface' with build type 'ament_cmake'
[0.602s] INFO:colcon.colcon_cmake.task.cmake.build:Building CMake package in '/home/pmlab/yueju/move_tool/src/calibration_interface'
[0.605s] INFO:colcon.colcon_core.plugin_system:Skipping extension 'colcon_core.shell.bat': Not used on non-Windows systems
[0.606s] INFO:colcon.colcon_core.shell:Skip shell extension 'powershell' for command environment: Not usable outside of PowerShell
[0.606s] DEBUG:colcon.colcon_core.shell:Skip shell extension 'dsv' for command environment
[0.618s] INFO:colcon.colcon_ros.task.ament_python.build:Building ROS package in '/home/pmlab/yueju/move_tool/src/move_tool_to_frame' with build type 'ament_python'
[0.618s] Level 1:colcon.colcon_core.shell:create_environment_hook('move_tool_to_frame', 'ament_prefix_path')
[0.618s] INFO:colcon.colcon_core.shell:Creating environment hook '/home/pmlab/yueju/move_tool/install/move_tool_to_frame/share/move_tool_to_frame/hook/ament_prefix_path.ps1'
[0.619s] INFO:colcon.colcon_core.shell:Creating environment descriptor '/home/pmlab/yueju/move_tool/install/move_tool_to_frame/share/move_tool_to_frame/hook/ament_prefix_path.dsv'
[0.619s] INFO:colcon.colcon_core.shell:Creating environment hook '/home/pmlab/yueju/move_tool/install/move_tool_to_frame/share/move_tool_to_frame/hook/ament_prefix_path.sh'
[0.620s] INFO:colcon.colcon_core.shell:Skip shell extension 'powershell' for command environment: Not usable outside of PowerShell
[0.620s] DEBUG:colcon.colcon_core.shell:Skip shell extension 'dsv' for command environment
[0.640s] DEBUG:colcon.colcon_core.event_handler.log_command:Invoking command in '/home/pmlab/yueju/move_tool/build/calibration_interface': CMAKE_PREFIX_PATH=${CMAKE_PREFIX_PATH}:/home/pmlab/yueju/move_tool/install/move_tool_to_frame:/home/pmlab/rajan_ros2_ws/src/install/pneumatic_controller_listener:/home/pmlab/rajan_ros2_ws/src/install/pm_smaract_gripper:/home/pmlab/rajan_ros2_ws/src/install/pm_robot_control_test:/home/pmlab/rajan_ros2_ws/src/install/pm_confocal:/home/pmlab/rajan_ros2_ws/install/pneumatic_controller_listener:/home/pmlab/rajan_ros2_ws/install/pm_smaract_gripper:/home/pmlab/rajan_ros2_ws/install/pm_robot_control_test:/home/pmlab/rajan_ros2_ws/install/pm_confocal:/home/pmlab/ros2_ws/install/ros_sequential_action_programmer:/opt/ros/humble /usr/bin/cmake /home/pmlab/yueju/move_tool/src/calibration_interface -DCMAKE_INSTALL_PREFIX=/home/pmlab/yueju/move_tool/install/calibration_interface
[0.944s] INFO:colcon.colcon_core.task.python.build:Building Python package in '/home/pmlab/yueju/move_tool/src/move_tool_to_frame'
[0.944s] INFO:colcon.colcon_core.shell:Skip shell extension 'powershell' for command environment: Not usable outside of PowerShell
[0.944s] DEBUG:colcon.colcon_core.shell:Skip shell extension 'dsv' for command environment
[1.455s] DEBUG:colcon.colcon_core.event_handler.log_command:Invoking command in '/home/pmlab/yueju/move_tool/build/move_tool_to_frame': PYTHONPATH=/home/pmlab/yueju/move_tool/build/move_tool_to_frame/prefix_override:/home/pmlab/yueju/move_tool/install/move_tool_to_frame/lib/python3.10/site-packages:${PYTHONPATH} /usr/bin/python3 -W ignore:setup.py install is deprecated setup.py develop --uninstall --editable --build-directory /home/pmlab/yueju/move_tool/build/move_tool_to_frame/build
[1.952s] DEBUG:colcon.colcon_core.event_handler.log_command:Invoked command in '/home/pmlab/yueju/move_tool/build/move_tool_to_frame' returned '0': PYTHONPATH=/home/pmlab/yueju/move_tool/build/move_tool_to_frame/prefix_override:/home/pmlab/yueju/move_tool/install/move_tool_to_frame/lib/python3.10/site-packages:${PYTHONPATH} /usr/bin/python3 -W ignore:setup.py install is deprecated setup.py develop --uninstall --editable --build-directory /home/pmlab/yueju/move_tool/build/move_tool_to_frame/build
[1.954s] DEBUG:colcon.colcon_core.event_handler.log_command:Invoking command in '/home/pmlab/yueju/move_tool/src/move_tool_to_frame': PYTHONPATH=/home/pmlab/yueju/move_tool/build/move_tool_to_frame/prefix_override:/home/pmlab/yueju/move_tool/install/move_tool_to_frame/lib/python3.10/site-packages:${PYTHONPATH} /usr/bin/python3 -W ignore:setup.py install is deprecated setup.py egg_info --egg-base ../../build/move_tool_to_frame build --build-base /home/pmlab/yueju/move_tool/build/move_tool_to_frame/build install --record /home/pmlab/yueju/move_tool/build/move_tool_to_frame/install.log --single-version-externally-managed install_data --force
[2.289s] DEBUG:colcon.colcon_core.event_handler.log_command:Invoked command in '/home/pmlab/yueju/move_tool/src/move_tool_to_frame' returned '0': PYTHONPATH=/home/pmlab/yueju/move_tool/build/move_tool_to_frame/prefix_override:/home/pmlab/yueju/move_tool/install/move_tool_to_frame/lib/python3.10/site-packages:${PYTHONPATH} /usr/bin/python3 -W ignore:setup.py install is deprecated setup.py egg_info --egg-base ../../build/move_tool_to_frame build --build-base /home/pmlab/yueju/move_tool/build/move_tool_to_frame/build install --record /home/pmlab/yueju/move_tool/build/move_tool_to_frame/install.log --single-version-externally-managed install_data --force
[2.298s] Level 1:colcon.colcon_core.environment:checking '/home/pmlab/yueju/move_tool/install/move_tool_to_frame' for CMake module files
[2.298s] Level 1:colcon.colcon_core.environment:checking '/home/pmlab/yueju/move_tool/install/move_tool_to_frame' for CMake config files
[2.299s] Level 1:colcon.colcon_core.environment:checking '/home/pmlab/yueju/move_tool/install/move_tool_to_frame/lib'
[2.299s] Level 1:colcon.colcon_core.environment:checking '/home/pmlab/yueju/move_tool/install/move_tool_to_frame/bin'
[2.299s] Level 1:colcon.colcon_core.environment:checking '/home/pmlab/yueju/move_tool/install/move_tool_to_frame/lib/pkgconfig/move_tool_to_frame.pc'
[2.300s] Level 1:colcon.colcon_core.environment:checking '/home/pmlab/yueju/move_tool/install/move_tool_to_frame/lib/python3.10/site-packages'
[2.300s] Level 1:colcon.colcon_core.shell:create_environment_hook('move_tool_to_frame', 'pythonpath')
[2.300s] INFO:colcon.colcon_core.shell:Creating environment hook '/home/pmlab/yueju/move_tool/install/move_tool_to_frame/share/move_tool_to_frame/hook/pythonpath.ps1'
[2.300s] INFO:colcon.colcon_core.shell:Creating environment descriptor '/home/pmlab/yueju/move_tool/install/move_tool_to_frame/share/move_tool_to_frame/hook/pythonpath.dsv'
[2.300s] INFO:colcon.colcon_core.shell:Creating environment hook '/home/pmlab/yueju/move_tool/install/move_tool_to_frame/share/move_tool_to_frame/hook/pythonpath.sh'
[2.301s] Level 1:colcon.colcon_core.environment:checking '/home/pmlab/yueju/move_tool/install/move_tool_to_frame/bin'
[2.301s] Level 1:colcon.colcon_core.environment:create_environment_scripts_only(move_tool_to_frame)
[2.301s] INFO:colcon.colcon_core.shell:Creating package script '/home/pmlab/yueju/move_tool/install/move_tool_to_frame/share/move_tool_to_frame/package.ps1'
[2.302s] INFO:colcon.colcon_core.shell:Creating package descriptor '/home/pmlab/yueju/move_tool/install/move_tool_to_frame/share/move_tool_to_frame/package.dsv'
[2.302s] INFO:colcon.colcon_core.shell:Creating package script '/home/pmlab/yueju/move_tool/install/move_tool_to_frame/share/move_tool_to_frame/package.sh'
[2.303s] INFO:colcon.colcon_core.shell:Creating package script '/home/pmlab/yueju/move_tool/install/move_tool_to_frame/share/move_tool_to_frame/package.bash'
[2.304s] INFO:colcon.colcon_core.shell:Creating package script '/home/pmlab/yueju/move_tool/install/move_tool_to_frame/share/move_tool_to_frame/package.zsh'
[2.304s] Level 1:colcon.colcon_core.environment:create_file_with_runtime_dependencies(/home/pmlab/yueju/move_tool/install/move_tool_to_frame/share/colcon-core/packages/move_tool_to_frame)
[2.445s] DEBUG:colcon.colcon_core.event_handler.log_command:Invoked command in '/home/pmlab/yueju/move_tool/build/calibration_interface' returned '0': CMAKE_PREFIX_PATH=${CMAKE_PREFIX_PATH}:/home/pmlab/yueju/move_tool/install/move_tool_to_frame:/home/pmlab/rajan_ros2_ws/src/install/pneumatic_controller_listener:/home/pmlab/rajan_ros2_ws/src/install/pm_smaract_gripper:/home/pmlab/rajan_ros2_ws/src/install/pm_robot_control_test:/home/pmlab/rajan_ros2_ws/src/install/pm_confocal:/home/pmlab/rajan_ros2_ws/install/pneumatic_controller_listener:/home/pmlab/rajan_ros2_ws/install/pm_smaract_gripper:/home/pmlab/rajan_ros2_ws/install/pm_robot_control_test:/home/pmlab/rajan_ros2_ws/install/pm_confocal:/home/pmlab/ros2_ws/install/ros_sequential_action_programmer:/opt/ros/humble /usr/bin/cmake /home/pmlab/yueju/move_tool/src/calibration_interface -DCMAKE_INSTALL_PREFIX=/home/pmlab/yueju/move_tool/install/calibration_interface
[2.446s] DEBUG:colcon.colcon_core.event_handler.log_command:Invoking command in '/home/pmlab/yueju/move_tool/build/calibration_interface': CMAKE_PREFIX_PATH=${CMAKE_PREFIX_PATH}:/home/pmlab/yueju/move_tool/install/move_tool_to_frame:/home/pmlab/rajan_ros2_ws/src/install/pneumatic_controller_listener:/home/pmlab/rajan_ros2_ws/src/install/pm_smaract_gripper:/home/pmlab/rajan_ros2_ws/src/install/pm_robot_control_test:/home/pmlab/rajan_ros2_ws/src/install/pm_confocal:/home/pmlab/rajan_ros2_ws/install/pneumatic_controller_listener:/home/pmlab/rajan_ros2_ws/install/pm_smaract_gripper:/home/pmlab/rajan_ros2_ws/install/pm_robot_control_test:/home/pmlab/rajan_ros2_ws/install/pm_confocal:/home/pmlab/ros2_ws/install/ros_sequential_action_programmer:/opt/ros/humble /usr/bin/cmake --build /home/pmlab/yueju/move_tool/build/calibration_interface -- -j24 -l24
[2.561s] DEBUG:colcon.colcon_core.event_handler.log_command:Invoked command in '/home/pmlab/yueju/move_tool/build/calibration_interface' returned '2': CMAKE_PREFIX_PATH=${CMAKE_PREFIX_PATH}:/home/pmlab/yueju/move_tool/install/move_tool_to_frame:/home/pmlab/rajan_ros2_ws/src/install/pneumatic_controller_listener:/home/pmlab/rajan_ros2_ws/src/install/pm_smaract_gripper:/home/pmlab/rajan_ros2_ws/src/install/pm_robot_control_test:/home/pmlab/rajan_ros2_ws/src/install/pm_confocal:/home/pmlab/rajan_ros2_ws/install/pneumatic_controller_listener:/home/pmlab/rajan_ros2_ws/install/pm_smaract_gripper:/home/pmlab/rajan_ros2_ws/install/pm_robot_control_test:/home/pmlab/rajan_ros2_ws/install/pm_confocal:/home/pmlab/ros2_ws/install/ros_sequential_action_programmer:/opt/ros/humble /usr/bin/cmake --build /home/pmlab/yueju/move_tool/build/calibration_interface -- -j24 -l24
[2.765s] Level 1:colcon.colcon_core.environment:create_environment_scripts_only(calibration_interface)
[2.766s] Level 1:colcon.colcon_core.environment:checking '/home/pmlab/yueju/move_tool/install/calibration_interface' for CMake module files
[2.766s] Level 1:colcon.colcon_core.environment:checking '/home/pmlab/yueju/move_tool/install/calibration_interface' for CMake config files
[2.767s] Level 1:colcon.colcon_core.shell:create_environment_hook('calibration_interface', 'cmake_prefix_path')
[2.767s] INFO:colcon.colcon_core.shell:Creating environment hook '/home/pmlab/yueju/move_tool/install/calibration_interface/share/calibration_interface/hook/cmake_prefix_path.ps1'
[2.768s] INFO:colcon.colcon_core.shell:Creating environment descriptor '/home/pmlab/yueju/move_tool/install/calibration_interface/share/calibration_interface/hook/cmake_prefix_path.dsv'
[2.768s] INFO:colcon.colcon_core.shell:Creating environment hook '/home/pmlab/yueju/move_tool/install/calibration_interface/share/calibration_interface/hook/cmake_prefix_path.sh'
[2.768s] Level 1:colcon.colcon_core.environment:checking '/home/pmlab/yueju/move_tool/install/calibration_interface/lib'
[2.768s] Level 1:colcon.colcon_core.shell:create_environment_hook('calibration_interface', 'ld_library_path_lib')
[2.769s] INFO:colcon.colcon_core.shell:Creating environment hook '/home/pmlab/yueju/move_tool/install/calibration_interface/share/calibration_interface/hook/ld_library_path_lib.ps1'
[2.769s] INFO:colcon.colcon_core.shell:Creating environment descriptor '/home/pmlab/yueju/move_tool/install/calibration_interface/share/calibration_interface/hook/ld_library_path_lib.dsv'
[2.769s] INFO:colcon.colcon_core.shell:Creating environment hook '/home/pmlab/yueju/move_tool/install/calibration_interface/share/calibration_interface/hook/ld_library_path_lib.sh'
[2.770s] Level 1:colcon.colcon_core.environment:checking '/home/pmlab/yueju/move_tool/install/calibration_interface/bin'
[2.770s] Level 1:colcon.colcon_core.environment:checking '/home/pmlab/yueju/move_tool/install/calibration_interface/lib/pkgconfig/calibration_interface.pc'
[2.770s] Level 1:colcon.colcon_core.environment:checking '/home/pmlab/yueju/move_tool/install/calibration_interface/lib/python3.10/site-packages'
[2.770s] Level 1:colcon.colcon_core.environment:checking '/home/pmlab/yueju/move_tool/install/calibration_interface/bin'
[2.770s] INFO:colcon.colcon_core.shell:Creating package script '/home/pmlab/yueju/move_tool/install/calibration_interface/share/calibration_interface/package.ps1'
[2.771s] INFO:colcon.colcon_core.shell:Creating package descriptor '/home/pmlab/yueju/move_tool/install/calibration_interface/share/calibration_interface/package.dsv'
[2.771s] INFO:colcon.colcon_core.shell:Creating package script '/home/pmlab/yueju/move_tool/install/calibration_interface/share/calibration_interface/package.sh'
[2.772s] INFO:colcon.colcon_core.shell:Creating package script '/home/pmlab/yueju/move_tool/install/calibration_interface/share/calibration_interface/package.bash'
[2.772s] INFO:colcon.colcon_core.shell:Creating package script '/home/pmlab/yueju/move_tool/install/calibration_interface/share/calibration_interface/package.zsh'
[2.772s] Level 1:colcon.colcon_core.environment:create_file_with_runtime_dependencies(/home/pmlab/yueju/move_tool/install/calibration_interface/share/colcon-core/packages/calibration_interface)
[2.783s] DEBUG:colcon.colcon_parallel_executor.executor.parallel:closing loop
[2.783s] DEBUG:colcon.colcon_parallel_executor.executor.parallel:loop closed
[2.783s] DEBUG:colcon.colcon_parallel_executor.executor.parallel:run_until_complete finished with '2'
[2.783s] DEBUG:colcon.colcon_core.event_reactor:joining thread
[2.791s] INFO:colcon.colcon_core.plugin_system:Skipping extension 'colcon_notification.desktop_notification.terminal_notifier': Not used on non-Darwin systems
[2.791s] INFO:colcon.colcon_core.plugin_system:Skipping extension 'colcon_notification.desktop_notification.win32': Not used on non-Windows systems
[2.791s] INFO:colcon.colcon_notification.desktop_notification:Sending desktop notification using 'notify2'
[2.803s] DEBUG:colcon.colcon_core.event_reactor:joined thread
[2.803s] INFO:colcon.colcon_core.shell:Creating prefix script '/home/pmlab/yueju/move_tool/install/local_setup.ps1'
[2.804s] INFO:colcon.colcon_core.shell:Creating prefix util module '/home/pmlab/yueju/move_tool/install/_local_setup_util_ps1.py'
[2.806s] INFO:colcon.colcon_core.shell:Creating prefix chain script '/home/pmlab/yueju/move_tool/install/setup.ps1'
[2.811s] INFO:colcon.colcon_core.shell:Creating prefix script '/home/pmlab/yueju/move_tool/install/local_setup.sh'
[2.811s] INFO:colcon.colcon_core.shell:Creating prefix util module '/home/pmlab/yueju/move_tool/install/_local_setup_util_sh.py'
[2.812s] INFO:colcon.colcon_core.shell:Creating prefix chain script '/home/pmlab/yueju/move_tool/install/setup.sh'
[2.817s] INFO:colcon.colcon_core.shell:Creating prefix script '/home/pmlab/yueju/move_tool/install/local_setup.bash'
[2.817s] INFO:colcon.colcon_core.shell:Creating prefix chain script '/home/pmlab/yueju/move_tool/install/setup.bash'
[2.822s] INFO:colcon.colcon_core.shell:Creating prefix script '/home/pmlab/yueju/move_tool/install/local_setup.zsh'
[2.823s] INFO:colcon.colcon_core.shell:Creating prefix chain script '/home/pmlab/yueju/move_tool/install/setup.zsh'
