-- Found ament_cmake: 1.3.8 (/opt/ros/humble/share/ament_cmake/cmake)
-- Override CMake install command with custom implementation using symlinks instead of copying resources
-- Found rosidl_default_generators: 1.2.0 (/home/pmlab/Documents/ros2-for-unity/install/share/rosidl_default_generators/cmake)
-- Using all available rosidl_typesupport_c: rosidl_typesupport_fastrtps_c;rosidl_typesupport_introspection_c
-- Found rosidl_adapter: 3.1.5 (/opt/ros/humble/share/rosidl_adapter/cmake)
-- Using all available rosidl_typesupport_cpp: rosidl_typesupport_fastrtps_cpp;rosidl_typesupport_introspection_cpp
-- Found rmw_implementation_cmake: 6.1.1 (/opt/ros/humble/share/rmw_implementation_cmake/cmake)
-- Found ament_cmake_ros: 0.10.0 (/opt/ros/humble/share/ament_cmake_ros/cmake)
-- Using all available rosidl_typesupport_c: rosidl_typesupport_fastrtps_c;rosidl_typesupport_introspection_c
-- Using all available rosidl_typesupport_cpp: rosidl_typesupport_fastrtps_cpp;rosidl_typesupport_introspection_cpp
-- Found ament_cmake_export_assemblies: 0.0.0 (/home/pmlab/Documents/ros2-for-unity/install/share/ament_cmake_export_assemblies/cmake)
-- Found dotnet_cmake_module: 0.0.0 (/home/pmlab/Documents/ros2-for-unity/install/share/dotnet_cmake_module/cmake)
-- Found .NET Core: 6.0.128
-- Using Framework: netstandard2.0
-- Using Framework: netstandard2.0
-- Using Runtime: linux-x64
-- Found ros2cs_common: 2.0.0 (/home/pmlab/Documents/ros2-for-unity/install/share/ros2cs_common/cmake)
-- Generating C# code for ROS interfaces  and /home/pmlab/yueju/move_tool/build/calibration_interface/rosidl_generator_cs/calibration_interface/srv/calibrate_gripper.cs
-- Adding custom target
-- Found python_cmake_module: 0.10.0 (/opt/ros/humble/share/python_cmake_module/cmake)
-- Using PYTHON_EXECUTABLE: /usr/bin/python3
-- Using PYTHON_INCLUDE_DIRS: /usr/include/python3.10
-- Using PYTHON_LIBRARIES: /usr/lib/x86_64-linux-gnu/libpython3.10.so
-- Found ament_lint_auto: 0.12.10 (/opt/ros/humble/share/ament_lint_auto/cmake)
-- Added test 'lint_cmake' to check CMake code style
-- Added test 'xmllint' to check XML markup files
-- Configuring done
-- Generating done
-- Build files have been written to: /home/pmlab/yueju/move_tool/build/calibration_interface
[35m[1mConsolidate compiler generated dependencies of target calibration_interface__rosidl_generator_c[0m
[  4%] Built target calibration_interface__cs
[  4%] Built target calibration_interface__cpp
[ 10%] Built target calibration_interface__rosidl_generator_c
[35m[1mConsolidate compiler generated dependencies of target calibration_interface__rosidl_typesupport_cpp[0m
[35m[1mConsolidate compiler generated dependencies of target calibration_interface__rosidl_typesupport_introspection_cpp[0m
[35m[1mConsolidate compiler generated dependencies of target calibration_interface__rosidl_typesupport_fastrtps_cpp[0m
[ 13%] [34m[1m/usr/bin/cmake;-version;/usr/bin/dotnet restore calibration_interface_assembly_dotnetcore.csproj;          /usr/bin/dotnet build calibration_interface_assembly_dotnetcore.csproj -> /home/pmlab/yueju/move_tool/build/calibration_interface/calibration_interface_assembly[0m
cmake version 3.22.1

CMake suite maintained and supported by Kitware (kitware.com/cmake).
[ 26%] Built target calibration_interface__rosidl_typesupport_cpp
[ 26%] Built target calibration_interface__rosidl_typesupport_introspection_cpp
[ 32%] Built target calibration_interface__rosidl_typesupport_fastrtps_cpp
[?1h=  Determining projects to restore...
  All projects are up-to-date for restore.
[?1h=Microsoft (R) Build Engine version 17.0.1+b177f8fa7 for .NET
Copyright (C) Microsoft Corporation. All rights reserved.

  Determining projects to restore...
  All projects are up-to-date for restore.
  calibration_interface_assembly_dotnetcore -> /home/pmlab/yueju/move_tool/build/calibration_interface/netstandard2.0/calibration_interface_assembly.dll
[39;49m[92m
Build succeeded.
[39;49m    0 Warning(s)
[39;49m    0 Error(s)
[39;49m
Time Elapsed 00:00:00.82
[ 34%] Built target calibration_interface_assembly
