[0.972s] Invoking command in '/home/pmlab/yueju/move_tool/build/move_tool_to_frame': PYTHONPATH=/home/pmlab/yueju/move_tool/build/move_tool_to_frame/prefix_override:/home/pmlab/yueju/move_tool/install/move_tool_to_frame/lib/python3.10/site-packages:${PYTHONPATH} /usr/bin/python3 setup.py develop --uninstall --editable --build-directory /home/pmlab/yueju/move_tool/build/move_tool_to_frame/build
[1.320s] running develop
[1.320s] /home/pmlab/.local/lib/python3.10/site-packages/setuptools/command/develop.py:42: EasyInstallDeprecationWarning: easy_install command is deprecated.
[1.320s] !!
[1.320s] 
[1.320s]         ********************************************************************************
[1.320s]         Please avoid running ``setup.py`` and ``easy_install``.
[1.320s]         Instead, use pypa/build, pypa/installer or other
[1.320s]         standards-based tools.
[1.320s] 
[1.320s]         See https://github.com/pypa/setuptools/issues/917 for details.
[1.320s]         ********************************************************************************
[1.320s] 
[1.320s] !!
[1.320s]   easy_install.initialize_options(self)
[1.360s] /home/pmlab/.local/lib/python3.10/site-packages/setuptools/_distutils/cmd.py:66: SetuptoolsDeprecationWarning: setup.py install is deprecated.
[1.360s] !!
[1.360s] 
[1.360s]         ********************************************************************************
[1.360s]         Please avoid running ``setup.py`` directly.
[1.360s]         Instead, use pypa/build, pypa/installer or other
[1.360s]         standards-based tools.
[1.360s] 
[1.361s]         See https://blog.ganssle.io/articles/2021/10/setup-py-deprecated.html for details.
[1.361s]         ********************************************************************************
[1.361s] 
[1.361s] !!
[1.361s]   self.initialize_options()
[1.561s] Removing /home/pmlab/yueju/move_tool/install/move_tool_to_frame/lib/python3.10/site-packages/move-tool-to-frame.egg-link (link to .)
[1.601s] Invoked command in '/home/pmlab/yueju/move_tool/build/move_tool_to_frame' returned '0': PYTHONPATH=/home/pmlab/yueju/move_tool/build/move_tool_to_frame/prefix_override:/home/pmlab/yueju/move_tool/install/move_tool_to_frame/lib/python3.10/site-packages:${PYTHONPATH} /usr/bin/python3 setup.py develop --uninstall --editable --build-directory /home/pmlab/yueju/move_tool/build/move_tool_to_frame/build
[1.602s] Invoking command in '/home/pmlab/yueju/move_tool/src/move_tool_to_frame': PYTHONPATH=/home/pmlab/yueju/move_tool/build/move_tool_to_frame/prefix_override:/home/pmlab/yueju/move_tool/install/move_tool_to_frame/lib/python3.10/site-packages:${PYTHONPATH} /usr/bin/python3 setup.py egg_info --egg-base ../../build/move_tool_to_frame build --build-base /home/pmlab/yueju/move_tool/build/move_tool_to_frame/build install --record /home/pmlab/yueju/move_tool/build/move_tool_to_frame/install.log --single-version-externally-managed
[1.891s] running egg_info
[1.916s] writing ../../build/move_tool_to_frame/move_tool_to_frame.egg-info/PKG-INFO
[1.917s] writing dependency_links to ../../build/move_tool_to_frame/move_tool_to_frame.egg-info/dependency_links.txt
[1.917s] writing entry points to ../../build/move_tool_to_frame/move_tool_to_frame.egg-info/entry_points.txt
[1.917s] writing requirements to ../../build/move_tool_to_frame/move_tool_to_frame.egg-info/requires.txt
[1.917s] writing top-level names to ../../build/move_tool_to_frame/move_tool_to_frame.egg-info/top_level.txt
[1.967s] reading manifest file '../../build/move_tool_to_frame/move_tool_to_frame.egg-info/SOURCES.txt'
[1.968s] writing manifest file '../../build/move_tool_to_frame/move_tool_to_frame.egg-info/SOURCES.txt'
[1.968s] running build
[1.968s] running build_py
[1.968s] creating /home/pmlab/yueju/move_tool/build/move_tool_to_frame/build
[1.968s] creating /home/pmlab/yueju/move_tool/build/move_tool_to_frame/build/lib
[1.968s] creating /home/pmlab/yueju/move_tool/build/move_tool_to_frame/build/lib/move_tool_to_frame
[1.969s] copying move_tool_to_frame/move_tool_to_frame_node.py -> /home/pmlab/yueju/move_tool/build/move_tool_to_frame/build/lib/move_tool_to_frame
[1.969s] copying move_tool_to_frame/__init__.py -> /home/pmlab/yueju/move_tool/build/move_tool_to_frame/build/lib/move_tool_to_frame
[1.969s] running install
[1.969s] /home/pmlab/.local/lib/python3.10/site-packages/setuptools/_distutils/cmd.py:66: SetuptoolsDeprecationWarning: setup.py install is deprecated.
[1.969s] !!
[1.969s] 
[1.969s]         ********************************************************************************
[1.969s]         Please avoid running ``setup.py`` directly.
[1.969s]         Instead, use pypa/build, pypa/installer or other
[1.969s]         standards-based tools.
[1.970s] 
[1.970s]         See https://blog.ganssle.io/articles/2021/10/setup-py-deprecated.html for details.
[1.970s]         ********************************************************************************
[1.970s] 
[1.970s] !!
[1.970s]   self.initialize_options()
[1.972s] running install_lib
[1.998s] creating /home/pmlab/yueju/move_tool/install/move_tool_to_frame/lib/python3.10/site-packages/move_tool_to_frame
[1.998s] copying /home/pmlab/yueju/move_tool/build/move_tool_to_frame/build/lib/move_tool_to_frame/move_tool_to_frame_node.py -> /home/pmlab/yueju/move_tool/install/move_tool_to_frame/lib/python3.10/site-packages/move_tool_to_frame
[1.998s] copying /home/pmlab/yueju/move_tool/build/move_tool_to_frame/build/lib/move_tool_to_frame/__init__.py -> /home/pmlab/yueju/move_tool/install/move_tool_to_frame/lib/python3.10/site-packages/move_tool_to_frame
[1.998s] byte-compiling /home/pmlab/yueju/move_tool/install/move_tool_to_frame/lib/python3.10/site-packages/move_tool_to_frame/move_tool_to_frame_node.py to move_tool_to_frame_node.cpython-310.pyc
[2.001s] byte-compiling /home/pmlab/yueju/move_tool/install/move_tool_to_frame/lib/python3.10/site-packages/move_tool_to_frame/__init__.py to __init__.cpython-310.pyc
[2.001s] running install_data
[2.028s] copying resource/move_tool_to_frame -> /home/pmlab/yueju/move_tool/install/move_tool_to_frame/share/ament_index/resource_index/packages
[2.028s] copying package.xml -> /home/pmlab/yueju/move_tool/install/move_tool_to_frame/share/move_tool_to_frame
[2.029s] running install_egg_info
[2.059s] Copying ../../build/move_tool_to_frame/move_tool_to_frame.egg-info to /home/pmlab/yueju/move_tool/install/move_tool_to_frame/lib/python3.10/site-packages/move_tool_to_frame-0.0.0-py3.10.egg-info
[2.061s] running install_scripts
[2.295s] Installing move_tool_to_frame_node script to /home/pmlab/yueju/move_tool/install/move_tool_to_frame/lib/move_tool_to_frame
[2.295s] writing list of installed files to '/home/pmlab/yueju/move_tool/build/move_tool_to_frame/install.log'
[2.357s] Invoked command in '/home/pmlab/yueju/move_tool/src/move_tool_to_frame' returned '0': PYTHONPATH=/home/pmlab/yueju/move_tool/build/move_tool_to_frame/prefix_override:/home/pmlab/yueju/move_tool/install/move_tool_to_frame/lib/python3.10/site-packages:${PYTHONPATH} /usr/bin/python3 setup.py egg_info --egg-base ../../build/move_tool_to_frame build --build-base /home/pmlab/yueju/move_tool/build/move_tool_to_frame/build install --record /home/pmlab/yueju/move_tool/build/move_tool_to_frame/install.log --single-version-externally-managed
