[0.752s] Invoking command in '/home/pmlab/yueju/move_tool/build/move_tool_to_frame': PYTHONPATH=/home/pmlab/yueju/move_tool/build/move_tool_to_frame/prefix_override:/home/pmlab/yueju/move_tool/install/move_tool_to_frame/lib/python3.10/site-packages:${PYTHONPATH} /usr/bin/python3 setup.py develop --editable --build-directory /home/pmlab/yueju/move_tool/build/move_tool_to_frame/build --no-deps install_data
[0.990s] running develop
[0.991s] /usr/lib/python3/dist-packages/setuptools/command/easy_install.py:158: EasyInstallDeprecationWarning: easy_install command is deprecated. Use build and pip and other standards-based tools.
[0.991s]   warnings.warn(
[0.992s] /usr/lib/python3/dist-packages/setuptools/command/install.py:34: SetuptoolsDeprecationWarning: setup.py install is deprecated. Use build and pip and other standards-based tools.
[0.992s]   warnings.warn(
[1.172s] running egg_info
[1.172s] writing move_tool_to_frame.egg-info/PKG-INFO
[1.173s] writing dependency_links to move_tool_to_frame.egg-info/dependency_links.txt
[1.173s] writing entry points to move_tool_to_frame.egg-info/entry_points.txt
[1.173s] writing requirements to move_tool_to_frame.egg-info/requires.txt
[1.173s] writing top-level names to move_tool_to_frame.egg-info/top_level.txt
[1.174s] reading manifest file 'move_tool_to_frame.egg-info/SOURCES.txt'
[1.175s] writing manifest file 'move_tool_to_frame.egg-info/SOURCES.txt'
[1.176s] running build_ext
[1.176s] Creating /home/pmlab/yueju/move_tool/install/move_tool_to_frame/lib/python3.10/site-packages/move-tool-to-frame.egg-link (link to .)
[1.177s] Installing move_tool_to_frame_node script to /home/pmlab/yueju/move_tool/install/move_tool_to_frame/lib/move_tool_to_frame
[1.177s] 
[1.177s] Installed /home/pmlab/yueju/move_tool/build/move_tool_to_frame
[1.177s] running install_data
[1.194s] Invoked command in '/home/pmlab/yueju/move_tool/build/move_tool_to_frame' returned '0': PYTHONPATH=/home/pmlab/yueju/move_tool/build/move_tool_to_frame/prefix_override:/home/pmlab/yueju/move_tool/install/move_tool_to_frame/lib/python3.10/site-packages:${PYTHONPATH} /usr/bin/python3 setup.py develop --editable --build-directory /home/pmlab/yueju/move_tool/build/move_tool_to_frame/build --no-deps install_data
