[0.137s] DEBUG:colcon:Command line arguments: ['/usr/bin/colcon', 'build', '--symlink-install']
[0.138s] DEBUG:colcon:Parsed command line arguments: Namespace(log_base=None, log_level=None, verb_name='build', build_base='build', install_base='install', merge_install=False, symlink_install=True, test_result_base=None, continue_on_error=False, executor='parallel', parallel_workers=24, event_handlers=None, ignore_user_meta=False, metas=['./colcon.meta'], base_paths=['.'], packages_ignore=None, packages_ignore_regex=None, paths=None, packages_up_to=None, packages_up_to_regex=None, packages_above=None, packages_above_and_dependencies=None, packages_above_depth=None, packages_select_by_dep=None, packages_skip_by_dep=None, packages_skip_up_to=None, packages_select_build_failed=False, packages_skip_build_finished=False, packages_select_test_failures=False, packages_skip_test_passed=False, packages_select=None, packages_skip=None, packages_select_regex=None, packages_skip_regex=None, packages_start=None, packages_end=None, allow_overriding=[], cmake_args=None, cmake_target=None, cmake_target_skip_unavailable=False, cmake_clean_cache=False, cmake_clean_first=False, cmake_force_configure=False, ament_cmake_args=None, catkin_cmake_args=None, catkin_skip_building_tests=False, verb_parser=<colcon_defaults.argument_parser.defaults.DefaultArgumentsDecorator object at 0x78f66c73ff40>, verb_extension=<colcon_core.verb.build.BuildVerb object at 0x78f66c73f5b0>, main=<bound method BuildVerb.main of <colcon_core.verb.build.BuildVerb object at 0x78f66c73f5b0>>)
[0.389s] Level 1:colcon.colcon_core.package_discovery:discover_packages(colcon_meta) check parameters
[0.389s] Level 1:colcon.colcon_core.package_discovery:discover_packages(recursive) check parameters
[0.389s] Level 1:colcon.colcon_core.package_discovery:discover_packages(ignore) check parameters
[0.389s] Level 1:colcon.colcon_core.package_discovery:discover_packages(path) check parameters
[0.389s] Level 1:colcon.colcon_core.package_discovery:discover_packages(colcon_meta) discover
[0.389s] Level 1:colcon.colcon_core.package_discovery:discover_packages(recursive) discover
[0.389s] INFO:colcon.colcon_core.package_discovery:Crawling recursively for packages in '/home/pmlab/yueju/move_tool'
[0.389s] Level 1:colcon.colcon_core.package_identification:_identify(.) by extensions ['ignore', 'ignore_ament_install']
[0.389s] Level 1:colcon.colcon_core.package_identification:_identify(.) by extension 'ignore'
[0.389s] Level 1:colcon.colcon_core.package_identification:_identify(.) by extension 'ignore_ament_install'
[0.389s] Level 1:colcon.colcon_core.package_identification:_identify(.) by extensions ['colcon_pkg']
[0.390s] Level 1:colcon.colcon_core.package_identification:_identify(.) by extension 'colcon_pkg'
[0.390s] Level 1:colcon.colcon_core.package_identification:_identify(.) by extensions ['colcon_meta']
[0.390s] Level 1:colcon.colcon_core.package_identification:_identify(.) by extension 'colcon_meta'
[0.390s] Level 1:colcon.colcon_core.package_identification:_identify(.) by extensions ['ros']
[0.390s] Level 1:colcon.colcon_core.package_identification:_identify(.) by extension 'ros'
[0.423s] Level 1:colcon.colcon_core.package_identification:_identify(.) by extensions ['cmake', 'python']
[0.423s] Level 1:colcon.colcon_core.package_identification:_identify(.) by extension 'cmake'
[0.423s] Level 1:colcon.colcon_core.package_identification:_identify(.) by extension 'python'
[0.423s] Level 1:colcon.colcon_core.package_identification:_identify(.) by extensions ['python_setup_py']
[0.423s] Level 1:colcon.colcon_core.package_identification:_identify(.) by extension 'python_setup_py'
[0.423s] Level 1:colcon.colcon_core.package_identification:_identify(build) by extensions ['ignore', 'ignore_ament_install']
[0.423s] Level 1:colcon.colcon_core.package_identification:_identify(build) by extension 'ignore'
[0.423s] Level 1:colcon.colcon_core.package_identification:_identify(build) ignored
[0.423s] Level 1:colcon.colcon_core.package_identification:_identify(install) by extensions ['ignore', 'ignore_ament_install']
[0.423s] Level 1:colcon.colcon_core.package_identification:_identify(install) by extension 'ignore'
[0.423s] Level 1:colcon.colcon_core.package_identification:_identify(install) ignored
[0.424s] Level 1:colcon.colcon_core.package_identification:_identify(log) by extensions ['ignore', 'ignore_ament_install']
[0.424s] Level 1:colcon.colcon_core.package_identification:_identify(log) by extension 'ignore'
[0.424s] Level 1:colcon.colcon_core.package_identification:_identify(log) ignored
[0.424s] Level 1:colcon.colcon_core.package_identification:_identify(src) by extensions ['ignore', 'ignore_ament_install']
[0.424s] Level 1:colcon.colcon_core.package_identification:_identify(src) by extension 'ignore'
[0.424s] Level 1:colcon.colcon_core.package_identification:_identify(src) by extension 'ignore_ament_install'
[0.424s] Level 1:colcon.colcon_core.package_identification:_identify(src) by extensions ['colcon_pkg']
[0.424s] Level 1:colcon.colcon_core.package_identification:_identify(src) by extension 'colcon_pkg'
[0.424s] Level 1:colcon.colcon_core.package_identification:_identify(src) by extensions ['colcon_meta']
[0.424s] Level 1:colcon.colcon_core.package_identification:_identify(src) by extension 'colcon_meta'
[0.424s] Level 1:colcon.colcon_core.package_identification:_identify(src) by extensions ['ros']
[0.424s] Level 1:colcon.colcon_core.package_identification:_identify(src) by extension 'ros'
[0.424s] Level 1:colcon.colcon_core.package_identification:_identify(src) by extensions ['cmake', 'python']
[0.424s] Level 1:colcon.colcon_core.package_identification:_identify(src) by extension 'cmake'
[0.424s] Level 1:colcon.colcon_core.package_identification:_identify(src) by extension 'python'
[0.424s] Level 1:colcon.colcon_core.package_identification:_identify(src) by extensions ['python_setup_py']
[0.424s] Level 1:colcon.colcon_core.package_identification:_identify(src) by extension 'python_setup_py'
[0.424s] Level 1:colcon.colcon_core.package_identification:_identify(src/calibration_interface) by extensions ['ignore', 'ignore_ament_install']
[0.424s] Level 1:colcon.colcon_core.package_identification:_identify(src/calibration_interface) by extension 'ignore'
[0.424s] Level 1:colcon.colcon_core.package_identification:_identify(src/calibration_interface) by extension 'ignore_ament_install'
[0.424s] Level 1:colcon.colcon_core.package_identification:_identify(src/calibration_interface) by extensions ['colcon_pkg']
[0.424s] Level 1:colcon.colcon_core.package_identification:_identify(src/calibration_interface) by extension 'colcon_pkg'
[0.425s] Level 1:colcon.colcon_core.package_identification:_identify(src/calibration_interface) by extensions ['colcon_meta']
[0.425s] Level 1:colcon.colcon_core.package_identification:_identify(src/calibration_interface) by extension 'colcon_meta'
[0.425s] Level 1:colcon.colcon_core.package_identification:_identify(src/calibration_interface) by extensions ['ros']
[0.425s] Level 1:colcon.colcon_core.package_identification:_identify(src/calibration_interface) by extension 'ros'
[0.429s] DEBUG:colcon.colcon_core.package_identification:Package 'src/calibration_interface' with type 'ros.ament_cmake' and name 'calibration_interface'
[0.429s] Level 1:colcon.colcon_core.package_identification:_identify(src/move_tool_to_frame) by extensions ['ignore', 'ignore_ament_install']
[0.429s] Level 1:colcon.colcon_core.package_identification:_identify(src/move_tool_to_frame) by extension 'ignore'
[0.429s] Level 1:colcon.colcon_core.package_identification:_identify(src/move_tool_to_frame) by extension 'ignore_ament_install'
[0.429s] Level 1:colcon.colcon_core.package_identification:_identify(src/move_tool_to_frame) by extensions ['colcon_pkg']
[0.429s] Level 1:colcon.colcon_core.package_identification:_identify(src/move_tool_to_frame) by extension 'colcon_pkg'
[0.429s] Level 1:colcon.colcon_core.package_identification:_identify(src/move_tool_to_frame) by extensions ['colcon_meta']
[0.429s] Level 1:colcon.colcon_core.package_identification:_identify(src/move_tool_to_frame) by extension 'colcon_meta'
[0.429s] Level 1:colcon.colcon_core.package_identification:_identify(src/move_tool_to_frame) by extensions ['ros']
[0.429s] Level 1:colcon.colcon_core.package_identification:_identify(src/move_tool_to_frame) by extension 'ros'
[0.430s] DEBUG:colcon.colcon_core.package_identification:Package 'src/move_tool_to_frame' with type 'ros.ament_python' and name 'move_tool_to_frame'
[0.430s] Level 1:colcon.colcon_core.package_discovery:discover_packages(recursive) using defaults
[0.430s] Level 1:colcon.colcon_core.package_discovery:discover_packages(ignore) discover
[0.430s] Level 1:colcon.colcon_core.package_discovery:discover_packages(ignore) using defaults
[0.430s] Level 1:colcon.colcon_core.package_discovery:discover_packages(path) discover
[0.430s] Level 1:colcon.colcon_core.package_discovery:discover_packages(path) using defaults
[0.468s] Level 1:colcon.colcon_core.package_discovery:discover_packages(prefix_path) check parameters
[0.468s] Level 1:colcon.colcon_core.package_discovery:discover_packages(prefix_path) discover
[0.474s] DEBUG:colcon.colcon_installed_package_information.package_discovery:Found 26 installed packages in /home/pmlab/ros2_ws/install
[0.476s] DEBUG:colcon.colcon_installed_package_information.package_discovery:Found 49 installed packages in /home/pmlab/Documents/ros2-for-unity/install
[0.476s] DEBUG:colcon.colcon_installed_package_information.package_discovery:Found 2 installed packages in /home/pmlab/yueju/move_tool/install
[0.477s] DEBUG:colcon.colcon_installed_package_information.package_discovery:Found 29 installed packages in /home/pmlab/rajan_ros2_ws/install
[0.481s] DEBUG:colcon.colcon_installed_package_information.package_discovery:Found 412 installed packages in /opt/ros/humble
[0.484s] Level 1:colcon.colcon_core.package_discovery:discover_packages(prefix_path) using defaults
[0.560s] Level 5:colcon.colcon_core.verb:set package 'calibration_interface' build argument 'cmake_args' from command line to 'None'
[0.560s] Level 5:colcon.colcon_core.verb:set package 'calibration_interface' build argument 'cmake_target' from command line to 'None'
[0.560s] Level 5:colcon.colcon_core.verb:set package 'calibration_interface' build argument 'cmake_target_skip_unavailable' from command line to 'False'
[0.560s] Level 5:colcon.colcon_core.verb:set package 'calibration_interface' build argument 'cmake_clean_cache' from command line to 'False'
[0.560s] Level 5:colcon.colcon_core.verb:set package 'calibration_interface' build argument 'cmake_clean_first' from command line to 'False'
[0.560s] Level 5:colcon.colcon_core.verb:set package 'calibration_interface' build argument 'cmake_force_configure' from command line to 'False'
[0.561s] Level 5:colcon.colcon_core.verb:set package 'calibration_interface' build argument 'ament_cmake_args' from command line to 'None'
[0.561s] Level 5:colcon.colcon_core.verb:set package 'calibration_interface' build argument 'catkin_cmake_args' from command line to 'None'
[0.561s] Level 5:colcon.colcon_core.verb:set package 'calibration_interface' build argument 'catkin_skip_building_tests' from command line to 'False'
[0.561s] DEBUG:colcon.colcon_core.verb:Building package 'calibration_interface' with the following arguments: {'ament_cmake_args': None, 'build_base': '/home/pmlab/yueju/move_tool/build/calibration_interface', 'catkin_cmake_args': None, 'catkin_skip_building_tests': False, 'cmake_args': None, 'cmake_clean_cache': False, 'cmake_clean_first': False, 'cmake_force_configure': False, 'cmake_target': None, 'cmake_target_skip_unavailable': False, 'install_base': '/home/pmlab/yueju/move_tool/install/calibration_interface', 'merge_install': False, 'path': '/home/pmlab/yueju/move_tool/src/calibration_interface', 'symlink_install': True, 'test_result_base': None}
[0.561s] Level 5:colcon.colcon_core.verb:set package 'move_tool_to_frame' build argument 'cmake_args' from command line to 'None'
[0.561s] Level 5:colcon.colcon_core.verb:set package 'move_tool_to_frame' build argument 'cmake_target' from command line to 'None'
[0.561s] Level 5:colcon.colcon_core.verb:set package 'move_tool_to_frame' build argument 'cmake_target_skip_unavailable' from command line to 'False'
[0.561s] Level 5:colcon.colcon_core.verb:set package 'move_tool_to_frame' build argument 'cmake_clean_cache' from command line to 'False'
[0.561s] Level 5:colcon.colcon_core.verb:set package 'move_tool_to_frame' build argument 'cmake_clean_first' from command line to 'False'
[0.561s] Level 5:colcon.colcon_core.verb:set package 'move_tool_to_frame' build argument 'cmake_force_configure' from command line to 'False'
[0.561s] Level 5:colcon.colcon_core.verb:set package 'move_tool_to_frame' build argument 'ament_cmake_args' from command line to 'None'
[0.561s] Level 5:colcon.colcon_core.verb:set package 'move_tool_to_frame' build argument 'catkin_cmake_args' from command line to 'None'
[0.561s] Level 5:colcon.colcon_core.verb:set package 'move_tool_to_frame' build argument 'catkin_skip_building_tests' from command line to 'False'
[0.561s] DEBUG:colcon.colcon_core.verb:Building package 'move_tool_to_frame' with the following arguments: {'ament_cmake_args': None, 'build_base': '/home/pmlab/yueju/move_tool/build/move_tool_to_frame', 'catkin_cmake_args': None, 'catkin_skip_building_tests': False, 'cmake_args': None, 'cmake_clean_cache': False, 'cmake_clean_first': False, 'cmake_force_configure': False, 'cmake_target': None, 'cmake_target_skip_unavailable': False, 'install_base': '/home/pmlab/yueju/move_tool/install/move_tool_to_frame', 'merge_install': False, 'path': '/home/pmlab/yueju/move_tool/src/move_tool_to_frame', 'symlink_install': True, 'test_result_base': None}
[0.561s] INFO:colcon.colcon_core.executor:Executing jobs using 'parallel' executor
[0.562s] DEBUG:colcon.colcon_parallel_executor.executor.parallel:run_until_complete
[0.562s] INFO:colcon.colcon_ros.task.ament_cmake.build:Building ROS package in '/home/pmlab/yueju/move_tool/src/calibration_interface' with build type 'ament_cmake'
[0.562s] INFO:colcon.colcon_cmake.task.cmake.build:Building CMake package in '/home/pmlab/yueju/move_tool/src/calibration_interface'
[0.566s] INFO:colcon.colcon_core.plugin_system:Skipping extension 'colcon_core.shell.bat': Not used on non-Windows systems
[0.566s] INFO:colcon.colcon_core.shell:Skip shell extension 'powershell' for command environment: Not usable outside of PowerShell
[0.566s] DEBUG:colcon.colcon_core.shell:Skip shell extension 'dsv' for command environment
[0.575s] INFO:colcon.colcon_ros.task.ament_python.build:Building ROS package in '/home/pmlab/yueju/move_tool/src/move_tool_to_frame' with build type 'ament_python'
[0.575s] Level 1:colcon.colcon_core.shell:create_environment_hook('move_tool_to_frame', 'ament_prefix_path')
[0.576s] INFO:colcon.colcon_core.shell:Creating environment hook '/home/pmlab/yueju/move_tool/install/move_tool_to_frame/share/move_tool_to_frame/hook/ament_prefix_path.ps1'
[0.577s] INFO:colcon.colcon_core.shell:Creating environment descriptor '/home/pmlab/yueju/move_tool/install/move_tool_to_frame/share/move_tool_to_frame/hook/ament_prefix_path.dsv'
[0.577s] INFO:colcon.colcon_core.shell:Creating environment hook '/home/pmlab/yueju/move_tool/install/move_tool_to_frame/share/move_tool_to_frame/hook/ament_prefix_path.sh'
[0.578s] INFO:colcon.colcon_core.shell:Skip shell extension 'powershell' for command environment: Not usable outside of PowerShell
[0.578s] DEBUG:colcon.colcon_core.shell:Skip shell extension 'dsv' for command environment
[0.591s] DEBUG:colcon.colcon_core.event_handler.log_command:Invoking command in '/home/pmlab/yueju/move_tool/build/calibration_interface': CMAKE_PREFIX_PATH=${CMAKE_PREFIX_PATH}:/home/pmlab/yueju/move_tool/install/move_tool_to_frame:/home/pmlab/rajan_ros2_ws/install/pneumatic_controller_listener:/home/pmlab/rajan_ros2_ws/install/pm_smaract_gripper:/home/pmlab/rajan_ros2_ws/install/pm_robot_control_test:/home/pmlab/rajan_ros2_ws/install/pm_confocal:/home/pmlab/ros2_ws/install/ros_sequential_action_programmer:/home/pmlab/ros2_ws/install/pneumatic_controller_listener:/home/pmlab/ros2_ws/install/pm_smaract_gripper:/home/pmlab/ros2_ws/install/pm_robot_control_test:/home/pmlab/ros2_ws/install/pm_confocal:/opt/ros/humble /usr/bin/cmake --build /home/pmlab/yueju/move_tool/build/calibration_interface -- -j24 -l24
[0.870s] INFO:colcon.colcon_core.task.python.build:Building Python package in '/home/pmlab/yueju/move_tool/src/move_tool_to_frame'
[0.870s] INFO:colcon.colcon_core.shell:Skip shell extension 'powershell' for command environment: Not usable outside of PowerShell
[0.870s] DEBUG:colcon.colcon_core.shell:Skip shell extension 'dsv' for command environment
[1.376s] DEBUG:colcon.colcon_core.event_handler.log_command:Invoking command in '/home/pmlab/yueju/move_tool/build/move_tool_to_frame': PYTHONPATH=/home/pmlab/yueju/move_tool/build/move_tool_to_frame/prefix_override:/home/pmlab/yueju/move_tool/install/move_tool_to_frame/lib/python3.10/site-packages:${PYTHONPATH} /usr/bin/python3 -W ignore:setup.py install is deprecated setup.py develop --editable --build-directory /home/pmlab/yueju/move_tool/build/move_tool_to_frame/build --no-deps symlink_data
[1.868s] Level 1:colcon.colcon_core.shell:create_environment_hook('move_tool_to_frame', 'pythonpath_develop')
[1.868s] INFO:colcon.colcon_core.shell:Creating environment hook '/home/pmlab/yueju/move_tool/build/move_tool_to_frame/share/move_tool_to_frame/hook/pythonpath_develop.ps1'
[1.868s] DEBUG:colcon.colcon_core.event_handler.log_command:Invoked command in '/home/pmlab/yueju/move_tool/build/move_tool_to_frame' returned '0': PYTHONPATH=/home/pmlab/yueju/move_tool/build/move_tool_to_frame/prefix_override:/home/pmlab/yueju/move_tool/install/move_tool_to_frame/lib/python3.10/site-packages:${PYTHONPATH} /usr/bin/python3 -W ignore:setup.py install is deprecated setup.py develop --editable --build-directory /home/pmlab/yueju/move_tool/build/move_tool_to_frame/build --no-deps symlink_data
[1.869s] INFO:colcon.colcon_core.shell:Creating environment descriptor '/home/pmlab/yueju/move_tool/build/move_tool_to_frame/share/move_tool_to_frame/hook/pythonpath_develop.dsv'
[1.869s] INFO:colcon.colcon_core.shell:Creating environment hook '/home/pmlab/yueju/move_tool/build/move_tool_to_frame/share/move_tool_to_frame/hook/pythonpath_develop.sh'
[1.873s] Level 1:colcon.colcon_core.environment:checking '/home/pmlab/yueju/move_tool/install/move_tool_to_frame' for CMake module files
[1.874s] Level 1:colcon.colcon_core.environment:checking '/home/pmlab/yueju/move_tool/install/move_tool_to_frame' for CMake config files
[1.874s] Level 1:colcon.colcon_core.environment:checking '/home/pmlab/yueju/move_tool/install/move_tool_to_frame/lib'
[1.875s] Level 1:colcon.colcon_core.environment:checking '/home/pmlab/yueju/move_tool/install/move_tool_to_frame/bin'
[1.875s] Level 1:colcon.colcon_core.environment:checking '/home/pmlab/yueju/move_tool/install/move_tool_to_frame/lib/pkgconfig/move_tool_to_frame.pc'
[1.875s] Level 1:colcon.colcon_core.environment:checking '/home/pmlab/yueju/move_tool/install/move_tool_to_frame/lib/python3.10/site-packages'
[1.875s] Level 1:colcon.colcon_core.shell:create_environment_hook('move_tool_to_frame', 'pythonpath')
[1.875s] INFO:colcon.colcon_core.shell:Creating environment hook '/home/pmlab/yueju/move_tool/install/move_tool_to_frame/share/move_tool_to_frame/hook/pythonpath.ps1'
[1.875s] INFO:colcon.colcon_core.shell:Creating environment descriptor '/home/pmlab/yueju/move_tool/install/move_tool_to_frame/share/move_tool_to_frame/hook/pythonpath.dsv'
[1.876s] INFO:colcon.colcon_core.shell:Creating environment hook '/home/pmlab/yueju/move_tool/install/move_tool_to_frame/share/move_tool_to_frame/hook/pythonpath.sh'
[1.876s] Level 1:colcon.colcon_core.environment:checking '/home/pmlab/yueju/move_tool/install/move_tool_to_frame/bin'
[1.876s] Level 1:colcon.colcon_core.environment:create_environment_scripts_only(move_tool_to_frame)
[1.876s] INFO:colcon.colcon_core.shell:Creating package script '/home/pmlab/yueju/move_tool/install/move_tool_to_frame/share/move_tool_to_frame/package.ps1'
[1.877s] INFO:colcon.colcon_core.shell:Creating package descriptor '/home/pmlab/yueju/move_tool/install/move_tool_to_frame/share/move_tool_to_frame/package.dsv'
[1.878s] INFO:colcon.colcon_core.shell:Creating package script '/home/pmlab/yueju/move_tool/install/move_tool_to_frame/share/move_tool_to_frame/package.sh'
[1.878s] INFO:colcon.colcon_core.shell:Creating package script '/home/pmlab/yueju/move_tool/install/move_tool_to_frame/share/move_tool_to_frame/package.bash'
[1.879s] INFO:colcon.colcon_core.shell:Creating package script '/home/pmlab/yueju/move_tool/install/move_tool_to_frame/share/move_tool_to_frame/package.zsh'
[1.880s] Level 1:colcon.colcon_core.environment:create_file_with_runtime_dependencies(/home/pmlab/yueju/move_tool/install/move_tool_to_frame/share/colcon-core/packages/move_tool_to_frame)
[2.484s] DEBUG:colcon.colcon_core.event_handler.log_command:Invoked command in '/home/pmlab/yueju/move_tool/build/calibration_interface' returned '2': CMAKE_PREFIX_PATH=${CMAKE_PREFIX_PATH}:/home/pmlab/yueju/move_tool/install/move_tool_to_frame:/home/pmlab/rajan_ros2_ws/install/pneumatic_controller_listener:/home/pmlab/rajan_ros2_ws/install/pm_smaract_gripper:/home/pmlab/rajan_ros2_ws/install/pm_robot_control_test:/home/pmlab/rajan_ros2_ws/install/pm_confocal:/home/pmlab/ros2_ws/install/ros_sequential_action_programmer:/home/pmlab/ros2_ws/install/pneumatic_controller_listener:/home/pmlab/ros2_ws/install/pm_smaract_gripper:/home/pmlab/ros2_ws/install/pm_robot_control_test:/home/pmlab/ros2_ws/install/pm_confocal:/opt/ros/humble /usr/bin/cmake --build /home/pmlab/yueju/move_tool/build/calibration_interface -- -j24 -l24
[2.642s] Level 1:colcon.colcon_core.environment:create_environment_scripts_only(calibration_interface)
[2.642s] Level 1:colcon.colcon_core.environment:checking '/home/pmlab/yueju/move_tool/install/calibration_interface' for CMake module files
[2.643s] Level 1:colcon.colcon_core.environment:checking '/home/pmlab/yueju/move_tool/install/calibration_interface' for CMake config files
[2.644s] Level 1:colcon.colcon_core.shell:create_environment_hook('calibration_interface', 'cmake_prefix_path')
[2.644s] INFO:colcon.colcon_core.shell:Creating environment hook '/home/pmlab/yueju/move_tool/install/calibration_interface/share/calibration_interface/hook/cmake_prefix_path.ps1'
[2.644s] INFO:colcon.colcon_core.shell:Creating environment descriptor '/home/pmlab/yueju/move_tool/install/calibration_interface/share/calibration_interface/hook/cmake_prefix_path.dsv'
[2.644s] INFO:colcon.colcon_core.shell:Creating environment hook '/home/pmlab/yueju/move_tool/install/calibration_interface/share/calibration_interface/hook/cmake_prefix_path.sh'
[2.645s] Level 1:colcon.colcon_core.environment:checking '/home/pmlab/yueju/move_tool/install/calibration_interface/lib'
[2.645s] Level 1:colcon.colcon_core.shell:create_environment_hook('calibration_interface', 'ld_library_path_lib')
[2.645s] INFO:colcon.colcon_core.shell:Creating environment hook '/home/pmlab/yueju/move_tool/install/calibration_interface/share/calibration_interface/hook/ld_library_path_lib.ps1'
[2.645s] INFO:colcon.colcon_core.shell:Creating environment descriptor '/home/pmlab/yueju/move_tool/install/calibration_interface/share/calibration_interface/hook/ld_library_path_lib.dsv'
[2.646s] INFO:colcon.colcon_core.shell:Creating environment hook '/home/pmlab/yueju/move_tool/install/calibration_interface/share/calibration_interface/hook/ld_library_path_lib.sh'
[2.646s] Level 1:colcon.colcon_core.environment:checking '/home/pmlab/yueju/move_tool/install/calibration_interface/bin'
[2.646s] Level 1:colcon.colcon_core.environment:checking '/home/pmlab/yueju/move_tool/install/calibration_interface/lib/pkgconfig/calibration_interface.pc'
[2.646s] Level 1:colcon.colcon_core.environment:checking '/home/pmlab/yueju/move_tool/install/calibration_interface/lib/python3.10/site-packages'
[2.646s] Level 1:colcon.colcon_core.environment:checking '/home/pmlab/yueju/move_tool/install/calibration_interface/bin'
[2.647s] INFO:colcon.colcon_core.shell:Creating package script '/home/pmlab/yueju/move_tool/install/calibration_interface/share/calibration_interface/package.ps1'
[2.647s] INFO:colcon.colcon_core.shell:Creating package descriptor '/home/pmlab/yueju/move_tool/install/calibration_interface/share/calibration_interface/package.dsv'
[2.647s] INFO:colcon.colcon_core.shell:Creating package script '/home/pmlab/yueju/move_tool/install/calibration_interface/share/calibration_interface/package.sh'
[2.648s] INFO:colcon.colcon_core.shell:Creating package script '/home/pmlab/yueju/move_tool/install/calibration_interface/share/calibration_interface/package.bash'
[2.648s] INFO:colcon.colcon_core.shell:Creating package script '/home/pmlab/yueju/move_tool/install/calibration_interface/share/calibration_interface/package.zsh'
[2.648s] Level 1:colcon.colcon_core.environment:create_file_with_runtime_dependencies(/home/pmlab/yueju/move_tool/install/calibration_interface/share/colcon-core/packages/calibration_interface)
[2.659s] DEBUG:colcon.colcon_parallel_executor.executor.parallel:closing loop
[2.659s] DEBUG:colcon.colcon_parallel_executor.executor.parallel:loop closed
[2.659s] DEBUG:colcon.colcon_parallel_executor.executor.parallel:run_until_complete finished with '2'
[2.659s] DEBUG:colcon.colcon_core.event_reactor:joining thread
[2.666s] INFO:colcon.colcon_core.plugin_system:Skipping extension 'colcon_notification.desktop_notification.terminal_notifier': Not used on non-Darwin systems
[2.666s] INFO:colcon.colcon_core.plugin_system:Skipping extension 'colcon_notification.desktop_notification.win32': Not used on non-Windows systems
[2.666s] INFO:colcon.colcon_notification.desktop_notification:Sending desktop notification using 'notify2'
[2.679s] DEBUG:colcon.colcon_core.event_reactor:joined thread
[2.679s] INFO:colcon.colcon_core.shell:Creating prefix script '/home/pmlab/yueju/move_tool/install/local_setup.ps1'
[2.680s] INFO:colcon.colcon_core.shell:Creating prefix util module '/home/pmlab/yueju/move_tool/install/_local_setup_util_ps1.py'
[2.681s] INFO:colcon.colcon_core.shell:Creating prefix chain script '/home/pmlab/yueju/move_tool/install/setup.ps1'
[2.685s] INFO:colcon.colcon_core.shell:Creating prefix script '/home/pmlab/yueju/move_tool/install/local_setup.sh'
[2.685s] INFO:colcon.colcon_core.shell:Creating prefix util module '/home/pmlab/yueju/move_tool/install/_local_setup_util_sh.py'
[2.686s] INFO:colcon.colcon_core.shell:Creating prefix chain script '/home/pmlab/yueju/move_tool/install/setup.sh'
[2.689s] INFO:colcon.colcon_core.shell:Creating prefix script '/home/pmlab/yueju/move_tool/install/local_setup.bash'
[2.690s] INFO:colcon.colcon_core.shell:Creating prefix chain script '/home/pmlab/yueju/move_tool/install/setup.bash'
[2.694s] INFO:colcon.colcon_core.shell:Creating prefix script '/home/pmlab/yueju/move_tool/install/local_setup.zsh'
[2.694s] INFO:colcon.colcon_core.shell:Creating prefix chain script '/home/pmlab/yueju/move_tool/install/setup.zsh'
