[0.645s] Invoking command in '/home/pmlab/yueju/move_tool/build/move_tool_to_frame': PYTHONPATH=/home/pmlab/yueju/move_tool/build/move_tool_to_frame/prefix_override:/home/pmlab/yueju/move_tool/install/move_tool_to_frame/lib/python3.10/site-packages:${PYTHONPATH} /usr/bin/python3 -W ignore:setup.py install is deprecated setup.py develop --editable --build-directory /home/pmlab/yueju/move_tool/build/move_tool_to_frame/build --no-deps symlink_data --force
[0.912s] running develop
[0.912s] /usr/lib/python3/dist-packages/setuptools/command/easy_install.py:158: EasyInstallDeprecationWarning: easy_install command is deprecated. Use build and pip and other standards-based tools.
[0.912s]   warnings.warn(
[1.093s] running egg_info
[1.093s] writing move_tool_to_frame.egg-info/PKG-INFO
[1.093s] writing dependency_links to move_tool_to_frame.egg-info/dependency_links.txt
[1.093s] writing entry points to move_tool_to_frame.egg-info/entry_points.txt
[1.093s] writing requirements to move_tool_to_frame.egg-info/requires.txt
[1.093s] writing top-level names to move_tool_to_frame.egg-info/top_level.txt
[1.095s] reading manifest file 'move_tool_to_frame.egg-info/SOURCES.txt'
[1.095s] writing manifest file 'move_tool_to_frame.egg-info/SOURCES.txt'
[1.097s] running build_ext
[1.097s] Creating /home/pmlab/yueju/move_tool/install/move_tool_to_frame/lib/python3.10/site-packages/move-tool-to-frame.egg-link (link to .)
[1.097s] Installing move_tool_to_frame_node script to /home/pmlab/yueju/move_tool/install/move_tool_to_frame/lib/move_tool_to_frame
[1.098s] 
[1.098s] Installed /home/pmlab/yueju/move_tool/build/move_tool_to_frame
[1.098s] running symlink_data
[1.098s] symbolically linking /home/pmlab/yueju/move_tool/build/move_tool_to_frame/resource/move_tool_to_frame -> /home/pmlab/yueju/move_tool/install/move_tool_to_frame/share/ament_index/resource_index/packages
[1.098s] symbolically linking /home/pmlab/yueju/move_tool/build/move_tool_to_frame/package.xml -> /home/pmlab/yueju/move_tool/install/move_tool_to_frame/share/move_tool_to_frame
[1.118s] Invoked command in '/home/pmlab/yueju/move_tool/build/move_tool_to_frame' returned '0': PYTHONPATH=/home/pmlab/yueju/move_tool/build/move_tool_to_frame/prefix_override:/home/pmlab/yueju/move_tool/install/move_tool_to_frame/lib/python3.10/site-packages:${PYTHONPATH} /usr/bin/python3 -W ignore:setup.py install is deprecated setup.py develop --editable --build-directory /home/pmlab/yueju/move_tool/build/move_tool_to_frame/build --no-deps symlink_data --force
