[0.087s] DEBUG:colcon:Command line arguments: ['/usr/bin/colcon', 'build']
[0.087s] DEBUG:colcon:Parsed command line arguments: Namespace(log_base=None, log_level=None, verb_name='build', build_base='build', install_base='install', merge_install=False, symlink_install=False, test_result_base=None, continue_on_error=False, executor='parallel', parallel_workers=24, event_handlers=None, ignore_user_meta=False, metas=['./colcon.meta'], base_paths=['.'], packages_ignore=None, packages_ignore_regex=None, paths=None, packages_up_to=None, packages_up_to_regex=None, packages_above=None, packages_above_and_dependencies=None, packages_above_depth=None, packages_select_by_dep=None, packages_skip_by_dep=None, packages_skip_up_to=None, packages_select_build_failed=False, packages_skip_build_finished=False, packages_select_test_failures=False, packages_skip_test_passed=False, packages_select=None, packages_skip=None, packages_select_regex=None, packages_skip_regex=None, packages_start=None, packages_end=None, allow_overriding=[], cmake_args=None, cmake_target=None, cmake_target_skip_unavailable=False, cmake_clean_cache=False, cmake_clean_first=False, cmake_force_configure=False, ament_cmake_args=None, catkin_cmake_args=None, catkin_skip_building_tests=False, verb_parser=<colcon_defaults.argument_parser.defaults.DefaultArgumentsDecorator object at 0x77af0fb42590>, verb_extension=<colcon_core.verb.build.BuildVerb object at 0x77af0fb41c00>, main=<bound method BuildVerb.main of <colcon_core.verb.build.BuildVerb object at 0x77af0fb41c00>>)
[0.253s] Level 1:colcon.colcon_core.package_discovery:discover_packages(colcon_meta) check parameters
[0.253s] Level 1:colcon.colcon_core.package_discovery:discover_packages(recursive) check parameters
[0.253s] Level 1:colcon.colcon_core.package_discovery:discover_packages(ignore) check parameters
[0.253s] Level 1:colcon.colcon_core.package_discovery:discover_packages(path) check parameters
[0.253s] Level 1:colcon.colcon_core.package_discovery:discover_packages(colcon_meta) discover
[0.253s] Level 1:colcon.colcon_core.package_discovery:discover_packages(recursive) discover
[0.253s] INFO:colcon.colcon_core.package_discovery:Crawling recursively for packages in '/home/pmlab/yueju/move_tool'
[0.253s] Level 1:colcon.colcon_core.package_identification:_identify(.) by extensions ['ignore', 'ignore_ament_install']
[0.253s] Level 1:colcon.colcon_core.package_identification:_identify(.) by extension 'ignore'
[0.253s] Level 1:colcon.colcon_core.package_identification:_identify(.) by extension 'ignore_ament_install'
[0.253s] Level 1:colcon.colcon_core.package_identification:_identify(.) by extensions ['colcon_pkg']
[0.253s] Level 1:colcon.colcon_core.package_identification:_identify(.) by extension 'colcon_pkg'
[0.253s] Level 1:colcon.colcon_core.package_identification:_identify(.) by extensions ['colcon_meta']
[0.253s] Level 1:colcon.colcon_core.package_identification:_identify(.) by extension 'colcon_meta'
[0.253s] Level 1:colcon.colcon_core.package_identification:_identify(.) by extensions ['ros']
[0.253s] Level 1:colcon.colcon_core.package_identification:_identify(.) by extension 'ros'
[0.262s] Level 1:colcon.colcon_core.package_identification:_identify(.) by extensions ['cmake', 'python']
[0.262s] Level 1:colcon.colcon_core.package_identification:_identify(.) by extension 'cmake'
[0.262s] Level 1:colcon.colcon_core.package_identification:_identify(.) by extension 'python'
[0.262s] Level 1:colcon.colcon_core.package_identification:_identify(.) by extensions ['python_setup_py']
[0.262s] Level 1:colcon.colcon_core.package_identification:_identify(.) by extension 'python_setup_py'
[0.262s] Level 1:colcon.colcon_core.package_identification:_identify(build) by extensions ['ignore', 'ignore_ament_install']
[0.262s] Level 1:colcon.colcon_core.package_identification:_identify(build) by extension 'ignore'
[0.262s] Level 1:colcon.colcon_core.package_identification:_identify(build) ignored
[0.262s] Level 1:colcon.colcon_core.package_identification:_identify(install) by extensions ['ignore', 'ignore_ament_install']
[0.262s] Level 1:colcon.colcon_core.package_identification:_identify(install) by extension 'ignore'
[0.262s] Level 1:colcon.colcon_core.package_identification:_identify(install) ignored
[0.262s] Level 1:colcon.colcon_core.package_identification:_identify(log) by extensions ['ignore', 'ignore_ament_install']
[0.262s] Level 1:colcon.colcon_core.package_identification:_identify(log) by extension 'ignore'
[0.262s] Level 1:colcon.colcon_core.package_identification:_identify(log) ignored
[0.262s] Level 1:colcon.colcon_core.package_identification:_identify(src) by extensions ['ignore', 'ignore_ament_install']
[0.262s] Level 1:colcon.colcon_core.package_identification:_identify(src) by extension 'ignore'
[0.262s] Level 1:colcon.colcon_core.package_identification:_identify(src) by extension 'ignore_ament_install'
[0.262s] Level 1:colcon.colcon_core.package_identification:_identify(src) by extensions ['colcon_pkg']
[0.262s] Level 1:colcon.colcon_core.package_identification:_identify(src) by extension 'colcon_pkg'
[0.262s] Level 1:colcon.colcon_core.package_identification:_identify(src) by extensions ['colcon_meta']
[0.263s] Level 1:colcon.colcon_core.package_identification:_identify(src) by extension 'colcon_meta'
[0.263s] Level 1:colcon.colcon_core.package_identification:_identify(src) by extensions ['ros']
[0.263s] Level 1:colcon.colcon_core.package_identification:_identify(src) by extension 'ros'
[0.263s] Level 1:colcon.colcon_core.package_identification:_identify(src) by extensions ['cmake', 'python']
[0.263s] Level 1:colcon.colcon_core.package_identification:_identify(src) by extension 'cmake'
[0.263s] Level 1:colcon.colcon_core.package_identification:_identify(src) by extension 'python'
[0.263s] Level 1:colcon.colcon_core.package_identification:_identify(src) by extensions ['python_setup_py']
[0.263s] Level 1:colcon.colcon_core.package_identification:_identify(src) by extension 'python_setup_py'
[0.263s] Level 1:colcon.colcon_core.package_identification:_identify(src/move_tool_to_frame) by extensions ['ignore', 'ignore_ament_install']
[0.263s] Level 1:colcon.colcon_core.package_identification:_identify(src/move_tool_to_frame) by extension 'ignore'
[0.263s] Level 1:colcon.colcon_core.package_identification:_identify(src/move_tool_to_frame) by extension 'ignore_ament_install'
[0.263s] Level 1:colcon.colcon_core.package_identification:_identify(src/move_tool_to_frame) by extensions ['colcon_pkg']
[0.263s] Level 1:colcon.colcon_core.package_identification:_identify(src/move_tool_to_frame) by extension 'colcon_pkg'
[0.263s] Level 1:colcon.colcon_core.package_identification:_identify(src/move_tool_to_frame) by extensions ['colcon_meta']
[0.263s] Level 1:colcon.colcon_core.package_identification:_identify(src/move_tool_to_frame) by extension 'colcon_meta'
[0.263s] Level 1:colcon.colcon_core.package_identification:_identify(src/move_tool_to_frame) by extensions ['ros']
[0.263s] Level 1:colcon.colcon_core.package_identification:_identify(src/move_tool_to_frame) by extension 'ros'
[0.265s] DEBUG:colcon.colcon_core.package_identification:Package 'src/move_tool_to_frame' with type 'ros.ament_python' and name 'move_tool_to_frame'
[0.265s] Level 1:colcon.colcon_core.package_discovery:discover_packages(recursive) using defaults
[0.265s] Level 1:colcon.colcon_core.package_discovery:discover_packages(ignore) discover
[0.265s] Level 1:colcon.colcon_core.package_discovery:discover_packages(ignore) using defaults
[0.265s] Level 1:colcon.colcon_core.package_discovery:discover_packages(path) discover
[0.265s] Level 1:colcon.colcon_core.package_discovery:discover_packages(path) using defaults
[0.287s] Level 1:colcon.colcon_core.package_discovery:discover_packages(prefix_path) check parameters
[0.287s] Level 1:colcon.colcon_core.package_discovery:discover_packages(prefix_path) discover
[0.290s] DEBUG:colcon.colcon_installed_package_information.package_discovery:Found 3 installed packages in /home/pmlab/rajan_ros2_ws/install
[0.290s] DEBUG:colcon.colcon_installed_package_information.package_discovery:Found 22 installed packages in /home/pmlab/ros2_ws/install
[0.292s] DEBUG:colcon.colcon_installed_package_information.package_discovery:Found 49 installed packages in /home/pmlab/Documents/ros2-for-unity/install
[0.294s] DEBUG:colcon.colcon_installed_package_information.package_discovery:Found 374 installed packages in /opt/ros/humble
[0.297s] Level 1:colcon.colcon_core.package_discovery:discover_packages(prefix_path) using defaults
[0.341s] Level 5:colcon.colcon_core.verb:set package 'move_tool_to_frame' build argument 'cmake_args' from command line to 'None'
[0.341s] Level 5:colcon.colcon_core.verb:set package 'move_tool_to_frame' build argument 'cmake_target' from command line to 'None'
[0.341s] Level 5:colcon.colcon_core.verb:set package 'move_tool_to_frame' build argument 'cmake_target_skip_unavailable' from command line to 'False'
[0.341s] Level 5:colcon.colcon_core.verb:set package 'move_tool_to_frame' build argument 'cmake_clean_cache' from command line to 'False'
[0.341s] Level 5:colcon.colcon_core.verb:set package 'move_tool_to_frame' build argument 'cmake_clean_first' from command line to 'False'
[0.341s] Level 5:colcon.colcon_core.verb:set package 'move_tool_to_frame' build argument 'cmake_force_configure' from command line to 'False'
[0.341s] Level 5:colcon.colcon_core.verb:set package 'move_tool_to_frame' build argument 'ament_cmake_args' from command line to 'None'
[0.341s] Level 5:colcon.colcon_core.verb:set package 'move_tool_to_frame' build argument 'catkin_cmake_args' from command line to 'None'
[0.341s] Level 5:colcon.colcon_core.verb:set package 'move_tool_to_frame' build argument 'catkin_skip_building_tests' from command line to 'False'
[0.341s] DEBUG:colcon.colcon_core.verb:Building package 'move_tool_to_frame' with the following arguments: {'ament_cmake_args': None, 'build_base': '/home/pmlab/yueju/move_tool/build/move_tool_to_frame', 'catkin_cmake_args': None, 'catkin_skip_building_tests': False, 'cmake_args': None, 'cmake_clean_cache': False, 'cmake_clean_first': False, 'cmake_force_configure': False, 'cmake_target': None, 'cmake_target_skip_unavailable': False, 'install_base': '/home/pmlab/yueju/move_tool/install/move_tool_to_frame', 'merge_install': False, 'path': '/home/pmlab/yueju/move_tool/src/move_tool_to_frame', 'symlink_install': False, 'test_result_base': None}
[0.341s] INFO:colcon.colcon_core.executor:Executing jobs using 'parallel' executor
[0.342s] DEBUG:colcon.colcon_parallel_executor.executor.parallel:run_until_complete
[0.342s] INFO:colcon.colcon_ros.task.ament_python.build:Building ROS package in '/home/pmlab/yueju/move_tool/src/move_tool_to_frame' with build type 'ament_python'
[0.342s] Level 1:colcon.colcon_core.shell:create_environment_hook('move_tool_to_frame', 'ament_prefix_path')
[0.344s] INFO:colcon.colcon_core.plugin_system:Skipping extension 'colcon_core.shell.bat': Not used on non-Windows systems
[0.344s] INFO:colcon.colcon_core.shell:Creating environment hook '/home/pmlab/yueju/move_tool/install/move_tool_to_frame/share/move_tool_to_frame/hook/ament_prefix_path.ps1'
[0.345s] INFO:colcon.colcon_core.shell:Creating environment descriptor '/home/pmlab/yueju/move_tool/install/move_tool_to_frame/share/move_tool_to_frame/hook/ament_prefix_path.dsv'
[0.345s] INFO:colcon.colcon_core.shell:Creating environment hook '/home/pmlab/yueju/move_tool/install/move_tool_to_frame/share/move_tool_to_frame/hook/ament_prefix_path.sh'
[0.346s] INFO:colcon.colcon_core.shell:Skip shell extension 'powershell' for command environment: Not usable outside of PowerShell
[0.346s] DEBUG:colcon.colcon_core.shell:Skip shell extension 'dsv' for command environment
[0.589s] INFO:colcon.colcon_core.task.python.build:Building Python package in '/home/pmlab/yueju/move_tool/src/move_tool_to_frame'
[0.589s] INFO:colcon.colcon_core.shell:Skip shell extension 'powershell' for command environment: Not usable outside of PowerShell
[0.589s] DEBUG:colcon.colcon_core.shell:Skip shell extension 'dsv' for command environment
[0.992s] DEBUG:colcon.colcon_core.event_handler.log_command:Invoking command in '/home/pmlab/yueju/move_tool/src/move_tool_to_frame': PYTHONPATH=/home/pmlab/yueju/move_tool/build/move_tool_to_frame/prefix_override:/home/pmlab/yueju/move_tool/install/move_tool_to_frame/lib/python3.10/site-packages:${PYTHONPATH} /usr/bin/python3 -W ignore:setup.py install is deprecated setup.py egg_info --egg-base ../../build/move_tool_to_frame build --build-base /home/pmlab/yueju/move_tool/build/move_tool_to_frame/build install --record /home/pmlab/yueju/move_tool/build/move_tool_to_frame/install.log --single-version-externally-managed install_data
[1.264s] DEBUG:colcon.colcon_core.event_handler.log_command:Invoked command in '/home/pmlab/yueju/move_tool/src/move_tool_to_frame' returned '0': PYTHONPATH=/home/pmlab/yueju/move_tool/build/move_tool_to_frame/prefix_override:/home/pmlab/yueju/move_tool/install/move_tool_to_frame/lib/python3.10/site-packages:${PYTHONPATH} /usr/bin/python3 -W ignore:setup.py install is deprecated setup.py egg_info --egg-base ../../build/move_tool_to_frame build --build-base /home/pmlab/yueju/move_tool/build/move_tool_to_frame/build install --record /home/pmlab/yueju/move_tool/build/move_tool_to_frame/install.log --single-version-externally-managed install_data
[1.270s] Level 1:colcon.colcon_core.environment:checking '/home/pmlab/yueju/move_tool/install/move_tool_to_frame' for CMake module files
[1.271s] Level 1:colcon.colcon_core.environment:checking '/home/pmlab/yueju/move_tool/install/move_tool_to_frame' for CMake config files
[1.271s] Level 1:colcon.colcon_core.environment:checking '/home/pmlab/yueju/move_tool/install/move_tool_to_frame/lib'
[1.272s] Level 1:colcon.colcon_core.environment:checking '/home/pmlab/yueju/move_tool/install/move_tool_to_frame/bin'
[1.272s] Level 1:colcon.colcon_core.environment:checking '/home/pmlab/yueju/move_tool/install/move_tool_to_frame/lib/pkgconfig/move_tool_to_frame.pc'
[1.272s] Level 1:colcon.colcon_core.environment:checking '/home/pmlab/yueju/move_tool/install/move_tool_to_frame/lib/python3.10/site-packages'
[1.272s] Level 1:colcon.colcon_core.shell:create_environment_hook('move_tool_to_frame', 'pythonpath')
[1.272s] INFO:colcon.colcon_core.shell:Creating environment hook '/home/pmlab/yueju/move_tool/install/move_tool_to_frame/share/move_tool_to_frame/hook/pythonpath.ps1'
[1.272s] INFO:colcon.colcon_core.shell:Creating environment descriptor '/home/pmlab/yueju/move_tool/install/move_tool_to_frame/share/move_tool_to_frame/hook/pythonpath.dsv'
[1.273s] INFO:colcon.colcon_core.shell:Creating environment hook '/home/pmlab/yueju/move_tool/install/move_tool_to_frame/share/move_tool_to_frame/hook/pythonpath.sh'
[1.273s] Level 1:colcon.colcon_core.environment:checking '/home/pmlab/yueju/move_tool/install/move_tool_to_frame/bin'
[1.273s] Level 1:colcon.colcon_core.environment:create_environment_scripts_only(move_tool_to_frame)
[1.273s] INFO:colcon.colcon_core.shell:Creating package script '/home/pmlab/yueju/move_tool/install/move_tool_to_frame/share/move_tool_to_frame/package.ps1'
[1.274s] INFO:colcon.colcon_core.shell:Creating package descriptor '/home/pmlab/yueju/move_tool/install/move_tool_to_frame/share/move_tool_to_frame/package.dsv'
[1.274s] INFO:colcon.colcon_core.shell:Creating package script '/home/pmlab/yueju/move_tool/install/move_tool_to_frame/share/move_tool_to_frame/package.sh'
[1.275s] INFO:colcon.colcon_core.shell:Creating package script '/home/pmlab/yueju/move_tool/install/move_tool_to_frame/share/move_tool_to_frame/package.bash'
[1.276s] INFO:colcon.colcon_core.shell:Creating package script '/home/pmlab/yueju/move_tool/install/move_tool_to_frame/share/move_tool_to_frame/package.zsh'
[1.276s] Level 1:colcon.colcon_core.environment:create_file_with_runtime_dependencies(/home/pmlab/yueju/move_tool/install/move_tool_to_frame/share/colcon-core/packages/move_tool_to_frame)
[1.276s] DEBUG:colcon.colcon_parallel_executor.executor.parallel:closing loop
[1.277s] DEBUG:colcon.colcon_parallel_executor.executor.parallel:loop closed
[1.277s] DEBUG:colcon.colcon_parallel_executor.executor.parallel:run_until_complete finished with '0'
[1.277s] DEBUG:colcon.colcon_core.event_reactor:joining thread
[1.285s] INFO:colcon.colcon_core.plugin_system:Skipping extension 'colcon_notification.desktop_notification.terminal_notifier': Not used on non-Darwin systems
[1.286s] INFO:colcon.colcon_core.plugin_system:Skipping extension 'colcon_notification.desktop_notification.win32': Not used on non-Windows systems
[1.286s] INFO:colcon.colcon_notification.desktop_notification:Sending desktop notification using 'notify2'
[1.301s] DEBUG:colcon.colcon_core.event_reactor:joined thread
[1.301s] INFO:colcon.colcon_core.shell:Creating prefix script '/home/pmlab/yueju/move_tool/install/local_setup.ps1'
[1.302s] INFO:colcon.colcon_core.shell:Creating prefix util module '/home/pmlab/yueju/move_tool/install/_local_setup_util_ps1.py'
[1.303s] INFO:colcon.colcon_core.shell:Creating prefix chain script '/home/pmlab/yueju/move_tool/install/setup.ps1'
[1.304s] INFO:colcon.colcon_core.shell:Creating prefix script '/home/pmlab/yueju/move_tool/install/local_setup.sh'
[1.305s] INFO:colcon.colcon_core.shell:Creating prefix util module '/home/pmlab/yueju/move_tool/install/_local_setup_util_sh.py'
[1.305s] INFO:colcon.colcon_core.shell:Creating prefix chain script '/home/pmlab/yueju/move_tool/install/setup.sh'
[1.307s] INFO:colcon.colcon_core.shell:Creating prefix script '/home/pmlab/yueju/move_tool/install/local_setup.bash'
[1.307s] INFO:colcon.colcon_core.shell:Creating prefix chain script '/home/pmlab/yueju/move_tool/install/setup.bash'
[1.309s] INFO:colcon.colcon_core.shell:Creating prefix script '/home/pmlab/yueju/move_tool/install/local_setup.zsh'
[1.310s] INFO:colcon.colcon_core.shell:Creating prefix chain script '/home/pmlab/yueju/move_tool/install/setup.zsh'
