failed to create symbolic link '/home/pmlab/yueju/move_tool/build/calibration_interface/ament_cmake_python/calibration_interface/calibration_interface' because existing path cannot be removed: Is a directory
[  6%] Built target calibration_interface__cs
[  6%] Built target calibration_interface__cpp
[ 10%] Built target calibration_interface__rosidl_generator_c
gmake[2]: *** [CMakeFiles/ament_cmake_python_symlink_calibration_interface.dir/build.make:70: CMakeFiles/ament_cmake_python_symlink_calibration_interface] Error 1
gmake[1]: *** [CMakeFiles/Makefile2:565: CMakeFiles/ament_cmake_python_symlink_calibration_interface.dir/all] Error 2
gmake[1]: *** Waiting for unfinished jobs....
[35m[1mConsolidate compiler generated dependencies of target calibration_interface__rosidl_typesupport_cpp[0m
[ 13%] [34m[1m/usr/bin/cmake;-version;/usr/bin/dotnet restore calibration_interface_assembly_dotnetcore.csproj;          /usr/bin/dotnet build calibration_interface_assembly_dotnetcore.csproj -> /home/pmlab/yueju/move_tool/build/calibration_interface/calibration_interface_assembly[0m
[ 19%] Built target calibration_interface__rosidl_typesupport_cpp
cmake version 3.22.1

CMake suite maintained and supported by Kitware (kitware.com/cmake).
[?1h=  Determining projects to restore...
  All projects are up-to-date for restore.
[?1h=Microsoft (R) Build Engine version 17.0.1+b177f8fa7 for .NET
Copyright (C) Microsoft Corporation. All rights reserved.

  Determining projects to restore...
  All projects are up-to-date for restore.
  calibration_interface_assembly_dotnetcore -> /home/pmlab/yueju/move_tool/build/calibration_interface/netstandard2.0/calibration_interface_assembly.dll
[39;49m[92m
Build succeeded.
[39;49m    0 Warning(s)
[39;49m    0 Error(s)
[39;49m
Time Elapsed 00:00:00.73
[ 21%] Built target calibration_interface_assembly
gmake: *** [Makefile:146: all] Error 2
