[0.030s] Invoking command in '/home/pmlab/yueju/move_tool/build/calibration_interface': CMAKE_PREFIX_PATH=${CMAKE_PREFIX_PATH}:/home/pmlab/yueju/move_tool/install/move_tool_to_frame:/home/pmlab/rajan_ros2_ws/src/install/pneumatic_controller_listener:/home/pmlab/rajan_ros2_ws/src/install/pm_smaract_gripper:/home/pmlab/rajan_ros2_ws/src/install/pm_robot_control_test:/home/pmlab/rajan_ros2_ws/src/install/pm_confocal:/home/pmlab/rajan_ros2_ws/install/pneumatic_controller_listener:/home/pmlab/rajan_ros2_ws/install/pm_smaract_gripper:/home/pmlab/rajan_ros2_ws/install/pm_robot_control_test:/home/pmlab/rajan_ros2_ws/install/pm_confocal:/home/pmlab/ros2_ws/install/ros_sequential_action_programmer:/opt/ros/humble /usr/bin/cmake --build /home/pmlab/yueju/move_tool/build/calibration_interface -- -j24 -l24
[0.126s] failed to create symbolic link '/home/pmlab/yueju/move_tool/build/calibration_interface/ament_cmake_python/calibration_interface/calibration_interface' because existing path cannot be removed: Is a directory
[0.126s] [  6%] Built target calibration_interface__cs
[0.127s] [  6%] Built target calibration_interface__cpp
[0.127s] [ 10%] Built target calibration_interface__rosidl_generator_c
[0.128s] gmake[2]: *** [CMakeFiles/ament_cmake_python_symlink_calibration_interface.dir/build.make:70: CMakeFiles/ament_cmake_python_symlink_calibration_interface] Error 1
[0.128s] gmake[1]: *** [CMakeFiles/Makefile2:565: CMakeFiles/ament_cmake_python_symlink_calibration_interface.dir/all] Error 2
[0.128s] gmake[1]: *** Waiting for unfinished jobs....
[0.148s] [35m[1mConsolidate compiler generated dependencies of target calibration_interface__rosidl_typesupport_cpp[0m
[0.167s] [ 13%] [34m[1m/usr/bin/cmake;-version;/usr/bin/dotnet restore calibration_interface_assembly_dotnetcore.csproj;          /usr/bin/dotnet build calibration_interface_assembly_dotnetcore.csproj -> /home/pmlab/yueju/move_tool/build/calibration_interface/calibration_interface_assembly[0m
[0.181s] [ 19%] Built target calibration_interface__rosidl_typesupport_cpp
[0.240s] cmake version 3.22.1
[0.240s] 
[0.240s] CMake suite maintained and supported by Kitware (kitware.com/cmake).
[0.849s] [?1h=  Determining projects to restore...
[0.990s]   All projects are up-to-date for restore.
[1.140s] [?1h=Microsoft (R) Build Engine version 17.0.1+b177f8fa7 for .NET
[1.141s] Copyright (C) Microsoft Corporation. All rights reserved.
[1.141s] 
[1.552s]   Determining projects to restore...
[1.740s]   All projects are up-to-date for restore.
[1.960s]   calibration_interface_assembly_dotnetcore -> /home/pmlab/yueju/move_tool/build/calibration_interface/netstandard2.0/calibration_interface_assembly.dll
[1.969s] [39;49m[92m
[1.969s] Build succeeded.
[1.969s] [39;49m    0 Warning(s)
[1.969s] [39;49m    0 Error(s)
[1.969s] [39;49m
[1.969s] Time Elapsed 00:00:00.73
[2.013s] [ 21%] Built target calibration_interface_assembly
[2.014s] gmake: *** [Makefile:146: all] Error 2
[2.017s] Invoked command in '/home/pmlab/yueju/move_tool/build/calibration_interface' returned '2': CMAKE_PREFIX_PATH=${CMAKE_PREFIX_PATH}:/home/pmlab/yueju/move_tool/install/move_tool_to_frame:/home/pmlab/rajan_ros2_ws/src/install/pneumatic_controller_listener:/home/pmlab/rajan_ros2_ws/src/install/pm_smaract_gripper:/home/pmlab/rajan_ros2_ws/src/install/pm_robot_control_test:/home/pmlab/rajan_ros2_ws/src/install/pm_confocal:/home/pmlab/rajan_ros2_ws/install/pneumatic_controller_listener:/home/pmlab/rajan_ros2_ws/install/pm_smaract_gripper:/home/pmlab/rajan_ros2_ws/install/pm_robot_control_test:/home/pmlab/rajan_ros2_ws/install/pm_confocal:/home/pmlab/ros2_ws/install/ros_sequential_action_programmer:/opt/ros/humble /usr/bin/cmake --build /home/pmlab/yueju/move_tool/build/calibration_interface -- -j24 -l24
