[0.189s] Invoking command in '/home/pmlab/yueju/move_tool/build/calibration_interface': CMAKE_PREFIX_PATH=${CMAKE_PREFIX_PATH}:/home/pmlab/pm_ros2_ws/install/ros_sequential_action_programmer:/home/pmlab/pm_ros2_ws/install/pneumatic_controller_listener:/home/pmlab/pm_ros2_ws/install/pm_vision_manager:/home/pmlab/pm_ros2_ws/install/pm_vision_app:/home/pmlab/pm_ros2_ws/install/pm_robot_control_test:/home/pmlab/pm_ros2_ws/install/pm_confocal:/home/pmlab/pm_ros2_ws/install/pm_co_pilot:/home/pmlab/pm_ros2_ws/install/assembly_scene_publisher:/home/pmlab/pm_ros2_ws/install/assembly_manager:/opt/ros/humble /usr/bin/cmake /home/pmlab/yueju/move_tool/src/calibration_interface -DCMAKE_INSTALL_PREFIX=/home/pmlab/yueju/move_tool/install/calibration_interface
[0.204s] -- Found ament_cmake: 1.3.8 (/opt/ros/humble/share/ament_cmake/cmake)
[0.341s] -- Override CMake install command with custom implementation using symlinks instead of copying resources
[0.353s] -- Found rosidl_default_generators: 1.2.0 (/home/pmlab/ros2-for-unity/ros2-for-unity/install/share/rosidl_default_generators/cmake)
[0.359s] -- Using all available rosidl_typesupport_c: rosidl_typesupport_fastrtps_c;rosidl_typesupport_introspection_c
[0.362s] -- Found rosidl_adapter: 3.1.5 (/opt/ros/humble/share/rosidl_adapter/cmake)
[0.399s] -- Using all available rosidl_typesupport_cpp: rosidl_typesupport_fastrtps_cpp;rosidl_typesupport_introspection_cpp
[0.423s] -- Found rmw_implementation_cmake: 6.1.1 (/opt/ros/humble/share/rmw_implementation_cmake/cmake)
[0.669s] -- Found ament_cmake_ros: 0.10.0 (/opt/ros/humble/share/ament_cmake_ros/cmake)
[0.849s] -- Using all available rosidl_typesupport_c: rosidl_typesupport_fastrtps_c;rosidl_typesupport_introspection_c
[1.086s] -- Using all available rosidl_typesupport_cpp: rosidl_typesupport_fastrtps_cpp;rosidl_typesupport_introspection_cpp
[1.088s] -- Found ament_cmake_export_assemblies: 0.0.0 (/home/pmlab/ros2-for-unity/ros2-for-unity/install/share/ament_cmake_export_assemblies/cmake)
[1.089s] -- Found dotnet_cmake_module: 0.0.0 (/home/pmlab/ros2-for-unity/ros2-for-unity/install/share/dotnet_cmake_module/cmake)
[1.250s] -- Found .NET Core: 7.0.119
[1.250s] -- Using Framework: netstandard2.0
[1.250s] -- Using Framework: netstandard2.0
[1.250s] -- Using Runtime: linux-x64
[1.251s] -- Found ros2cs_common: 2.0.0 (/home/pmlab/ros2-for-unity/ros2-for-unity/install/share/ros2cs_common/cmake)
[1.455s] -- Generating C# code for ROS interfaces  and /home/pmlab/yueju/move_tool/build/calibration_interface/rosidl_generator_cs/calibration_interface/srv/calibrate_gripper.cs;/home/pmlab/yueju/move_tool/build/calibration_interface/rosidl_generator_cs/calibration_interface/srv/gripper_calibration.cs
[1.455s] -- Adding custom target
[1.456s] [0mLink libraries: calibration_interface__rosidl_typesupport_c[0m
[1.458s] [0mLink libraries: calibration_interface__rosidl_typesupport_fastrtps_c[0m
[1.461s] [0mLink libraries: calibration_interface__rosidl_typesupport_introspection_c[0m
[1.464s] [0mLink libraries: calibration_interface__rosidl_typesupport_c[0m
[1.466s] [0mLink libraries: calibration_interface__rosidl_typesupport_fastrtps_c[0m
[1.469s] [0mLink libraries: calibration_interface__rosidl_typesupport_introspection_c[0m
[1.471s] [0mInstall targets[0m
[1.494s] -- Found python_cmake_module: 0.10.0 (/opt/ros/humble/share/python_cmake_module/cmake)
[1.516s] -- Using PYTHON_EXECUTABLE: /usr/bin/python3
[1.517s] -- Using PYTHON_INCLUDE_DIRS: /usr/include/python3.10
[1.517s] -- Using PYTHON_LIBRARIES: /usr/lib/x86_64-linux-gnu/libpython3.10.so
[1.536s] -- Found ament_lint_auto: 0.12.10 (/opt/ros/humble/share/ament_lint_auto/cmake)
[1.553s] -- Added test 'lint_cmake' to check CMake code style
[1.554s] -- Added test 'xmllint' to check XML markup files
[1.557s] -- Configuring done
[1.601s] -- Generating done
[1.605s] -- Build files have been written to: /home/pmlab/yueju/move_tool/build/calibration_interface
[1.616s] Invoked command in '/home/pmlab/yueju/move_tool/build/calibration_interface' returned '0': CMAKE_PREFIX_PATH=${CMAKE_PREFIX_PATH}:/home/pmlab/pm_ros2_ws/install/ros_sequential_action_programmer:/home/pmlab/pm_ros2_ws/install/pneumatic_controller_listener:/home/pmlab/pm_ros2_ws/install/pm_vision_manager:/home/pmlab/pm_ros2_ws/install/pm_vision_app:/home/pmlab/pm_ros2_ws/install/pm_robot_control_test:/home/pmlab/pm_ros2_ws/install/pm_confocal:/home/pmlab/pm_ros2_ws/install/pm_co_pilot:/home/pmlab/pm_ros2_ws/install/assembly_scene_publisher:/home/pmlab/pm_ros2_ws/install/assembly_manager:/opt/ros/humble /usr/bin/cmake /home/pmlab/yueju/move_tool/src/calibration_interface -DCMAKE_INSTALL_PREFIX=/home/pmlab/yueju/move_tool/install/calibration_interface
[1.617s] Invoking command in '/home/pmlab/yueju/move_tool/build/calibration_interface': CMAKE_PREFIX_PATH=${CMAKE_PREFIX_PATH}:/home/pmlab/pm_ros2_ws/install/ros_sequential_action_programmer:/home/pmlab/pm_ros2_ws/install/pneumatic_controller_listener:/home/pmlab/pm_ros2_ws/install/pm_vision_manager:/home/pmlab/pm_ros2_ws/install/pm_vision_app:/home/pmlab/pm_ros2_ws/install/pm_robot_control_test:/home/pmlab/pm_ros2_ws/install/pm_confocal:/home/pmlab/pm_ros2_ws/install/pm_co_pilot:/home/pmlab/pm_ros2_ws/install/assembly_scene_publisher:/home/pmlab/pm_ros2_ws/install/assembly_manager:/opt/ros/humble /usr/bin/cmake --build /home/pmlab/yueju/move_tool/build/calibration_interface -- -j16 -l16
[1.668s] [  1%] [34m[1mGenerating C code for ROS interfaces[0m
[1.680s] [  4%] [34m[1mGenerating C# code for ROS interfaces[0m
[1.680s] [  4%] [34m[1mGenerating C++ code for ROS interfaces[0m
[1.690s] [  4%] Built target ament_cmake_python_symlink_calibration_interface
[1.927s] running egg_info
[1.949s] writing calibration_interface.egg-info/PKG-INFO
[1.949s] writing dependency_links to calibration_interface.egg-info/dependency_links.txt
[1.949s] writing top-level names to calibration_interface.egg-info/top_level.txt
[1.950s] [35m[1mConsolidate compiler generated dependencies of target calibration_interface__rosidl_generator_c[0m
[1.965s] [  6%] [32mBuilding C object CMakeFiles/calibration_interface__rosidl_generator_c.dir/rosidl_generator_c/calibration_interface/srv/detail/calibrate_gripper__functions.c.o[0m
[1.965s] [  6%] [32mBuilding C object CMakeFiles/calibration_interface__rosidl_generator_c.dir/rosidl_generator_c/calibration_interface/srv/detail/gripper_calibration__functions.c.o[0m
[2.007s] reading manifest file 'calibration_interface.egg-info/SOURCES.txt'
[2.009s] writing manifest file 'calibration_interface.egg-info/SOURCES.txt'
[2.027s] [  6%] Built target calibration_interface__cs
[2.046s] [  6%] Built target ament_cmake_python_build_calibration_interface_egg
[2.057s] [  8%] [34m[1m/usr/bin/cmake;-version;/usr/bin/dotnet restore calibration_interface_assembly_dotnetcore.csproj;          /usr/bin/dotnet build calibration_interface_assembly_dotnetcore.csproj -> /home/pmlab/yueju/move_tool/build/calibration_interface/calibration_interface_assembly[0m
[2.057s] [  8%] Built target calibration_interface__cpp
[2.060s] [  9%] [32m[1mLinking C shared library libcalibration_interface__rosidl_generator_c.so[0m
[2.067s] [ 11%] [34m[1mGenerating C++ type support for eProsima Fast-RTPS[0m
[2.068s] [ 12%] [34m[1mGenerating C++ type support dispatch for ROS interfaces[0m
[2.068s] [ 13%] [34m[1mGenerating C++ introspection for ROS interfaces[0m
[2.104s] cmake version 3.22.1
[2.104s] 
[2.104s] CMake suite maintained and supported by Kitware (kitware.com/cmake).
[2.111s] [ 13%] Built target calibration_interface__rosidl_generator_c
[2.126s] [ 18%] [34m[1mGenerating C introspection for ROS interfaces[0m
[2.126s] [ 18%] [34m[1mGenerating C type support dispatch for ROS interfaces[0m
[2.126s] [ 18%] [34m[1mGenerating C type support for eProsima Fast-RTPS[0m
[2.341s] [?1h=[35m[1mConsolidate compiler generated dependencies of target calibration_interface__rosidl_typesupport_introspection_cpp[0m
[2.355s] [ 19%] [32mBuilding CXX object CMakeFiles/calibration_interface__rosidl_typesupport_introspection_cpp.dir/rosidl_typesupport_introspection_cpp/calibration_interface/srv/detail/calibrate_gripper__type_support.cpp.o[0m
[2.355s] [35m[1mConsolidate compiler generated dependencies of target calibration_interface__rosidl_typesupport_fastrtps_cpp[0m
[2.355s] [ 20%] [32mBuilding CXX object CMakeFiles/calibration_interface__rosidl_typesupport_introspection_cpp.dir/rosidl_typesupport_introspection_cpp/calibration_interface/srv/detail/gripper_calibration__type_support.cpp.o[0m
[2.375s] [ 23%] [32mBuilding CXX object CMakeFiles/calibration_interface__rosidl_typesupport_fastrtps_cpp.dir/rosidl_typesupport_fastrtps_cpp/calibration_interface/srv/detail/dds_fastrtps/calibrate_gripper__type_support.cpp.o[0m
[2.376s] [ 23%] [32mBuilding CXX object CMakeFiles/calibration_interface__rosidl_typesupport_fastrtps_cpp.dir/rosidl_typesupport_fastrtps_cpp/calibration_interface/srv/detail/dds_fastrtps/gripper_calibration__type_support.cpp.o[0m
[2.419s] [35m[1mConsolidate compiler generated dependencies of target calibration_interface__rosidl_typesupport_introspection_c[0m
[2.420s] [35m[1mConsolidate compiler generated dependencies of target calibration_interface__rosidl_typesupport_cpp[0m
[2.440s] [ 26%] [32mBuilding C object CMakeFiles/calibration_interface__rosidl_typesupport_introspection_c.dir/rosidl_typesupport_introspection_c/calibration_interface/srv/detail/gripper_calibration__type_support.c.o[0m
[2.440s] [ 26%] [32mBuilding C object CMakeFiles/calibration_interface__rosidl_typesupport_introspection_c.dir/rosidl_typesupport_introspection_c/calibration_interface/srv/detail/calibrate_gripper__type_support.c.o[0m
[2.441s] [35m[1mConsolidate compiler generated dependencies of target calibration_interface__rosidl_typesupport_c[0m
[2.441s] [ 27%] [32mBuilding CXX object CMakeFiles/calibration_interface__rosidl_typesupport_cpp.dir/rosidl_typesupport_cpp/calibration_interface/srv/calibrate_gripper__type_support.cpp.o[0m
[2.444s] [ 29%] [32mBuilding CXX object CMakeFiles/calibration_interface__rosidl_typesupport_cpp.dir/rosidl_typesupport_cpp/calibration_interface/srv/gripper_calibration__type_support.cpp.o[0m
[2.459s] [ 31%] [32mBuilding CXX object CMakeFiles/calibration_interface__rosidl_typesupport_c.dir/rosidl_typesupport_c/calibration_interface/srv/calibrate_gripper__type_support.cpp.o[0m
[2.459s] [ 31%] [32mBuilding CXX object CMakeFiles/calibration_interface__rosidl_typesupport_c.dir/rosidl_typesupport_c/calibration_interface/srv/gripper_calibration__type_support.cpp.o[0m
[2.486s] [ 33%] [32m[1mLinking C shared library libcalibration_interface__rosidl_typesupport_introspection_c.so[0m
[2.496s] [35m[1mConsolidate compiler generated dependencies of target calibration_interface__rosidl_typesupport_fastrtps_c[0m
[2.519s] [ 36%] [32m[1mLinking CXX shared library libcalibration_interface__rosidl_typesupport_c.so[0m
[2.519s] [ 36%] [32mBuilding CXX object CMakeFiles/calibration_interface__rosidl_typesupport_fastrtps_c.dir/rosidl_typesupport_fastrtps_c/calibration_interface/srv/detail/calibrate_gripper__type_support_c.cpp.o[0m
[2.519s] [ 37%] [32mBuilding CXX object CMakeFiles/calibration_interface__rosidl_typesupport_fastrtps_c.dir/rosidl_typesupport_fastrtps_c/calibration_interface/srv/detail/gripper_calibration__type_support_c.cpp.o[0m
[2.533s] [ 37%] Built target calibration_interface__rosidl_typesupport_introspection_c
[2.580s] [ 37%] Built target calibration_interface__rosidl_typesupport_c
[2.598s] [35m[1mConsolidate compiler generated dependencies of target calibration_interface_srv_calibrate_gripper__rosidl_typesupport_c[0m
[2.598s] [35m[1mConsolidate compiler generated dependencies of target calibration_interface_srv_calibrate_gripper__rosidl_typesupport_introspection_c[0m
[2.619s] [ 40%] [32mBuilding C object CMakeFiles/calibration_interface_srv_gripper_calibration__rosidl_typesupport_c.dir/rosidl_generator_cs/calibration_interface/srv/gripper_calibration.ep.rosidl_typesupport_c.c.o[0m
[2.619s] [ 41%] [32mBuilding C object CMakeFiles/calibration_interface_srv_gripper_calibration__rosidl_typesupport_introspection_c.dir/rosidl_generator_cs/calibration_interface/srv/calibrate_gripper_s.c.o[0m
[2.621s] [ 40%] [32mBuilding C object CMakeFiles/calibration_interface_srv_gripper_calibration__rosidl_typesupport_introspection_c.dir/rosidl_generator_cs/calibration_interface/srv/gripper_calibration.ep.rosidl_typesupport_introspection_c.c.o[0m
[2.621s] [ 43%] [32mBuilding C object CMakeFiles/calibration_interface_srv_calibrate_gripper__rosidl_typesupport_introspection_c.dir/rosidl_generator_cs/calibration_interface/srv/calibrate_gripper.ep.rosidl_typesupport_introspection_c.c.o[0m
[2.623s] [ 44%] [32mBuilding C object CMakeFiles/calibration_interface_srv_calibrate_gripper__rosidl_typesupport_c.dir/rosidl_generator_cs/calibration_interface/srv/calibrate_gripper.ep.rosidl_typesupport_c.c.o[0m
[2.628s] [ 45%] [32mBuilding C object CMakeFiles/calibration_interface_srv_gripper_calibration__rosidl_typesupport_c.dir/rosidl_generator_cs/calibration_interface/srv/calibrate_gripper_s.c.o[0m
[2.635s] [ 47%] [32mBuilding C object CMakeFiles/calibration_interface_srv_gripper_calibration__rosidl_typesupport_c.dir/rosidl_generator_cs/calibration_interface/srv/gripper_calibration_s.c.o[0m
[2.682s] [ 48%] [32mBuilding C object CMakeFiles/calibration_interface_srv_calibrate_gripper__rosidl_typesupport_c.dir/rosidl_generator_cs/calibration_interface/srv/calibrate_gripper_s.c.o[0m
[2.692s] [ 50%] [32mBuilding C object CMakeFiles/calibration_interface_srv_calibrate_gripper__rosidl_typesupport_c.dir/rosidl_generator_cs/calibration_interface/srv/gripper_calibration_s.c.o[0m
[2.699s] [ 51%] [32mBuilding C object CMakeFiles/calibration_interface_srv_calibrate_gripper__rosidl_typesupport_introspection_c.dir/rosidl_generator_cs/calibration_interface/srv/calibrate_gripper_s.c.o[0m
[2.711s] [ 52%] [32mBuilding C object CMakeFiles/calibration_interface_srv_calibrate_gripper__rosidl_typesupport_introspection_c.dir/rosidl_generator_cs/calibration_interface/srv/gripper_calibration_s.c.o[0m
[2.712s] [ 54%] [32mBuilding C object CMakeFiles/calibration_interface_srv_gripper_calibration__rosidl_typesupport_introspection_c.dir/rosidl_generator_cs/calibration_interface/srv/gripper_calibration_s.c.o[0m
[2.752s] [ 55%] [32m[1mLinking C shared library rosidl_generator_cs/calibration_interface/srv/libcalibration_interface_srv_calibrate_gripper__rosidl_typesupport_c_native.so[0m
[2.755s] [ 56%] [32m[1mLinking C shared library rosidl_generator_cs/calibration_interface/srv/libcalibration_interface_srv_gripper_calibration__rosidl_typesupport_c_native.so[0m
[2.770s] [ 59%] [32m[1mLinking C shared library rosidl_generator_cs/calibration_interface/srv/libcalibration_interface_srv_gripper_calibration__rosidl_typesupport_introspection_c_native.so[0m
[2.771s] [ 59%] [32m[1mLinking C shared library rosidl_generator_cs/calibration_interface/srv/libcalibration_interface_srv_calibrate_gripper__rosidl_typesupport_introspection_c_native.so[0m
[2.782s] [ 61%] [32m[1mLinking CXX shared library libcalibration_interface__rosidl_typesupport_cpp.so[0m
[2.807s] [ 62%] Built target calibration_interface_srv_calibrate_gripper__rosidl_typesupport_c
[2.813s] [ 63%] Built target calibration_interface_srv_gripper_calibration__rosidl_typesupport_c
[2.820s] [ 66%] Built target calibration_interface_srv_calibrate_gripper__rosidl_typesupport_introspection_c
[2.820s] [ 66%] Built target calibration_interface_srv_gripper_calibration__rosidl_typesupport_introspection_c
[2.844s] [ 66%] Built target calibration_interface__rosidl_typesupport_cpp
[2.872s] [ 68%] [32m[1mLinking CXX shared library libcalibration_interface__rosidl_typesupport_introspection_cpp.so[0m
[2.883s] [ 69%] [32m[1mLinking CXX shared library libcalibration_interface__rosidl_typesupport_fastrtps_cpp.so[0m
[2.885s]   Determining projects to restore...
[2.917s] [ 69%] Built target calibration_interface__rosidl_typesupport_introspection_cpp
[2.926s] [ 70%] [32m[1mLinking CXX shared library libcalibration_interface__rosidl_typesupport_fastrtps_c.so[0m
[2.953s] [ 70%] Built target calibration_interface__rosidl_typesupport_fastrtps_cpp
[2.992s] [ 70%] Built target calibration_interface__rosidl_typesupport_fastrtps_c
[3.004s] [35m[1mConsolidate compiler generated dependencies of target calibration_interface_srv_calibrate_gripper__rosidl_typesupport_fastrtps_c[0m
[3.017s] [ 75%] [32mBuilding C object CMakeFiles/calibration_interface_srv_gripper_calibration__rosidl_typesupport_fastrtps_c.dir/rosidl_generator_cs/calibration_interface/srv/gripper_calibration.ep.rosidl_typesupport_fastrtps_c.c.o[0m
[3.017s] [ 75%] Built target calibration_interface
[3.017s] [ 75%] [32mBuilding C object CMakeFiles/calibration_interface_srv_gripper_calibration__rosidl_typesupport_fastrtps_c.dir/rosidl_generator_cs/calibration_interface/srv/calibrate_gripper_s.c.o[0m
[3.017s] [ 75%] [32mBuilding C object CMakeFiles/calibration_interface_srv_gripper_calibration__rosidl_typesupport_fastrtps_c.dir/rosidl_generator_cs/calibration_interface/srv/gripper_calibration_s.c.o[0m
[3.020s] [ 76%] [32mBuilding C object CMakeFiles/calibration_interface_srv_calibrate_gripper__rosidl_typesupport_fastrtps_c.dir/rosidl_generator_cs/calibration_interface/srv/calibrate_gripper_s.c.o[0m
[3.020s] [ 77%] [32mBuilding C object CMakeFiles/calibration_interface_srv_calibrate_gripper__rosidl_typesupport_fastrtps_c.dir/rosidl_generator_cs/calibration_interface/srv/calibrate_gripper.ep.rosidl_typesupport_fastrtps_c.c.o[0m
[3.020s] [ 79%] [32mBuilding C object CMakeFiles/calibration_interface_srv_calibrate_gripper__rosidl_typesupport_fastrtps_c.dir/rosidl_generator_cs/calibration_interface/srv/gripper_calibration_s.c.o[0m
[3.050s] [ 80%] [34m[1mGenerating Python code for ROS interfaces[0m
[3.058s] [ 83%] [32m[1mLinking C shared library rosidl_generator_cs/calibration_interface/srv/libcalibration_interface_srv_gripper_calibration__rosidl_typesupport_fastrtps_c_native.so[0m
[3.058s] [ 83%] [32m[1mLinking C shared library rosidl_generator_cs/calibration_interface/srv/libcalibration_interface_srv_calibrate_gripper__rosidl_typesupport_fastrtps_c_native.so[0m
[3.095s] [ 84%] Built target calibration_interface_srv_calibrate_gripper__rosidl_typesupport_fastrtps_c
[3.095s] [ 86%] Built target calibration_interface_srv_gripper_calibration__rosidl_typesupport_fastrtps_c
[3.150s]   All projects are up-to-date for restore.
[3.331s] [?1h=MSBuild version 17.4.8+6918b863a for .NET
[3.444s] [ 86%] Built target calibration_interface__py
[3.459s] [35m[1mConsolidate compiler generated dependencies of target calibration_interface__rosidl_generator_py[0m
[3.474s] [ 88%] [32mBuilding C object CMakeFiles/calibration_interface__rosidl_generator_py.dir/rosidl_generator_py/calibration_interface/srv/_calibrate_gripper_s.c.o[0m
[3.474s] [ 88%] [32mBuilding C object CMakeFiles/calibration_interface__rosidl_generator_py.dir/rosidl_generator_py/calibration_interface/srv/_gripper_calibration_s.c.o[0m
[3.580s] [ 90%] [32m[1mLinking C shared library rosidl_generator_py/calibration_interface/libcalibration_interface__rosidl_generator_py.so[0m
[3.620s] [ 90%] Built target calibration_interface__rosidl_generator_py
[3.632s] [35m[1mConsolidate compiler generated dependencies of target calibration_interface__rosidl_typesupport_c__pyext[0m
[3.632s] [35m[1mConsolidate compiler generated dependencies of target calibration_interface__rosidl_typesupport_fastrtps_c__pyext[0m
[3.632s] [35m[1mConsolidate compiler generated dependencies of target calibration_interface__rosidl_typesupport_introspection_c__pyext[0m
[3.647s] [ 94%] [32mBuilding C object CMakeFiles/calibration_interface__rosidl_typesupport_fastrtps_c__pyext.dir/rosidl_generator_py/calibration_interface/_calibration_interface_s.ep.rosidl_typesupport_fastrtps_c.c.o[0m
[3.647s] [ 94%] [32mBuilding C object CMakeFiles/calibration_interface__rosidl_typesupport_c__pyext.dir/rosidl_generator_py/calibration_interface/_calibration_interface_s.ep.rosidl_typesupport_c.c.o[0m
[3.647s] [ 94%] [32mBuilding C object CMakeFiles/calibration_interface__rosidl_typesupport_introspection_c__pyext.dir/rosidl_generator_py/calibration_interface/_calibration_interface_s.ep.rosidl_typesupport_introspection_c.c.o[0m
[3.730s] [ 97%] [32m[1mLinking C shared library rosidl_generator_py/calibration_interface/calibration_interface_s__rosidl_typesupport_c.cpython-310-x86_64-linux-gnu.so[0m
[3.730s] [ 97%] [32m[1mLinking C shared library rosidl_generator_py/calibration_interface/calibration_interface_s__rosidl_typesupport_introspection_c.cpython-310-x86_64-linux-gnu.so[0m
[3.738s] [ 98%] [32m[1mLinking C shared library rosidl_generator_py/calibration_interface/calibration_interface_s__rosidl_typesupport_fastrtps_c.cpython-310-x86_64-linux-gnu.so[0m
[3.767s] [ 98%] Built target calibration_interface__rosidl_typesupport_introspection_c__pyext
[3.767s] [ 98%] Built target calibration_interface__rosidl_typesupport_c__pyext
[3.774s] [ 98%] Built target calibration_interface__rosidl_typesupport_fastrtps_c__pyext
[3.846s]   Determining projects to restore...
[4.136s]   All projects are up-to-date for restore.
[5.263s]   calibration_interface_assembly_dotnetcore -> /home/pmlab/yueju/move_tool/build/calibration_interface/netstandard2.0/calibration_interface_assembly.dll
[5.274s] [39;49m[92m
[5.274s] Build succeeded.
[5.274s] [39;49m    0 Warning(s)
[5.274s] [39;49m    0 Error(s)
[5.274s] [39;49m
[5.274s] Time Elapsed 00:00:01.87
[5.332s] [100%] Built target calibration_interface_assembly
[5.348s] Invoked command in '/home/pmlab/yueju/move_tool/build/calibration_interface' returned '0': CMAKE_PREFIX_PATH=${CMAKE_PREFIX_PATH}:/home/pmlab/pm_ros2_ws/install/ros_sequential_action_programmer:/home/pmlab/pm_ros2_ws/install/pneumatic_controller_listener:/home/pmlab/pm_ros2_ws/install/pm_vision_manager:/home/pmlab/pm_ros2_ws/install/pm_vision_app:/home/pmlab/pm_ros2_ws/install/pm_robot_control_test:/home/pmlab/pm_ros2_ws/install/pm_confocal:/home/pmlab/pm_ros2_ws/install/pm_co_pilot:/home/pmlab/pm_ros2_ws/install/assembly_scene_publisher:/home/pmlab/pm_ros2_ws/install/assembly_manager:/opt/ros/humble /usr/bin/cmake --build /home/pmlab/yueju/move_tool/build/calibration_interface -- -j16 -l16
[5.506s] Invoking command in '/home/pmlab/yueju/move_tool/build/calibration_interface': CMAKE_PREFIX_PATH=${CMAKE_PREFIX_PATH}:/home/pmlab/pm_ros2_ws/install/ros_sequential_action_programmer:/home/pmlab/pm_ros2_ws/install/pneumatic_controller_listener:/home/pmlab/pm_ros2_ws/install/pm_vision_manager:/home/pmlab/pm_ros2_ws/install/pm_vision_app:/home/pmlab/pm_ros2_ws/install/pm_robot_control_test:/home/pmlab/pm_ros2_ws/install/pm_confocal:/home/pmlab/pm_ros2_ws/install/pm_co_pilot:/home/pmlab/pm_ros2_ws/install/assembly_scene_publisher:/home/pmlab/pm_ros2_ws/install/assembly_manager:/opt/ros/humble /usr/bin/cmake --install /home/pmlab/yueju/move_tool/build/calibration_interface
[5.515s] -- Install configuration: ""
[5.515s] -- Execute custom install script
[5.515s] -- Up-to-date symlink: /home/pmlab/yueju/move_tool/install/calibration_interface/share/ament_index/resource_index/rosidl_interfaces/calibration_interface
[5.516s] -- Up-to-date symlink: /home/pmlab/yueju/move_tool/install/calibration_interface/include/calibration_interface/calibration_interface/msg/rosidl_generator_c__visibility_control.h
[5.516s] -- Up-to-date symlink: /home/pmlab/yueju/move_tool/install/calibration_interface/include/calibration_interface/calibration_interface/srv/calibrate_gripper.h
[5.516s] -- Up-to-date symlink: /home/pmlab/yueju/move_tool/install/calibration_interface/include/calibration_interface/calibration_interface/srv/detail/calibrate_gripper__functions.h
[5.516s] -- Up-to-date symlink: /home/pmlab/yueju/move_tool/install/calibration_interface/include/calibration_interface/calibration_interface/srv/detail/calibrate_gripper__struct.h
[5.516s] -- Up-to-date symlink: /home/pmlab/yueju/move_tool/install/calibration_interface/include/calibration_interface/calibration_interface/srv/detail/calibrate_gripper__type_support.h
[5.516s] -- Symlinking: /home/pmlab/yueju/move_tool/install/calibration_interface/include/calibration_interface/calibration_interface/srv/detail/gripper_calibration__functions.h
[5.527s] -- Symlinking: /home/pmlab/yueju/move_tool/install/calibration_interface/include/calibration_interface/calibration_interface/srv/detail/gripper_calibration__struct.h
[5.536s] -- Symlinking: /home/pmlab/yueju/move_tool/install/calibration_interface/include/calibration_interface/calibration_interface/srv/detail/gripper_calibration__type_support.h
[5.545s] -- Symlinking: /home/pmlab/yueju/move_tool/install/calibration_interface/include/calibration_interface/calibration_interface/srv/gripper_calibration.h
[5.555s] -- Up-to-date symlink: /home/pmlab/yueju/move_tool/install/calibration_interface/share/calibration_interface/environment/library_path.sh
[5.555s] -- Up-to-date symlink: /home/pmlab/yueju/move_tool/install/calibration_interface/share/calibration_interface/environment/library_path.dsv
[5.555s] -- Up-to-date symlink: /home/pmlab/yueju/move_tool/install/calibration_interface/include/calibration_interface/calibration_interface/msg/rosidl_typesupport_fastrtps_c__visibility_control.h
[5.555s] -- Up-to-date symlink: /home/pmlab/yueju/move_tool/install/calibration_interface/include/calibration_interface/calibration_interface/srv/detail/calibrate_gripper__rosidl_typesupport_fastrtps_c.h
[5.555s] -- Symlinking: /home/pmlab/yueju/move_tool/install/calibration_interface/include/calibration_interface/calibration_interface/srv/detail/gripper_calibration__rosidl_typesupport_fastrtps_c.h
[5.566s] -- Up-to-date symlink: /home/pmlab/yueju/move_tool/install/calibration_interface/include/calibration_interface/calibration_interface/msg/rosidl_typesupport_introspection_c__visibility_control.h
[5.566s] -- Up-to-date symlink: /home/pmlab/yueju/move_tool/install/calibration_interface/include/calibration_interface/calibration_interface/srv/detail/calibrate_gripper__rosidl_typesupport_introspection_c.h
[5.566s] -- Symlinking: /home/pmlab/yueju/move_tool/install/calibration_interface/include/calibration_interface/calibration_interface/srv/detail/gripper_calibration__rosidl_typesupport_introspection_c.h
[5.575s] -- Up-to-date symlink: /home/pmlab/yueju/move_tool/install/calibration_interface/include/calibration_interface/calibration_interface/srv/calibrate_gripper.hpp
[5.575s] -- Up-to-date symlink: /home/pmlab/yueju/move_tool/install/calibration_interface/include/calibration_interface/calibration_interface/srv/detail/calibrate_gripper__builder.hpp
[5.575s] -- Up-to-date symlink: /home/pmlab/yueju/move_tool/install/calibration_interface/include/calibration_interface/calibration_interface/srv/detail/calibrate_gripper__struct.hpp
[5.575s] -- Up-to-date symlink: /home/pmlab/yueju/move_tool/install/calibration_interface/include/calibration_interface/calibration_interface/srv/detail/calibrate_gripper__traits.hpp
[5.575s] -- Symlinking: /home/pmlab/yueju/move_tool/install/calibration_interface/include/calibration_interface/calibration_interface/srv/detail/gripper_calibration__builder.hpp
[5.584s] -- Symlinking: /home/pmlab/yueju/move_tool/install/calibration_interface/include/calibration_interface/calibration_interface/srv/detail/gripper_calibration__struct.hpp
[5.594s] -- Symlinking: /home/pmlab/yueju/move_tool/install/calibration_interface/include/calibration_interface/calibration_interface/srv/detail/gripper_calibration__traits.hpp
[5.603s] -- Symlinking: /home/pmlab/yueju/move_tool/install/calibration_interface/include/calibration_interface/calibration_interface/srv/gripper_calibration.hpp
[5.613s] -- Up-to-date symlink: /home/pmlab/yueju/move_tool/install/calibration_interface/include/calibration_interface/calibration_interface/msg/rosidl_typesupport_fastrtps_cpp__visibility_control.h
[5.613s] -- Up-to-date symlink: /home/pmlab/yueju/move_tool/install/calibration_interface/include/calibration_interface/calibration_interface/srv/detail/calibrate_gripper__rosidl_typesupport_fastrtps_cpp.hpp
[5.613s] -- Symlinking: /home/pmlab/yueju/move_tool/install/calibration_interface/include/calibration_interface/calibration_interface/srv/detail/gripper_calibration__rosidl_typesupport_fastrtps_cpp.hpp
[5.622s] -- Up-to-date symlink: /home/pmlab/yueju/move_tool/install/calibration_interface/include/calibration_interface/calibration_interface/srv/detail/calibrate_gripper__rosidl_typesupport_introspection_cpp.hpp
[5.622s] -- Symlinking: /home/pmlab/yueju/move_tool/install/calibration_interface/include/calibration_interface/calibration_interface/srv/detail/gripper_calibration__rosidl_typesupport_introspection_cpp.hpp
[5.634s] -- Up-to-date symlink: /home/pmlab/yueju/move_tool/install/calibration_interface/lib/dotnet/calibration_interface_assembly.deps.json
[5.634s] -- Up-to-date symlink: /home/pmlab/yueju/move_tool/install/calibration_interface/lib/dotnet/calibration_interface_assembly.dll
[5.634s] -- Up-to-date symlink: /home/pmlab/yueju/move_tool/install/calibration_interface/lib/dotnet/ros2cs_common.dll
[5.634s] -- Up-to-date symlink: /home/pmlab/yueju/move_tool/install/calibration_interface/share/calibration_interface/environment/pythonpath.sh
[5.634s] -- Up-to-date symlink: /home/pmlab/yueju/move_tool/install/calibration_interface/share/calibration_interface/environment/pythonpath.dsv
[5.634s] -- Up-to-date symlink: /home/pmlab/yueju/move_tool/install/calibration_interface/local/lib/python3.10/dist-packages/calibration_interface-0.0.0-py3.10.egg-info/PKG-INFO
[5.635s] -- Up-to-date symlink: /home/pmlab/yueju/move_tool/install/calibration_interface/local/lib/python3.10/dist-packages/calibration_interface-0.0.0-py3.10.egg-info/SOURCES.txt
[5.635s] -- Up-to-date symlink: /home/pmlab/yueju/move_tool/install/calibration_interface/local/lib/python3.10/dist-packages/calibration_interface-0.0.0-py3.10.egg-info/dependency_links.txt
[5.635s] -- Up-to-date symlink: /home/pmlab/yueju/move_tool/install/calibration_interface/local/lib/python3.10/dist-packages/calibration_interface-0.0.0-py3.10.egg-info/top_level.txt
[5.635s] -- Up-to-date symlink: /home/pmlab/yueju/move_tool/install/calibration_interface/local/lib/python3.10/dist-packages/calibration_interface/__init__.py
[5.635s] -- Up-to-date symlink: /home/pmlab/yueju/move_tool/install/calibration_interface/local/lib/python3.10/dist-packages/calibration_interface/_calibration_interface_s.ep.rosidl_typesupport_c.c
[5.635s] -- Up-to-date symlink: /home/pmlab/yueju/move_tool/install/calibration_interface/local/lib/python3.10/dist-packages/calibration_interface/_calibration_interface_s.ep.rosidl_typesupport_fastrtps_c.c
[5.636s] -- Up-to-date symlink: /home/pmlab/yueju/move_tool/install/calibration_interface/local/lib/python3.10/dist-packages/calibration_interface/_calibration_interface_s.ep.rosidl_typesupport_introspection_c.c
[5.636s] -- Up-to-date symlink: /home/pmlab/yueju/move_tool/install/calibration_interface/local/lib/python3.10/dist-packages/calibration_interface/calibration_interface_s__rosidl_typesupport_c.cpython-310-x86_64-linux-gnu.so
[5.636s] -- Up-to-date symlink: /home/pmlab/yueju/move_tool/install/calibration_interface/local/lib/python3.10/dist-packages/calibration_interface/calibration_interface_s__rosidl_typesupport_fastrtps_c.cpython-310-x86_64-linux-gnu.so
[5.636s] -- Up-to-date symlink: /home/pmlab/yueju/move_tool/install/calibration_interface/local/lib/python3.10/dist-packages/calibration_interface/calibration_interface_s__rosidl_typesupport_introspection_c.cpython-310-x86_64-linux-gnu.so
[5.636s] -- Up-to-date symlink: /home/pmlab/yueju/move_tool/install/calibration_interface/local/lib/python3.10/dist-packages/calibration_interface/libcalibration_interface__rosidl_generator_py.so
[5.636s] -- Up-to-date symlink: /home/pmlab/yueju/move_tool/install/calibration_interface/local/lib/python3.10/dist-packages/calibration_interface/srv/__init__.py
[5.636s] -- Up-to-date symlink: /home/pmlab/yueju/move_tool/install/calibration_interface/local/lib/python3.10/dist-packages/calibration_interface/srv/_calibrate_gripper.py
[5.636s] -- Up-to-date symlink: /home/pmlab/yueju/move_tool/install/calibration_interface/local/lib/python3.10/dist-packages/calibration_interface/srv/_calibrate_gripper_s.c
[5.636s] -- Symlinking: /home/pmlab/yueju/move_tool/install/calibration_interface/local/lib/python3.10/dist-packages/calibration_interface/srv/_gripper_calibration.py
[5.646s] -- Symlinking: /home/pmlab/yueju/move_tool/install/calibration_interface/local/lib/python3.10/dist-packages/calibration_interface/srv/_gripper_calibration_s.c
[5.659s] -- Up-to-date symlink: /home/pmlab/yueju/move_tool/install/calibration_interface/local/lib/python3.10/dist-packages/calibration_interface/calibration_interface_s__rosidl_typesupport_fastrtps_c.cpython-310-x86_64-linux-gnu.so
[5.659s] -- Up-to-date symlink: /home/pmlab/yueju/move_tool/install/calibration_interface/local/lib/python3.10/dist-packages/calibration_interface/calibration_interface_s__rosidl_typesupport_introspection_c.cpython-310-x86_64-linux-gnu.so
[5.659s] -- Up-to-date symlink: /home/pmlab/yueju/move_tool/install/calibration_interface/local/lib/python3.10/dist-packages/calibration_interface/calibration_interface_s__rosidl_typesupport_c.cpython-310-x86_64-linux-gnu.so
[5.659s] -- Up-to-date symlink: /home/pmlab/yueju/move_tool/install/calibration_interface/share/calibration_interface/srv/CalibrateGripper.idl
[5.659s] -- Symlinking: /home/pmlab/yueju/move_tool/install/calibration_interface/share/calibration_interface/srv/GripperCalibration.idl
[5.670s] -- Up-to-date symlink: /home/pmlab/yueju/move_tool/install/calibration_interface/share/calibration_interface/srv/CalibrateGripper.srv
[5.670s] -- Up-to-date symlink: /home/pmlab/yueju/move_tool/install/calibration_interface/share/calibration_interface/srv/CalibrateGripper_Request.msg
[5.670s] -- Up-to-date symlink: /home/pmlab/yueju/move_tool/install/calibration_interface/share/calibration_interface/srv/CalibrateGripper_Response.msg
[5.670s] -- Symlinking: /home/pmlab/yueju/move_tool/install/calibration_interface/share/calibration_interface/srv/GripperCalibration.srv
[5.680s] -- Symlinking: /home/pmlab/yueju/move_tool/install/calibration_interface/share/calibration_interface/srv/GripperCalibration_Request.msg
[5.689s] -- Symlinking: /home/pmlab/yueju/move_tool/install/calibration_interface/share/calibration_interface/srv/GripperCalibration_Response.msg
[5.700s] -- Up-to-date symlink: /home/pmlab/yueju/move_tool/install/calibration_interface/share/ament_index/resource_index/package_run_dependencies/calibration_interface
[5.700s] -- Up-to-date symlink: /home/pmlab/yueju/move_tool/install/calibration_interface/share/ament_index/resource_index/parent_prefix_path/calibration_interface
[5.700s] -- Up-to-date symlink: /home/pmlab/yueju/move_tool/install/calibration_interface/share/calibration_interface/environment/ament_prefix_path.sh
[5.700s] -- Up-to-date symlink: /home/pmlab/yueju/move_tool/install/calibration_interface/share/calibration_interface/environment/ament_prefix_path.dsv
[5.700s] -- Up-to-date symlink: /home/pmlab/yueju/move_tool/install/calibration_interface/share/calibration_interface/environment/path.sh
[5.700s] -- Up-to-date symlink: /home/pmlab/yueju/move_tool/install/calibration_interface/share/calibration_interface/environment/path.dsv
[5.701s] -- Up-to-date symlink: /home/pmlab/yueju/move_tool/install/calibration_interface/share/calibration_interface/local_setup.bash
[5.701s] -- Up-to-date symlink: /home/pmlab/yueju/move_tool/install/calibration_interface/share/calibration_interface/local_setup.sh
[5.701s] -- Up-to-date symlink: /home/pmlab/yueju/move_tool/install/calibration_interface/share/calibration_interface/local_setup.zsh
[5.701s] -- Up-to-date symlink: /home/pmlab/yueju/move_tool/install/calibration_interface/share/calibration_interface/local_setup.dsv
[5.701s] -- Symlinking: /home/pmlab/yueju/move_tool/install/calibration_interface/share/calibration_interface/package.dsv
[5.711s] -- Up-to-date symlink: /home/pmlab/yueju/move_tool/install/calibration_interface/share/ament_index/resource_index/packages/calibration_interface
[5.711s] -- Up-to-date symlink: /home/pmlab/yueju/move_tool/install/calibration_interface/share/calibration_interface/cmake/rosidl_cmake-extras.cmake
[5.711s] -- Up-to-date symlink: /home/pmlab/yueju/move_tool/install/calibration_interface/share/calibration_interface/cmake/ament_cmake_export_include_directories-extras.cmake
[5.711s] -- Up-to-date symlink: /home/pmlab/yueju/move_tool/install/calibration_interface/share/calibration_interface/cmake/ament_cmake_export_libraries-extras.cmake
[5.711s] -- Up-to-date symlink: /home/pmlab/yueju/move_tool/install/calibration_interface/share/calibration_interface/cmake/ament_cmake_export_targets-extras.cmake
[5.711s] -- Up-to-date symlink: /home/pmlab/yueju/move_tool/install/calibration_interface/share/calibration_interface/cmake/rosidl_cmake_export_typesupport_targets-extras.cmake
[5.711s] -- Up-to-date symlink: /home/pmlab/yueju/move_tool/install/calibration_interface/share/calibration_interface/cmake/ament_cmake_export_dependencies-extras.cmake
[5.711s] -- Up-to-date symlink: /home/pmlab/yueju/move_tool/install/calibration_interface/share/calibration_interface/cmake/rosidl_cmake_export_typesupport_libraries-extras.cmake
[5.712s] -- Up-to-date symlink: /home/pmlab/yueju/move_tool/install/calibration_interface/share/calibration_interface/cmake/ament_cmake_export_assemblies-extras.cmake
[5.712s] -- Up-to-date symlink: /home/pmlab/yueju/move_tool/install/calibration_interface/share/calibration_interface/cmake/calibration_interfaceConfig.cmake
[5.712s] -- Up-to-date symlink: /home/pmlab/yueju/move_tool/install/calibration_interface/share/calibration_interface/cmake/calibration_interfaceConfig-version.cmake
[5.712s] -- Up-to-date symlink: /home/pmlab/yueju/move_tool/install/calibration_interface/share/calibration_interface/package.xml
[5.712s] -- Installing: /home/pmlab/yueju/move_tool/install/calibration_interface/lib/libcalibration_interface__rosidl_generator_c.so
[5.713s] -- Set runtime path of "/home/pmlab/yueju/move_tool/install/calibration_interface/lib/libcalibration_interface__rosidl_generator_c.so" to ""
[5.713s] -- Installing: /home/pmlab/yueju/move_tool/install/calibration_interface/lib/libcalibration_interface__rosidl_typesupport_fastrtps_c.so
[5.713s] -- Set runtime path of "/home/pmlab/yueju/move_tool/install/calibration_interface/lib/libcalibration_interface__rosidl_typesupport_fastrtps_c.so" to ""
[5.713s] -- Installing: /home/pmlab/yueju/move_tool/install/calibration_interface/lib/libcalibration_interface__rosidl_typesupport_introspection_c.so
[5.714s] -- Set runtime path of "/home/pmlab/yueju/move_tool/install/calibration_interface/lib/libcalibration_interface__rosidl_typesupport_introspection_c.so" to ""
[5.714s] -- Installing: /home/pmlab/yueju/move_tool/install/calibration_interface/lib/libcalibration_interface__rosidl_typesupport_c.so
[5.715s] -- Set runtime path of "/home/pmlab/yueju/move_tool/install/calibration_interface/lib/libcalibration_interface__rosidl_typesupport_c.so" to ""
[5.715s] -- Installing: /home/pmlab/yueju/move_tool/install/calibration_interface/lib/libcalibration_interface__rosidl_typesupport_fastrtps_cpp.so
[5.715s] -- Set runtime path of "/home/pmlab/yueju/move_tool/install/calibration_interface/lib/libcalibration_interface__rosidl_typesupport_fastrtps_cpp.so" to ""
[5.715s] -- Installing: /home/pmlab/yueju/move_tool/install/calibration_interface/lib/libcalibration_interface__rosidl_typesupport_introspection_cpp.so
[5.715s] -- Set runtime path of "/home/pmlab/yueju/move_tool/install/calibration_interface/lib/libcalibration_interface__rosidl_typesupport_introspection_cpp.so" to ""
[5.715s] -- Installing: /home/pmlab/yueju/move_tool/install/calibration_interface/lib/libcalibration_interface__rosidl_typesupport_cpp.so
[5.716s] -- Set runtime path of "/home/pmlab/yueju/move_tool/install/calibration_interface/lib/libcalibration_interface__rosidl_typesupport_cpp.so" to ""
[5.716s] -- Installing: /home/pmlab/yueju/move_tool/install/calibration_interface/lib/libcalibration_interface_srv_calibrate_gripper__rosidl_typesupport_c_native.so
[5.716s] -- Set runtime path of "/home/pmlab/yueju/move_tool/install/calibration_interface/lib/libcalibration_interface_srv_calibrate_gripper__rosidl_typesupport_c_native.so" to ""
[5.716s] -- Installing: /home/pmlab/yueju/move_tool/install/calibration_interface/lib/libcalibration_interface_srv_calibrate_gripper__rosidl_typesupport_fastrtps_c_native.so
[5.717s] -- Set runtime path of "/home/pmlab/yueju/move_tool/install/calibration_interface/lib/libcalibration_interface_srv_calibrate_gripper__rosidl_typesupport_fastrtps_c_native.so" to ""
[5.717s] -- Installing: /home/pmlab/yueju/move_tool/install/calibration_interface/lib/libcalibration_interface_srv_calibrate_gripper__rosidl_typesupport_introspection_c_native.so
[5.717s] -- Set runtime path of "/home/pmlab/yueju/move_tool/install/calibration_interface/lib/libcalibration_interface_srv_calibrate_gripper__rosidl_typesupport_introspection_c_native.so" to ""
[5.717s] -- Installing: /home/pmlab/yueju/move_tool/install/calibration_interface/lib/libcalibration_interface_srv_gripper_calibration__rosidl_typesupport_c_native.so
[5.718s] -- Set runtime path of "/home/pmlab/yueju/move_tool/install/calibration_interface/lib/libcalibration_interface_srv_gripper_calibration__rosidl_typesupport_c_native.so" to ""
[5.718s] -- Installing: /home/pmlab/yueju/move_tool/install/calibration_interface/lib/libcalibration_interface_srv_gripper_calibration__rosidl_typesupport_fastrtps_c_native.so
[5.718s] -- Set runtime path of "/home/pmlab/yueju/move_tool/install/calibration_interface/lib/libcalibration_interface_srv_gripper_calibration__rosidl_typesupport_fastrtps_c_native.so" to ""
[5.718s] -- Installing: /home/pmlab/yueju/move_tool/install/calibration_interface/lib/libcalibration_interface_srv_gripper_calibration__rosidl_typesupport_introspection_c_native.so
[5.718s] -- Set runtime path of "/home/pmlab/yueju/move_tool/install/calibration_interface/lib/libcalibration_interface_srv_gripper_calibration__rosidl_typesupport_introspection_c_native.so" to ""
[5.754s] Listing '/home/pmlab/yueju/move_tool/install/calibration_interface/local/lib/python3.10/dist-packages/calibration_interface'...
[5.754s] Compiling '/home/pmlab/yueju/move_tool/install/calibration_interface/local/lib/python3.10/dist-packages/calibration_interface/__init__.py'...
[5.754s] Listing '/home/pmlab/yueju/move_tool/install/calibration_interface/local/lib/python3.10/dist-packages/calibration_interface/srv'...
[5.754s] Compiling '/home/pmlab/yueju/move_tool/install/calibration_interface/local/lib/python3.10/dist-packages/calibration_interface/srv/__init__.py'...
[5.755s] Compiling '/home/pmlab/yueju/move_tool/install/calibration_interface/local/lib/python3.10/dist-packages/calibration_interface/srv/_calibrate_gripper.py'...
[5.755s] Compiling '/home/pmlab/yueju/move_tool/install/calibration_interface/local/lib/python3.10/dist-packages/calibration_interface/srv/_gripper_calibration.py'...
[5.758s] -- Installing: /home/pmlab/yueju/move_tool/install/calibration_interface/lib/libcalibration_interface__rosidl_generator_py.so
[5.758s] -- Set runtime path of "/home/pmlab/yueju/move_tool/install/calibration_interface/lib/libcalibration_interface__rosidl_generator_py.so" to ""
[5.758s] -- Up-to-date: /home/pmlab/yueju/move_tool/install/calibration_interface/share/calibration_interface/cmake/export_calibration_interface__rosidl_generator_cExport.cmake
[5.758s] -- Up-to-date: /home/pmlab/yueju/move_tool/install/calibration_interface/share/calibration_interface/cmake/export_calibration_interface__rosidl_generator_cExport-noconfig.cmake
[5.758s] -- Up-to-date: /home/pmlab/yueju/move_tool/install/calibration_interface/share/calibration_interface/cmake/export_calibration_interface__rosidl_typesupport_fastrtps_cExport.cmake
[5.758s] -- Up-to-date: /home/pmlab/yueju/move_tool/install/calibration_interface/share/calibration_interface/cmake/export_calibration_interface__rosidl_typesupport_fastrtps_cExport-noconfig.cmake
[5.758s] -- Up-to-date: /home/pmlab/yueju/move_tool/install/calibration_interface/share/calibration_interface/cmake/calibration_interface__rosidl_typesupport_introspection_cExport.cmake
[5.758s] -- Up-to-date: /home/pmlab/yueju/move_tool/install/calibration_interface/share/calibration_interface/cmake/calibration_interface__rosidl_typesupport_introspection_cExport-noconfig.cmake
[5.759s] -- Up-to-date: /home/pmlab/yueju/move_tool/install/calibration_interface/share/calibration_interface/cmake/calibration_interface__rosidl_typesupport_cExport.cmake
[5.759s] -- Up-to-date: /home/pmlab/yueju/move_tool/install/calibration_interface/share/calibration_interface/cmake/calibration_interface__rosidl_typesupport_cExport-noconfig.cmake
[5.759s] -- Up-to-date: /home/pmlab/yueju/move_tool/install/calibration_interface/share/calibration_interface/cmake/export_calibration_interface__rosidl_generator_cppExport.cmake
[5.759s] -- Up-to-date: /home/pmlab/yueju/move_tool/install/calibration_interface/share/calibration_interface/cmake/export_calibration_interface__rosidl_typesupport_fastrtps_cppExport.cmake
[5.759s] -- Up-to-date: /home/pmlab/yueju/move_tool/install/calibration_interface/share/calibration_interface/cmake/export_calibration_interface__rosidl_typesupport_fastrtps_cppExport-noconfig.cmake
[5.759s] -- Up-to-date: /home/pmlab/yueju/move_tool/install/calibration_interface/share/calibration_interface/cmake/calibration_interface__rosidl_typesupport_introspection_cppExport.cmake
[5.759s] -- Up-to-date: /home/pmlab/yueju/move_tool/install/calibration_interface/share/calibration_interface/cmake/calibration_interface__rosidl_typesupport_introspection_cppExport-noconfig.cmake
[5.759s] -- Up-to-date: /home/pmlab/yueju/move_tool/install/calibration_interface/share/calibration_interface/cmake/calibration_interface__rosidl_typesupport_cppExport.cmake
[5.759s] -- Up-to-date: /home/pmlab/yueju/move_tool/install/calibration_interface/share/calibration_interface/cmake/calibration_interface__rosidl_typesupport_cppExport-noconfig.cmake
[5.759s] -- Up-to-date: /home/pmlab/yueju/move_tool/install/calibration_interface/share/calibration_interface/cmake/export_calibration_interface__rosidl_generator_pyExport.cmake
[5.759s] -- Up-to-date: /home/pmlab/yueju/move_tool/install/calibration_interface/share/calibration_interface/cmake/export_calibration_interface__rosidl_generator_pyExport-noconfig.cmake
[5.761s] Invoked command in '/home/pmlab/yueju/move_tool/build/calibration_interface' returned '0': CMAKE_PREFIX_PATH=${CMAKE_PREFIX_PATH}:/home/pmlab/pm_ros2_ws/install/ros_sequential_action_programmer:/home/pmlab/pm_ros2_ws/install/pneumatic_controller_listener:/home/pmlab/pm_ros2_ws/install/pm_vision_manager:/home/pmlab/pm_ros2_ws/install/pm_vision_app:/home/pmlab/pm_ros2_ws/install/pm_robot_control_test:/home/pmlab/pm_ros2_ws/install/pm_confocal:/home/pmlab/pm_ros2_ws/install/pm_co_pilot:/home/pmlab/pm_ros2_ws/install/assembly_scene_publisher:/home/pmlab/pm_ros2_ws/install/assembly_manager:/opt/ros/humble /usr/bin/cmake --install /home/pmlab/yueju/move_tool/build/calibration_interface
